[2024-03-30T01:02:27.460+0000] {taskinstance.py:1979} INFO - Dependencies all met for dep_context=non-requeueable deps ti=<TaskInstance: tomtom.import_tomtom_data_to_csv scheduled__2024-03-29T00:00:00+00:00 [queued]>
[2024-03-30T01:02:27.532+0000] {taskinstance.py:1979} INFO - Dependencies all met for dep_context=requeueable deps ti=<TaskInstance: tomtom.import_tomtom_data_to_csv scheduled__2024-03-29T00:00:00+00:00 [queued]>
[2024-03-30T01:02:27.553+0000] {taskinstance.py:2193} INFO - Starting attempt 1 of 2
[2024-03-30T01:02:27.655+0000] {taskinstance.py:2217} INFO - Executing <Task(BashOperator): import_tomtom_data_to_csv> on 2024-03-29 00:00:00+00:00
[2024-03-30T01:02:27.669+0000] {standard_task_runner.py:60} INFO - Started process 323 to run task
[2024-03-30T01:02:27.706+0000] {standard_task_runner.py:87} INFO - Running: ['***', 'tasks', 'run', 'tomtom', 'import_tomtom_data_to_csv', 'scheduled__2024-03-29T00:00:00+00:00', '--job-id', '8', '--raw', '--subdir', 'DAGS_FOLDER/tomtom_dag.py', '--cfg-path', '/tmp/tmpadoi2344']
[2024-03-30T01:02:27.724+0000] {standard_task_runner.py:88} INFO - Job 8: Subtask import_tomtom_data_to_csv
[2024-03-30T01:02:27.870+0000] {logging_mixin.py:188} WARNING - /home/***/.local/lib/python3.8/site-packages/***/settings.py:194 DeprecationWarning: The sql_alchemy_conn option in [core] has been moved to the sql_alchemy_conn option in [database] - the old setting has been used, but please update your config.
[2024-03-30T01:02:28.399+0000] {task_command.py:423} INFO - Running <TaskInstance: tomtom.import_tomtom_data_to_csv scheduled__2024-03-29T00:00:00+00:00 [running]> on host 63c0a92b7fba
[2024-03-30T01:02:29.030+0000] {taskinstance.py:2513} INFO - Exporting env vars: AIRFLOW_CTX_DAG_OWNER='***' AIRFLOW_CTX_DAG_ID='tomtom' AIRFLOW_CTX_TASK_ID='import_tomtom_data_to_csv' AIRFLOW_CTX_EXECUTION_DATE='2024-03-29T00:00:00+00:00' AIRFLOW_CTX_TRY_NUMBER='1' AIRFLOW_CTX_DAG_RUN_ID='scheduled__2024-03-29T00:00:00+00:00'
[2024-03-30T01:02:29.040+0000] {subprocess.py:63} INFO - Tmp dir root location: /tmp
[2024-03-30T01:02:29.046+0000] {subprocess.py:75} INFO - Running command: ['/usr/bin/bash', '-c', 'python /opt/***/dags/tomtom_ingestion.py --date 2024-03-29']
[2024-03-30T01:02:29.332+0000] {subprocess.py:86} INFO - Output:
[2024-03-30T01:02:35.874+0000] {subprocess.py:97} INFO - Command exited with return code 0
[2024-03-30T01:02:35.972+0000] {taskinstance.py:1149} INFO - Marking task as SUCCESS. dag_id=tomtom, task_id=import_tomtom_data_to_csv, execution_date=20240329T000000, start_date=20240330T010227, end_date=20240330T010235
[2024-03-30T01:02:36.106+0000] {local_task_job_runner.py:234} INFO - Task exited with return code 0
[2024-03-30T01:02:36.173+0000] {taskinstance.py:3312} INFO - 1 downstream tasks scheduled from follow-on schedule check
[2024-03-30T19:17:57.456+0000] {taskinstance.py:1979} INFO - Dependencies all met for dep_context=non-requeueable deps ti=<TaskInstance: tomtom.import_tomtom_data_to_csv scheduled__2024-03-29T00:00:00+00:00 [queued]>
[2024-03-30T19:17:57.482+0000] {taskinstance.py:1979} INFO - Dependencies all met for dep_context=requeueable deps ti=<TaskInstance: tomtom.import_tomtom_data_to_csv scheduled__2024-03-29T00:00:00+00:00 [queued]>
[2024-03-30T19:17:57.485+0000] {taskinstance.py:2193} INFO - Starting attempt 1 of 2
[2024-03-30T19:17:57.552+0000] {taskinstance.py:2217} INFO - Executing <Task(BashOperator): import_tomtom_data_to_csv> on 2024-03-29 00:00:00+00:00
[2024-03-30T19:17:57.565+0000] {standard_task_runner.py:60} INFO - Started process 362 to run task
[2024-03-30T19:17:57.617+0000] {standard_task_runner.py:87} INFO - Running: ['***', 'tasks', 'run', 'tomtom', 'import_tomtom_data_to_csv', 'scheduled__2024-03-29T00:00:00+00:00', '--job-id', '8', '--raw', '--subdir', 'DAGS_FOLDER/tomtom_dag.py', '--cfg-path', '/tmp/tmpek17vbc6']
[2024-03-30T19:17:57.643+0000] {standard_task_runner.py:88} INFO - Job 8: Subtask import_tomtom_data_to_csv
[2024-03-30T19:17:57.807+0000] {logging_mixin.py:188} WARNING - /home/***/.local/lib/python3.8/site-packages/***/settings.py:194 DeprecationWarning: The sql_alchemy_conn option in [core] has been moved to the sql_alchemy_conn option in [database] - the old setting has been used, but please update your config.
[2024-03-30T19:17:58.331+0000] {task_command.py:423} INFO - Running <TaskInstance: tomtom.import_tomtom_data_to_csv scheduled__2024-03-29T00:00:00+00:00 [running]> on host 19ac4b08c681
[2024-03-30T19:17:59.233+0000] {taskinstance.py:2513} INFO - Exporting env vars: AIRFLOW_CTX_DAG_OWNER='***' AIRFLOW_CTX_DAG_ID='tomtom' AIRFLOW_CTX_TASK_ID='import_tomtom_data_to_csv' AIRFLOW_CTX_EXECUTION_DATE='2024-03-29T00:00:00+00:00' AIRFLOW_CTX_TRY_NUMBER='1' AIRFLOW_CTX_DAG_RUN_ID='scheduled__2024-03-29T00:00:00+00:00'
[2024-03-30T19:17:59.239+0000] {subprocess.py:63} INFO - Tmp dir root location: /tmp
[2024-03-30T19:17:59.243+0000] {subprocess.py:75} INFO - Running command: ['/usr/bin/bash', '-c', 'python /opt/***/dags/tomtom_ingestion.py --date 2024-03-29']
[2024-03-30T19:17:59.305+0000] {subprocess.py:86} INFO - Output:
[2024-03-30T19:18:04.327+0000] {subprocess.py:97} INFO - Command exited with return code 0
[2024-03-30T19:18:04.553+0000] {taskinstance.py:1149} INFO - Marking task as SUCCESS. dag_id=tomtom, task_id=import_tomtom_data_to_csv, execution_date=20240329T000000, start_date=20240330T191757, end_date=20240330T191804
[2024-03-30T19:18:04.809+0000] {local_task_job_runner.py:234} INFO - Task exited with return code 0
[2024-03-30T19:18:04.964+0000] {taskinstance.py:3312} INFO - 1 downstream tasks scheduled from follow-on schedule check
[2024-03-31T23:53:01.467+0000] {taskinstance.py:1979} INFO - Dependencies all met for dep_context=non-requeueable deps ti=<TaskInstance: tomtom.import_tomtom_data_to_csv scheduled__2024-03-29T00:00:00+00:00 [queued]>
[2024-03-31T23:53:01.536+0000] {taskinstance.py:1979} INFO - Dependencies all met for dep_context=requeueable deps ti=<TaskInstance: tomtom.import_tomtom_data_to_csv scheduled__2024-03-29T00:00:00+00:00 [queued]>
[2024-03-31T23:53:01.548+0000] {taskinstance.py:2193} INFO - Starting attempt 1 of 2
[2024-03-31T23:53:01.702+0000] {taskinstance.py:2217} INFO - Executing <Task(BashOperator): import_tomtom_data_to_csv> on 2024-03-29 00:00:00+00:00
[2024-03-31T23:53:01.730+0000] {standard_task_runner.py:60} INFO - Started process 254 to run task
[2024-03-31T23:53:01.748+0000] {standard_task_runner.py:87} INFO - Running: ['***', 'tasks', 'run', 'tomtom', 'import_tomtom_data_to_csv', 'scheduled__2024-03-29T00:00:00+00:00', '--job-id', '7', '--raw', '--subdir', 'DAGS_FOLDER/tomtom_dag.py', '--cfg-path', '/tmp/tmp533tq9cs']
[2024-03-31T23:53:01.762+0000] {standard_task_runner.py:88} INFO - Job 7: Subtask import_tomtom_data_to_csv
[2024-03-31T23:53:01.904+0000] {logging_mixin.py:188} WARNING - /home/***/.local/lib/python3.8/site-packages/***/settings.py:194 DeprecationWarning: The sql_alchemy_conn option in [core] has been moved to the sql_alchemy_conn option in [database] - the old setting has been used, but please update your config.
[2024-03-31T23:53:02.215+0000] {task_command.py:423} INFO - Running <TaskInstance: tomtom.import_tomtom_data_to_csv scheduled__2024-03-29T00:00:00+00:00 [running]> on host eb2a2a17d989
[2024-03-31T23:53:02.700+0000] {taskinstance.py:2513} INFO - Exporting env vars: AIRFLOW_CTX_DAG_OWNER='***' AIRFLOW_CTX_DAG_ID='tomtom' AIRFLOW_CTX_TASK_ID='import_tomtom_data_to_csv' AIRFLOW_CTX_EXECUTION_DATE='2024-03-29T00:00:00+00:00' AIRFLOW_CTX_TRY_NUMBER='1' AIRFLOW_CTX_DAG_RUN_ID='scheduled__2024-03-29T00:00:00+00:00'
[2024-03-31T23:53:02.726+0000] {subprocess.py:63} INFO - Tmp dir root location: /tmp
[2024-03-31T23:53:02.736+0000] {subprocess.py:75} INFO - Running command: ['/usr/bin/bash', '-c', 'python /opt/***/dags/tomtom_ingestion.py --date 2024-03-29']
[2024-03-31T23:53:02.870+0000] {subprocess.py:86} INFO - Output:
[2024-03-31T23:53:08.143+0000] {subprocess.py:97} INFO - Command exited with return code 0
[2024-03-31T23:53:08.240+0000] {taskinstance.py:1149} INFO - Marking task as SUCCESS. dag_id=tomtom, task_id=import_tomtom_data_to_csv, execution_date=20240329T000000, start_date=20240331T235301, end_date=20240331T235308
[2024-03-31T23:53:08.303+0000] {local_task_job_runner.py:234} INFO - Task exited with return code 0
[2024-03-31T23:53:08.473+0000] {taskinstance.py:3312} INFO - 0 downstream tasks scheduled from follow-on schedule check
[2024-04-01T22:56:53.954+0000] {taskinstance.py:1979} INFO - Dependencies all met for dep_context=non-requeueable deps ti=<TaskInstance: tomtom.import_tomtom_data_to_csv scheduled__2024-03-29T00:00:00+00:00 [queued]>
[2024-04-01T22:56:54.026+0000] {taskinstance.py:1979} INFO - Dependencies all met for dep_context=requeueable deps ti=<TaskInstance: tomtom.import_tomtom_data_to_csv scheduled__2024-03-29T00:00:00+00:00 [queued]>
[2024-04-01T22:56:54.033+0000] {taskinstance.py:2193} INFO - Starting attempt 1 of 2
[2024-04-01T22:56:54.177+0000] {taskinstance.py:2217} INFO - Executing <Task(BashOperator): import_tomtom_data_to_csv> on 2024-03-29 00:00:00+00:00
[2024-04-01T22:56:54.199+0000] {standard_task_runner.py:60} INFO - Started process 340 to run task
[2024-04-01T22:56:54.235+0000] {standard_task_runner.py:87} INFO - Running: ['***', 'tasks', 'run', 'tomtom', 'import_tomtom_data_to_csv', 'scheduled__2024-03-29T00:00:00+00:00', '--job-id', '6', '--raw', '--subdir', 'DAGS_FOLDER/tomtom_dag.py', '--cfg-path', '/tmp/tmp62k7zq26']
[2024-04-01T22:56:54.249+0000] {standard_task_runner.py:88} INFO - Job 6: Subtask import_tomtom_data_to_csv
[2024-04-01T22:56:54.374+0000] {logging_mixin.py:188} WARNING - /home/***/.local/lib/python3.8/site-packages/***/settings.py:194 DeprecationWarning: The sql_alchemy_conn option in [core] has been moved to the sql_alchemy_conn option in [database] - the old setting has been used, but please update your config.
[2024-04-01T22:56:54.595+0000] {task_command.py:423} INFO - Running <TaskInstance: tomtom.import_tomtom_data_to_csv scheduled__2024-03-29T00:00:00+00:00 [running]> on host eb2a2a17d989
[2024-04-01T22:56:55.020+0000] {taskinstance.py:2513} INFO - Exporting env vars: AIRFLOW_CTX_DAG_OWNER='***' AIRFLOW_CTX_DAG_ID='tomtom' AIRFLOW_CTX_TASK_ID='import_tomtom_data_to_csv' AIRFLOW_CTX_EXECUTION_DATE='2024-03-29T00:00:00+00:00' AIRFLOW_CTX_TRY_NUMBER='1' AIRFLOW_CTX_DAG_RUN_ID='scheduled__2024-03-29T00:00:00+00:00'
[2024-04-01T22:56:55.027+0000] {subprocess.py:63} INFO - Tmp dir root location: /tmp
[2024-04-01T22:56:55.035+0000] {subprocess.py:75} INFO - Running command: ['/usr/bin/bash', '-c', 'python /opt/***/dags/tomtom_ingestion.py --date 2024-03-29']
[2024-04-01T22:56:55.131+0000] {subprocess.py:86} INFO - Output:
[2024-04-01T22:56:59.735+0000] {subprocess.py:97} INFO - Command exited with return code 0
[2024-04-01T22:57:00.027+0000] {taskinstance.py:1149} INFO - Marking task as SUCCESS. dag_id=tomtom, task_id=import_tomtom_data_to_csv, execution_date=20240329T000000, start_date=20240401T225653, end_date=20240401T225700
[2024-04-01T22:57:00.170+0000] {local_task_job_runner.py:234} INFO - Task exited with return code 0
[2024-04-01T22:57:00.249+0000] {taskinstance.py:3312} INFO - 1 downstream tasks scheduled from follow-on schedule check
[2024-04-01T23:29:22.566+0000] {taskinstance.py:1979} INFO - Dependencies all met for dep_context=non-requeueable deps ti=<TaskInstance: tomtom.import_tomtom_data_to_csv scheduled__2024-03-29T00:00:00+00:00 [queued]>
[2024-04-01T23:29:22.606+0000] {taskinstance.py:1979} INFO - Dependencies all met for dep_context=requeueable deps ti=<TaskInstance: tomtom.import_tomtom_data_to_csv scheduled__2024-03-29T00:00:00+00:00 [queued]>
[2024-04-01T23:29:22.610+0000] {taskinstance.py:2193} INFO - Starting attempt 1 of 2
[2024-04-01T23:29:22.688+0000] {taskinstance.py:2217} INFO - Executing <Task(BashOperator): import_tomtom_data_to_csv> on 2024-03-29 00:00:00+00:00
[2024-04-01T23:29:22.701+0000] {standard_task_runner.py:60} INFO - Started process 298 to run task
[2024-04-01T23:29:22.759+0000] {standard_task_runner.py:87} INFO - Running: ['***', 'tasks', 'run', 'tomtom', 'import_tomtom_data_to_csv', 'scheduled__2024-03-29T00:00:00+00:00', '--job-id', '6', '--raw', '--subdir', 'DAGS_FOLDER/tomtom_dag.py', '--cfg-path', '/tmp/tmpohr0hi1o']
[2024-04-01T23:29:22.773+0000] {standard_task_runner.py:88} INFO - Job 6: Subtask import_tomtom_data_to_csv
[2024-04-01T23:29:22.894+0000] {logging_mixin.py:188} WARNING - /home/***/.local/lib/python3.8/site-packages/***/settings.py:194 DeprecationWarning: The sql_alchemy_conn option in [core] has been moved to the sql_alchemy_conn option in [database] - the old setting has been used, but please update your config.
[2024-04-01T23:29:23.197+0000] {task_command.py:423} INFO - Running <TaskInstance: tomtom.import_tomtom_data_to_csv scheduled__2024-03-29T00:00:00+00:00 [running]> on host d1eaa10b3e27
[2024-04-01T23:29:23.614+0000] {taskinstance.py:2513} INFO - Exporting env vars: AIRFLOW_CTX_DAG_OWNER='***' AIRFLOW_CTX_DAG_ID='tomtom' AIRFLOW_CTX_TASK_ID='import_tomtom_data_to_csv' AIRFLOW_CTX_EXECUTION_DATE='2024-03-29T00:00:00+00:00' AIRFLOW_CTX_TRY_NUMBER='1' AIRFLOW_CTX_DAG_RUN_ID='scheduled__2024-03-29T00:00:00+00:00'
[2024-04-01T23:29:23.621+0000] {subprocess.py:63} INFO - Tmp dir root location: /tmp
[2024-04-01T23:29:23.627+0000] {subprocess.py:75} INFO - Running command: ['/usr/bin/bash', '-c', 'python /opt/***/dags/tomtom_ingestion.py --date 2024-03-29']
[2024-04-01T23:29:23.653+0000] {subprocess.py:86} INFO - Output:
[2024-04-01T23:29:29.018+0000] {subprocess.py:97} INFO - Command exited with return code 0
[2024-04-01T23:29:29.312+0000] {taskinstance.py:1149} INFO - Marking task as SUCCESS. dag_id=tomtom, task_id=import_tomtom_data_to_csv, execution_date=20240329T000000, start_date=20240401T232922, end_date=20240401T232929
[2024-04-01T23:29:29.534+0000] {local_task_job_runner.py:234} INFO - Task exited with return code 0
[2024-04-01T23:29:29.676+0000] {taskinstance.py:3312} INFO - 1 downstream tasks scheduled from follow-on schedule check
[2024-04-01T23:39:30.162+0000] {taskinstance.py:1979} INFO - Dependencies all met for dep_context=non-requeueable deps ti=<TaskInstance: tomtom.import_tomtom_data_to_csv scheduled__2024-03-29T00:00:00+00:00 [queued]>
[2024-04-01T23:39:30.254+0000] {taskinstance.py:1979} INFO - Dependencies all met for dep_context=requeueable deps ti=<TaskInstance: tomtom.import_tomtom_data_to_csv scheduled__2024-03-29T00:00:00+00:00 [queued]>
[2024-04-01T23:39:30.258+0000] {taskinstance.py:2193} INFO - Starting attempt 1 of 2
[2024-04-01T23:39:30.480+0000] {taskinstance.py:2217} INFO - Executing <Task(BashOperator): import_tomtom_data_to_csv> on 2024-03-29 00:00:00+00:00
[2024-04-01T23:39:30.496+0000] {standard_task_runner.py:60} INFO - Started process 238 to run task
[2024-04-01T23:39:30.526+0000] {standard_task_runner.py:87} INFO - Running: ['***', 'tasks', 'run', 'tomtom', 'import_tomtom_data_to_csv', 'scheduled__2024-03-29T00:00:00+00:00', '--job-id', '6', '--raw', '--subdir', 'DAGS_FOLDER/tomtom_dag.py', '--cfg-path', '/tmp/tmpug4a76js']
[2024-04-01T23:39:30.554+0000] {standard_task_runner.py:88} INFO - Job 6: Subtask import_tomtom_data_to_csv
[2024-04-01T23:39:30.678+0000] {logging_mixin.py:188} WARNING - /home/***/.local/lib/python3.8/site-packages/***/settings.py:194 DeprecationWarning: The sql_alchemy_conn option in [core] has been moved to the sql_alchemy_conn option in [database] - the old setting has been used, but please update your config.
[2024-04-01T23:39:31.050+0000] {task_command.py:423} INFO - Running <TaskInstance: tomtom.import_tomtom_data_to_csv scheduled__2024-03-29T00:00:00+00:00 [running]> on host d0452b3aa12f
[2024-04-01T23:39:31.633+0000] {taskinstance.py:2513} INFO - Exporting env vars: AIRFLOW_CTX_DAG_OWNER='***' AIRFLOW_CTX_DAG_ID='tomtom' AIRFLOW_CTX_TASK_ID='import_tomtom_data_to_csv' AIRFLOW_CTX_EXECUTION_DATE='2024-03-29T00:00:00+00:00' AIRFLOW_CTX_TRY_NUMBER='1' AIRFLOW_CTX_DAG_RUN_ID='scheduled__2024-03-29T00:00:00+00:00'
[2024-04-01T23:39:31.643+0000] {subprocess.py:63} INFO - Tmp dir root location: /tmp
[2024-04-01T23:39:31.653+0000] {subprocess.py:75} INFO - Running command: ['/usr/bin/bash', '-c', 'python /opt/***/dags/tomtom_ingestion.py --date 2024-03-29']
[2024-04-01T23:39:31.714+0000] {subprocess.py:86} INFO - Output:
[2024-04-01T23:39:38.247+0000] {subprocess.py:97} INFO - Command exited with return code 0
[2024-04-01T23:39:38.417+0000] {taskinstance.py:1149} INFO - Marking task as SUCCESS. dag_id=tomtom, task_id=import_tomtom_data_to_csv, execution_date=20240329T000000, start_date=20240401T233930, end_date=20240401T233938
[2024-04-01T23:39:38.587+0000] {local_task_job_runner.py:234} INFO - Task exited with return code 0
[2024-04-01T23:39:38.677+0000] {taskinstance.py:3312} INFO - 1 downstream tasks scheduled from follow-on schedule check
[2024-04-01T23:52:55.887+0000] {taskinstance.py:1979} INFO - Dependencies all met for dep_context=non-requeueable deps ti=<TaskInstance: tomtom.import_tomtom_data_to_csv scheduled__2024-03-29T00:00:00+00:00 [queued]>
[2024-04-01T23:52:55.931+0000] {taskinstance.py:1979} INFO - Dependencies all met for dep_context=requeueable deps ti=<TaskInstance: tomtom.import_tomtom_data_to_csv scheduled__2024-03-29T00:00:00+00:00 [queued]>
[2024-04-01T23:52:55.937+0000] {taskinstance.py:2193} INFO - Starting attempt 1 of 2
[2024-04-01T23:52:56.030+0000] {taskinstance.py:2217} INFO - Executing <Task(BashOperator): import_tomtom_data_to_csv> on 2024-03-29 00:00:00+00:00
[2024-04-01T23:52:56.041+0000] {standard_task_runner.py:60} INFO - Started process 238 to run task
[2024-04-01T23:52:56.063+0000] {standard_task_runner.py:87} INFO - Running: ['***', 'tasks', 'run', 'tomtom', 'import_tomtom_data_to_csv', 'scheduled__2024-03-29T00:00:00+00:00', '--job-id', '6', '--raw', '--subdir', 'DAGS_FOLDER/tomtom_dag.py', '--cfg-path', '/tmp/tmptrun8d0o']
[2024-04-01T23:52:56.079+0000] {standard_task_runner.py:88} INFO - Job 6: Subtask import_tomtom_data_to_csv
[2024-04-01T23:52:56.201+0000] {logging_mixin.py:188} WARNING - /home/***/.local/lib/python3.8/site-packages/***/settings.py:194 DeprecationWarning: The sql_alchemy_conn option in [core] has been moved to the sql_alchemy_conn option in [database] - the old setting has been used, but please update your config.
[2024-04-01T23:52:56.484+0000] {task_command.py:423} INFO - Running <TaskInstance: tomtom.import_tomtom_data_to_csv scheduled__2024-03-29T00:00:00+00:00 [running]> on host 20ab91caeb49
[2024-04-01T23:52:56.824+0000] {taskinstance.py:2513} INFO - Exporting env vars: AIRFLOW_CTX_DAG_OWNER='***' AIRFLOW_CTX_DAG_ID='tomtom' AIRFLOW_CTX_TASK_ID='import_tomtom_data_to_csv' AIRFLOW_CTX_EXECUTION_DATE='2024-03-29T00:00:00+00:00' AIRFLOW_CTX_TRY_NUMBER='1' AIRFLOW_CTX_DAG_RUN_ID='scheduled__2024-03-29T00:00:00+00:00'
[2024-04-01T23:52:56.833+0000] {subprocess.py:63} INFO - Tmp dir root location: /tmp
[2024-04-01T23:52:56.837+0000] {subprocess.py:75} INFO - Running command: ['/usr/bin/bash', '-c', 'python /opt/***/dags/tomtom_ingestion.py --date 2024-03-29']
[2024-04-01T23:52:56.878+0000] {subprocess.py:86} INFO - Output:
[2024-04-01T23:53:02.710+0000] {subprocess.py:97} INFO - Command exited with return code 0
[2024-04-01T23:53:02.894+0000] {taskinstance.py:1149} INFO - Marking task as SUCCESS. dag_id=tomtom, task_id=import_tomtom_data_to_csv, execution_date=20240329T000000, start_date=20240401T235255, end_date=20240401T235302
[2024-04-01T23:53:03.108+0000] {local_task_job_runner.py:234} INFO - Task exited with return code 0
[2024-04-01T23:53:03.231+0000] {taskinstance.py:3312} INFO - 1 downstream tasks scheduled from follow-on schedule check
[2024-04-02T21:26:22.714+0000] {taskinstance.py:1979} INFO - Dependencies all met for dep_context=non-requeueable deps ti=<TaskInstance: tomtom.import_tomtom_data_to_csv scheduled__2024-03-29T00:00:00+00:00 [queued]>
[2024-04-02T21:26:22.751+0000] {taskinstance.py:1979} INFO - Dependencies all met for dep_context=requeueable deps ti=<TaskInstance: tomtom.import_tomtom_data_to_csv scheduled__2024-03-29T00:00:00+00:00 [queued]>
[2024-04-02T21:26:22.758+0000] {taskinstance.py:2193} INFO - Starting attempt 1 of 2
[2024-04-02T21:26:22.858+0000] {taskinstance.py:2217} INFO - Executing <Task(BashOperator): import_tomtom_data_to_csv> on 2024-03-29 00:00:00+00:00
[2024-04-02T21:26:22.890+0000] {standard_task_runner.py:60} INFO - Started process 264 to run task
[2024-04-02T21:26:22.910+0000] {standard_task_runner.py:87} INFO - Running: ['***', 'tasks', 'run', 'tomtom', 'import_tomtom_data_to_csv', 'scheduled__2024-03-29T00:00:00+00:00', '--job-id', '5', '--raw', '--subdir', 'DAGS_FOLDER/tomtom_dag.py', '--cfg-path', '/tmp/tmpann_hgz7']
[2024-04-02T21:26:22.949+0000] {standard_task_runner.py:88} INFO - Job 5: Subtask import_tomtom_data_to_csv
[2024-04-02T21:26:23.030+0000] {logging_mixin.py:188} WARNING - /home/***/.local/lib/python3.8/site-packages/***/settings.py:194 DeprecationWarning: The sql_alchemy_conn option in [core] has been moved to the sql_alchemy_conn option in [database] - the old setting has been used, but please update your config.
[2024-04-02T21:26:23.289+0000] {task_command.py:423} INFO - Running <TaskInstance: tomtom.import_tomtom_data_to_csv scheduled__2024-03-29T00:00:00+00:00 [running]> on host e8080c3449d7
[2024-04-02T21:26:24.327+0000] {taskinstance.py:2513} INFO - Exporting env vars: AIRFLOW_CTX_DAG_OWNER='***' AIRFLOW_CTX_DAG_ID='tomtom' AIRFLOW_CTX_TASK_ID='import_tomtom_data_to_csv' AIRFLOW_CTX_EXECUTION_DATE='2024-03-29T00:00:00+00:00' AIRFLOW_CTX_TRY_NUMBER='1' AIRFLOW_CTX_DAG_RUN_ID='scheduled__2024-03-29T00:00:00+00:00'
[2024-04-02T21:26:24.338+0000] {subprocess.py:63} INFO - Tmp dir root location: /tmp
[2024-04-02T21:26:24.359+0000] {subprocess.py:75} INFO - Running command: ['/usr/bin/bash', '-c', 'python /opt/***/dags/tomtom_ingestion.py --date 2024-03-29']
[2024-04-02T21:26:24.966+0000] {subprocess.py:86} INFO - Output:
[2024-04-02T21:26:40.277+0000] {subprocess.py:97} INFO - Command exited with return code 0
[2024-04-02T21:26:40.742+0000] {taskinstance.py:1149} INFO - Marking task as SUCCESS. dag_id=tomtom, task_id=import_tomtom_data_to_csv, execution_date=20240329T000000, start_date=20240402T212622, end_date=20240402T212640
[2024-04-02T21:26:41.254+0000] {local_task_job_runner.py:234} INFO - Task exited with return code 0
[2024-04-02T21:26:41.827+0000] {taskinstance.py:3312} INFO - 1 downstream tasks scheduled from follow-on schedule check
