[2024-04-02T21:23:27.456+0000] {processor.py:161} INFO - Started process (PID=163) to work on /opt/airflow/dags/config.py
[2024-04-02T21:23:27.472+0000] {processor.py:830} INFO - Processing file /opt/airflow/dags/config.py for tasks to queue
[2024-04-02T21:23:27.485+0000] {logging_mixin.py:188} INFO - [2024-04-02T21:23:27.478+0000] {dagbag.py:540} INFO - Filling up the DagBag from /opt/airflow/dags/config.py
[2024-04-02T21:23:27.526+0000] {processor.py:842} WARNING - No viable dags retrieved from /opt/airflow/dags/config.py
[2024-04-02T21:23:27.595+0000] {processor.py:183} INFO - Processing /opt/airflow/dags/config.py took 0.182 seconds
[2024-04-02T21:23:59.291+0000] {processor.py:161} INFO - Started process (PID=178) to work on /opt/airflow/dags/config.py
[2024-04-02T21:23:59.304+0000] {processor.py:830} INFO - Processing file /opt/airflow/dags/config.py for tasks to queue
[2024-04-02T21:23:59.310+0000] {logging_mixin.py:188} INFO - [2024-04-02T21:23:59.309+0000] {dagbag.py:540} INFO - Filling up the DagBag from /opt/airflow/dags/config.py
[2024-04-02T21:23:59.486+0000] {processor.py:842} WARNING - No viable dags retrieved from /opt/airflow/dags/config.py
[2024-04-02T21:24:00.102+0000] {processor.py:183} INFO - Processing /opt/airflow/dags/config.py took 0.846 seconds
[2024-04-02T21:24:31.380+0000] {processor.py:161} INFO - Started process (PID=193) to work on /opt/airflow/dags/config.py
[2024-04-02T21:24:31.392+0000] {processor.py:830} INFO - Processing file /opt/airflow/dags/config.py for tasks to queue
[2024-04-02T21:24:31.398+0000] {logging_mixin.py:188} INFO - [2024-04-02T21:24:31.397+0000] {dagbag.py:540} INFO - Filling up the DagBag from /opt/airflow/dags/config.py
[2024-04-02T21:24:31.459+0000] {processor.py:842} WARNING - No viable dags retrieved from /opt/airflow/dags/config.py
[2024-04-02T21:24:31.563+0000] {processor.py:183} INFO - Processing /opt/airflow/dags/config.py took 0.219 seconds
[2024-04-02T21:25:02.370+0000] {processor.py:161} INFO - Started process (PID=208) to work on /opt/airflow/dags/config.py
[2024-04-02T21:25:02.375+0000] {processor.py:830} INFO - Processing file /opt/airflow/dags/config.py for tasks to queue
[2024-04-02T21:25:02.381+0000] {logging_mixin.py:188} INFO - [2024-04-02T21:25:02.381+0000] {dagbag.py:540} INFO - Filling up the DagBag from /opt/airflow/dags/config.py
[2024-04-02T21:25:02.400+0000] {processor.py:842} WARNING - No viable dags retrieved from /opt/airflow/dags/config.py
[2024-04-02T21:25:02.448+0000] {processor.py:183} INFO - Processing /opt/airflow/dags/config.py took 0.085 seconds
[2024-04-02T21:25:32.799+0000] {processor.py:161} INFO - Started process (PID=223) to work on /opt/airflow/dags/config.py
[2024-04-02T21:25:32.804+0000] {processor.py:830} INFO - Processing file /opt/airflow/dags/config.py for tasks to queue
[2024-04-02T21:25:32.811+0000] {logging_mixin.py:188} INFO - [2024-04-02T21:25:32.809+0000] {dagbag.py:540} INFO - Filling up the DagBag from /opt/airflow/dags/config.py
[2024-04-02T21:25:32.844+0000] {processor.py:842} WARNING - No viable dags retrieved from /opt/airflow/dags/config.py
[2024-04-02T21:25:33.074+0000] {processor.py:183} INFO - Processing /opt/airflow/dags/config.py took 0.288 seconds
[2024-04-02T21:26:03.791+0000] {processor.py:161} INFO - Started process (PID=238) to work on /opt/airflow/dags/config.py
[2024-04-02T21:26:03.796+0000] {processor.py:830} INFO - Processing file /opt/airflow/dags/config.py for tasks to queue
[2024-04-02T21:26:03.802+0000] {logging_mixin.py:188} INFO - [2024-04-02T21:26:03.801+0000] {dagbag.py:540} INFO - Filling up the DagBag from /opt/airflow/dags/config.py
[2024-04-02T21:26:03.824+0000] {processor.py:842} WARNING - No viable dags retrieved from /opt/airflow/dags/config.py
[2024-04-02T21:26:03.876+0000] {processor.py:183} INFO - Processing /opt/airflow/dags/config.py took 0.093 seconds
[2024-04-02T21:26:34.573+0000] {processor.py:161} INFO - Started process (PID=305) to work on /opt/airflow/dags/config.py
[2024-04-02T21:26:34.945+0000] {processor.py:830} INFO - Processing file /opt/airflow/dags/config.py for tasks to queue
[2024-04-02T21:26:34.963+0000] {logging_mixin.py:188} INFO - [2024-04-02T21:26:34.961+0000] {dagbag.py:540} INFO - Filling up the DagBag from /opt/airflow/dags/config.py
[2024-04-02T21:26:35.082+0000] {processor.py:842} WARNING - No viable dags retrieved from /opt/airflow/dags/config.py
[2024-04-02T21:26:35.195+0000] {processor.py:183} INFO - Processing /opt/airflow/dags/config.py took 0.646 seconds
[2024-04-02T21:27:06.037+0000] {processor.py:161} INFO - Started process (PID=344) to work on /opt/airflow/dags/config.py
[2024-04-02T21:27:06.042+0000] {processor.py:830} INFO - Processing file /opt/airflow/dags/config.py for tasks to queue
[2024-04-02T21:27:06.049+0000] {logging_mixin.py:188} INFO - [2024-04-02T21:27:06.048+0000] {dagbag.py:540} INFO - Filling up the DagBag from /opt/airflow/dags/config.py
[2024-04-02T21:27:06.066+0000] {processor.py:842} WARNING - No viable dags retrieved from /opt/airflow/dags/config.py
[2024-04-02T21:27:06.113+0000] {processor.py:183} INFO - Processing /opt/airflow/dags/config.py took 0.084 seconds
[2024-04-02T21:27:36.754+0000] {processor.py:161} INFO - Started process (PID=359) to work on /opt/airflow/dags/config.py
[2024-04-02T21:27:36.799+0000] {processor.py:830} INFO - Processing file /opt/airflow/dags/config.py for tasks to queue
[2024-04-02T21:27:36.855+0000] {logging_mixin.py:188} INFO - [2024-04-02T21:27:36.854+0000] {dagbag.py:540} INFO - Filling up the DagBag from /opt/airflow/dags/config.py
[2024-04-02T21:27:37.052+0000] {processor.py:842} WARNING - No viable dags retrieved from /opt/airflow/dags/config.py
[2024-04-02T21:27:37.139+0000] {processor.py:183} INFO - Processing /opt/airflow/dags/config.py took 0.399 seconds
[2024-04-02T21:28:08.030+0000] {processor.py:161} INFO - Started process (PID=374) to work on /opt/airflow/dags/config.py
[2024-04-02T21:28:08.043+0000] {processor.py:830} INFO - Processing file /opt/airflow/dags/config.py for tasks to queue
[2024-04-02T21:28:08.105+0000] {logging_mixin.py:188} INFO - [2024-04-02T21:28:08.103+0000] {dagbag.py:540} INFO - Filling up the DagBag from /opt/airflow/dags/config.py
[2024-04-02T21:28:08.166+0000] {processor.py:842} WARNING - No viable dags retrieved from /opt/airflow/dags/config.py
[2024-04-02T21:28:08.222+0000] {processor.py:183} INFO - Processing /opt/airflow/dags/config.py took 0.212 seconds
[2024-04-02T21:28:38.897+0000] {processor.py:161} INFO - Started process (PID=389) to work on /opt/airflow/dags/config.py
[2024-04-02T21:28:38.906+0000] {processor.py:830} INFO - Processing file /opt/airflow/dags/config.py for tasks to queue
[2024-04-02T21:28:38.911+0000] {logging_mixin.py:188} INFO - [2024-04-02T21:28:38.910+0000] {dagbag.py:540} INFO - Filling up the DagBag from /opt/airflow/dags/config.py
[2024-04-02T21:28:38.941+0000] {processor.py:842} WARNING - No viable dags retrieved from /opt/airflow/dags/config.py
[2024-04-02T21:28:38.983+0000] {processor.py:183} INFO - Processing /opt/airflow/dags/config.py took 0.093 seconds
[2024-04-02T21:29:09.519+0000] {processor.py:161} INFO - Started process (PID=404) to work on /opt/airflow/dags/config.py
[2024-04-02T21:29:09.524+0000] {processor.py:830} INFO - Processing file /opt/airflow/dags/config.py for tasks to queue
[2024-04-02T21:29:09.541+0000] {logging_mixin.py:188} INFO - [2024-04-02T21:29:09.540+0000] {dagbag.py:540} INFO - Filling up the DagBag from /opt/airflow/dags/config.py
[2024-04-02T21:29:09.572+0000] {processor.py:842} WARNING - No viable dags retrieved from /opt/airflow/dags/config.py
[2024-04-02T21:29:09.615+0000] {processor.py:183} INFO - Processing /opt/airflow/dags/config.py took 0.101 seconds
[2024-04-02T21:29:39.947+0000] {processor.py:161} INFO - Started process (PID=419) to work on /opt/airflow/dags/config.py
[2024-04-02T21:29:39.971+0000] {processor.py:830} INFO - Processing file /opt/airflow/dags/config.py for tasks to queue
[2024-04-02T21:29:40.012+0000] {logging_mixin.py:188} INFO - [2024-04-02T21:29:40.011+0000] {dagbag.py:540} INFO - Filling up the DagBag from /opt/airflow/dags/config.py
[2024-04-02T21:29:40.085+0000] {processor.py:842} WARNING - No viable dags retrieved from /opt/airflow/dags/config.py
[2024-04-02T21:29:40.162+0000] {processor.py:183} INFO - Processing /opt/airflow/dags/config.py took 0.224 seconds
[2024-04-02T21:30:10.271+0000] {processor.py:161} INFO - Started process (PID=434) to work on /opt/airflow/dags/config.py
[2024-04-02T21:30:10.285+0000] {processor.py:830} INFO - Processing file /opt/airflow/dags/config.py for tasks to queue
[2024-04-02T21:30:10.292+0000] {logging_mixin.py:188} INFO - [2024-04-02T21:30:10.291+0000] {dagbag.py:540} INFO - Filling up the DagBag from /opt/airflow/dags/config.py
[2024-04-02T21:30:10.323+0000] {processor.py:842} WARNING - No viable dags retrieved from /opt/airflow/dags/config.py
[2024-04-02T21:30:10.417+0000] {processor.py:183} INFO - Processing /opt/airflow/dags/config.py took 0.151 seconds
[2024-04-02T21:30:41.148+0000] {processor.py:161} INFO - Started process (PID=449) to work on /opt/airflow/dags/config.py
[2024-04-02T21:30:41.156+0000] {processor.py:830} INFO - Processing file /opt/airflow/dags/config.py for tasks to queue
[2024-04-02T21:30:41.162+0000] {logging_mixin.py:188} INFO - [2024-04-02T21:30:41.161+0000] {dagbag.py:540} INFO - Filling up the DagBag from /opt/airflow/dags/config.py
[2024-04-02T21:30:41.185+0000] {processor.py:842} WARNING - No viable dags retrieved from /opt/airflow/dags/config.py
[2024-04-02T21:30:41.219+0000] {processor.py:183} INFO - Processing /opt/airflow/dags/config.py took 0.080 seconds
[2024-04-02T21:31:11.924+0000] {processor.py:161} INFO - Started process (PID=464) to work on /opt/airflow/dags/config.py
[2024-04-02T21:31:11.933+0000] {processor.py:830} INFO - Processing file /opt/airflow/dags/config.py for tasks to queue
[2024-04-02T21:31:11.962+0000] {logging_mixin.py:188} INFO - [2024-04-02T21:31:11.961+0000] {dagbag.py:540} INFO - Filling up the DagBag from /opt/airflow/dags/config.py
[2024-04-02T21:31:12.039+0000] {processor.py:842} WARNING - No viable dags retrieved from /opt/airflow/dags/config.py
[2024-04-02T21:31:12.258+0000] {processor.py:183} INFO - Processing /opt/airflow/dags/config.py took 0.341 seconds
[2024-04-02T21:31:42.572+0000] {processor.py:161} INFO - Started process (PID=479) to work on /opt/airflow/dags/config.py
[2024-04-02T21:31:42.577+0000] {processor.py:830} INFO - Processing file /opt/airflow/dags/config.py for tasks to queue
[2024-04-02T21:31:42.584+0000] {logging_mixin.py:188} INFO - [2024-04-02T21:31:42.583+0000] {dagbag.py:540} INFO - Filling up the DagBag from /opt/airflow/dags/config.py
[2024-04-02T21:31:42.616+0000] {processor.py:842} WARNING - No viable dags retrieved from /opt/airflow/dags/config.py
[2024-04-02T21:31:42.652+0000] {processor.py:183} INFO - Processing /opt/airflow/dags/config.py took 0.086 seconds
[2024-04-02T21:32:13.166+0000] {processor.py:161} INFO - Started process (PID=494) to work on /opt/airflow/dags/config.py
[2024-04-02T21:32:13.295+0000] {processor.py:830} INFO - Processing file /opt/airflow/dags/config.py for tasks to queue
[2024-04-02T21:32:13.369+0000] {logging_mixin.py:188} INFO - [2024-04-02T21:32:13.358+0000] {dagbag.py:540} INFO - Filling up the DagBag from /opt/airflow/dags/config.py
[2024-04-02T21:32:13.570+0000] {processor.py:842} WARNING - No viable dags retrieved from /opt/airflow/dags/config.py
[2024-04-02T21:32:13.813+0000] {processor.py:183} INFO - Processing /opt/airflow/dags/config.py took 0.657 seconds
[2024-04-02T21:32:44.294+0000] {processor.py:161} INFO - Started process (PID=509) to work on /opt/airflow/dags/config.py
[2024-04-02T21:32:44.298+0000] {processor.py:830} INFO - Processing file /opt/airflow/dags/config.py for tasks to queue
[2024-04-02T21:32:44.305+0000] {logging_mixin.py:188} INFO - [2024-04-02T21:32:44.304+0000] {dagbag.py:540} INFO - Filling up the DagBag from /opt/airflow/dags/config.py
[2024-04-02T21:32:44.333+0000] {processor.py:842} WARNING - No viable dags retrieved from /opt/airflow/dags/config.py
[2024-04-02T21:32:44.423+0000] {processor.py:183} INFO - Processing /opt/airflow/dags/config.py took 0.134 seconds
[2024-04-02T21:33:15.507+0000] {processor.py:161} INFO - Started process (PID=524) to work on /opt/airflow/dags/config.py
[2024-04-02T21:33:15.532+0000] {processor.py:830} INFO - Processing file /opt/airflow/dags/config.py for tasks to queue
[2024-04-02T21:33:15.545+0000] {logging_mixin.py:188} INFO - [2024-04-02T21:33:15.544+0000] {dagbag.py:540} INFO - Filling up the DagBag from /opt/airflow/dags/config.py
[2024-04-02T21:33:15.588+0000] {processor.py:842} WARNING - No viable dags retrieved from /opt/airflow/dags/config.py
[2024-04-02T21:33:15.647+0000] {processor.py:183} INFO - Processing /opt/airflow/dags/config.py took 0.156 seconds
[2024-04-02T21:33:46.494+0000] {processor.py:161} INFO - Started process (PID=539) to work on /opt/airflow/dags/config.py
[2024-04-02T21:33:46.501+0000] {processor.py:830} INFO - Processing file /opt/airflow/dags/config.py for tasks to queue
[2024-04-02T21:33:46.506+0000] {logging_mixin.py:188} INFO - [2024-04-02T21:33:46.506+0000] {dagbag.py:540} INFO - Filling up the DagBag from /opt/airflow/dags/config.py
[2024-04-02T21:33:46.525+0000] {processor.py:842} WARNING - No viable dags retrieved from /opt/airflow/dags/config.py
[2024-04-02T21:33:46.565+0000] {processor.py:183} INFO - Processing /opt/airflow/dags/config.py took 0.081 seconds
[2024-04-02T21:34:17.575+0000] {processor.py:161} INFO - Started process (PID=554) to work on /opt/airflow/dags/config.py
[2024-04-02T21:34:17.578+0000] {processor.py:830} INFO - Processing file /opt/airflow/dags/config.py for tasks to queue
[2024-04-02T21:34:17.583+0000] {logging_mixin.py:188} INFO - [2024-04-02T21:34:17.582+0000] {dagbag.py:540} INFO - Filling up the DagBag from /opt/airflow/dags/config.py
[2024-04-02T21:34:17.602+0000] {processor.py:842} WARNING - No viable dags retrieved from /opt/airflow/dags/config.py
[2024-04-02T21:34:17.635+0000] {processor.py:183} INFO - Processing /opt/airflow/dags/config.py took 0.065 seconds
[2024-04-02T21:34:48.580+0000] {processor.py:161} INFO - Started process (PID=569) to work on /opt/airflow/dags/config.py
[2024-04-02T21:34:48.588+0000] {processor.py:830} INFO - Processing file /opt/airflow/dags/config.py for tasks to queue
[2024-04-02T21:34:48.610+0000] {logging_mixin.py:188} INFO - [2024-04-02T21:34:48.609+0000] {dagbag.py:540} INFO - Filling up the DagBag from /opt/airflow/dags/config.py
[2024-04-02T21:34:48.700+0000] {processor.py:842} WARNING - No viable dags retrieved from /opt/airflow/dags/config.py
[2024-04-02T21:34:48.801+0000] {processor.py:183} INFO - Processing /opt/airflow/dags/config.py took 0.232 seconds
[2024-04-02T21:35:19.577+0000] {processor.py:161} INFO - Started process (PID=584) to work on /opt/airflow/dags/config.py
[2024-04-02T21:35:19.608+0000] {processor.py:830} INFO - Processing file /opt/airflow/dags/config.py for tasks to queue
[2024-04-02T21:35:19.622+0000] {logging_mixin.py:188} INFO - [2024-04-02T21:35:19.621+0000] {dagbag.py:540} INFO - Filling up the DagBag from /opt/airflow/dags/config.py
[2024-04-02T21:35:19.693+0000] {processor.py:842} WARNING - No viable dags retrieved from /opt/airflow/dags/config.py
[2024-04-02T21:35:19.779+0000] {processor.py:183} INFO - Processing /opt/airflow/dags/config.py took 0.212 seconds
[2024-04-02T21:35:50.298+0000] {processor.py:161} INFO - Started process (PID=599) to work on /opt/airflow/dags/config.py
[2024-04-02T21:35:50.302+0000] {processor.py:830} INFO - Processing file /opt/airflow/dags/config.py for tasks to queue
[2024-04-02T21:35:50.307+0000] {logging_mixin.py:188} INFO - [2024-04-02T21:35:50.306+0000] {dagbag.py:540} INFO - Filling up the DagBag from /opt/airflow/dags/config.py
[2024-04-02T21:35:50.323+0000] {processor.py:842} WARNING - No viable dags retrieved from /opt/airflow/dags/config.py
[2024-04-02T21:35:50.352+0000] {processor.py:183} INFO - Processing /opt/airflow/dags/config.py took 0.058 seconds
[2024-04-02T21:36:20.971+0000] {processor.py:161} INFO - Started process (PID=614) to work on /opt/airflow/dags/config.py
[2024-04-02T21:36:20.977+0000] {processor.py:830} INFO - Processing file /opt/airflow/dags/config.py for tasks to queue
[2024-04-02T21:36:20.982+0000] {logging_mixin.py:188} INFO - [2024-04-02T21:36:20.982+0000] {dagbag.py:540} INFO - Filling up the DagBag from /opt/airflow/dags/config.py
[2024-04-02T21:36:21.010+0000] {processor.py:842} WARNING - No viable dags retrieved from /opt/airflow/dags/config.py
[2024-04-02T21:36:21.054+0000] {processor.py:183} INFO - Processing /opt/airflow/dags/config.py took 0.089 seconds
[2024-04-02T21:36:51.598+0000] {processor.py:161} INFO - Started process (PID=629) to work on /opt/airflow/dags/config.py
[2024-04-02T21:36:51.602+0000] {processor.py:830} INFO - Processing file /opt/airflow/dags/config.py for tasks to queue
[2024-04-02T21:36:51.619+0000] {logging_mixin.py:188} INFO - [2024-04-02T21:36:51.618+0000] {dagbag.py:540} INFO - Filling up the DagBag from /opt/airflow/dags/config.py
[2024-04-02T21:36:51.638+0000] {processor.py:842} WARNING - No viable dags retrieved from /opt/airflow/dags/config.py
[2024-04-02T21:36:51.668+0000] {processor.py:183} INFO - Processing /opt/airflow/dags/config.py took 0.074 seconds
[2024-04-02T21:37:22.181+0000] {processor.py:161} INFO - Started process (PID=644) to work on /opt/airflow/dags/config.py
[2024-04-02T21:37:22.186+0000] {processor.py:830} INFO - Processing file /opt/airflow/dags/config.py for tasks to queue
[2024-04-02T21:37:22.190+0000] {logging_mixin.py:188} INFO - [2024-04-02T21:37:22.189+0000] {dagbag.py:540} INFO - Filling up the DagBag from /opt/airflow/dags/config.py
[2024-04-02T21:37:22.206+0000] {processor.py:842} WARNING - No viable dags retrieved from /opt/airflow/dags/config.py
[2024-04-02T21:37:22.237+0000] {processor.py:183} INFO - Processing /opt/airflow/dags/config.py took 0.060 seconds
[2024-04-02T21:37:52.768+0000] {processor.py:161} INFO - Started process (PID=659) to work on /opt/airflow/dags/config.py
[2024-04-02T21:37:52.775+0000] {processor.py:830} INFO - Processing file /opt/airflow/dags/config.py for tasks to queue
[2024-04-02T21:37:52.781+0000] {logging_mixin.py:188} INFO - [2024-04-02T21:37:52.781+0000] {dagbag.py:540} INFO - Filling up the DagBag from /opt/airflow/dags/config.py
[2024-04-02T21:37:52.797+0000] {processor.py:842} WARNING - No viable dags retrieved from /opt/airflow/dags/config.py
[2024-04-02T21:37:52.842+0000] {processor.py:183} INFO - Processing /opt/airflow/dags/config.py took 0.078 seconds
[2024-04-02T21:38:23.321+0000] {processor.py:161} INFO - Started process (PID=674) to work on /opt/airflow/dags/config.py
[2024-04-02T21:38:23.324+0000] {processor.py:830} INFO - Processing file /opt/airflow/dags/config.py for tasks to queue
[2024-04-02T21:38:23.329+0000] {logging_mixin.py:188} INFO - [2024-04-02T21:38:23.328+0000] {dagbag.py:540} INFO - Filling up the DagBag from /opt/airflow/dags/config.py
[2024-04-02T21:38:23.345+0000] {processor.py:842} WARNING - No viable dags retrieved from /opt/airflow/dags/config.py
[2024-04-02T21:38:23.383+0000] {processor.py:183} INFO - Processing /opt/airflow/dags/config.py took 0.067 seconds
[2024-04-02T21:38:54.063+0000] {processor.py:161} INFO - Started process (PID=689) to work on /opt/airflow/dags/config.py
[2024-04-02T21:38:54.069+0000] {processor.py:830} INFO - Processing file /opt/airflow/dags/config.py for tasks to queue
[2024-04-02T21:38:54.074+0000] {logging_mixin.py:188} INFO - [2024-04-02T21:38:54.074+0000] {dagbag.py:540} INFO - Filling up the DagBag from /opt/airflow/dags/config.py
[2024-04-02T21:38:54.094+0000] {processor.py:842} WARNING - No viable dags retrieved from /opt/airflow/dags/config.py
[2024-04-02T21:38:54.125+0000] {processor.py:183} INFO - Processing /opt/airflow/dags/config.py took 0.068 seconds
[2024-04-02T21:39:24.640+0000] {processor.py:161} INFO - Started process (PID=704) to work on /opt/airflow/dags/config.py
[2024-04-02T21:39:24.645+0000] {processor.py:830} INFO - Processing file /opt/airflow/dags/config.py for tasks to queue
[2024-04-02T21:39:24.649+0000] {logging_mixin.py:188} INFO - [2024-04-02T21:39:24.648+0000] {dagbag.py:540} INFO - Filling up the DagBag from /opt/airflow/dags/config.py
[2024-04-02T21:39:24.668+0000] {processor.py:842} WARNING - No viable dags retrieved from /opt/airflow/dags/config.py
[2024-04-02T21:39:24.700+0000] {processor.py:183} INFO - Processing /opt/airflow/dags/config.py took 0.068 seconds
[2024-04-02T21:39:55.323+0000] {processor.py:161} INFO - Started process (PID=719) to work on /opt/airflow/dags/config.py
[2024-04-02T21:39:55.329+0000] {processor.py:830} INFO - Processing file /opt/airflow/dags/config.py for tasks to queue
[2024-04-02T21:39:55.335+0000] {logging_mixin.py:188} INFO - [2024-04-02T21:39:55.334+0000] {dagbag.py:540} INFO - Filling up the DagBag from /opt/airflow/dags/config.py
[2024-04-02T21:39:55.352+0000] {processor.py:842} WARNING - No viable dags retrieved from /opt/airflow/dags/config.py
[2024-04-02T21:39:55.383+0000] {processor.py:183} INFO - Processing /opt/airflow/dags/config.py took 0.067 seconds
[2024-04-02T21:40:25.856+0000] {processor.py:161} INFO - Started process (PID=742) to work on /opt/airflow/dags/config.py
[2024-04-02T21:40:25.861+0000] {processor.py:830} INFO - Processing file /opt/airflow/dags/config.py for tasks to queue
[2024-04-02T21:40:25.866+0000] {logging_mixin.py:188} INFO - [2024-04-02T21:40:25.865+0000] {dagbag.py:540} INFO - Filling up the DagBag from /opt/airflow/dags/config.py
[2024-04-02T21:40:25.882+0000] {processor.py:842} WARNING - No viable dags retrieved from /opt/airflow/dags/config.py
[2024-04-02T21:40:25.909+0000] {processor.py:183} INFO - Processing /opt/airflow/dags/config.py took 0.058 seconds
[2024-04-02T21:40:56.702+0000] {processor.py:161} INFO - Started process (PID=757) to work on /opt/airflow/dags/config.py
[2024-04-02T21:40:56.708+0000] {processor.py:830} INFO - Processing file /opt/airflow/dags/config.py for tasks to queue
[2024-04-02T21:40:56.713+0000] {logging_mixin.py:188} INFO - [2024-04-02T21:40:56.712+0000] {dagbag.py:540} INFO - Filling up the DagBag from /opt/airflow/dags/config.py
[2024-04-02T21:40:56.729+0000] {processor.py:842} WARNING - No viable dags retrieved from /opt/airflow/dags/config.py
[2024-04-02T21:40:56.766+0000] {processor.py:183} INFO - Processing /opt/airflow/dags/config.py took 0.069 seconds
[2024-04-02T21:41:27.713+0000] {processor.py:161} INFO - Started process (PID=772) to work on /opt/airflow/dags/config.py
[2024-04-02T21:41:27.720+0000] {processor.py:830} INFO - Processing file /opt/airflow/dags/config.py for tasks to queue
[2024-04-02T21:41:27.726+0000] {logging_mixin.py:188} INFO - [2024-04-02T21:41:27.725+0000] {dagbag.py:540} INFO - Filling up the DagBag from /opt/airflow/dags/config.py
[2024-04-02T21:41:27.749+0000] {processor.py:842} WARNING - No viable dags retrieved from /opt/airflow/dags/config.py
[2024-04-02T21:41:27.780+0000] {processor.py:183} INFO - Processing /opt/airflow/dags/config.py took 0.074 seconds
[2024-04-02T21:41:58.179+0000] {processor.py:161} INFO - Started process (PID=787) to work on /opt/airflow/dags/config.py
[2024-04-02T21:41:58.185+0000] {processor.py:830} INFO - Processing file /opt/airflow/dags/config.py for tasks to queue
[2024-04-02T21:41:58.190+0000] {logging_mixin.py:188} INFO - [2024-04-02T21:41:58.189+0000] {dagbag.py:540} INFO - Filling up the DagBag from /opt/airflow/dags/config.py
[2024-04-02T21:41:58.217+0000] {processor.py:842} WARNING - No viable dags retrieved from /opt/airflow/dags/config.py
[2024-04-02T21:41:58.282+0000] {processor.py:183} INFO - Processing /opt/airflow/dags/config.py took 0.114 seconds
[2024-04-02T21:42:28.947+0000] {processor.py:161} INFO - Started process (PID=802) to work on /opt/airflow/dags/config.py
[2024-04-02T21:42:28.955+0000] {processor.py:830} INFO - Processing file /opt/airflow/dags/config.py for tasks to queue
[2024-04-02T21:42:28.962+0000] {logging_mixin.py:188} INFO - [2024-04-02T21:42:28.960+0000] {dagbag.py:540} INFO - Filling up the DagBag from /opt/airflow/dags/config.py
[2024-04-02T21:42:29.005+0000] {processor.py:842} WARNING - No viable dags retrieved from /opt/airflow/dags/config.py
[2024-04-02T21:42:29.062+0000] {processor.py:183} INFO - Processing /opt/airflow/dags/config.py took 0.126 seconds
[2024-04-02T21:42:59.574+0000] {processor.py:161} INFO - Started process (PID=817) to work on /opt/airflow/dags/config.py
[2024-04-02T21:42:59.582+0000] {processor.py:830} INFO - Processing file /opt/airflow/dags/config.py for tasks to queue
[2024-04-02T21:42:59.587+0000] {logging_mixin.py:188} INFO - [2024-04-02T21:42:59.586+0000] {dagbag.py:540} INFO - Filling up the DagBag from /opt/airflow/dags/config.py
[2024-04-02T21:42:59.604+0000] {processor.py:842} WARNING - No viable dags retrieved from /opt/airflow/dags/config.py
[2024-04-02T21:42:59.637+0000] {processor.py:183} INFO - Processing /opt/airflow/dags/config.py took 0.067 seconds
[2024-04-02T21:43:30.339+0000] {processor.py:161} INFO - Started process (PID=832) to work on /opt/airflow/dags/config.py
[2024-04-02T21:43:30.342+0000] {processor.py:830} INFO - Processing file /opt/airflow/dags/config.py for tasks to queue
[2024-04-02T21:43:30.347+0000] {logging_mixin.py:188} INFO - [2024-04-02T21:43:30.347+0000] {dagbag.py:540} INFO - Filling up the DagBag from /opt/airflow/dags/config.py
[2024-04-02T21:43:30.364+0000] {processor.py:842} WARNING - No viable dags retrieved from /opt/airflow/dags/config.py
[2024-04-02T21:43:30.396+0000] {processor.py:183} INFO - Processing /opt/airflow/dags/config.py took 0.062 seconds
[2024-04-02T21:44:01.168+0000] {processor.py:161} INFO - Started process (PID=847) to work on /opt/airflow/dags/config.py
[2024-04-02T21:44:01.175+0000] {processor.py:830} INFO - Processing file /opt/airflow/dags/config.py for tasks to queue
[2024-04-02T21:44:01.180+0000] {logging_mixin.py:188} INFO - [2024-04-02T21:44:01.180+0000] {dagbag.py:540} INFO - Filling up the DagBag from /opt/airflow/dags/config.py
[2024-04-02T21:44:01.198+0000] {processor.py:842} WARNING - No viable dags retrieved from /opt/airflow/dags/config.py
[2024-04-02T21:44:01.229+0000] {processor.py:183} INFO - Processing /opt/airflow/dags/config.py took 0.067 seconds
[2024-04-02T21:44:31.752+0000] {processor.py:161} INFO - Started process (PID=862) to work on /opt/airflow/dags/config.py
[2024-04-02T21:44:31.758+0000] {processor.py:830} INFO - Processing file /opt/airflow/dags/config.py for tasks to queue
[2024-04-02T21:44:31.763+0000] {logging_mixin.py:188} INFO - [2024-04-02T21:44:31.762+0000] {dagbag.py:540} INFO - Filling up the DagBag from /opt/airflow/dags/config.py
[2024-04-02T21:44:31.780+0000] {processor.py:842} WARNING - No viable dags retrieved from /opt/airflow/dags/config.py
[2024-04-02T21:44:31.813+0000] {processor.py:183} INFO - Processing /opt/airflow/dags/config.py took 0.065 seconds
[2024-04-02T21:45:02.383+0000] {processor.py:161} INFO - Started process (PID=877) to work on /opt/airflow/dags/config.py
[2024-04-02T21:45:02.388+0000] {processor.py:830} INFO - Processing file /opt/airflow/dags/config.py for tasks to queue
[2024-04-02T21:45:02.393+0000] {logging_mixin.py:188} INFO - [2024-04-02T21:45:02.392+0000] {dagbag.py:540} INFO - Filling up the DagBag from /opt/airflow/dags/config.py
[2024-04-02T21:45:02.410+0000] {processor.py:842} WARNING - No viable dags retrieved from /opt/airflow/dags/config.py
[2024-04-02T21:45:02.442+0000] {processor.py:183} INFO - Processing /opt/airflow/dags/config.py took 0.064 seconds
[2024-04-02T21:45:33.052+0000] {processor.py:161} INFO - Started process (PID=892) to work on /opt/airflow/dags/config.py
[2024-04-02T21:45:33.057+0000] {processor.py:830} INFO - Processing file /opt/airflow/dags/config.py for tasks to queue
[2024-04-02T21:45:33.063+0000] {logging_mixin.py:188} INFO - [2024-04-02T21:45:33.062+0000] {dagbag.py:540} INFO - Filling up the DagBag from /opt/airflow/dags/config.py
[2024-04-02T21:45:33.083+0000] {processor.py:842} WARNING - No viable dags retrieved from /opt/airflow/dags/config.py
[2024-04-02T21:45:33.119+0000] {processor.py:183} INFO - Processing /opt/airflow/dags/config.py took 0.072 seconds
[2024-04-02T21:46:03.733+0000] {processor.py:161} INFO - Started process (PID=907) to work on /opt/airflow/dags/config.py
[2024-04-02T21:46:03.737+0000] {processor.py:830} INFO - Processing file /opt/airflow/dags/config.py for tasks to queue
[2024-04-02T21:46:03.742+0000] {logging_mixin.py:188} INFO - [2024-04-02T21:46:03.741+0000] {dagbag.py:540} INFO - Filling up the DagBag from /opt/airflow/dags/config.py
[2024-04-02T21:46:03.762+0000] {processor.py:842} WARNING - No viable dags retrieved from /opt/airflow/dags/config.py
[2024-04-02T21:46:03.792+0000] {processor.py:183} INFO - Processing /opt/airflow/dags/config.py took 0.064 seconds
[2024-04-02T21:46:34.415+0000] {processor.py:161} INFO - Started process (PID=922) to work on /opt/airflow/dags/config.py
[2024-04-02T21:46:34.422+0000] {processor.py:830} INFO - Processing file /opt/airflow/dags/config.py for tasks to queue
[2024-04-02T21:46:34.428+0000] {logging_mixin.py:188} INFO - [2024-04-02T21:46:34.427+0000] {dagbag.py:540} INFO - Filling up the DagBag from /opt/airflow/dags/config.py
[2024-04-02T21:46:34.449+0000] {processor.py:842} WARNING - No viable dags retrieved from /opt/airflow/dags/config.py
[2024-04-02T21:46:34.484+0000] {processor.py:183} INFO - Processing /opt/airflow/dags/config.py took 0.074 seconds
[2024-04-02T21:47:05.431+0000] {processor.py:161} INFO - Started process (PID=937) to work on /opt/airflow/dags/config.py
[2024-04-02T21:47:05.438+0000] {processor.py:830} INFO - Processing file /opt/airflow/dags/config.py for tasks to queue
[2024-04-02T21:47:05.442+0000] {logging_mixin.py:188} INFO - [2024-04-02T21:47:05.442+0000] {dagbag.py:540} INFO - Filling up the DagBag from /opt/airflow/dags/config.py
[2024-04-02T21:47:05.458+0000] {processor.py:842} WARNING - No viable dags retrieved from /opt/airflow/dags/config.py
[2024-04-02T21:47:05.491+0000] {processor.py:183} INFO - Processing /opt/airflow/dags/config.py took 0.067 seconds
[2024-04-02T21:47:36.080+0000] {processor.py:161} INFO - Started process (PID=952) to work on /opt/airflow/dags/config.py
[2024-04-02T21:47:36.085+0000] {processor.py:830} INFO - Processing file /opt/airflow/dags/config.py for tasks to queue
[2024-04-02T21:47:36.090+0000] {logging_mixin.py:188} INFO - [2024-04-02T21:47:36.090+0000] {dagbag.py:540} INFO - Filling up the DagBag from /opt/airflow/dags/config.py
[2024-04-02T21:47:36.107+0000] {processor.py:842} WARNING - No viable dags retrieved from /opt/airflow/dags/config.py
[2024-04-02T21:47:36.138+0000] {processor.py:183} INFO - Processing /opt/airflow/dags/config.py took 0.062 seconds
[2024-04-02T21:48:06.834+0000] {processor.py:161} INFO - Started process (PID=967) to work on /opt/airflow/dags/config.py
[2024-04-02T21:48:06.839+0000] {processor.py:830} INFO - Processing file /opt/airflow/dags/config.py for tasks to queue
[2024-04-02T21:48:06.851+0000] {logging_mixin.py:188} INFO - [2024-04-02T21:48:06.850+0000] {dagbag.py:540} INFO - Filling up the DagBag from /opt/airflow/dags/config.py
[2024-04-02T21:48:06.876+0000] {processor.py:842} WARNING - No viable dags retrieved from /opt/airflow/dags/config.py
[2024-04-02T21:48:06.934+0000] {processor.py:183} INFO - Processing /opt/airflow/dags/config.py took 0.112 seconds
[2024-04-02T21:48:37.860+0000] {processor.py:161} INFO - Started process (PID=982) to work on /opt/airflow/dags/config.py
[2024-04-02T21:48:37.876+0000] {processor.py:830} INFO - Processing file /opt/airflow/dags/config.py for tasks to queue
[2024-04-02T21:48:37.894+0000] {logging_mixin.py:188} INFO - [2024-04-02T21:48:37.894+0000] {dagbag.py:540} INFO - Filling up the DagBag from /opt/airflow/dags/config.py
[2024-04-02T21:48:37.938+0000] {processor.py:842} WARNING - No viable dags retrieved from /opt/airflow/dags/config.py
[2024-04-02T21:48:38.023+0000] {processor.py:183} INFO - Processing /opt/airflow/dags/config.py took 0.176 seconds
[2024-04-02T21:49:08.740+0000] {processor.py:161} INFO - Started process (PID=997) to work on /opt/airflow/dags/config.py
[2024-04-02T21:49:08.746+0000] {processor.py:830} INFO - Processing file /opt/airflow/dags/config.py for tasks to queue
[2024-04-02T21:49:08.751+0000] {logging_mixin.py:188} INFO - [2024-04-02T21:49:08.750+0000] {dagbag.py:540} INFO - Filling up the DagBag from /opt/airflow/dags/config.py
[2024-04-02T21:49:08.774+0000] {processor.py:842} WARNING - No viable dags retrieved from /opt/airflow/dags/config.py
[2024-04-02T21:49:08.818+0000] {processor.py:183} INFO - Processing /opt/airflow/dags/config.py took 0.084 seconds
[2024-04-02T21:49:39.307+0000] {processor.py:161} INFO - Started process (PID=1012) to work on /opt/airflow/dags/config.py
[2024-04-02T21:49:39.312+0000] {processor.py:830} INFO - Processing file /opt/airflow/dags/config.py for tasks to queue
[2024-04-02T21:49:39.317+0000] {logging_mixin.py:188} INFO - [2024-04-02T21:49:39.316+0000] {dagbag.py:540} INFO - Filling up the DagBag from /opt/airflow/dags/config.py
[2024-04-02T21:49:39.335+0000] {processor.py:842} WARNING - No viable dags retrieved from /opt/airflow/dags/config.py
[2024-04-02T21:49:39.365+0000] {processor.py:183} INFO - Processing /opt/airflow/dags/config.py took 0.063 seconds
[2024-04-02T21:50:09.961+0000] {processor.py:161} INFO - Started process (PID=1027) to work on /opt/airflow/dags/config.py
[2024-04-02T21:50:09.966+0000] {processor.py:830} INFO - Processing file /opt/airflow/dags/config.py for tasks to queue
[2024-04-02T21:50:09.970+0000] {logging_mixin.py:188} INFO - [2024-04-02T21:50:09.970+0000] {dagbag.py:540} INFO - Filling up the DagBag from /opt/airflow/dags/config.py
[2024-04-02T21:50:09.989+0000] {processor.py:842} WARNING - No viable dags retrieved from /opt/airflow/dags/config.py
[2024-04-02T21:50:10.019+0000] {processor.py:183} INFO - Processing /opt/airflow/dags/config.py took 0.063 seconds
