[2024-04-02T21:23:27.494+0000] {processor.py:161} INFO - Started process (PID=166) to work on /opt/airflow/dags/tomtom_dag.py
[2024-04-02T21:23:27.503+0000] {processor.py:830} INFO - Processing file /opt/airflow/dags/tomtom_dag.py for tasks to queue
[2024-04-02T21:23:27.509+0000] {logging_mixin.py:188} INFO - [2024-04-02T21:23:27.508+0000] {dagbag.py:540} INFO - Filling up the DagBag from /opt/airflow/dags/tomtom_dag.py
[2024-04-02T21:23:27.624+0000] {logging_mixin.py:188} INFO - [2024-04-02T21:23:27.618+0000] {dagbag.py:350} ERROR - Failed to import: /opt/airflow/dags/tomtom_dag.py
Traceback (most recent call last):
  File "/home/airflow/.local/lib/python3.8/site-packages/airflow/models/dagbag.py", line 346, in parse
    loader.exec_module(new_module)
  File "<frozen importlib._bootstrap_external>", line 843, in exec_module
  File "<frozen importlib._bootstrap>", line 219, in _call_with_frames_removed
  File "/opt/airflow/dags/tomtom_dag.py", line 34, in <module>
    '--date {{ ds }} --connection %s' % Variable.get("data_dev_connection")
  File "/home/airflow/.local/lib/python3.8/site-packages/airflow/models/variable.py", line 143, in get
    raise KeyError(f"Variable {key} does not exist")
KeyError: 'Variable data_dev_connection does not exist'
[2024-04-02T21:23:27.629+0000] {processor.py:842} WARNING - No viable dags retrieved from /opt/airflow/dags/tomtom_dag.py
[2024-04-02T21:23:27.672+0000] {processor.py:183} INFO - Processing /opt/airflow/dags/tomtom_dag.py took 0.208 seconds
[2024-04-02T21:23:59.285+0000] {processor.py:161} INFO - Started process (PID=180) to work on /opt/airflow/dags/tomtom_dag.py
[2024-04-02T21:23:59.301+0000] {processor.py:830} INFO - Processing file /opt/airflow/dags/tomtom_dag.py for tasks to queue
[2024-04-02T21:23:59.310+0000] {logging_mixin.py:188} INFO - [2024-04-02T21:23:59.309+0000] {dagbag.py:540} INFO - Filling up the DagBag from /opt/airflow/dags/tomtom_dag.py
[2024-04-02T21:24:00.247+0000] {logging_mixin.py:188} INFO - [2024-04-02T21:24:00.216+0000] {dagbag.py:350} ERROR - Failed to import: /opt/airflow/dags/tomtom_dag.py
Traceback (most recent call last):
  File "/home/airflow/.local/lib/python3.8/site-packages/airflow/models/dagbag.py", line 346, in parse
    loader.exec_module(new_module)
  File "<frozen importlib._bootstrap_external>", line 843, in exec_module
  File "<frozen importlib._bootstrap>", line 219, in _call_with_frames_removed
  File "/opt/airflow/dags/tomtom_dag.py", line 34, in <module>
    '--date {{ ds }} --connection %s' % Variable.get("data_dev_connection")
  File "/home/airflow/.local/lib/python3.8/site-packages/airflow/models/variable.py", line 143, in get
    raise KeyError(f"Variable {key} does not exist")
KeyError: 'Variable data_dev_connection does not exist'
[2024-04-02T21:24:00.454+0000] {processor.py:842} WARNING - No viable dags retrieved from /opt/airflow/dags/tomtom_dag.py
[2024-04-02T21:24:00.674+0000] {processor.py:183} INFO - Processing /opt/airflow/dags/tomtom_dag.py took 1.409 seconds
[2024-04-02T21:24:31.408+0000] {processor.py:161} INFO - Started process (PID=196) to work on /opt/airflow/dags/tomtom_dag.py
[2024-04-02T21:24:31.424+0000] {processor.py:830} INFO - Processing file /opt/airflow/dags/tomtom_dag.py for tasks to queue
[2024-04-02T21:24:31.431+0000] {logging_mixin.py:188} INFO - [2024-04-02T21:24:31.430+0000] {dagbag.py:540} INFO - Filling up the DagBag from /opt/airflow/dags/tomtom_dag.py
[2024-04-02T21:24:31.644+0000] {logging_mixin.py:188} INFO - [2024-04-02T21:24:31.608+0000] {dagbag.py:350} ERROR - Failed to import: /opt/airflow/dags/tomtom_dag.py
Traceback (most recent call last):
  File "/home/airflow/.local/lib/python3.8/site-packages/airflow/models/dagbag.py", line 346, in parse
    loader.exec_module(new_module)
  File "<frozen importlib._bootstrap_external>", line 843, in exec_module
  File "<frozen importlib._bootstrap>", line 219, in _call_with_frames_removed
  File "/opt/airflow/dags/tomtom_dag.py", line 34, in <module>
    '--date {{ ds }} --connection %s' % Variable.get("data_dev_connection")
  File "/home/airflow/.local/lib/python3.8/site-packages/airflow/models/variable.py", line 143, in get
    raise KeyError(f"Variable {key} does not exist")
KeyError: 'Variable data_dev_connection does not exist'
[2024-04-02T21:24:31.659+0000] {processor.py:842} WARNING - No viable dags retrieved from /opt/airflow/dags/tomtom_dag.py
[2024-04-02T21:24:31.773+0000] {processor.py:183} INFO - Processing /opt/airflow/dags/tomtom_dag.py took 0.380 seconds
[2024-04-02T21:25:02.397+0000] {processor.py:161} INFO - Started process (PID=211) to work on /opt/airflow/dags/tomtom_dag.py
[2024-04-02T21:25:02.403+0000] {processor.py:830} INFO - Processing file /opt/airflow/dags/tomtom_dag.py for tasks to queue
[2024-04-02T21:25:02.407+0000] {logging_mixin.py:188} INFO - [2024-04-02T21:25:02.407+0000] {dagbag.py:540} INFO - Filling up the DagBag from /opt/airflow/dags/tomtom_dag.py
[2024-04-02T21:25:02.484+0000] {logging_mixin.py:188} INFO - [2024-04-02T21:25:02.476+0000] {dagbag.py:350} ERROR - Failed to import: /opt/airflow/dags/tomtom_dag.py
Traceback (most recent call last):
  File "/home/airflow/.local/lib/python3.8/site-packages/airflow/models/dagbag.py", line 346, in parse
    loader.exec_module(new_module)
  File "<frozen importlib._bootstrap_external>", line 843, in exec_module
  File "<frozen importlib._bootstrap>", line 219, in _call_with_frames_removed
  File "/opt/airflow/dags/tomtom_dag.py", line 34, in <module>
    '--date {{ ds }} --connection %s' % Variable.get("data_dev_connection")
  File "/home/airflow/.local/lib/python3.8/site-packages/airflow/models/variable.py", line 143, in get
    raise KeyError(f"Variable {key} does not exist")
KeyError: 'Variable data_dev_connection does not exist'
[2024-04-02T21:25:02.488+0000] {processor.py:842} WARNING - No viable dags retrieved from /opt/airflow/dags/tomtom_dag.py
[2024-04-02T21:25:02.527+0000] {processor.py:183} INFO - Processing /opt/airflow/dags/tomtom_dag.py took 0.140 seconds
[2024-04-02T21:25:32.834+0000] {processor.py:161} INFO - Started process (PID=226) to work on /opt/airflow/dags/tomtom_dag.py
[2024-04-02T21:25:32.841+0000] {processor.py:830} INFO - Processing file /opt/airflow/dags/tomtom_dag.py for tasks to queue
[2024-04-02T21:25:32.847+0000] {logging_mixin.py:188} INFO - [2024-04-02T21:25:32.846+0000] {dagbag.py:540} INFO - Filling up the DagBag from /opt/airflow/dags/tomtom_dag.py
[2024-04-02T21:25:33.172+0000] {logging_mixin.py:188} INFO - [2024-04-02T21:25:33.165+0000] {dagbag.py:350} ERROR - Failed to import: /opt/airflow/dags/tomtom_dag.py
Traceback (most recent call last):
  File "/home/airflow/.local/lib/python3.8/site-packages/airflow/models/dagbag.py", line 346, in parse
    loader.exec_module(new_module)
  File "<frozen importlib._bootstrap_external>", line 843, in exec_module
  File "<frozen importlib._bootstrap>", line 219, in _call_with_frames_removed
  File "/opt/airflow/dags/tomtom_dag.py", line 34, in <module>
    '--date {{ ds }} --connection %s' % Variable.get("data_dev_connection")
  File "/home/airflow/.local/lib/python3.8/site-packages/airflow/models/variable.py", line 143, in get
    raise KeyError(f"Variable {key} does not exist")
KeyError: 'Variable data_dev_connection does not exist'
[2024-04-02T21:25:33.176+0000] {processor.py:842} WARNING - No viable dags retrieved from /opt/airflow/dags/tomtom_dag.py
[2024-04-02T21:25:33.220+0000] {processor.py:183} INFO - Processing /opt/airflow/dags/tomtom_dag.py took 0.391 seconds
[2024-04-02T21:26:03.812+0000] {processor.py:161} INFO - Started process (PID=241) to work on /opt/airflow/dags/tomtom_dag.py
[2024-04-02T21:26:03.818+0000] {processor.py:830} INFO - Processing file /opt/airflow/dags/tomtom_dag.py for tasks to queue
[2024-04-02T21:26:03.823+0000] {logging_mixin.py:188} INFO - [2024-04-02T21:26:03.822+0000] {dagbag.py:540} INFO - Filling up the DagBag from /opt/airflow/dags/tomtom_dag.py
[2024-04-02T21:26:03.963+0000] {processor.py:840} INFO - DAG(s) 'tomtom' retrieved from /opt/airflow/dags/tomtom_dag.py
[2024-04-02T21:26:04.433+0000] {logging_mixin.py:188} INFO - [2024-04-02T21:26:04.432+0000] {override.py:1769} INFO - Created Permission View: can read on DAG:tomtom
[2024-04-02T21:26:04.474+0000] {logging_mixin.py:188} INFO - [2024-04-02T21:26:04.474+0000] {override.py:1769} INFO - Created Permission View: can edit on DAG:tomtom
[2024-04-02T21:26:04.512+0000] {logging_mixin.py:188} INFO - [2024-04-02T21:26:04.511+0000] {override.py:1769} INFO - Created Permission View: can delete on DAG:tomtom
[2024-04-02T21:26:04.516+0000] {logging_mixin.py:188} INFO - [2024-04-02T21:26:04.515+0000] {dag.py:3047} INFO - Sync 1 DAGs
[2024-04-02T21:26:04.550+0000] {logging_mixin.py:188} INFO - [2024-04-02T21:26:04.549+0000] {dag.py:3069} INFO - Creating ORM DAG for tomtom
[2024-04-02T21:26:04.576+0000] {logging_mixin.py:188} INFO - [2024-04-02T21:26:04.575+0000] {dag.py:3834} INFO - Setting next_dagrun for tomtom to 2024-03-27 00:00:00+00:00, run_after=2024-03-28 00:00:00+00:00
[2024-04-02T21:26:04.648+0000] {processor.py:183} INFO - Processing /opt/airflow/dags/tomtom_dag.py took 0.844 seconds
[2024-04-02T21:26:36.098+0000] {processor.py:161} INFO - Started process (PID=310) to work on /opt/airflow/dags/tomtom_dag.py
[2024-04-02T21:26:36.373+0000] {processor.py:830} INFO - Processing file /opt/airflow/dags/tomtom_dag.py for tasks to queue
[2024-04-02T21:26:36.488+0000] {logging_mixin.py:188} INFO - [2024-04-02T21:26:36.444+0000] {dagbag.py:540} INFO - Filling up the DagBag from /opt/airflow/dags/tomtom_dag.py
[2024-04-02T21:26:37.115+0000] {processor.py:840} INFO - DAG(s) 'tomtom' retrieved from /opt/airflow/dags/tomtom_dag.py
[2024-04-02T21:26:37.249+0000] {logging_mixin.py:188} INFO - [2024-04-02T21:26:37.249+0000] {dag.py:3047} INFO - Sync 1 DAGs
[2024-04-02T21:26:37.388+0000] {logging_mixin.py:188} INFO - [2024-04-02T21:26:37.387+0000] {dag.py:3834} INFO - Setting next_dagrun for tomtom to 2024-04-02 00:00:00+00:00, run_after=2024-04-03 00:00:00+00:00
[2024-04-02T21:26:37.496+0000] {processor.py:183} INFO - Processing /opt/airflow/dags/tomtom_dag.py took 1.505 seconds
[2024-04-02T21:27:08.351+0000] {processor.py:161} INFO - Started process (PID=349) to work on /opt/airflow/dags/tomtom_dag.py
[2024-04-02T21:27:08.371+0000] {processor.py:830} INFO - Processing file /opt/airflow/dags/tomtom_dag.py for tasks to queue
[2024-04-02T21:27:08.392+0000] {logging_mixin.py:188} INFO - [2024-04-02T21:27:08.391+0000] {dagbag.py:540} INFO - Filling up the DagBag from /opt/airflow/dags/tomtom_dag.py
[2024-04-02T21:27:08.615+0000] {processor.py:840} INFO - DAG(s) 'tomtom' retrieved from /opt/airflow/dags/tomtom_dag.py
[2024-04-02T21:27:08.685+0000] {logging_mixin.py:188} INFO - [2024-04-02T21:27:08.684+0000] {dag.py:3047} INFO - Sync 1 DAGs
[2024-04-02T21:27:08.805+0000] {logging_mixin.py:188} INFO - [2024-04-02T21:27:08.805+0000] {dag.py:3834} INFO - Setting next_dagrun for tomtom to 2024-04-02 00:00:00+00:00, run_after=2024-04-03 00:00:00+00:00
[2024-04-02T21:27:08.867+0000] {processor.py:183} INFO - Processing /opt/airflow/dags/tomtom_dag.py took 0.550 seconds
[2024-04-02T21:27:39.251+0000] {processor.py:161} INFO - Started process (PID=364) to work on /opt/airflow/dags/tomtom_dag.py
[2024-04-02T21:27:39.284+0000] {processor.py:830} INFO - Processing file /opt/airflow/dags/tomtom_dag.py for tasks to queue
[2024-04-02T21:27:39.308+0000] {logging_mixin.py:188} INFO - [2024-04-02T21:27:39.297+0000] {dagbag.py:540} INFO - Filling up the DagBag from /opt/airflow/dags/tomtom_dag.py
[2024-04-02T21:27:39.622+0000] {processor.py:840} INFO - DAG(s) 'tomtom' retrieved from /opt/airflow/dags/tomtom_dag.py
[2024-04-02T21:27:39.668+0000] {logging_mixin.py:188} INFO - [2024-04-02T21:27:39.668+0000] {dag.py:3047} INFO - Sync 1 DAGs
[2024-04-02T21:27:39.785+0000] {logging_mixin.py:188} INFO - [2024-04-02T21:27:39.785+0000] {dag.py:3834} INFO - Setting next_dagrun for tomtom to 2024-04-02 00:00:00+00:00, run_after=2024-04-03 00:00:00+00:00
[2024-04-02T21:27:39.861+0000] {processor.py:183} INFO - Processing /opt/airflow/dags/tomtom_dag.py took 0.619 seconds
[2024-04-02T21:28:10.521+0000] {processor.py:161} INFO - Started process (PID=379) to work on /opt/airflow/dags/tomtom_dag.py
[2024-04-02T21:28:10.537+0000] {processor.py:830} INFO - Processing file /opt/airflow/dags/tomtom_dag.py for tasks to queue
[2024-04-02T21:28:10.547+0000] {logging_mixin.py:188} INFO - [2024-04-02T21:28:10.546+0000] {dagbag.py:540} INFO - Filling up the DagBag from /opt/airflow/dags/tomtom_dag.py
[2024-04-02T21:28:10.869+0000] {processor.py:840} INFO - DAG(s) 'tomtom' retrieved from /opt/airflow/dags/tomtom_dag.py
[2024-04-02T21:28:11.013+0000] {logging_mixin.py:188} INFO - [2024-04-02T21:28:11.013+0000] {dag.py:3047} INFO - Sync 1 DAGs
[2024-04-02T21:28:11.246+0000] {logging_mixin.py:188} INFO - [2024-04-02T21:28:11.245+0000] {dag.py:3834} INFO - Setting next_dagrun for tomtom to 2024-04-02 00:00:00+00:00, run_after=2024-04-03 00:00:00+00:00
[2024-04-02T21:28:11.482+0000] {processor.py:183} INFO - Processing /opt/airflow/dags/tomtom_dag.py took 0.972 seconds
[2024-04-02T21:28:42.006+0000] {processor.py:161} INFO - Started process (PID=394) to work on /opt/airflow/dags/tomtom_dag.py
[2024-04-02T21:28:42.013+0000] {processor.py:830} INFO - Processing file /opt/airflow/dags/tomtom_dag.py for tasks to queue
[2024-04-02T21:28:42.022+0000] {logging_mixin.py:188} INFO - [2024-04-02T21:28:42.021+0000] {dagbag.py:540} INFO - Filling up the DagBag from /opt/airflow/dags/tomtom_dag.py
[2024-04-02T21:28:42.212+0000] {processor.py:840} INFO - DAG(s) 'tomtom' retrieved from /opt/airflow/dags/tomtom_dag.py
[2024-04-02T21:28:42.286+0000] {logging_mixin.py:188} INFO - [2024-04-02T21:28:42.285+0000] {dag.py:3047} INFO - Sync 1 DAGs
[2024-04-02T21:28:42.363+0000] {logging_mixin.py:188} INFO - [2024-04-02T21:28:42.361+0000] {dag.py:3834} INFO - Setting next_dagrun for tomtom to 2024-04-02 00:00:00+00:00, run_after=2024-04-03 00:00:00+00:00
[2024-04-02T21:28:42.494+0000] {processor.py:183} INFO - Processing /opt/airflow/dags/tomtom_dag.py took 0.500 seconds
[2024-04-02T21:29:12.750+0000] {processor.py:161} INFO - Started process (PID=409) to work on /opt/airflow/dags/tomtom_dag.py
[2024-04-02T21:29:12.776+0000] {processor.py:830} INFO - Processing file /opt/airflow/dags/tomtom_dag.py for tasks to queue
[2024-04-02T21:29:12.798+0000] {logging_mixin.py:188} INFO - [2024-04-02T21:29:12.797+0000] {dagbag.py:540} INFO - Filling up the DagBag from /opt/airflow/dags/tomtom_dag.py
[2024-04-02T21:29:12.959+0000] {processor.py:840} INFO - DAG(s) 'tomtom' retrieved from /opt/airflow/dags/tomtom_dag.py
[2024-04-02T21:29:13.022+0000] {logging_mixin.py:188} INFO - [2024-04-02T21:29:13.020+0000] {dag.py:3047} INFO - Sync 1 DAGs
[2024-04-02T21:29:13.138+0000] {logging_mixin.py:188} INFO - [2024-04-02T21:29:13.138+0000] {dag.py:3834} INFO - Setting next_dagrun for tomtom to 2024-04-02 00:00:00+00:00, run_after=2024-04-03 00:00:00+00:00
[2024-04-02T21:29:13.220+0000] {processor.py:183} INFO - Processing /opt/airflow/dags/tomtom_dag.py took 0.478 seconds
[2024-04-02T21:29:43.350+0000] {processor.py:161} INFO - Started process (PID=424) to work on /opt/airflow/dags/tomtom_dag.py
[2024-04-02T21:29:43.359+0000] {processor.py:830} INFO - Processing file /opt/airflow/dags/tomtom_dag.py for tasks to queue
[2024-04-02T21:29:43.369+0000] {logging_mixin.py:188} INFO - [2024-04-02T21:29:43.368+0000] {dagbag.py:540} INFO - Filling up the DagBag from /opt/airflow/dags/tomtom_dag.py
[2024-04-02T21:29:43.493+0000] {processor.py:840} INFO - DAG(s) 'tomtom' retrieved from /opt/airflow/dags/tomtom_dag.py
[2024-04-02T21:29:43.564+0000] {logging_mixin.py:188} INFO - [2024-04-02T21:29:43.564+0000] {dag.py:3047} INFO - Sync 1 DAGs
[2024-04-02T21:29:43.623+0000] {logging_mixin.py:188} INFO - [2024-04-02T21:29:43.623+0000] {dag.py:3834} INFO - Setting next_dagrun for tomtom to 2024-04-02 00:00:00+00:00, run_after=2024-04-03 00:00:00+00:00
[2024-04-02T21:29:43.669+0000] {processor.py:183} INFO - Processing /opt/airflow/dags/tomtom_dag.py took 0.337 seconds
[2024-04-02T21:30:14.345+0000] {processor.py:161} INFO - Started process (PID=439) to work on /opt/airflow/dags/tomtom_dag.py
[2024-04-02T21:30:14.355+0000] {processor.py:830} INFO - Processing file /opt/airflow/dags/tomtom_dag.py for tasks to queue
[2024-04-02T21:30:14.369+0000] {logging_mixin.py:188} INFO - [2024-04-02T21:30:14.368+0000] {dagbag.py:540} INFO - Filling up the DagBag from /opt/airflow/dags/tomtom_dag.py
[2024-04-02T21:30:14.537+0000] {processor.py:840} INFO - DAG(s) 'tomtom' retrieved from /opt/airflow/dags/tomtom_dag.py
[2024-04-02T21:30:14.605+0000] {logging_mixin.py:188} INFO - [2024-04-02T21:30:14.604+0000] {dag.py:3047} INFO - Sync 1 DAGs
[2024-04-02T21:30:14.684+0000] {logging_mixin.py:188} INFO - [2024-04-02T21:30:14.683+0000] {dag.py:3834} INFO - Setting next_dagrun for tomtom to 2024-04-02 00:00:00+00:00, run_after=2024-04-03 00:00:00+00:00
[2024-04-02T21:30:14.762+0000] {processor.py:183} INFO - Processing /opt/airflow/dags/tomtom_dag.py took 0.429 seconds
[2024-04-02T21:30:45.251+0000] {processor.py:161} INFO - Started process (PID=454) to work on /opt/airflow/dags/tomtom_dag.py
[2024-04-02T21:30:45.256+0000] {processor.py:830} INFO - Processing file /opt/airflow/dags/tomtom_dag.py for tasks to queue
[2024-04-02T21:30:45.265+0000] {logging_mixin.py:188} INFO - [2024-04-02T21:30:45.265+0000] {dagbag.py:540} INFO - Filling up the DagBag from /opt/airflow/dags/tomtom_dag.py
[2024-04-02T21:30:45.370+0000] {processor.py:840} INFO - DAG(s) 'tomtom' retrieved from /opt/airflow/dags/tomtom_dag.py
[2024-04-02T21:30:45.416+0000] {logging_mixin.py:188} INFO - [2024-04-02T21:30:45.415+0000] {dag.py:3047} INFO - Sync 1 DAGs
[2024-04-02T21:30:45.475+0000] {logging_mixin.py:188} INFO - [2024-04-02T21:30:45.475+0000] {dag.py:3834} INFO - Setting next_dagrun for tomtom to 2024-04-02 00:00:00+00:00, run_after=2024-04-03 00:00:00+00:00
[2024-04-02T21:30:45.554+0000] {processor.py:183} INFO - Processing /opt/airflow/dags/tomtom_dag.py took 0.316 seconds
[2024-04-02T21:31:15.967+0000] {processor.py:161} INFO - Started process (PID=469) to work on /opt/airflow/dags/tomtom_dag.py
[2024-04-02T21:31:15.972+0000] {processor.py:830} INFO - Processing file /opt/airflow/dags/tomtom_dag.py for tasks to queue
[2024-04-02T21:31:15.982+0000] {logging_mixin.py:188} INFO - [2024-04-02T21:31:15.981+0000] {dagbag.py:540} INFO - Filling up the DagBag from /opt/airflow/dags/tomtom_dag.py
[2024-04-02T21:31:16.065+0000] {processor.py:840} INFO - DAG(s) 'tomtom' retrieved from /opt/airflow/dags/tomtom_dag.py
[2024-04-02T21:31:16.108+0000] {logging_mixin.py:188} INFO - [2024-04-02T21:31:16.107+0000] {dag.py:3047} INFO - Sync 1 DAGs
[2024-04-02T21:31:16.158+0000] {logging_mixin.py:188} INFO - [2024-04-02T21:31:16.157+0000] {dag.py:3834} INFO - Setting next_dagrun for tomtom to 2024-04-02 00:00:00+00:00, run_after=2024-04-03 00:00:00+00:00
[2024-04-02T21:31:16.216+0000] {processor.py:183} INFO - Processing /opt/airflow/dags/tomtom_dag.py took 0.262 seconds
[2024-04-02T21:31:46.663+0000] {processor.py:161} INFO - Started process (PID=484) to work on /opt/airflow/dags/tomtom_dag.py
[2024-04-02T21:31:46.668+0000] {processor.py:830} INFO - Processing file /opt/airflow/dags/tomtom_dag.py for tasks to queue
[2024-04-02T21:31:46.674+0000] {logging_mixin.py:188} INFO - [2024-04-02T21:31:46.673+0000] {dagbag.py:540} INFO - Filling up the DagBag from /opt/airflow/dags/tomtom_dag.py
[2024-04-02T21:31:46.753+0000] {processor.py:840} INFO - DAG(s) 'tomtom' retrieved from /opt/airflow/dags/tomtom_dag.py
[2024-04-02T21:31:46.790+0000] {logging_mixin.py:188} INFO - [2024-04-02T21:31:46.790+0000] {dag.py:3047} INFO - Sync 1 DAGs
[2024-04-02T21:31:46.837+0000] {logging_mixin.py:188} INFO - [2024-04-02T21:31:46.837+0000] {dag.py:3834} INFO - Setting next_dagrun for tomtom to 2024-04-02 00:00:00+00:00, run_after=2024-04-03 00:00:00+00:00
[2024-04-02T21:31:46.886+0000] {processor.py:183} INFO - Processing /opt/airflow/dags/tomtom_dag.py took 0.233 seconds
[2024-04-02T21:32:17.143+0000] {processor.py:161} INFO - Started process (PID=499) to work on /opt/airflow/dags/tomtom_dag.py
[2024-04-02T21:32:17.155+0000] {processor.py:830} INFO - Processing file /opt/airflow/dags/tomtom_dag.py for tasks to queue
[2024-04-02T21:32:17.165+0000] {logging_mixin.py:188} INFO - [2024-04-02T21:32:17.160+0000] {dagbag.py:540} INFO - Filling up the DagBag from /opt/airflow/dags/tomtom_dag.py
[2024-04-02T21:32:17.295+0000] {processor.py:840} INFO - DAG(s) 'tomtom' retrieved from /opt/airflow/dags/tomtom_dag.py
[2024-04-02T21:32:17.385+0000] {logging_mixin.py:188} INFO - [2024-04-02T21:32:17.384+0000] {dag.py:3047} INFO - Sync 1 DAGs
[2024-04-02T21:32:17.459+0000] {logging_mixin.py:188} INFO - [2024-04-02T21:32:17.459+0000] {dag.py:3834} INFO - Setting next_dagrun for tomtom to 2024-04-02 00:00:00+00:00, run_after=2024-04-03 00:00:00+00:00
[2024-04-02T21:32:17.801+0000] {processor.py:183} INFO - Processing /opt/airflow/dags/tomtom_dag.py took 0.671 seconds
[2024-04-02T21:32:48.634+0000] {processor.py:161} INFO - Started process (PID=514) to work on /opt/airflow/dags/tomtom_dag.py
[2024-04-02T21:32:48.652+0000] {processor.py:830} INFO - Processing file /opt/airflow/dags/tomtom_dag.py for tasks to queue
[2024-04-02T21:32:48.661+0000] {logging_mixin.py:188} INFO - [2024-04-02T21:32:48.658+0000] {dagbag.py:540} INFO - Filling up the DagBag from /opt/airflow/dags/tomtom_dag.py
[2024-04-02T21:32:48.867+0000] {processor.py:840} INFO - DAG(s) 'tomtom' retrieved from /opt/airflow/dags/tomtom_dag.py
[2024-04-02T21:32:48.953+0000] {logging_mixin.py:188} INFO - [2024-04-02T21:32:48.953+0000] {dag.py:3047} INFO - Sync 1 DAGs
[2024-04-02T21:32:49.043+0000] {logging_mixin.py:188} INFO - [2024-04-02T21:32:49.042+0000] {dag.py:3834} INFO - Setting next_dagrun for tomtom to 2024-04-02 00:00:00+00:00, run_after=2024-04-03 00:00:00+00:00
[2024-04-02T21:32:49.150+0000] {processor.py:183} INFO - Processing /opt/airflow/dags/tomtom_dag.py took 0.539 seconds
[2024-04-02T21:33:19.557+0000] {processor.py:161} INFO - Started process (PID=529) to work on /opt/airflow/dags/tomtom_dag.py
[2024-04-02T21:33:19.562+0000] {processor.py:830} INFO - Processing file /opt/airflow/dags/tomtom_dag.py for tasks to queue
[2024-04-02T21:33:19.568+0000] {logging_mixin.py:188} INFO - [2024-04-02T21:33:19.567+0000] {dagbag.py:540} INFO - Filling up the DagBag from /opt/airflow/dags/tomtom_dag.py
[2024-04-02T21:33:19.730+0000] {processor.py:840} INFO - DAG(s) 'tomtom' retrieved from /opt/airflow/dags/tomtom_dag.py
[2024-04-02T21:33:19.780+0000] {logging_mixin.py:188} INFO - [2024-04-02T21:33:19.779+0000] {dag.py:3047} INFO - Sync 1 DAGs
[2024-04-02T21:33:19.830+0000] {logging_mixin.py:188} INFO - [2024-04-02T21:33:19.830+0000] {dag.py:3834} INFO - Setting next_dagrun for tomtom to 2024-04-02 00:00:00+00:00, run_after=2024-04-03 00:00:00+00:00
[2024-04-02T21:33:19.880+0000] {processor.py:183} INFO - Processing /opt/airflow/dags/tomtom_dag.py took 0.332 seconds
[2024-04-02T21:33:50.610+0000] {processor.py:161} INFO - Started process (PID=544) to work on /opt/airflow/dags/tomtom_dag.py
[2024-04-02T21:33:50.627+0000] {processor.py:830} INFO - Processing file /opt/airflow/dags/tomtom_dag.py for tasks to queue
[2024-04-02T21:33:50.637+0000] {logging_mixin.py:188} INFO - [2024-04-02T21:33:50.636+0000] {dagbag.py:540} INFO - Filling up the DagBag from /opt/airflow/dags/tomtom_dag.py
[2024-04-02T21:33:50.803+0000] {processor.py:840} INFO - DAG(s) 'tomtom' retrieved from /opt/airflow/dags/tomtom_dag.py
[2024-04-02T21:33:50.862+0000] {logging_mixin.py:188} INFO - [2024-04-02T21:33:50.862+0000] {dag.py:3047} INFO - Sync 1 DAGs
[2024-04-02T21:33:50.964+0000] {logging_mixin.py:188} INFO - [2024-04-02T21:33:50.963+0000] {dag.py:3834} INFO - Setting next_dagrun for tomtom to 2024-04-02 00:00:00+00:00, run_after=2024-04-03 00:00:00+00:00
[2024-04-02T21:33:51.055+0000] {processor.py:183} INFO - Processing /opt/airflow/dags/tomtom_dag.py took 0.456 seconds
[2024-04-02T21:34:21.715+0000] {processor.py:161} INFO - Started process (PID=559) to work on /opt/airflow/dags/tomtom_dag.py
[2024-04-02T21:34:21.728+0000] {processor.py:830} INFO - Processing file /opt/airflow/dags/tomtom_dag.py for tasks to queue
[2024-04-02T21:34:21.735+0000] {logging_mixin.py:188} INFO - [2024-04-02T21:34:21.734+0000] {dagbag.py:540} INFO - Filling up the DagBag from /opt/airflow/dags/tomtom_dag.py
[2024-04-02T21:34:21.876+0000] {processor.py:840} INFO - DAG(s) 'tomtom' retrieved from /opt/airflow/dags/tomtom_dag.py
[2024-04-02T21:34:21.948+0000] {logging_mixin.py:188} INFO - [2024-04-02T21:34:21.947+0000] {dag.py:3047} INFO - Sync 1 DAGs
[2024-04-02T21:34:22.015+0000] {logging_mixin.py:188} INFO - [2024-04-02T21:34:22.014+0000] {dag.py:3834} INFO - Setting next_dagrun for tomtom to 2024-04-02 00:00:00+00:00, run_after=2024-04-03 00:00:00+00:00
[2024-04-02T21:34:22.093+0000] {processor.py:183} INFO - Processing /opt/airflow/dags/tomtom_dag.py took 0.386 seconds
[2024-04-02T21:34:52.710+0000] {processor.py:161} INFO - Started process (PID=574) to work on /opt/airflow/dags/tomtom_dag.py
[2024-04-02T21:34:52.723+0000] {processor.py:830} INFO - Processing file /opt/airflow/dags/tomtom_dag.py for tasks to queue
[2024-04-02T21:34:52.735+0000] {logging_mixin.py:188} INFO - [2024-04-02T21:34:52.734+0000] {dagbag.py:540} INFO - Filling up the DagBag from /opt/airflow/dags/tomtom_dag.py
[2024-04-02T21:34:52.850+0000] {processor.py:840} INFO - DAG(s) 'tomtom' retrieved from /opt/airflow/dags/tomtom_dag.py
[2024-04-02T21:34:52.911+0000] {logging_mixin.py:188} INFO - [2024-04-02T21:34:52.910+0000] {dag.py:3047} INFO - Sync 1 DAGs
[2024-04-02T21:34:52.984+0000] {logging_mixin.py:188} INFO - [2024-04-02T21:34:52.984+0000] {dag.py:3834} INFO - Setting next_dagrun for tomtom to 2024-04-02 00:00:00+00:00, run_after=2024-04-03 00:00:00+00:00
[2024-04-02T21:34:53.065+0000] {processor.py:183} INFO - Processing /opt/airflow/dags/tomtom_dag.py took 0.386 seconds
[2024-04-02T21:35:23.598+0000] {processor.py:161} INFO - Started process (PID=589) to work on /opt/airflow/dags/tomtom_dag.py
[2024-04-02T21:35:23.622+0000] {processor.py:830} INFO - Processing file /opt/airflow/dags/tomtom_dag.py for tasks to queue
[2024-04-02T21:35:23.629+0000] {logging_mixin.py:188} INFO - [2024-04-02T21:35:23.628+0000] {dagbag.py:540} INFO - Filling up the DagBag from /opt/airflow/dags/tomtom_dag.py
[2024-04-02T21:35:23.779+0000] {processor.py:840} INFO - DAG(s) 'tomtom' retrieved from /opt/airflow/dags/tomtom_dag.py
[2024-04-02T21:35:23.823+0000] {logging_mixin.py:188} INFO - [2024-04-02T21:35:23.822+0000] {dag.py:3047} INFO - Sync 1 DAGs
[2024-04-02T21:35:23.875+0000] {logging_mixin.py:188} INFO - [2024-04-02T21:35:23.874+0000] {dag.py:3834} INFO - Setting next_dagrun for tomtom to 2024-04-02 00:00:00+00:00, run_after=2024-04-03 00:00:00+00:00
[2024-04-02T21:35:23.938+0000] {processor.py:183} INFO - Processing /opt/airflow/dags/tomtom_dag.py took 0.353 seconds
[2024-04-02T21:35:54.380+0000] {processor.py:161} INFO - Started process (PID=604) to work on /opt/airflow/dags/tomtom_dag.py
[2024-04-02T21:35:54.388+0000] {processor.py:830} INFO - Processing file /opt/airflow/dags/tomtom_dag.py for tasks to queue
[2024-04-02T21:35:54.397+0000] {logging_mixin.py:188} INFO - [2024-04-02T21:35:54.395+0000] {dagbag.py:540} INFO - Filling up the DagBag from /opt/airflow/dags/tomtom_dag.py
[2024-04-02T21:35:54.498+0000] {processor.py:840} INFO - DAG(s) 'tomtom' retrieved from /opt/airflow/dags/tomtom_dag.py
[2024-04-02T21:35:54.539+0000] {logging_mixin.py:188} INFO - [2024-04-02T21:35:54.539+0000] {dag.py:3047} INFO - Sync 1 DAGs
[2024-04-02T21:35:54.585+0000] {logging_mixin.py:188} INFO - [2024-04-02T21:35:54.584+0000] {dag.py:3834} INFO - Setting next_dagrun for tomtom to 2024-04-02 00:00:00+00:00, run_after=2024-04-03 00:00:00+00:00
[2024-04-02T21:35:54.650+0000] {processor.py:183} INFO - Processing /opt/airflow/dags/tomtom_dag.py took 0.280 seconds
[2024-04-02T21:36:25.016+0000] {processor.py:161} INFO - Started process (PID=619) to work on /opt/airflow/dags/tomtom_dag.py
[2024-04-02T21:36:25.023+0000] {processor.py:830} INFO - Processing file /opt/airflow/dags/tomtom_dag.py for tasks to queue
[2024-04-02T21:36:25.029+0000] {logging_mixin.py:188} INFO - [2024-04-02T21:36:25.028+0000] {dagbag.py:540} INFO - Filling up the DagBag from /opt/airflow/dags/tomtom_dag.py
[2024-04-02T21:36:25.111+0000] {processor.py:840} INFO - DAG(s) 'tomtom' retrieved from /opt/airflow/dags/tomtom_dag.py
[2024-04-02T21:36:25.155+0000] {logging_mixin.py:188} INFO - [2024-04-02T21:36:25.155+0000] {dag.py:3047} INFO - Sync 1 DAGs
[2024-04-02T21:36:25.202+0000] {logging_mixin.py:188} INFO - [2024-04-02T21:36:25.202+0000] {dag.py:3834} INFO - Setting next_dagrun for tomtom to 2024-04-02 00:00:00+00:00, run_after=2024-04-03 00:00:00+00:00
[2024-04-02T21:36:25.254+0000] {processor.py:183} INFO - Processing /opt/airflow/dags/tomtom_dag.py took 0.245 seconds
[2024-04-02T21:36:55.664+0000] {processor.py:161} INFO - Started process (PID=634) to work on /opt/airflow/dags/tomtom_dag.py
[2024-04-02T21:36:55.671+0000] {processor.py:830} INFO - Processing file /opt/airflow/dags/tomtom_dag.py for tasks to queue
[2024-04-02T21:36:55.676+0000] {logging_mixin.py:188} INFO - [2024-04-02T21:36:55.675+0000] {dagbag.py:540} INFO - Filling up the DagBag from /opt/airflow/dags/tomtom_dag.py
[2024-04-02T21:36:55.757+0000] {processor.py:840} INFO - DAG(s) 'tomtom' retrieved from /opt/airflow/dags/tomtom_dag.py
[2024-04-02T21:36:55.796+0000] {logging_mixin.py:188} INFO - [2024-04-02T21:36:55.796+0000] {dag.py:3047} INFO - Sync 1 DAGs
[2024-04-02T21:36:55.846+0000] {logging_mixin.py:188} INFO - [2024-04-02T21:36:55.845+0000] {dag.py:3834} INFO - Setting next_dagrun for tomtom to 2024-04-02 00:00:00+00:00, run_after=2024-04-03 00:00:00+00:00
[2024-04-02T21:36:55.897+0000] {processor.py:183} INFO - Processing /opt/airflow/dags/tomtom_dag.py took 0.242 seconds
[2024-04-02T21:37:26.289+0000] {processor.py:161} INFO - Started process (PID=649) to work on /opt/airflow/dags/tomtom_dag.py
[2024-04-02T21:37:26.296+0000] {processor.py:830} INFO - Processing file /opt/airflow/dags/tomtom_dag.py for tasks to queue
[2024-04-02T21:37:26.302+0000] {logging_mixin.py:188} INFO - [2024-04-02T21:37:26.301+0000] {dagbag.py:540} INFO - Filling up the DagBag from /opt/airflow/dags/tomtom_dag.py
[2024-04-02T21:37:26.386+0000] {processor.py:840} INFO - DAG(s) 'tomtom' retrieved from /opt/airflow/dags/tomtom_dag.py
[2024-04-02T21:37:26.421+0000] {logging_mixin.py:188} INFO - [2024-04-02T21:37:26.421+0000] {dag.py:3047} INFO - Sync 1 DAGs
[2024-04-02T21:37:26.465+0000] {logging_mixin.py:188} INFO - [2024-04-02T21:37:26.464+0000] {dag.py:3834} INFO - Setting next_dagrun for tomtom to 2024-04-02 00:00:00+00:00, run_after=2024-04-03 00:00:00+00:00
[2024-04-02T21:37:26.515+0000] {processor.py:183} INFO - Processing /opt/airflow/dags/tomtom_dag.py took 0.239 seconds
[2024-04-02T21:37:56.830+0000] {processor.py:161} INFO - Started process (PID=664) to work on /opt/airflow/dags/tomtom_dag.py
[2024-04-02T21:37:56.835+0000] {processor.py:830} INFO - Processing file /opt/airflow/dags/tomtom_dag.py for tasks to queue
[2024-04-02T21:37:56.840+0000] {logging_mixin.py:188} INFO - [2024-04-02T21:37:56.839+0000] {dagbag.py:540} INFO - Filling up the DagBag from /opt/airflow/dags/tomtom_dag.py
[2024-04-02T21:37:56.918+0000] {processor.py:840} INFO - DAG(s) 'tomtom' retrieved from /opt/airflow/dags/tomtom_dag.py
[2024-04-02T21:37:56.955+0000] {logging_mixin.py:188} INFO - [2024-04-02T21:37:56.955+0000] {dag.py:3047} INFO - Sync 1 DAGs
[2024-04-02T21:37:57.003+0000] {logging_mixin.py:188} INFO - [2024-04-02T21:37:57.003+0000] {dag.py:3834} INFO - Setting next_dagrun for tomtom to 2024-04-02 00:00:00+00:00, run_after=2024-04-03 00:00:00+00:00
[2024-04-02T21:37:57.064+0000] {processor.py:183} INFO - Processing /opt/airflow/dags/tomtom_dag.py took 0.242 seconds
[2024-04-02T21:38:27.580+0000] {processor.py:161} INFO - Started process (PID=679) to work on /opt/airflow/dags/tomtom_dag.py
[2024-04-02T21:38:27.585+0000] {processor.py:830} INFO - Processing file /opt/airflow/dags/tomtom_dag.py for tasks to queue
[2024-04-02T21:38:27.590+0000] {logging_mixin.py:188} INFO - [2024-04-02T21:38:27.590+0000] {dagbag.py:540} INFO - Filling up the DagBag from /opt/airflow/dags/tomtom_dag.py
[2024-04-02T21:38:27.666+0000] {processor.py:840} INFO - DAG(s) 'tomtom' retrieved from /opt/airflow/dags/tomtom_dag.py
[2024-04-02T21:38:27.702+0000] {logging_mixin.py:188} INFO - [2024-04-02T21:38:27.702+0000] {dag.py:3047} INFO - Sync 1 DAGs
[2024-04-02T21:38:27.747+0000] {logging_mixin.py:188} INFO - [2024-04-02T21:38:27.746+0000] {dag.py:3834} INFO - Setting next_dagrun for tomtom to 2024-04-02 00:00:00+00:00, run_after=2024-04-03 00:00:00+00:00
[2024-04-02T21:38:27.817+0000] {processor.py:183} INFO - Processing /opt/airflow/dags/tomtom_dag.py took 0.257 seconds
[2024-04-02T21:38:58.130+0000] {processor.py:161} INFO - Started process (PID=694) to work on /opt/airflow/dags/tomtom_dag.py
[2024-04-02T21:38:58.137+0000] {processor.py:830} INFO - Processing file /opt/airflow/dags/tomtom_dag.py for tasks to queue
[2024-04-02T21:38:58.143+0000] {logging_mixin.py:188} INFO - [2024-04-02T21:38:58.143+0000] {dagbag.py:540} INFO - Filling up the DagBag from /opt/airflow/dags/tomtom_dag.py
[2024-04-02T21:38:58.219+0000] {processor.py:840} INFO - DAG(s) 'tomtom' retrieved from /opt/airflow/dags/tomtom_dag.py
[2024-04-02T21:38:58.259+0000] {logging_mixin.py:188} INFO - [2024-04-02T21:38:58.259+0000] {dag.py:3047} INFO - Sync 1 DAGs
[2024-04-02T21:38:58.310+0000] {logging_mixin.py:188} INFO - [2024-04-02T21:38:58.309+0000] {dag.py:3834} INFO - Setting next_dagrun for tomtom to 2024-04-02 00:00:00+00:00, run_after=2024-04-03 00:00:00+00:00
[2024-04-02T21:38:58.360+0000] {processor.py:183} INFO - Processing /opt/airflow/dags/tomtom_dag.py took 0.241 seconds
[2024-04-02T21:39:28.716+0000] {processor.py:161} INFO - Started process (PID=709) to work on /opt/airflow/dags/tomtom_dag.py
[2024-04-02T21:39:28.724+0000] {processor.py:830} INFO - Processing file /opt/airflow/dags/tomtom_dag.py for tasks to queue
[2024-04-02T21:39:28.731+0000] {logging_mixin.py:188} INFO - [2024-04-02T21:39:28.730+0000] {dagbag.py:540} INFO - Filling up the DagBag from /opt/airflow/dags/tomtom_dag.py
[2024-04-02T21:39:28.853+0000] {processor.py:840} INFO - DAG(s) 'tomtom' retrieved from /opt/airflow/dags/tomtom_dag.py
[2024-04-02T21:39:28.910+0000] {logging_mixin.py:188} INFO - [2024-04-02T21:39:28.910+0000] {dag.py:3047} INFO - Sync 1 DAGs
[2024-04-02T21:39:28.957+0000] {logging_mixin.py:188} INFO - [2024-04-02T21:39:28.957+0000] {dag.py:3834} INFO - Setting next_dagrun for tomtom to 2024-04-02 00:00:00+00:00, run_after=2024-04-03 00:00:00+00:00
[2024-04-02T21:39:29.004+0000] {processor.py:183} INFO - Processing /opt/airflow/dags/tomtom_dag.py took 0.300 seconds
[2024-04-02T21:39:59.396+0000] {processor.py:161} INFO - Started process (PID=724) to work on /opt/airflow/dags/tomtom_dag.py
[2024-04-02T21:39:59.402+0000] {processor.py:830} INFO - Processing file /opt/airflow/dags/tomtom_dag.py for tasks to queue
[2024-04-02T21:39:59.407+0000] {logging_mixin.py:188} INFO - [2024-04-02T21:39:59.406+0000] {dagbag.py:540} INFO - Filling up the DagBag from /opt/airflow/dags/tomtom_dag.py
[2024-04-02T21:39:59.480+0000] {processor.py:840} INFO - DAG(s) 'tomtom' retrieved from /opt/airflow/dags/tomtom_dag.py
[2024-04-02T21:39:59.519+0000] {logging_mixin.py:188} INFO - [2024-04-02T21:39:59.519+0000] {dag.py:3047} INFO - Sync 1 DAGs
[2024-04-02T21:39:59.566+0000] {logging_mixin.py:188} INFO - [2024-04-02T21:39:59.566+0000] {dag.py:3834} INFO - Setting next_dagrun for tomtom to 2024-04-02 00:00:00+00:00, run_after=2024-04-03 00:00:00+00:00
[2024-04-02T21:39:59.614+0000] {processor.py:183} INFO - Processing /opt/airflow/dags/tomtom_dag.py took 0.226 seconds
[2024-04-02T21:40:29.920+0000] {processor.py:161} INFO - Started process (PID=747) to work on /opt/airflow/dags/tomtom_dag.py
[2024-04-02T21:40:29.927+0000] {processor.py:830} INFO - Processing file /opt/airflow/dags/tomtom_dag.py for tasks to queue
[2024-04-02T21:40:29.933+0000] {logging_mixin.py:188} INFO - [2024-04-02T21:40:29.932+0000] {dagbag.py:540} INFO - Filling up the DagBag from /opt/airflow/dags/tomtom_dag.py
[2024-04-02T21:40:30.031+0000] {processor.py:840} INFO - DAG(s) 'tomtom' retrieved from /opt/airflow/dags/tomtom_dag.py
[2024-04-02T21:40:30.069+0000] {logging_mixin.py:188} INFO - [2024-04-02T21:40:30.068+0000] {dag.py:3047} INFO - Sync 1 DAGs
[2024-04-02T21:40:30.121+0000] {logging_mixin.py:188} INFO - [2024-04-02T21:40:30.121+0000] {dag.py:3834} INFO - Setting next_dagrun for tomtom to 2024-04-02 00:00:00+00:00, run_after=2024-04-03 00:00:00+00:00
[2024-04-02T21:40:30.176+0000] {processor.py:183} INFO - Processing /opt/airflow/dags/tomtom_dag.py took 0.266 seconds
[2024-04-02T21:41:00.794+0000] {processor.py:161} INFO - Started process (PID=762) to work on /opt/airflow/dags/tomtom_dag.py
[2024-04-02T21:41:00.799+0000] {processor.py:830} INFO - Processing file /opt/airflow/dags/tomtom_dag.py for tasks to queue
[2024-04-02T21:41:00.805+0000] {logging_mixin.py:188} INFO - [2024-04-02T21:41:00.804+0000] {dagbag.py:540} INFO - Filling up the DagBag from /opt/airflow/dags/tomtom_dag.py
[2024-04-02T21:41:00.926+0000] {processor.py:840} INFO - DAG(s) 'tomtom' retrieved from /opt/airflow/dags/tomtom_dag.py
[2024-04-02T21:41:00.964+0000] {logging_mixin.py:188} INFO - [2024-04-02T21:41:00.964+0000] {dag.py:3047} INFO - Sync 1 DAGs
[2024-04-02T21:41:01.020+0000] {logging_mixin.py:188} INFO - [2024-04-02T21:41:01.020+0000] {dag.py:3834} INFO - Setting next_dagrun for tomtom to 2024-04-02 00:00:00+00:00, run_after=2024-04-03 00:00:00+00:00
[2024-04-02T21:41:01.072+0000] {processor.py:183} INFO - Processing /opt/airflow/dags/tomtom_dag.py took 0.288 seconds
[2024-04-02T21:41:31.841+0000] {processor.py:161} INFO - Started process (PID=777) to work on /opt/airflow/dags/tomtom_dag.py
[2024-04-02T21:41:31.847+0000] {processor.py:830} INFO - Processing file /opt/airflow/dags/tomtom_dag.py for tasks to queue
[2024-04-02T21:41:31.853+0000] {logging_mixin.py:188} INFO - [2024-04-02T21:41:31.852+0000] {dagbag.py:540} INFO - Filling up the DagBag from /opt/airflow/dags/tomtom_dag.py
[2024-04-02T21:41:31.962+0000] {processor.py:840} INFO - DAG(s) 'tomtom' retrieved from /opt/airflow/dags/tomtom_dag.py
[2024-04-02T21:41:32.021+0000] {logging_mixin.py:188} INFO - [2024-04-02T21:41:32.021+0000] {dag.py:3047} INFO - Sync 1 DAGs
[2024-04-02T21:41:32.094+0000] {logging_mixin.py:188} INFO - [2024-04-02T21:41:32.094+0000] {dag.py:3834} INFO - Setting next_dagrun for tomtom to 2024-04-02 00:00:00+00:00, run_after=2024-04-03 00:00:00+00:00
[2024-04-02T21:41:32.168+0000] {processor.py:183} INFO - Processing /opt/airflow/dags/tomtom_dag.py took 0.337 seconds
[2024-04-02T21:42:02.395+0000] {processor.py:161} INFO - Started process (PID=792) to work on /opt/airflow/dags/tomtom_dag.py
[2024-04-02T21:42:02.401+0000] {processor.py:830} INFO - Processing file /opt/airflow/dags/tomtom_dag.py for tasks to queue
[2024-04-02T21:42:02.407+0000] {logging_mixin.py:188} INFO - [2024-04-02T21:42:02.407+0000] {dagbag.py:540} INFO - Filling up the DagBag from /opt/airflow/dags/tomtom_dag.py
[2024-04-02T21:42:02.484+0000] {processor.py:840} INFO - DAG(s) 'tomtom' retrieved from /opt/airflow/dags/tomtom_dag.py
[2024-04-02T21:42:02.521+0000] {logging_mixin.py:188} INFO - [2024-04-02T21:42:02.520+0000] {dag.py:3047} INFO - Sync 1 DAGs
[2024-04-02T21:42:02.568+0000] {logging_mixin.py:188} INFO - [2024-04-02T21:42:02.568+0000] {dag.py:3834} INFO - Setting next_dagrun for tomtom to 2024-04-02 00:00:00+00:00, run_after=2024-04-03 00:00:00+00:00
[2024-04-02T21:42:02.617+0000] {processor.py:183} INFO - Processing /opt/airflow/dags/tomtom_dag.py took 0.233 seconds
[2024-04-02T21:42:32.978+0000] {processor.py:161} INFO - Started process (PID=807) to work on /opt/airflow/dags/tomtom_dag.py
[2024-04-02T21:42:32.984+0000] {processor.py:830} INFO - Processing file /opt/airflow/dags/tomtom_dag.py for tasks to queue
[2024-04-02T21:42:32.989+0000] {logging_mixin.py:188} INFO - [2024-04-02T21:42:32.988+0000] {dagbag.py:540} INFO - Filling up the DagBag from /opt/airflow/dags/tomtom_dag.py
[2024-04-02T21:42:33.080+0000] {processor.py:840} INFO - DAG(s) 'tomtom' retrieved from /opt/airflow/dags/tomtom_dag.py
[2024-04-02T21:42:33.125+0000] {logging_mixin.py:188} INFO - [2024-04-02T21:42:33.125+0000] {dag.py:3047} INFO - Sync 1 DAGs
[2024-04-02T21:42:33.181+0000] {logging_mixin.py:188} INFO - [2024-04-02T21:42:33.180+0000] {dag.py:3834} INFO - Setting next_dagrun for tomtom to 2024-04-02 00:00:00+00:00, run_after=2024-04-03 00:00:00+00:00
[2024-04-02T21:42:33.251+0000] {processor.py:183} INFO - Processing /opt/airflow/dags/tomtom_dag.py took 0.285 seconds
[2024-04-02T21:43:03.657+0000] {processor.py:161} INFO - Started process (PID=822) to work on /opt/airflow/dags/tomtom_dag.py
[2024-04-02T21:43:03.663+0000] {processor.py:830} INFO - Processing file /opt/airflow/dags/tomtom_dag.py for tasks to queue
[2024-04-02T21:43:03.668+0000] {logging_mixin.py:188} INFO - [2024-04-02T21:43:03.667+0000] {dagbag.py:540} INFO - Filling up the DagBag from /opt/airflow/dags/tomtom_dag.py
[2024-04-02T21:43:03.751+0000] {processor.py:840} INFO - DAG(s) 'tomtom' retrieved from /opt/airflow/dags/tomtom_dag.py
[2024-04-02T21:43:03.794+0000] {logging_mixin.py:188} INFO - [2024-04-02T21:43:03.794+0000] {dag.py:3047} INFO - Sync 1 DAGs
[2024-04-02T21:43:03.842+0000] {logging_mixin.py:188} INFO - [2024-04-02T21:43:03.841+0000] {dag.py:3834} INFO - Setting next_dagrun for tomtom to 2024-04-02 00:00:00+00:00, run_after=2024-04-03 00:00:00+00:00
[2024-04-02T21:43:03.898+0000] {processor.py:183} INFO - Processing /opt/airflow/dags/tomtom_dag.py took 0.251 seconds
[2024-04-02T21:43:34.474+0000] {processor.py:161} INFO - Started process (PID=837) to work on /opt/airflow/dags/tomtom_dag.py
[2024-04-02T21:43:34.481+0000] {processor.py:830} INFO - Processing file /opt/airflow/dags/tomtom_dag.py for tasks to queue
[2024-04-02T21:43:34.486+0000] {logging_mixin.py:188} INFO - [2024-04-02T21:43:34.485+0000] {dagbag.py:540} INFO - Filling up the DagBag from /opt/airflow/dags/tomtom_dag.py
[2024-04-02T21:43:34.575+0000] {processor.py:840} INFO - DAG(s) 'tomtom' retrieved from /opt/airflow/dags/tomtom_dag.py
[2024-04-02T21:43:34.620+0000] {logging_mixin.py:188} INFO - [2024-04-02T21:43:34.619+0000] {dag.py:3047} INFO - Sync 1 DAGs
[2024-04-02T21:43:34.667+0000] {logging_mixin.py:188} INFO - [2024-04-02T21:43:34.667+0000] {dag.py:3834} INFO - Setting next_dagrun for tomtom to 2024-04-02 00:00:00+00:00, run_after=2024-04-03 00:00:00+00:00
[2024-04-02T21:43:34.718+0000] {processor.py:183} INFO - Processing /opt/airflow/dags/tomtom_dag.py took 0.265 seconds
[2024-04-02T21:44:05.235+0000] {processor.py:161} INFO - Started process (PID=852) to work on /opt/airflow/dags/tomtom_dag.py
[2024-04-02T21:44:05.244+0000] {processor.py:830} INFO - Processing file /opt/airflow/dags/tomtom_dag.py for tasks to queue
[2024-04-02T21:44:05.249+0000] {logging_mixin.py:188} INFO - [2024-04-02T21:44:05.248+0000] {dagbag.py:540} INFO - Filling up the DagBag from /opt/airflow/dags/tomtom_dag.py
[2024-04-02T21:44:05.343+0000] {processor.py:840} INFO - DAG(s) 'tomtom' retrieved from /opt/airflow/dags/tomtom_dag.py
[2024-04-02T21:44:05.384+0000] {logging_mixin.py:188} INFO - [2024-04-02T21:44:05.384+0000] {dag.py:3047} INFO - Sync 1 DAGs
[2024-04-02T21:44:05.432+0000] {logging_mixin.py:188} INFO - [2024-04-02T21:44:05.432+0000] {dag.py:3834} INFO - Setting next_dagrun for tomtom to 2024-04-02 00:00:00+00:00, run_after=2024-04-03 00:00:00+00:00
[2024-04-02T21:44:05.486+0000] {processor.py:183} INFO - Processing /opt/airflow/dags/tomtom_dag.py took 0.262 seconds
[2024-04-02T21:44:35.830+0000] {processor.py:161} INFO - Started process (PID=867) to work on /opt/airflow/dags/tomtom_dag.py
[2024-04-02T21:44:35.839+0000] {processor.py:830} INFO - Processing file /opt/airflow/dags/tomtom_dag.py for tasks to queue
[2024-04-02T21:44:35.845+0000] {logging_mixin.py:188} INFO - [2024-04-02T21:44:35.844+0000] {dagbag.py:540} INFO - Filling up the DagBag from /opt/airflow/dags/tomtom_dag.py
[2024-04-02T21:44:35.955+0000] {processor.py:840} INFO - DAG(s) 'tomtom' retrieved from /opt/airflow/dags/tomtom_dag.py
[2024-04-02T21:44:36.005+0000] {logging_mixin.py:188} INFO - [2024-04-02T21:44:36.005+0000] {dag.py:3047} INFO - Sync 1 DAGs
[2024-04-02T21:44:36.057+0000] {logging_mixin.py:188} INFO - [2024-04-02T21:44:36.056+0000] {dag.py:3834} INFO - Setting next_dagrun for tomtom to 2024-04-02 00:00:00+00:00, run_after=2024-04-03 00:00:00+00:00
[2024-04-02T21:44:36.144+0000] {processor.py:183} INFO - Processing /opt/airflow/dags/tomtom_dag.py took 0.320 seconds
[2024-04-02T21:45:06.448+0000] {processor.py:161} INFO - Started process (PID=882) to work on /opt/airflow/dags/tomtom_dag.py
[2024-04-02T21:45:06.456+0000] {processor.py:830} INFO - Processing file /opt/airflow/dags/tomtom_dag.py for tasks to queue
[2024-04-02T21:45:06.461+0000] {logging_mixin.py:188} INFO - [2024-04-02T21:45:06.460+0000] {dagbag.py:540} INFO - Filling up the DagBag from /opt/airflow/dags/tomtom_dag.py
[2024-04-02T21:45:06.555+0000] {processor.py:840} INFO - DAG(s) 'tomtom' retrieved from /opt/airflow/dags/tomtom_dag.py
[2024-04-02T21:45:06.596+0000] {logging_mixin.py:188} INFO - [2024-04-02T21:45:06.596+0000] {dag.py:3047} INFO - Sync 1 DAGs
[2024-04-02T21:45:06.651+0000] {logging_mixin.py:188} INFO - [2024-04-02T21:45:06.650+0000] {dag.py:3834} INFO - Setting next_dagrun for tomtom to 2024-04-02 00:00:00+00:00, run_after=2024-04-03 00:00:00+00:00
[2024-04-02T21:45:06.711+0000] {processor.py:183} INFO - Processing /opt/airflow/dags/tomtom_dag.py took 0.272 seconds
[2024-04-02T21:45:37.112+0000] {processor.py:161} INFO - Started process (PID=897) to work on /opt/airflow/dags/tomtom_dag.py
[2024-04-02T21:45:37.118+0000] {processor.py:830} INFO - Processing file /opt/airflow/dags/tomtom_dag.py for tasks to queue
[2024-04-02T21:45:37.125+0000] {logging_mixin.py:188} INFO - [2024-04-02T21:45:37.125+0000] {dagbag.py:540} INFO - Filling up the DagBag from /opt/airflow/dags/tomtom_dag.py
[2024-04-02T21:45:37.221+0000] {processor.py:840} INFO - DAG(s) 'tomtom' retrieved from /opt/airflow/dags/tomtom_dag.py
[2024-04-02T21:45:37.269+0000] {logging_mixin.py:188} INFO - [2024-04-02T21:45:37.268+0000] {dag.py:3047} INFO - Sync 1 DAGs
[2024-04-02T21:45:37.320+0000] {logging_mixin.py:188} INFO - [2024-04-02T21:45:37.319+0000] {dag.py:3834} INFO - Setting next_dagrun for tomtom to 2024-04-02 00:00:00+00:00, run_after=2024-04-03 00:00:00+00:00
[2024-04-02T21:45:37.371+0000] {processor.py:183} INFO - Processing /opt/airflow/dags/tomtom_dag.py took 0.267 seconds
[2024-04-02T21:46:07.801+0000] {processor.py:161} INFO - Started process (PID=912) to work on /opt/airflow/dags/tomtom_dag.py
[2024-04-02T21:46:07.808+0000] {processor.py:830} INFO - Processing file /opt/airflow/dags/tomtom_dag.py for tasks to queue
[2024-04-02T21:46:07.815+0000] {logging_mixin.py:188} INFO - [2024-04-02T21:46:07.814+0000] {dagbag.py:540} INFO - Filling up the DagBag from /opt/airflow/dags/tomtom_dag.py
[2024-04-02T21:46:07.904+0000] {processor.py:840} INFO - DAG(s) 'tomtom' retrieved from /opt/airflow/dags/tomtom_dag.py
[2024-04-02T21:46:07.952+0000] {logging_mixin.py:188} INFO - [2024-04-02T21:46:07.951+0000] {dag.py:3047} INFO - Sync 1 DAGs
[2024-04-02T21:46:08.006+0000] {logging_mixin.py:188} INFO - [2024-04-02T21:46:08.005+0000] {dag.py:3834} INFO - Setting next_dagrun for tomtom to 2024-04-02 00:00:00+00:00, run_after=2024-04-03 00:00:00+00:00
[2024-04-02T21:46:08.063+0000] {processor.py:183} INFO - Processing /opt/airflow/dags/tomtom_dag.py took 0.270 seconds
[2024-04-02T21:46:38.486+0000] {processor.py:161} INFO - Started process (PID=927) to work on /opt/airflow/dags/tomtom_dag.py
[2024-04-02T21:46:38.495+0000] {processor.py:830} INFO - Processing file /opt/airflow/dags/tomtom_dag.py for tasks to queue
[2024-04-02T21:46:38.501+0000] {logging_mixin.py:188} INFO - [2024-04-02T21:46:38.501+0000] {dagbag.py:540} INFO - Filling up the DagBag from /opt/airflow/dags/tomtom_dag.py
[2024-04-02T21:46:38.816+0000] {processor.py:840} INFO - DAG(s) 'tomtom' retrieved from /opt/airflow/dags/tomtom_dag.py
[2024-04-02T21:46:38.896+0000] {logging_mixin.py:188} INFO - [2024-04-02T21:46:38.895+0000] {dag.py:3047} INFO - Sync 1 DAGs
[2024-04-02T21:46:39.005+0000] {logging_mixin.py:188} INFO - [2024-04-02T21:46:39.004+0000] {dag.py:3834} INFO - Setting next_dagrun for tomtom to 2024-04-02 00:00:00+00:00, run_after=2024-04-03 00:00:00+00:00
[2024-04-02T21:46:39.102+0000] {processor.py:183} INFO - Processing /opt/airflow/dags/tomtom_dag.py took 0.628 seconds
[2024-04-02T21:47:09.553+0000] {processor.py:161} INFO - Started process (PID=942) to work on /opt/airflow/dags/tomtom_dag.py
[2024-04-02T21:47:09.564+0000] {processor.py:830} INFO - Processing file /opt/airflow/dags/tomtom_dag.py for tasks to queue
[2024-04-02T21:47:09.569+0000] {logging_mixin.py:188} INFO - [2024-04-02T21:47:09.568+0000] {dagbag.py:540} INFO - Filling up the DagBag from /opt/airflow/dags/tomtom_dag.py
[2024-04-02T21:47:09.646+0000] {processor.py:840} INFO - DAG(s) 'tomtom' retrieved from /opt/airflow/dags/tomtom_dag.py
[2024-04-02T21:47:09.683+0000] {logging_mixin.py:188} INFO - [2024-04-02T21:47:09.682+0000] {dag.py:3047} INFO - Sync 1 DAGs
[2024-04-02T21:47:09.735+0000] {logging_mixin.py:188} INFO - [2024-04-02T21:47:09.734+0000] {dag.py:3834} INFO - Setting next_dagrun for tomtom to 2024-04-02 00:00:00+00:00, run_after=2024-04-03 00:00:00+00:00
[2024-04-02T21:47:09.792+0000] {processor.py:183} INFO - Processing /opt/airflow/dags/tomtom_dag.py took 0.250 seconds
[2024-04-02T21:47:40.155+0000] {processor.py:161} INFO - Started process (PID=957) to work on /opt/airflow/dags/tomtom_dag.py
[2024-04-02T21:47:40.166+0000] {processor.py:830} INFO - Processing file /opt/airflow/dags/tomtom_dag.py for tasks to queue
[2024-04-02T21:47:40.175+0000] {logging_mixin.py:188} INFO - [2024-04-02T21:47:40.174+0000] {dagbag.py:540} INFO - Filling up the DagBag from /opt/airflow/dags/tomtom_dag.py
[2024-04-02T21:47:40.311+0000] {processor.py:840} INFO - DAG(s) 'tomtom' retrieved from /opt/airflow/dags/tomtom_dag.py
[2024-04-02T21:47:40.353+0000] {logging_mixin.py:188} INFO - [2024-04-02T21:47:40.352+0000] {dag.py:3047} INFO - Sync 1 DAGs
[2024-04-02T21:47:40.402+0000] {logging_mixin.py:188} INFO - [2024-04-02T21:47:40.402+0000] {dag.py:3834} INFO - Setting next_dagrun for tomtom to 2024-04-02 00:00:00+00:00, run_after=2024-04-03 00:00:00+00:00
[2024-04-02T21:47:40.454+0000] {processor.py:183} INFO - Processing /opt/airflow/dags/tomtom_dag.py took 0.311 seconds
[2024-04-02T21:48:10.900+0000] {processor.py:161} INFO - Started process (PID=972) to work on /opt/airflow/dags/tomtom_dag.py
[2024-04-02T21:48:10.908+0000] {processor.py:830} INFO - Processing file /opt/airflow/dags/tomtom_dag.py for tasks to queue
[2024-04-02T21:48:10.919+0000] {logging_mixin.py:188} INFO - [2024-04-02T21:48:10.916+0000] {dagbag.py:540} INFO - Filling up the DagBag from /opt/airflow/dags/tomtom_dag.py
[2024-04-02T21:48:11.011+0000] {processor.py:840} INFO - DAG(s) 'tomtom' retrieved from /opt/airflow/dags/tomtom_dag.py
[2024-04-02T21:48:11.064+0000] {logging_mixin.py:188} INFO - [2024-04-02T21:48:11.064+0000] {dag.py:3047} INFO - Sync 1 DAGs
[2024-04-02T21:48:11.141+0000] {logging_mixin.py:188} INFO - [2024-04-02T21:48:11.140+0000] {dag.py:3834} INFO - Setting next_dagrun for tomtom to 2024-04-02 00:00:00+00:00, run_after=2024-04-03 00:00:00+00:00
[2024-04-02T21:48:11.259+0000] {processor.py:183} INFO - Processing /opt/airflow/dags/tomtom_dag.py took 0.371 seconds
[2024-04-02T21:48:41.920+0000] {processor.py:161} INFO - Started process (PID=987) to work on /opt/airflow/dags/tomtom_dag.py
[2024-04-02T21:48:41.932+0000] {processor.py:830} INFO - Processing file /opt/airflow/dags/tomtom_dag.py for tasks to queue
[2024-04-02T21:48:41.942+0000] {logging_mixin.py:188} INFO - [2024-04-02T21:48:41.941+0000] {dagbag.py:540} INFO - Filling up the DagBag from /opt/airflow/dags/tomtom_dag.py
[2024-04-02T21:48:42.180+0000] {processor.py:840} INFO - DAG(s) 'tomtom' retrieved from /opt/airflow/dags/tomtom_dag.py
[2024-04-02T21:48:42.276+0000] {logging_mixin.py:188} INFO - [2024-04-02T21:48:42.275+0000] {dag.py:3047} INFO - Sync 1 DAGs
[2024-04-02T21:48:42.383+0000] {logging_mixin.py:188} INFO - [2024-04-02T21:48:42.383+0000] {dag.py:3834} INFO - Setting next_dagrun for tomtom to 2024-04-02 00:00:00+00:00, run_after=2024-04-03 00:00:00+00:00
[2024-04-02T21:48:42.450+0000] {processor.py:183} INFO - Processing /opt/airflow/dags/tomtom_dag.py took 0.536 seconds
[2024-04-02T21:49:12.794+0000] {processor.py:161} INFO - Started process (PID=1002) to work on /opt/airflow/dags/tomtom_dag.py
[2024-04-02T21:49:12.801+0000] {processor.py:830} INFO - Processing file /opt/airflow/dags/tomtom_dag.py for tasks to queue
[2024-04-02T21:49:12.809+0000] {logging_mixin.py:188} INFO - [2024-04-02T21:49:12.809+0000] {dagbag.py:540} INFO - Filling up the DagBag from /opt/airflow/dags/tomtom_dag.py
[2024-04-02T21:49:12.895+0000] {processor.py:840} INFO - DAG(s) 'tomtom' retrieved from /opt/airflow/dags/tomtom_dag.py
[2024-04-02T21:49:12.943+0000] {logging_mixin.py:188} INFO - [2024-04-02T21:49:12.942+0000] {dag.py:3047} INFO - Sync 1 DAGs
[2024-04-02T21:49:12.992+0000] {logging_mixin.py:188} INFO - [2024-04-02T21:49:12.992+0000] {dag.py:3834} INFO - Setting next_dagrun for tomtom to 2024-04-02 00:00:00+00:00, run_after=2024-04-03 00:00:00+00:00
[2024-04-02T21:49:13.050+0000] {processor.py:183} INFO - Processing /opt/airflow/dags/tomtom_dag.py took 0.265 seconds
[2024-04-02T21:49:43.363+0000] {processor.py:161} INFO - Started process (PID=1017) to work on /opt/airflow/dags/tomtom_dag.py
[2024-04-02T21:49:43.370+0000] {processor.py:830} INFO - Processing file /opt/airflow/dags/tomtom_dag.py for tasks to queue
[2024-04-02T21:49:43.377+0000] {logging_mixin.py:188} INFO - [2024-04-02T21:49:43.376+0000] {dagbag.py:540} INFO - Filling up the DagBag from /opt/airflow/dags/tomtom_dag.py
[2024-04-02T21:49:43.456+0000] {processor.py:840} INFO - DAG(s) 'tomtom' retrieved from /opt/airflow/dags/tomtom_dag.py
[2024-04-02T21:49:43.498+0000] {logging_mixin.py:188} INFO - [2024-04-02T21:49:43.497+0000] {dag.py:3047} INFO - Sync 1 DAGs
[2024-04-02T21:49:43.552+0000] {logging_mixin.py:188} INFO - [2024-04-02T21:49:43.552+0000] {dag.py:3834} INFO - Setting next_dagrun for tomtom to 2024-04-02 00:00:00+00:00, run_after=2024-04-03 00:00:00+00:00
[2024-04-02T21:49:43.611+0000] {processor.py:183} INFO - Processing /opt/airflow/dags/tomtom_dag.py took 0.255 seconds
