[2024-04-02T21:23:27.779+0000] {processor.py:161} INFO - Started process (PID=171) to work on /opt/airflow/dags/tomtom_data_migration_dag.py
[2024-04-02T21:23:27.816+0000] {processor.py:830} INFO - Processing file /opt/airflow/dags/tomtom_data_migration_dag.py for tasks to queue
[2024-04-02T21:23:27.828+0000] {logging_mixin.py:188} INFO - [2024-04-02T21:23:27.827+0000] {dagbag.py:540} INFO - Filling up the DagBag from /opt/airflow/dags/tomtom_data_migration_dag.py
[2024-04-02T21:23:27.983+0000] {logging_mixin.py:188} INFO - [2024-04-02T21:23:27.978+0000] {dagbag.py:350} ERROR - Failed to import: /opt/airflow/dags/tomtom_data_migration_dag.py
Traceback (most recent call last):
  File "/home/airflow/.local/lib/python3.8/site-packages/airflow/models/dagbag.py", line 346, in parse
    loader.exec_module(new_module)
  File "<frozen importlib._bootstrap_external>", line 843, in exec_module
  File "<frozen importlib._bootstrap>", line 219, in _call_with_frames_removed
  File "/opt/airflow/dags/tomtom_data_migration_dag.py", line 27, in <module>
    bash_command='python /opt/airflow/dags/tomtom_data_migration.py --connection %s' % Variable.get("data_dev_connection")
  File "/home/airflow/.local/lib/python3.8/site-packages/airflow/models/variable.py", line 143, in get
    raise KeyError(f"Variable {key} does not exist")
KeyError: 'Variable data_dev_connection does not exist'
[2024-04-02T21:23:27.990+0000] {processor.py:842} WARNING - No viable dags retrieved from /opt/airflow/dags/tomtom_data_migration_dag.py
[2024-04-02T21:23:28.028+0000] {processor.py:183} INFO - Processing /opt/airflow/dags/tomtom_data_migration_dag.py took 0.302 seconds
[2024-04-02T21:24:00.737+0000] {processor.py:161} INFO - Started process (PID=186) to work on /opt/airflow/dags/tomtom_data_migration_dag.py
[2024-04-02T21:24:00.755+0000] {processor.py:830} INFO - Processing file /opt/airflow/dags/tomtom_data_migration_dag.py for tasks to queue
[2024-04-02T21:24:00.804+0000] {logging_mixin.py:188} INFO - [2024-04-02T21:24:00.801+0000] {dagbag.py:540} INFO - Filling up the DagBag from /opt/airflow/dags/tomtom_data_migration_dag.py
[2024-04-02T21:24:01.178+0000] {logging_mixin.py:188} INFO - [2024-04-02T21:24:01.126+0000] {dagbag.py:350} ERROR - Failed to import: /opt/airflow/dags/tomtom_data_migration_dag.py
Traceback (most recent call last):
  File "/home/airflow/.local/lib/python3.8/site-packages/airflow/models/dagbag.py", line 346, in parse
    loader.exec_module(new_module)
  File "<frozen importlib._bootstrap_external>", line 843, in exec_module
  File "<frozen importlib._bootstrap>", line 219, in _call_with_frames_removed
  File "/opt/airflow/dags/tomtom_data_migration_dag.py", line 27, in <module>
    bash_command='python /opt/airflow/dags/tomtom_data_migration.py --connection %s' % Variable.get("data_dev_connection")
  File "/home/airflow/.local/lib/python3.8/site-packages/airflow/models/variable.py", line 143, in get
    raise KeyError(f"Variable {key} does not exist")
KeyError: 'Variable data_dev_connection does not exist'
[2024-04-02T21:24:01.210+0000] {processor.py:842} WARNING - No viable dags retrieved from /opt/airflow/dags/tomtom_data_migration_dag.py
[2024-04-02T21:24:01.373+0000] {processor.py:183} INFO - Processing /opt/airflow/dags/tomtom_data_migration_dag.py took 0.653 seconds
[2024-04-02T21:24:31.772+0000] {processor.py:161} INFO - Started process (PID=201) to work on /opt/airflow/dags/tomtom_data_migration_dag.py
[2024-04-02T21:24:31.777+0000] {processor.py:830} INFO - Processing file /opt/airflow/dags/tomtom_data_migration_dag.py for tasks to queue
[2024-04-02T21:24:31.786+0000] {logging_mixin.py:188} INFO - [2024-04-02T21:24:31.784+0000] {dagbag.py:540} INFO - Filling up the DagBag from /opt/airflow/dags/tomtom_data_migration_dag.py
[2024-04-02T21:24:31.972+0000] {logging_mixin.py:188} INFO - [2024-04-02T21:24:31.959+0000] {dagbag.py:350} ERROR - Failed to import: /opt/airflow/dags/tomtom_data_migration_dag.py
Traceback (most recent call last):
  File "/home/airflow/.local/lib/python3.8/site-packages/airflow/models/dagbag.py", line 346, in parse
    loader.exec_module(new_module)
  File "<frozen importlib._bootstrap_external>", line 843, in exec_module
  File "<frozen importlib._bootstrap>", line 219, in _call_with_frames_removed
  File "/opt/airflow/dags/tomtom_data_migration_dag.py", line 27, in <module>
    bash_command='python /opt/airflow/dags/tomtom_data_migration.py --connection %s' % Variable.get("data_dev_connection")
  File "/home/airflow/.local/lib/python3.8/site-packages/airflow/models/variable.py", line 143, in get
    raise KeyError(f"Variable {key} does not exist")
KeyError: 'Variable data_dev_connection does not exist'
[2024-04-02T21:24:31.979+0000] {processor.py:842} WARNING - No viable dags retrieved from /opt/airflow/dags/tomtom_data_migration_dag.py
[2024-04-02T21:24:32.040+0000] {processor.py:183} INFO - Processing /opt/airflow/dags/tomtom_data_migration_dag.py took 0.279 seconds
[2024-04-02T21:25:02.523+0000] {processor.py:161} INFO - Started process (PID=216) to work on /opt/airflow/dags/tomtom_data_migration_dag.py
[2024-04-02T21:25:02.529+0000] {processor.py:830} INFO - Processing file /opt/airflow/dags/tomtom_data_migration_dag.py for tasks to queue
[2024-04-02T21:25:02.535+0000] {logging_mixin.py:188} INFO - [2024-04-02T21:25:02.535+0000] {dagbag.py:540} INFO - Filling up the DagBag from /opt/airflow/dags/tomtom_data_migration_dag.py
[2024-04-02T21:25:02.600+0000] {logging_mixin.py:188} INFO - [2024-04-02T21:25:02.596+0000] {dagbag.py:350} ERROR - Failed to import: /opt/airflow/dags/tomtom_data_migration_dag.py
Traceback (most recent call last):
  File "/home/airflow/.local/lib/python3.8/site-packages/airflow/models/dagbag.py", line 346, in parse
    loader.exec_module(new_module)
  File "<frozen importlib._bootstrap_external>", line 843, in exec_module
  File "<frozen importlib._bootstrap>", line 219, in _call_with_frames_removed
  File "/opt/airflow/dags/tomtom_data_migration_dag.py", line 27, in <module>
    bash_command='python /opt/airflow/dags/tomtom_data_migration.py --connection %s' % Variable.get("data_dev_connection")
  File "/home/airflow/.local/lib/python3.8/site-packages/airflow/models/variable.py", line 143, in get
    raise KeyError(f"Variable {key} does not exist")
KeyError: 'Variable data_dev_connection does not exist'
[2024-04-02T21:25:02.605+0000] {processor.py:842} WARNING - No viable dags retrieved from /opt/airflow/dags/tomtom_data_migration_dag.py
[2024-04-02T21:25:02.630+0000] {processor.py:183} INFO - Processing /opt/airflow/dags/tomtom_data_migration_dag.py took 0.112 seconds
[2024-04-02T21:25:33.243+0000] {processor.py:161} INFO - Started process (PID=231) to work on /opt/airflow/dags/tomtom_data_migration_dag.py
[2024-04-02T21:25:33.250+0000] {processor.py:830} INFO - Processing file /opt/airflow/dags/tomtom_data_migration_dag.py for tasks to queue
[2024-04-02T21:25:33.256+0000] {logging_mixin.py:188} INFO - [2024-04-02T21:25:33.255+0000] {dagbag.py:540} INFO - Filling up the DagBag from /opt/airflow/dags/tomtom_data_migration_dag.py
[2024-04-02T21:25:33.442+0000] {logging_mixin.py:188} INFO - [2024-04-02T21:25:33.408+0000] {dagbag.py:350} ERROR - Failed to import: /opt/airflow/dags/tomtom_data_migration_dag.py
Traceback (most recent call last):
  File "/home/airflow/.local/lib/python3.8/site-packages/airflow/models/dagbag.py", line 346, in parse
    loader.exec_module(new_module)
  File "<frozen importlib._bootstrap_external>", line 843, in exec_module
  File "<frozen importlib._bootstrap>", line 219, in _call_with_frames_removed
  File "/opt/airflow/dags/tomtom_data_migration_dag.py", line 27, in <module>
    bash_command='python /opt/airflow/dags/tomtom_data_migration.py --connection %s' % Variable.get("data_dev_connection")
  File "/home/airflow/.local/lib/python3.8/site-packages/airflow/models/variable.py", line 143, in get
    raise KeyError(f"Variable {key} does not exist")
KeyError: 'Variable data_dev_connection does not exist'
[2024-04-02T21:25:33.448+0000] {processor.py:842} WARNING - No viable dags retrieved from /opt/airflow/dags/tomtom_data_migration_dag.py
[2024-04-02T21:25:33.537+0000] {processor.py:183} INFO - Processing /opt/airflow/dags/tomtom_data_migration_dag.py took 0.305 seconds
[2024-04-02T21:26:03.957+0000] {processor.py:161} INFO - Started process (PID=246) to work on /opt/airflow/dags/tomtom_data_migration_dag.py
[2024-04-02T21:26:03.963+0000] {processor.py:830} INFO - Processing file /opt/airflow/dags/tomtom_data_migration_dag.py for tasks to queue
[2024-04-02T21:26:03.972+0000] {logging_mixin.py:188} INFO - [2024-04-02T21:26:03.971+0000] {dagbag.py:540} INFO - Filling up the DagBag from /opt/airflow/dags/tomtom_data_migration_dag.py
[2024-04-02T21:26:04.076+0000] {processor.py:840} INFO - DAG(s) 'tomtom_data_migration' retrieved from /opt/airflow/dags/tomtom_data_migration_dag.py
[2024-04-02T21:26:04.445+0000] {logging_mixin.py:188} INFO - [2024-04-02T21:26:04.444+0000] {override.py:1769} INFO - Created Permission View: can read on DAG:tomtom_data_migration
[2024-04-02T21:26:04.489+0000] {logging_mixin.py:188} INFO - [2024-04-02T21:26:04.489+0000] {override.py:1769} INFO - Created Permission View: can edit on DAG:tomtom_data_migration
[2024-04-02T21:26:04.521+0000] {logging_mixin.py:188} INFO - [2024-04-02T21:26:04.520+0000] {override.py:1769} INFO - Created Permission View: can delete on DAG:tomtom_data_migration
[2024-04-02T21:26:04.526+0000] {logging_mixin.py:188} INFO - [2024-04-02T21:26:04.525+0000] {dag.py:3047} INFO - Sync 1 DAGs
[2024-04-02T21:26:04.556+0000] {logging_mixin.py:188} INFO - [2024-04-02T21:26:04.556+0000] {dag.py:3069} INFO - Creating ORM DAG for tomtom_data_migration
[2024-04-02T21:26:04.576+0000] {logging_mixin.py:188} INFO - [2024-04-02T21:26:04.576+0000] {dag.py:3834} INFO - Setting next_dagrun for tomtom_data_migration to 2024-01-01 00:00:00+00:00, run_after=2024-01-01 00:00:00+00:00
[2024-04-02T21:26:04.664+0000] {processor.py:183} INFO - Processing /opt/airflow/dags/tomtom_data_migration_dag.py took 0.717 seconds
[2024-04-02T21:26:37.132+0000] {processor.py:161} INFO - Started process (PID=313) to work on /opt/airflow/dags/tomtom_data_migration_dag.py
[2024-04-02T21:26:37.156+0000] {processor.py:830} INFO - Processing file /opt/airflow/dags/tomtom_data_migration_dag.py for tasks to queue
[2024-04-02T21:26:37.182+0000] {logging_mixin.py:188} INFO - [2024-04-02T21:26:37.182+0000] {dagbag.py:540} INFO - Filling up the DagBag from /opt/airflow/dags/tomtom_data_migration_dag.py
[2024-04-02T21:26:37.457+0000] {processor.py:840} INFO - DAG(s) 'tomtom_data_migration' retrieved from /opt/airflow/dags/tomtom_data_migration_dag.py
[2024-04-02T21:26:37.533+0000] {logging_mixin.py:188} INFO - [2024-04-02T21:26:37.532+0000] {dag.py:3047} INFO - Sync 1 DAGs
[2024-04-02T21:26:37.629+0000] {logging_mixin.py:188} INFO - [2024-04-02T21:26:37.628+0000] {dag.py:3834} INFO - Setting next_dagrun for tomtom_data_migration to None, run_after=None
[2024-04-02T21:26:37.702+0000] {processor.py:183} INFO - Processing /opt/airflow/dags/tomtom_data_migration_dag.py took 0.594 seconds
[2024-04-02T21:27:08.437+0000] {processor.py:161} INFO - Started process (PID=352) to work on /opt/airflow/dags/tomtom_data_migration_dag.py
[2024-04-02T21:27:08.452+0000] {processor.py:830} INFO - Processing file /opt/airflow/dags/tomtom_data_migration_dag.py for tasks to queue
[2024-04-02T21:27:08.470+0000] {logging_mixin.py:188} INFO - [2024-04-02T21:27:08.469+0000] {dagbag.py:540} INFO - Filling up the DagBag from /opt/airflow/dags/tomtom_data_migration_dag.py
[2024-04-02T21:27:08.660+0000] {processor.py:840} INFO - DAG(s) 'tomtom_data_migration' retrieved from /opt/airflow/dags/tomtom_data_migration_dag.py
[2024-04-02T21:27:08.753+0000] {logging_mixin.py:188} INFO - [2024-04-02T21:27:08.752+0000] {dag.py:3047} INFO - Sync 1 DAGs
[2024-04-02T21:27:08.823+0000] {logging_mixin.py:188} INFO - [2024-04-02T21:27:08.822+0000] {dag.py:3834} INFO - Setting next_dagrun for tomtom_data_migration to None, run_after=None
[2024-04-02T21:27:08.893+0000] {processor.py:183} INFO - Processing /opt/airflow/dags/tomtom_data_migration_dag.py took 0.503 seconds
[2024-04-02T21:27:39.323+0000] {processor.py:161} INFO - Started process (PID=367) to work on /opt/airflow/dags/tomtom_data_migration_dag.py
[2024-04-02T21:27:39.341+0000] {processor.py:830} INFO - Processing file /opt/airflow/dags/tomtom_data_migration_dag.py for tasks to queue
[2024-04-02T21:27:39.357+0000] {logging_mixin.py:188} INFO - [2024-04-02T21:27:39.356+0000] {dagbag.py:540} INFO - Filling up the DagBag from /opt/airflow/dags/tomtom_data_migration_dag.py
[2024-04-02T21:27:39.670+0000] {processor.py:840} INFO - DAG(s) 'tomtom_data_migration' retrieved from /opt/airflow/dags/tomtom_data_migration_dag.py
[2024-04-02T21:27:39.727+0000] {logging_mixin.py:188} INFO - [2024-04-02T21:27:39.727+0000] {dag.py:3047} INFO - Sync 1 DAGs
[2024-04-02T21:27:39.833+0000] {logging_mixin.py:188} INFO - [2024-04-02T21:27:39.833+0000] {dag.py:3834} INFO - Setting next_dagrun for tomtom_data_migration to None, run_after=None
[2024-04-02T21:27:40.100+0000] {processor.py:183} INFO - Processing /opt/airflow/dags/tomtom_data_migration_dag.py took 0.788 seconds
[2024-04-02T21:28:10.549+0000] {processor.py:161} INFO - Started process (PID=382) to work on /opt/airflow/dags/tomtom_data_migration_dag.py
[2024-04-02T21:28:10.562+0000] {processor.py:830} INFO - Processing file /opt/airflow/dags/tomtom_data_migration_dag.py for tasks to queue
[2024-04-02T21:28:10.577+0000] {logging_mixin.py:188} INFO - [2024-04-02T21:28:10.575+0000] {dagbag.py:540} INFO - Filling up the DagBag from /opt/airflow/dags/tomtom_data_migration_dag.py
[2024-04-02T21:28:10.939+0000] {processor.py:840} INFO - DAG(s) 'tomtom_data_migration' retrieved from /opt/airflow/dags/tomtom_data_migration_dag.py
[2024-04-02T21:28:11.040+0000] {logging_mixin.py:188} INFO - [2024-04-02T21:28:11.039+0000] {dag.py:3047} INFO - Sync 1 DAGs
[2024-04-02T21:28:11.291+0000] {logging_mixin.py:188} INFO - [2024-04-02T21:28:11.291+0000] {dag.py:3834} INFO - Setting next_dagrun for tomtom_data_migration to None, run_after=None
[2024-04-02T21:28:11.473+0000] {processor.py:183} INFO - Processing /opt/airflow/dags/tomtom_data_migration_dag.py took 0.945 seconds
[2024-04-02T21:28:42.036+0000] {processor.py:161} INFO - Started process (PID=397) to work on /opt/airflow/dags/tomtom_data_migration_dag.py
[2024-04-02T21:28:42.049+0000] {processor.py:830} INFO - Processing file /opt/airflow/dags/tomtom_data_migration_dag.py for tasks to queue
[2024-04-02T21:28:42.074+0000] {logging_mixin.py:188} INFO - [2024-04-02T21:28:42.073+0000] {dagbag.py:540} INFO - Filling up the DagBag from /opt/airflow/dags/tomtom_data_migration_dag.py
[2024-04-02T21:28:42.241+0000] {processor.py:840} INFO - DAG(s) 'tomtom_data_migration' retrieved from /opt/airflow/dags/tomtom_data_migration_dag.py
[2024-04-02T21:28:42.299+0000] {logging_mixin.py:188} INFO - [2024-04-02T21:28:42.299+0000] {dag.py:3047} INFO - Sync 1 DAGs
[2024-04-02T21:28:42.359+0000] {logging_mixin.py:188} INFO - [2024-04-02T21:28:42.352+0000] {dag.py:3834} INFO - Setting next_dagrun for tomtom_data_migration to None, run_after=None
[2024-04-02T21:28:42.550+0000] {processor.py:183} INFO - Processing /opt/airflow/dags/tomtom_data_migration_dag.py took 0.527 seconds
[2024-04-02T21:29:12.830+0000] {processor.py:161} INFO - Started process (PID=412) to work on /opt/airflow/dags/tomtom_data_migration_dag.py
[2024-04-02T21:29:12.835+0000] {processor.py:830} INFO - Processing file /opt/airflow/dags/tomtom_data_migration_dag.py for tasks to queue
[2024-04-02T21:29:12.840+0000] {logging_mixin.py:188} INFO - [2024-04-02T21:29:12.840+0000] {dagbag.py:540} INFO - Filling up the DagBag from /opt/airflow/dags/tomtom_data_migration_dag.py
[2024-04-02T21:29:13.023+0000] {processor.py:840} INFO - DAG(s) 'tomtom_data_migration' retrieved from /opt/airflow/dags/tomtom_data_migration_dag.py
[2024-04-02T21:29:13.105+0000] {logging_mixin.py:188} INFO - [2024-04-02T21:29:13.104+0000] {dag.py:3047} INFO - Sync 1 DAGs
[2024-04-02T21:29:13.173+0000] {logging_mixin.py:188} INFO - [2024-04-02T21:29:13.172+0000] {dag.py:3834} INFO - Setting next_dagrun for tomtom_data_migration to None, run_after=None
[2024-04-02T21:29:13.271+0000] {processor.py:183} INFO - Processing /opt/airflow/dags/tomtom_data_migration_dag.py took 0.452 seconds
[2024-04-02T21:29:43.743+0000] {processor.py:161} INFO - Started process (PID=429) to work on /opt/airflow/dags/tomtom_data_migration_dag.py
[2024-04-02T21:29:43.748+0000] {processor.py:830} INFO - Processing file /opt/airflow/dags/tomtom_data_migration_dag.py for tasks to queue
[2024-04-02T21:29:43.753+0000] {logging_mixin.py:188} INFO - [2024-04-02T21:29:43.752+0000] {dagbag.py:540} INFO - Filling up the DagBag from /opt/airflow/dags/tomtom_data_migration_dag.py
[2024-04-02T21:29:43.826+0000] {processor.py:840} INFO - DAG(s) 'tomtom_data_migration' retrieved from /opt/airflow/dags/tomtom_data_migration_dag.py
[2024-04-02T21:29:43.855+0000] {logging_mixin.py:188} INFO - [2024-04-02T21:29:43.855+0000] {dag.py:3047} INFO - Sync 1 DAGs
[2024-04-02T21:29:43.901+0000] {logging_mixin.py:188} INFO - [2024-04-02T21:29:43.901+0000] {dag.py:3834} INFO - Setting next_dagrun for tomtom_data_migration to None, run_after=None
[2024-04-02T21:29:43.948+0000] {processor.py:183} INFO - Processing /opt/airflow/dags/tomtom_data_migration_dag.py took 0.212 seconds
[2024-04-02T21:30:14.375+0000] {processor.py:161} INFO - Started process (PID=442) to work on /opt/airflow/dags/tomtom_data_migration_dag.py
[2024-04-02T21:30:14.404+0000] {processor.py:830} INFO - Processing file /opt/airflow/dags/tomtom_data_migration_dag.py for tasks to queue
[2024-04-02T21:30:14.418+0000] {logging_mixin.py:188} INFO - [2024-04-02T21:30:14.417+0000] {dagbag.py:540} INFO - Filling up the DagBag from /opt/airflow/dags/tomtom_data_migration_dag.py
[2024-04-02T21:30:14.562+0000] {processor.py:840} INFO - DAG(s) 'tomtom_data_migration' retrieved from /opt/airflow/dags/tomtom_data_migration_dag.py
[2024-04-02T21:30:14.616+0000] {logging_mixin.py:188} INFO - [2024-04-02T21:30:14.615+0000] {dag.py:3047} INFO - Sync 1 DAGs
[2024-04-02T21:30:14.683+0000] {logging_mixin.py:188} INFO - [2024-04-02T21:30:14.682+0000] {dag.py:3834} INFO - Setting next_dagrun for tomtom_data_migration to None, run_after=None
[2024-04-02T21:30:14.790+0000] {processor.py:183} INFO - Processing /opt/airflow/dags/tomtom_data_migration_dag.py took 0.424 seconds
[2024-04-02T21:30:45.273+0000] {processor.py:161} INFO - Started process (PID=457) to work on /opt/airflow/dags/tomtom_data_migration_dag.py
[2024-04-02T21:30:45.283+0000] {processor.py:830} INFO - Processing file /opt/airflow/dags/tomtom_data_migration_dag.py for tasks to queue
[2024-04-02T21:30:45.289+0000] {logging_mixin.py:188} INFO - [2024-04-02T21:30:45.288+0000] {dagbag.py:540} INFO - Filling up the DagBag from /opt/airflow/dags/tomtom_data_migration_dag.py
[2024-04-02T21:30:45.383+0000] {processor.py:840} INFO - DAG(s) 'tomtom_data_migration' retrieved from /opt/airflow/dags/tomtom_data_migration_dag.py
[2024-04-02T21:30:45.419+0000] {logging_mixin.py:188} INFO - [2024-04-02T21:30:45.419+0000] {dag.py:3047} INFO - Sync 1 DAGs
[2024-04-02T21:30:45.467+0000] {logging_mixin.py:188} INFO - [2024-04-02T21:30:45.466+0000] {dag.py:3834} INFO - Setting next_dagrun for tomtom_data_migration to None, run_after=None
[2024-04-02T21:30:45.534+0000] {processor.py:183} INFO - Processing /opt/airflow/dags/tomtom_data_migration_dag.py took 0.270 seconds
[2024-04-02T21:31:15.992+0000] {processor.py:161} INFO - Started process (PID=472) to work on /opt/airflow/dags/tomtom_data_migration_dag.py
[2024-04-02T21:31:15.998+0000] {processor.py:830} INFO - Processing file /opt/airflow/dags/tomtom_data_migration_dag.py for tasks to queue
[2024-04-02T21:31:16.004+0000] {logging_mixin.py:188} INFO - [2024-04-02T21:31:16.003+0000] {dagbag.py:540} INFO - Filling up the DagBag from /opt/airflow/dags/tomtom_data_migration_dag.py
[2024-04-02T21:31:16.084+0000] {processor.py:840} INFO - DAG(s) 'tomtom_data_migration' retrieved from /opt/airflow/dags/tomtom_data_migration_dag.py
[2024-04-02T21:31:16.122+0000] {logging_mixin.py:188} INFO - [2024-04-02T21:31:16.121+0000] {dag.py:3047} INFO - Sync 1 DAGs
[2024-04-02T21:31:16.168+0000] {logging_mixin.py:188} INFO - [2024-04-02T21:31:16.168+0000] {dag.py:3834} INFO - Setting next_dagrun for tomtom_data_migration to None, run_after=None
[2024-04-02T21:31:16.236+0000] {processor.py:183} INFO - Processing /opt/airflow/dags/tomtom_data_migration_dag.py took 0.256 seconds
[2024-04-02T21:31:46.681+0000] {processor.py:161} INFO - Started process (PID=487) to work on /opt/airflow/dags/tomtom_data_migration_dag.py
[2024-04-02T21:31:46.688+0000] {processor.py:830} INFO - Processing file /opt/airflow/dags/tomtom_data_migration_dag.py for tasks to queue
[2024-04-02T21:31:46.694+0000] {logging_mixin.py:188} INFO - [2024-04-02T21:31:46.693+0000] {dagbag.py:540} INFO - Filling up the DagBag from /opt/airflow/dags/tomtom_data_migration_dag.py
[2024-04-02T21:31:46.772+0000] {processor.py:840} INFO - DAG(s) 'tomtom_data_migration' retrieved from /opt/airflow/dags/tomtom_data_migration_dag.py
[2024-04-02T21:31:46.808+0000] {logging_mixin.py:188} INFO - [2024-04-02T21:31:46.808+0000] {dag.py:3047} INFO - Sync 1 DAGs
[2024-04-02T21:31:46.851+0000] {logging_mixin.py:188} INFO - [2024-04-02T21:31:46.851+0000] {dag.py:3834} INFO - Setting next_dagrun for tomtom_data_migration to None, run_after=None
[2024-04-02T21:31:46.906+0000] {processor.py:183} INFO - Processing /opt/airflow/dags/tomtom_data_migration_dag.py took 0.233 seconds
[2024-04-02T21:32:17.201+0000] {processor.py:161} INFO - Started process (PID=502) to work on /opt/airflow/dags/tomtom_data_migration_dag.py
[2024-04-02T21:32:17.208+0000] {processor.py:830} INFO - Processing file /opt/airflow/dags/tomtom_data_migration_dag.py for tasks to queue
[2024-04-02T21:32:17.218+0000] {logging_mixin.py:188} INFO - [2024-04-02T21:32:17.217+0000] {dagbag.py:540} INFO - Filling up the DagBag from /opt/airflow/dags/tomtom_data_migration_dag.py
[2024-04-02T21:32:17.369+0000] {processor.py:840} INFO - DAG(s) 'tomtom_data_migration' retrieved from /opt/airflow/dags/tomtom_data_migration_dag.py
[2024-04-02T21:32:17.424+0000] {logging_mixin.py:188} INFO - [2024-04-02T21:32:17.424+0000] {dag.py:3047} INFO - Sync 1 DAGs
[2024-04-02T21:32:17.759+0000] {logging_mixin.py:188} INFO - [2024-04-02T21:32:17.758+0000] {dag.py:3834} INFO - Setting next_dagrun for tomtom_data_migration to None, run_after=None
[2024-04-02T21:32:17.849+0000] {processor.py:183} INFO - Processing /opt/airflow/dags/tomtom_data_migration_dag.py took 0.666 seconds
[2024-04-02T21:32:48.703+0000] {processor.py:161} INFO - Started process (PID=517) to work on /opt/airflow/dags/tomtom_data_migration_dag.py
[2024-04-02T21:32:48.711+0000] {processor.py:830} INFO - Processing file /opt/airflow/dags/tomtom_data_migration_dag.py for tasks to queue
[2024-04-02T21:32:48.721+0000] {logging_mixin.py:188} INFO - [2024-04-02T21:32:48.719+0000] {dagbag.py:540} INFO - Filling up the DagBag from /opt/airflow/dags/tomtom_data_migration_dag.py
[2024-04-02T21:32:48.919+0000] {processor.py:840} INFO - DAG(s) 'tomtom_data_migration' retrieved from /opt/airflow/dags/tomtom_data_migration_dag.py
[2024-04-02T21:32:48.990+0000] {logging_mixin.py:188} INFO - [2024-04-02T21:32:48.990+0000] {dag.py:3047} INFO - Sync 1 DAGs
[2024-04-02T21:32:49.080+0000] {logging_mixin.py:188} INFO - [2024-04-02T21:32:49.075+0000] {dag.py:3834} INFO - Setting next_dagrun for tomtom_data_migration to None, run_after=None
[2024-04-02T21:32:49.193+0000] {processor.py:183} INFO - Processing /opt/airflow/dags/tomtom_data_migration_dag.py took 0.513 seconds
[2024-04-02T21:33:19.585+0000] {processor.py:161} INFO - Started process (PID=532) to work on /opt/airflow/dags/tomtom_data_migration_dag.py
[2024-04-02T21:33:19.592+0000] {processor.py:830} INFO - Processing file /opt/airflow/dags/tomtom_data_migration_dag.py for tasks to queue
[2024-04-02T21:33:19.600+0000] {logging_mixin.py:188} INFO - [2024-04-02T21:33:19.599+0000] {dagbag.py:540} INFO - Filling up the DagBag from /opt/airflow/dags/tomtom_data_migration_dag.py
[2024-04-02T21:33:19.762+0000] {processor.py:840} INFO - DAG(s) 'tomtom_data_migration' retrieved from /opt/airflow/dags/tomtom_data_migration_dag.py
[2024-04-02T21:33:19.801+0000] {logging_mixin.py:188} INFO - [2024-04-02T21:33:19.800+0000] {dag.py:3047} INFO - Sync 1 DAGs
[2024-04-02T21:33:19.848+0000] {logging_mixin.py:188} INFO - [2024-04-02T21:33:19.848+0000] {dag.py:3834} INFO - Setting next_dagrun for tomtom_data_migration to None, run_after=None
[2024-04-02T21:33:19.905+0000] {processor.py:183} INFO - Processing /opt/airflow/dags/tomtom_data_migration_dag.py took 0.334 seconds
[2024-04-02T21:33:50.643+0000] {processor.py:161} INFO - Started process (PID=546) to work on /opt/airflow/dags/tomtom_data_migration_dag.py
[2024-04-02T21:33:50.651+0000] {processor.py:830} INFO - Processing file /opt/airflow/dags/tomtom_data_migration_dag.py for tasks to queue
[2024-04-02T21:33:50.675+0000] {logging_mixin.py:188} INFO - [2024-04-02T21:33:50.674+0000] {dagbag.py:540} INFO - Filling up the DagBag from /opt/airflow/dags/tomtom_data_migration_dag.py
[2024-04-02T21:33:50.817+0000] {processor.py:840} INFO - DAG(s) 'tomtom_data_migration' retrieved from /opt/airflow/dags/tomtom_data_migration_dag.py
[2024-04-02T21:33:50.865+0000] {logging_mixin.py:188} INFO - [2024-04-02T21:33:50.864+0000] {dag.py:3047} INFO - Sync 1 DAGs
[2024-04-02T21:33:50.952+0000] {logging_mixin.py:188} INFO - [2024-04-02T21:33:50.951+0000] {dag.py:3834} INFO - Setting next_dagrun for tomtom_data_migration to None, run_after=None
[2024-04-02T21:33:51.137+0000] {processor.py:183} INFO - Processing /opt/airflow/dags/tomtom_data_migration_dag.py took 0.505 seconds
[2024-04-02T21:34:21.744+0000] {processor.py:161} INFO - Started process (PID=562) to work on /opt/airflow/dags/tomtom_data_migration_dag.py
[2024-04-02T21:34:21.749+0000] {processor.py:830} INFO - Processing file /opt/airflow/dags/tomtom_data_migration_dag.py for tasks to queue
[2024-04-02T21:34:21.757+0000] {logging_mixin.py:188} INFO - [2024-04-02T21:34:21.755+0000] {dagbag.py:540} INFO - Filling up the DagBag from /opt/airflow/dags/tomtom_data_migration_dag.py
[2024-04-02T21:34:21.897+0000] {processor.py:840} INFO - DAG(s) 'tomtom_data_migration' retrieved from /opt/airflow/dags/tomtom_data_migration_dag.py
[2024-04-02T21:34:21.947+0000] {logging_mixin.py:188} INFO - [2024-04-02T21:34:21.946+0000] {dag.py:3047} INFO - Sync 1 DAGs
[2024-04-02T21:34:22.010+0000] {logging_mixin.py:188} INFO - [2024-04-02T21:34:22.009+0000] {dag.py:3834} INFO - Setting next_dagrun for tomtom_data_migration to None, run_after=None
[2024-04-02T21:34:22.064+0000] {processor.py:183} INFO - Processing /opt/airflow/dags/tomtom_data_migration_dag.py took 0.325 seconds
[2024-04-02T21:34:52.688+0000] {processor.py:161} INFO - Started process (PID=577) to work on /opt/airflow/dags/tomtom_data_migration_dag.py
[2024-04-02T21:34:52.695+0000] {processor.py:830} INFO - Processing file /opt/airflow/dags/tomtom_data_migration_dag.py for tasks to queue
[2024-04-02T21:34:52.706+0000] {logging_mixin.py:188} INFO - [2024-04-02T21:34:52.705+0000] {dagbag.py:540} INFO - Filling up the DagBag from /opt/airflow/dags/tomtom_data_migration_dag.py
[2024-04-02T21:34:52.840+0000] {processor.py:840} INFO - DAG(s) 'tomtom_data_migration' retrieved from /opt/airflow/dags/tomtom_data_migration_dag.py
[2024-04-02T21:34:52.901+0000] {logging_mixin.py:188} INFO - [2024-04-02T21:34:52.901+0000] {dag.py:3047} INFO - Sync 1 DAGs
[2024-04-02T21:34:52.966+0000] {logging_mixin.py:188} INFO - [2024-04-02T21:34:52.965+0000] {dag.py:3834} INFO - Setting next_dagrun for tomtom_data_migration to None, run_after=None
[2024-04-02T21:34:53.035+0000] {processor.py:183} INFO - Processing /opt/airflow/dags/tomtom_data_migration_dag.py took 0.357 seconds
[2024-04-02T21:35:23.630+0000] {processor.py:161} INFO - Started process (PID=592) to work on /opt/airflow/dags/tomtom_data_migration_dag.py
[2024-04-02T21:35:23.639+0000] {processor.py:830} INFO - Processing file /opt/airflow/dags/tomtom_data_migration_dag.py for tasks to queue
[2024-04-02T21:35:23.646+0000] {logging_mixin.py:188} INFO - [2024-04-02T21:35:23.645+0000] {dagbag.py:540} INFO - Filling up the DagBag from /opt/airflow/dags/tomtom_data_migration_dag.py
[2024-04-02T21:35:23.800+0000] {processor.py:840} INFO - DAG(s) 'tomtom_data_migration' retrieved from /opt/airflow/dags/tomtom_data_migration_dag.py
[2024-04-02T21:35:23.841+0000] {logging_mixin.py:188} INFO - [2024-04-02T21:35:23.841+0000] {dag.py:3047} INFO - Sync 1 DAGs
[2024-04-02T21:35:23.885+0000] {logging_mixin.py:188} INFO - [2024-04-02T21:35:23.884+0000] {dag.py:3834} INFO - Setting next_dagrun for tomtom_data_migration to None, run_after=None
[2024-04-02T21:35:23.957+0000] {processor.py:183} INFO - Processing /opt/airflow/dags/tomtom_data_migration_dag.py took 0.335 seconds
[2024-04-02T21:35:54.413+0000] {processor.py:161} INFO - Started process (PID=607) to work on /opt/airflow/dags/tomtom_data_migration_dag.py
[2024-04-02T21:35:54.426+0000] {processor.py:830} INFO - Processing file /opt/airflow/dags/tomtom_data_migration_dag.py for tasks to queue
[2024-04-02T21:35:54.432+0000] {logging_mixin.py:188} INFO - [2024-04-02T21:35:54.431+0000] {dagbag.py:540} INFO - Filling up the DagBag from /opt/airflow/dags/tomtom_data_migration_dag.py
[2024-04-02T21:35:54.523+0000] {processor.py:840} INFO - DAG(s) 'tomtom_data_migration' retrieved from /opt/airflow/dags/tomtom_data_migration_dag.py
[2024-04-02T21:35:54.559+0000] {logging_mixin.py:188} INFO - [2024-04-02T21:35:54.558+0000] {dag.py:3047} INFO - Sync 1 DAGs
[2024-04-02T21:35:54.610+0000] {logging_mixin.py:188} INFO - [2024-04-02T21:35:54.610+0000] {dag.py:3834} INFO - Setting next_dagrun for tomtom_data_migration to None, run_after=None
[2024-04-02T21:35:54.676+0000] {processor.py:183} INFO - Processing /opt/airflow/dags/tomtom_data_migration_dag.py took 0.278 seconds
[2024-04-02T21:36:25.041+0000] {processor.py:161} INFO - Started process (PID=622) to work on /opt/airflow/dags/tomtom_data_migration_dag.py
[2024-04-02T21:36:25.047+0000] {processor.py:830} INFO - Processing file /opt/airflow/dags/tomtom_data_migration_dag.py for tasks to queue
[2024-04-02T21:36:25.054+0000] {logging_mixin.py:188} INFO - [2024-04-02T21:36:25.053+0000] {dagbag.py:540} INFO - Filling up the DagBag from /opt/airflow/dags/tomtom_data_migration_dag.py
[2024-04-02T21:36:25.134+0000] {processor.py:840} INFO - DAG(s) 'tomtom_data_migration' retrieved from /opt/airflow/dags/tomtom_data_migration_dag.py
[2024-04-02T21:36:25.169+0000] {logging_mixin.py:188} INFO - [2024-04-02T21:36:25.169+0000] {dag.py:3047} INFO - Sync 1 DAGs
[2024-04-02T21:36:25.212+0000] {logging_mixin.py:188} INFO - [2024-04-02T21:36:25.211+0000] {dag.py:3834} INFO - Setting next_dagrun for tomtom_data_migration to None, run_after=None
[2024-04-02T21:36:25.271+0000] {processor.py:183} INFO - Processing /opt/airflow/dags/tomtom_data_migration_dag.py took 0.240 seconds
[2024-04-02T21:36:55.681+0000] {processor.py:161} INFO - Started process (PID=637) to work on /opt/airflow/dags/tomtom_data_migration_dag.py
[2024-04-02T21:36:55.688+0000] {processor.py:830} INFO - Processing file /opt/airflow/dags/tomtom_data_migration_dag.py for tasks to queue
[2024-04-02T21:36:55.695+0000] {logging_mixin.py:188} INFO - [2024-04-02T21:36:55.693+0000] {dagbag.py:540} INFO - Filling up the DagBag from /opt/airflow/dags/tomtom_data_migration_dag.py
[2024-04-02T21:36:55.781+0000] {processor.py:840} INFO - DAG(s) 'tomtom_data_migration' retrieved from /opt/airflow/dags/tomtom_data_migration_dag.py
[2024-04-02T21:36:55.821+0000] {logging_mixin.py:188} INFO - [2024-04-02T21:36:55.821+0000] {dag.py:3047} INFO - Sync 1 DAGs
[2024-04-02T21:36:55.864+0000] {logging_mixin.py:188} INFO - [2024-04-02T21:36:55.864+0000] {dag.py:3834} INFO - Setting next_dagrun for tomtom_data_migration to None, run_after=None
[2024-04-02T21:36:55.917+0000] {processor.py:183} INFO - Processing /opt/airflow/dags/tomtom_data_migration_dag.py took 0.244 seconds
[2024-04-02T21:37:26.307+0000] {processor.py:161} INFO - Started process (PID=652) to work on /opt/airflow/dags/tomtom_data_migration_dag.py
[2024-04-02T21:37:26.313+0000] {processor.py:830} INFO - Processing file /opt/airflow/dags/tomtom_data_migration_dag.py for tasks to queue
[2024-04-02T21:37:26.318+0000] {logging_mixin.py:188} INFO - [2024-04-02T21:37:26.318+0000] {dagbag.py:540} INFO - Filling up the DagBag from /opt/airflow/dags/tomtom_data_migration_dag.py
[2024-04-02T21:37:26.401+0000] {processor.py:840} INFO - DAG(s) 'tomtom_data_migration' retrieved from /opt/airflow/dags/tomtom_data_migration_dag.py
[2024-04-02T21:37:26.437+0000] {logging_mixin.py:188} INFO - [2024-04-02T21:37:26.436+0000] {dag.py:3047} INFO - Sync 1 DAGs
[2024-04-02T21:37:26.482+0000] {logging_mixin.py:188} INFO - [2024-04-02T21:37:26.482+0000] {dag.py:3834} INFO - Setting next_dagrun for tomtom_data_migration to None, run_after=None
[2024-04-02T21:37:26.532+0000] {processor.py:183} INFO - Processing /opt/airflow/dags/tomtom_data_migration_dag.py took 0.235 seconds
[2024-04-02T21:37:56.847+0000] {processor.py:161} INFO - Started process (PID=667) to work on /opt/airflow/dags/tomtom_data_migration_dag.py
[2024-04-02T21:37:56.853+0000] {processor.py:830} INFO - Processing file /opt/airflow/dags/tomtom_data_migration_dag.py for tasks to queue
[2024-04-02T21:37:56.860+0000] {logging_mixin.py:188} INFO - [2024-04-02T21:37:56.859+0000] {dagbag.py:540} INFO - Filling up the DagBag from /opt/airflow/dags/tomtom_data_migration_dag.py
[2024-04-02T21:37:56.934+0000] {processor.py:840} INFO - DAG(s) 'tomtom_data_migration' retrieved from /opt/airflow/dags/tomtom_data_migration_dag.py
[2024-04-02T21:37:56.967+0000] {logging_mixin.py:188} INFO - [2024-04-02T21:37:56.967+0000] {dag.py:3047} INFO - Sync 1 DAGs
[2024-04-02T21:37:57.012+0000] {logging_mixin.py:188} INFO - [2024-04-02T21:37:57.012+0000] {dag.py:3834} INFO - Setting next_dagrun for tomtom_data_migration to None, run_after=None
[2024-04-02T21:37:57.082+0000] {processor.py:183} INFO - Processing /opt/airflow/dags/tomtom_data_migration_dag.py took 0.243 seconds
[2024-04-02T21:38:27.590+0000] {processor.py:161} INFO - Started process (PID=682) to work on /opt/airflow/dags/tomtom_data_migration_dag.py
[2024-04-02T21:38:27.594+0000] {processor.py:830} INFO - Processing file /opt/airflow/dags/tomtom_data_migration_dag.py for tasks to queue
[2024-04-02T21:38:27.602+0000] {logging_mixin.py:188} INFO - [2024-04-02T21:38:27.601+0000] {dagbag.py:540} INFO - Filling up the DagBag from /opt/airflow/dags/tomtom_data_migration_dag.py
[2024-04-02T21:38:27.676+0000] {processor.py:840} INFO - DAG(s) 'tomtom_data_migration' retrieved from /opt/airflow/dags/tomtom_data_migration_dag.py
[2024-04-02T21:38:27.708+0000] {logging_mixin.py:188} INFO - [2024-04-02T21:38:27.707+0000] {dag.py:3047} INFO - Sync 1 DAGs
[2024-04-02T21:38:27.747+0000] {logging_mixin.py:188} INFO - [2024-04-02T21:38:27.747+0000] {dag.py:3834} INFO - Setting next_dagrun for tomtom_data_migration to None, run_after=None
[2024-04-02T21:38:27.799+0000] {processor.py:183} INFO - Processing /opt/airflow/dags/tomtom_data_migration_dag.py took 0.218 seconds
[2024-04-02T21:38:58.145+0000] {processor.py:161} INFO - Started process (PID=697) to work on /opt/airflow/dags/tomtom_data_migration_dag.py
[2024-04-02T21:38:58.149+0000] {processor.py:830} INFO - Processing file /opt/airflow/dags/tomtom_data_migration_dag.py for tasks to queue
[2024-04-02T21:38:58.154+0000] {logging_mixin.py:188} INFO - [2024-04-02T21:38:58.153+0000] {dagbag.py:540} INFO - Filling up the DagBag from /opt/airflow/dags/tomtom_data_migration_dag.py
[2024-04-02T21:38:58.232+0000] {processor.py:840} INFO - DAG(s) 'tomtom_data_migration' retrieved from /opt/airflow/dags/tomtom_data_migration_dag.py
[2024-04-02T21:38:58.271+0000] {logging_mixin.py:188} INFO - [2024-04-02T21:38:58.270+0000] {dag.py:3047} INFO - Sync 1 DAGs
[2024-04-02T21:38:58.317+0000] {logging_mixin.py:188} INFO - [2024-04-02T21:38:58.317+0000] {dag.py:3834} INFO - Setting next_dagrun for tomtom_data_migration to None, run_after=None
[2024-04-02T21:38:58.383+0000] {processor.py:183} INFO - Processing /opt/airflow/dags/tomtom_data_migration_dag.py took 0.247 seconds
[2024-04-02T21:39:28.736+0000] {processor.py:161} INFO - Started process (PID=712) to work on /opt/airflow/dags/tomtom_data_migration_dag.py
[2024-04-02T21:39:28.743+0000] {processor.py:830} INFO - Processing file /opt/airflow/dags/tomtom_data_migration_dag.py for tasks to queue
[2024-04-02T21:39:28.754+0000] {logging_mixin.py:188} INFO - [2024-04-02T21:39:28.753+0000] {dagbag.py:540} INFO - Filling up the DagBag from /opt/airflow/dags/tomtom_data_migration_dag.py
[2024-04-02T21:39:28.878+0000] {processor.py:840} INFO - DAG(s) 'tomtom_data_migration' retrieved from /opt/airflow/dags/tomtom_data_migration_dag.py
[2024-04-02T21:39:28.925+0000] {logging_mixin.py:188} INFO - [2024-04-02T21:39:28.925+0000] {dag.py:3047} INFO - Sync 1 DAGs
[2024-04-02T21:39:28.971+0000] {logging_mixin.py:188} INFO - [2024-04-02T21:39:28.971+0000] {dag.py:3834} INFO - Setting next_dagrun for tomtom_data_migration to None, run_after=None
[2024-04-02T21:39:29.025+0000] {processor.py:183} INFO - Processing /opt/airflow/dags/tomtom_data_migration_dag.py took 0.301 seconds
[2024-04-02T21:39:59.413+0000] {processor.py:161} INFO - Started process (PID=727) to work on /opt/airflow/dags/tomtom_data_migration_dag.py
[2024-04-02T21:39:59.418+0000] {processor.py:830} INFO - Processing file /opt/airflow/dags/tomtom_data_migration_dag.py for tasks to queue
[2024-04-02T21:39:59.425+0000] {logging_mixin.py:188} INFO - [2024-04-02T21:39:59.423+0000] {dagbag.py:540} INFO - Filling up the DagBag from /opt/airflow/dags/tomtom_data_migration_dag.py
[2024-04-02T21:39:59.499+0000] {processor.py:840} INFO - DAG(s) 'tomtom_data_migration' retrieved from /opt/airflow/dags/tomtom_data_migration_dag.py
[2024-04-02T21:39:59.536+0000] {logging_mixin.py:188} INFO - [2024-04-02T21:39:59.536+0000] {dag.py:3047} INFO - Sync 1 DAGs
[2024-04-02T21:39:59.581+0000] {logging_mixin.py:188} INFO - [2024-04-02T21:39:59.581+0000] {dag.py:3834} INFO - Setting next_dagrun for tomtom_data_migration to None, run_after=None
[2024-04-02T21:39:59.634+0000] {processor.py:183} INFO - Processing /opt/airflow/dags/tomtom_data_migration_dag.py took 0.228 seconds
[2024-04-02T21:40:29.943+0000] {processor.py:161} INFO - Started process (PID=750) to work on /opt/airflow/dags/tomtom_data_migration_dag.py
[2024-04-02T21:40:29.951+0000] {processor.py:830} INFO - Processing file /opt/airflow/dags/tomtom_data_migration_dag.py for tasks to queue
[2024-04-02T21:40:29.976+0000] {logging_mixin.py:188} INFO - [2024-04-02T21:40:29.975+0000] {dagbag.py:540} INFO - Filling up the DagBag from /opt/airflow/dags/tomtom_data_migration_dag.py
[2024-04-02T21:40:30.062+0000] {processor.py:840} INFO - DAG(s) 'tomtom_data_migration' retrieved from /opt/airflow/dags/tomtom_data_migration_dag.py
[2024-04-02T21:40:30.096+0000] {logging_mixin.py:188} INFO - [2024-04-02T21:40:30.095+0000] {dag.py:3047} INFO - Sync 1 DAGs
[2024-04-02T21:40:30.147+0000] {logging_mixin.py:188} INFO - [2024-04-02T21:40:30.147+0000] {dag.py:3834} INFO - Setting next_dagrun for tomtom_data_migration to None, run_after=None
[2024-04-02T21:40:30.208+0000] {processor.py:183} INFO - Processing /opt/airflow/dags/tomtom_data_migration_dag.py took 0.276 seconds
[2024-04-02T21:41:00.808+0000] {processor.py:161} INFO - Started process (PID=765) to work on /opt/airflow/dags/tomtom_data_migration_dag.py
[2024-04-02T21:41:00.827+0000] {processor.py:830} INFO - Processing file /opt/airflow/dags/tomtom_data_migration_dag.py for tasks to queue
[2024-04-02T21:41:00.835+0000] {logging_mixin.py:188} INFO - [2024-04-02T21:41:00.834+0000] {dagbag.py:540} INFO - Filling up the DagBag from /opt/airflow/dags/tomtom_data_migration_dag.py
[2024-04-02T21:41:00.942+0000] {processor.py:840} INFO - DAG(s) 'tomtom_data_migration' retrieved from /opt/airflow/dags/tomtom_data_migration_dag.py
[2024-04-02T21:41:00.980+0000] {logging_mixin.py:188} INFO - [2024-04-02T21:41:00.980+0000] {dag.py:3047} INFO - Sync 1 DAGs
[2024-04-02T21:41:01.034+0000] {logging_mixin.py:188} INFO - [2024-04-02T21:41:01.033+0000] {dag.py:3834} INFO - Setting next_dagrun for tomtom_data_migration to None, run_after=None
[2024-04-02T21:41:01.088+0000] {processor.py:183} INFO - Processing /opt/airflow/dags/tomtom_data_migration_dag.py took 0.292 seconds
[2024-04-02T21:41:31.871+0000] {processor.py:161} INFO - Started process (PID=780) to work on /opt/airflow/dags/tomtom_data_migration_dag.py
[2024-04-02T21:41:31.897+0000] {processor.py:830} INFO - Processing file /opt/airflow/dags/tomtom_data_migration_dag.py for tasks to queue
[2024-04-02T21:41:31.903+0000] {logging_mixin.py:188} INFO - [2024-04-02T21:41:31.902+0000] {dagbag.py:540} INFO - Filling up the DagBag from /opt/airflow/dags/tomtom_data_migration_dag.py
[2024-04-02T21:41:32.001+0000] {processor.py:840} INFO - DAG(s) 'tomtom_data_migration' retrieved from /opt/airflow/dags/tomtom_data_migration_dag.py
[2024-04-02T21:41:32.039+0000] {logging_mixin.py:188} INFO - [2024-04-02T21:41:32.038+0000] {dag.py:3047} INFO - Sync 1 DAGs
[2024-04-02T21:41:32.103+0000] {logging_mixin.py:188} INFO - [2024-04-02T21:41:32.102+0000] {dag.py:3834} INFO - Setting next_dagrun for tomtom_data_migration to None, run_after=None
[2024-04-02T21:41:32.181+0000] {processor.py:183} INFO - Processing /opt/airflow/dags/tomtom_data_migration_dag.py took 0.327 seconds
[2024-04-02T21:42:02.413+0000] {processor.py:161} INFO - Started process (PID=795) to work on /opt/airflow/dags/tomtom_data_migration_dag.py
[2024-04-02T21:42:02.418+0000] {processor.py:830} INFO - Processing file /opt/airflow/dags/tomtom_data_migration_dag.py for tasks to queue
[2024-04-02T21:42:02.423+0000] {logging_mixin.py:188} INFO - [2024-04-02T21:42:02.423+0000] {dagbag.py:540} INFO - Filling up the DagBag from /opt/airflow/dags/tomtom_data_migration_dag.py
[2024-04-02T21:42:02.499+0000] {processor.py:840} INFO - DAG(s) 'tomtom_data_migration' retrieved from /opt/airflow/dags/tomtom_data_migration_dag.py
[2024-04-02T21:42:02.534+0000] {logging_mixin.py:188} INFO - [2024-04-02T21:42:02.533+0000] {dag.py:3047} INFO - Sync 1 DAGs
[2024-04-02T21:42:02.577+0000] {logging_mixin.py:188} INFO - [2024-04-02T21:42:02.576+0000] {dag.py:3834} INFO - Setting next_dagrun for tomtom_data_migration to None, run_after=None
[2024-04-02T21:42:02.634+0000] {processor.py:183} INFO - Processing /opt/airflow/dags/tomtom_data_migration_dag.py took 0.229 seconds
[2024-04-02T21:42:32.996+0000] {processor.py:161} INFO - Started process (PID=810) to work on /opt/airflow/dags/tomtom_data_migration_dag.py
[2024-04-02T21:42:33.013+0000] {processor.py:830} INFO - Processing file /opt/airflow/dags/tomtom_data_migration_dag.py for tasks to queue
[2024-04-02T21:42:33.018+0000] {logging_mixin.py:188} INFO - [2024-04-02T21:42:33.017+0000] {dagbag.py:540} INFO - Filling up the DagBag from /opt/airflow/dags/tomtom_data_migration_dag.py
[2024-04-02T21:42:33.108+0000] {processor.py:840} INFO - DAG(s) 'tomtom_data_migration' retrieved from /opt/airflow/dags/tomtom_data_migration_dag.py
[2024-04-02T21:42:33.151+0000] {logging_mixin.py:188} INFO - [2024-04-02T21:42:33.150+0000] {dag.py:3047} INFO - Sync 1 DAGs
[2024-04-02T21:42:33.198+0000] {logging_mixin.py:188} INFO - [2024-04-02T21:42:33.198+0000] {dag.py:3834} INFO - Setting next_dagrun for tomtom_data_migration to None, run_after=None
[2024-04-02T21:42:33.269+0000] {processor.py:183} INFO - Processing /opt/airflow/dags/tomtom_data_migration_dag.py took 0.285 seconds
[2024-04-02T21:43:03.677+0000] {processor.py:161} INFO - Started process (PID=825) to work on /opt/airflow/dags/tomtom_data_migration_dag.py
[2024-04-02T21:43:03.684+0000] {processor.py:830} INFO - Processing file /opt/airflow/dags/tomtom_data_migration_dag.py for tasks to queue
[2024-04-02T21:43:03.692+0000] {logging_mixin.py:188} INFO - [2024-04-02T21:43:03.691+0000] {dagbag.py:540} INFO - Filling up the DagBag from /opt/airflow/dags/tomtom_data_migration_dag.py
[2024-04-02T21:43:03.769+0000] {processor.py:840} INFO - DAG(s) 'tomtom_data_migration' retrieved from /opt/airflow/dags/tomtom_data_migration_dag.py
[2024-04-02T21:43:03.805+0000] {logging_mixin.py:188} INFO - [2024-04-02T21:43:03.804+0000] {dag.py:3047} INFO - Sync 1 DAGs
[2024-04-02T21:43:03.847+0000] {logging_mixin.py:188} INFO - [2024-04-02T21:43:03.847+0000] {dag.py:3834} INFO - Setting next_dagrun for tomtom_data_migration to None, run_after=None
[2024-04-02T21:43:03.918+0000] {processor.py:183} INFO - Processing /opt/airflow/dags/tomtom_data_migration_dag.py took 0.251 seconds
[2024-04-02T21:43:34.486+0000] {processor.py:161} INFO - Started process (PID=840) to work on /opt/airflow/dags/tomtom_data_migration_dag.py
[2024-04-02T21:43:34.492+0000] {processor.py:830} INFO - Processing file /opt/airflow/dags/tomtom_data_migration_dag.py for tasks to queue
[2024-04-02T21:43:34.497+0000] {logging_mixin.py:188} INFO - [2024-04-02T21:43:34.496+0000] {dagbag.py:540} INFO - Filling up the DagBag from /opt/airflow/dags/tomtom_data_migration_dag.py
[2024-04-02T21:43:34.596+0000] {processor.py:840} INFO - DAG(s) 'tomtom_data_migration' retrieved from /opt/airflow/dags/tomtom_data_migration_dag.py
[2024-04-02T21:43:34.634+0000] {logging_mixin.py:188} INFO - [2024-04-02T21:43:34.634+0000] {dag.py:3047} INFO - Sync 1 DAGs
[2024-04-02T21:43:34.681+0000] {logging_mixin.py:188} INFO - [2024-04-02T21:43:34.681+0000] {dag.py:3834} INFO - Setting next_dagrun for tomtom_data_migration to None, run_after=None
[2024-04-02T21:43:34.736+0000] {processor.py:183} INFO - Processing /opt/airflow/dags/tomtom_data_migration_dag.py took 0.257 seconds
[2024-04-02T21:44:05.261+0000] {processor.py:161} INFO - Started process (PID=855) to work on /opt/airflow/dags/tomtom_data_migration_dag.py
[2024-04-02T21:44:05.268+0000] {processor.py:830} INFO - Processing file /opt/airflow/dags/tomtom_data_migration_dag.py for tasks to queue
[2024-04-02T21:44:05.275+0000] {logging_mixin.py:188} INFO - [2024-04-02T21:44:05.274+0000] {dagbag.py:540} INFO - Filling up the DagBag from /opt/airflow/dags/tomtom_data_migration_dag.py
[2024-04-02T21:44:05.360+0000] {processor.py:840} INFO - DAG(s) 'tomtom_data_migration' retrieved from /opt/airflow/dags/tomtom_data_migration_dag.py
[2024-04-02T21:44:05.400+0000] {logging_mixin.py:188} INFO - [2024-04-02T21:44:05.399+0000] {dag.py:3047} INFO - Sync 1 DAGs
[2024-04-02T21:44:05.443+0000] {logging_mixin.py:188} INFO - [2024-04-02T21:44:05.442+0000] {dag.py:3834} INFO - Setting next_dagrun for tomtom_data_migration to None, run_after=None
[2024-04-02T21:44:05.508+0000] {processor.py:183} INFO - Processing /opt/airflow/dags/tomtom_data_migration_dag.py took 0.259 seconds
[2024-04-02T21:44:35.858+0000] {processor.py:161} INFO - Started process (PID=870) to work on /opt/airflow/dags/tomtom_data_migration_dag.py
[2024-04-02T21:44:35.867+0000] {processor.py:830} INFO - Processing file /opt/airflow/dags/tomtom_data_migration_dag.py for tasks to queue
[2024-04-02T21:44:35.875+0000] {logging_mixin.py:188} INFO - [2024-04-02T21:44:35.874+0000] {dagbag.py:540} INFO - Filling up the DagBag from /opt/airflow/dags/tomtom_data_migration_dag.py
[2024-04-02T21:44:35.964+0000] {processor.py:840} INFO - DAG(s) 'tomtom_data_migration' retrieved from /opt/airflow/dags/tomtom_data_migration_dag.py
[2024-04-02T21:44:36.008+0000] {logging_mixin.py:188} INFO - [2024-04-02T21:44:36.007+0000] {dag.py:3047} INFO - Sync 1 DAGs
[2024-04-02T21:44:36.052+0000] {logging_mixin.py:188} INFO - [2024-04-02T21:44:36.051+0000] {dag.py:3834} INFO - Setting next_dagrun for tomtom_data_migration to None, run_after=None
[2024-04-02T21:44:36.119+0000] {processor.py:183} INFO - Processing /opt/airflow/dags/tomtom_data_migration_dag.py took 0.271 seconds
[2024-04-02T21:45:06.471+0000] {processor.py:161} INFO - Started process (PID=885) to work on /opt/airflow/dags/tomtom_data_migration_dag.py
[2024-04-02T21:45:06.476+0000] {processor.py:830} INFO - Processing file /opt/airflow/dags/tomtom_data_migration_dag.py for tasks to queue
[2024-04-02T21:45:06.484+0000] {logging_mixin.py:188} INFO - [2024-04-02T21:45:06.482+0000] {dagbag.py:540} INFO - Filling up the DagBag from /opt/airflow/dags/tomtom_data_migration_dag.py
[2024-04-02T21:45:06.574+0000] {processor.py:840} INFO - DAG(s) 'tomtom_data_migration' retrieved from /opt/airflow/dags/tomtom_data_migration_dag.py
[2024-04-02T21:45:06.620+0000] {logging_mixin.py:188} INFO - [2024-04-02T21:45:06.619+0000] {dag.py:3047} INFO - Sync 1 DAGs
[2024-04-02T21:45:06.668+0000] {logging_mixin.py:188} INFO - [2024-04-02T21:45:06.667+0000] {dag.py:3834} INFO - Setting next_dagrun for tomtom_data_migration to None, run_after=None
[2024-04-02T21:45:06.727+0000] {processor.py:183} INFO - Processing /opt/airflow/dags/tomtom_data_migration_dag.py took 0.266 seconds
[2024-04-02T21:45:37.140+0000] {processor.py:161} INFO - Started process (PID=900) to work on /opt/airflow/dags/tomtom_data_migration_dag.py
[2024-04-02T21:45:37.147+0000] {processor.py:830} INFO - Processing file /opt/airflow/dags/tomtom_data_migration_dag.py for tasks to queue
[2024-04-02T21:45:37.152+0000] {logging_mixin.py:188} INFO - [2024-04-02T21:45:37.151+0000] {dagbag.py:540} INFO - Filling up the DagBag from /opt/airflow/dags/tomtom_data_migration_dag.py
[2024-04-02T21:45:37.248+0000] {processor.py:840} INFO - DAG(s) 'tomtom_data_migration' retrieved from /opt/airflow/dags/tomtom_data_migration_dag.py
[2024-04-02T21:45:37.290+0000] {logging_mixin.py:188} INFO - [2024-04-02T21:45:37.290+0000] {dag.py:3047} INFO - Sync 1 DAGs
[2024-04-02T21:45:37.334+0000] {logging_mixin.py:188} INFO - [2024-04-02T21:45:37.334+0000] {dag.py:3834} INFO - Setting next_dagrun for tomtom_data_migration to None, run_after=None
[2024-04-02T21:45:37.397+0000] {processor.py:183} INFO - Processing /opt/airflow/dags/tomtom_data_migration_dag.py took 0.268 seconds
[2024-04-02T21:46:07.829+0000] {processor.py:161} INFO - Started process (PID=915) to work on /opt/airflow/dags/tomtom_data_migration_dag.py
[2024-04-02T21:46:07.835+0000] {processor.py:830} INFO - Processing file /opt/airflow/dags/tomtom_data_migration_dag.py for tasks to queue
[2024-04-02T21:46:07.841+0000] {logging_mixin.py:188} INFO - [2024-04-02T21:46:07.840+0000] {dagbag.py:540} INFO - Filling up the DagBag from /opt/airflow/dags/tomtom_data_migration_dag.py
[2024-04-02T21:46:07.931+0000] {processor.py:840} INFO - DAG(s) 'tomtom_data_migration' retrieved from /opt/airflow/dags/tomtom_data_migration_dag.py
[2024-04-02T21:46:07.973+0000] {logging_mixin.py:188} INFO - [2024-04-02T21:46:07.973+0000] {dag.py:3047} INFO - Sync 1 DAGs
[2024-04-02T21:46:08.024+0000] {logging_mixin.py:188} INFO - [2024-04-02T21:46:08.023+0000] {dag.py:3834} INFO - Setting next_dagrun for tomtom_data_migration to None, run_after=None
[2024-04-02T21:46:08.086+0000] {processor.py:183} INFO - Processing /opt/airflow/dags/tomtom_data_migration_dag.py took 0.268 seconds
[2024-04-02T21:46:38.519+0000] {processor.py:161} INFO - Started process (PID=930) to work on /opt/airflow/dags/tomtom_data_migration_dag.py
[2024-04-02T21:46:38.527+0000] {processor.py:830} INFO - Processing file /opt/airflow/dags/tomtom_data_migration_dag.py for tasks to queue
[2024-04-02T21:46:38.563+0000] {logging_mixin.py:188} INFO - [2024-04-02T21:46:38.561+0000] {dagbag.py:540} INFO - Filling up the DagBag from /opt/airflow/dags/tomtom_data_migration_dag.py
[2024-04-02T21:46:38.905+0000] {processor.py:840} INFO - DAG(s) 'tomtom_data_migration' retrieved from /opt/airflow/dags/tomtom_data_migration_dag.py
[2024-04-02T21:46:38.966+0000] {logging_mixin.py:188} INFO - [2024-04-02T21:46:38.966+0000] {dag.py:3047} INFO - Sync 1 DAGs
[2024-04-02T21:46:39.042+0000] {logging_mixin.py:188} INFO - [2024-04-02T21:46:39.041+0000] {dag.py:3834} INFO - Setting next_dagrun for tomtom_data_migration to None, run_after=None
[2024-04-02T21:46:39.158+0000] {processor.py:183} INFO - Processing /opt/airflow/dags/tomtom_data_migration_dag.py took 0.657 seconds
[2024-04-02T21:47:09.569+0000] {processor.py:161} INFO - Started process (PID=945) to work on /opt/airflow/dags/tomtom_data_migration_dag.py
[2024-04-02T21:47:09.574+0000] {processor.py:830} INFO - Processing file /opt/airflow/dags/tomtom_data_migration_dag.py for tasks to queue
[2024-04-02T21:47:09.580+0000] {logging_mixin.py:188} INFO - [2024-04-02T21:47:09.580+0000] {dagbag.py:540} INFO - Filling up the DagBag from /opt/airflow/dags/tomtom_data_migration_dag.py
[2024-04-02T21:47:09.660+0000] {processor.py:840} INFO - DAG(s) 'tomtom_data_migration' retrieved from /opt/airflow/dags/tomtom_data_migration_dag.py
[2024-04-02T21:47:09.700+0000] {logging_mixin.py:188} INFO - [2024-04-02T21:47:09.699+0000] {dag.py:3047} INFO - Sync 1 DAGs
[2024-04-02T21:47:09.747+0000] {logging_mixin.py:188} INFO - [2024-04-02T21:47:09.747+0000] {dag.py:3834} INFO - Setting next_dagrun for tomtom_data_migration to None, run_after=None
[2024-04-02T21:47:09.810+0000] {processor.py:183} INFO - Processing /opt/airflow/dags/tomtom_data_migration_dag.py took 0.249 seconds
[2024-04-02T21:47:40.212+0000] {processor.py:161} INFO - Started process (PID=960) to work on /opt/airflow/dags/tomtom_data_migration_dag.py
[2024-04-02T21:47:40.222+0000] {processor.py:830} INFO - Processing file /opt/airflow/dags/tomtom_data_migration_dag.py for tasks to queue
[2024-04-02T21:47:40.227+0000] {logging_mixin.py:188} INFO - [2024-04-02T21:47:40.226+0000] {dagbag.py:540} INFO - Filling up the DagBag from /opt/airflow/dags/tomtom_data_migration_dag.py
[2024-04-02T21:47:40.330+0000] {processor.py:840} INFO - DAG(s) 'tomtom_data_migration' retrieved from /opt/airflow/dags/tomtom_data_migration_dag.py
[2024-04-02T21:47:40.369+0000] {logging_mixin.py:188} INFO - [2024-04-02T21:47:40.368+0000] {dag.py:3047} INFO - Sync 1 DAGs
[2024-04-02T21:47:40.418+0000] {logging_mixin.py:188} INFO - [2024-04-02T21:47:40.417+0000] {dag.py:3834} INFO - Setting next_dagrun for tomtom_data_migration to None, run_after=None
[2024-04-02T21:47:40.484+0000] {processor.py:183} INFO - Processing /opt/airflow/dags/tomtom_data_migration_dag.py took 0.283 seconds
[2024-04-02T21:48:10.930+0000] {processor.py:161} INFO - Started process (PID=975) to work on /opt/airflow/dags/tomtom_data_migration_dag.py
[2024-04-02T21:48:10.935+0000] {processor.py:830} INFO - Processing file /opt/airflow/dags/tomtom_data_migration_dag.py for tasks to queue
[2024-04-02T21:48:10.941+0000] {logging_mixin.py:188} INFO - [2024-04-02T21:48:10.940+0000] {dagbag.py:540} INFO - Filling up the DagBag from /opt/airflow/dags/tomtom_data_migration_dag.py
[2024-04-02T21:48:11.043+0000] {processor.py:840} INFO - DAG(s) 'tomtom_data_migration' retrieved from /opt/airflow/dags/tomtom_data_migration_dag.py
[2024-04-02T21:48:11.087+0000] {logging_mixin.py:188} INFO - [2024-04-02T21:48:11.086+0000] {dag.py:3047} INFO - Sync 1 DAGs
[2024-04-02T21:48:11.153+0000] {logging_mixin.py:188} INFO - [2024-04-02T21:48:11.151+0000] {dag.py:3834} INFO - Setting next_dagrun for tomtom_data_migration to None, run_after=None
[2024-04-02T21:48:11.285+0000] {processor.py:183} INFO - Processing /opt/airflow/dags/tomtom_data_migration_dag.py took 0.365 seconds
[2024-04-02T21:48:41.991+0000] {processor.py:161} INFO - Started process (PID=990) to work on /opt/airflow/dags/tomtom_data_migration_dag.py
[2024-04-02T21:48:42.010+0000] {processor.py:830} INFO - Processing file /opt/airflow/dags/tomtom_data_migration_dag.py for tasks to queue
[2024-04-02T21:48:42.015+0000] {logging_mixin.py:188} INFO - [2024-04-02T21:48:42.014+0000] {dagbag.py:540} INFO - Filling up the DagBag from /opt/airflow/dags/tomtom_data_migration_dag.py
[2024-04-02T21:48:42.309+0000] {processor.py:840} INFO - DAG(s) 'tomtom_data_migration' retrieved from /opt/airflow/dags/tomtom_data_migration_dag.py
[2024-04-02T21:48:42.361+0000] {logging_mixin.py:188} INFO - [2024-04-02T21:48:42.361+0000] {dag.py:3047} INFO - Sync 1 DAGs
[2024-04-02T21:48:42.434+0000] {logging_mixin.py:188} INFO - [2024-04-02T21:48:42.433+0000] {dag.py:3834} INFO - Setting next_dagrun for tomtom_data_migration to None, run_after=None
[2024-04-02T21:48:42.516+0000] {processor.py:183} INFO - Processing /opt/airflow/dags/tomtom_data_migration_dag.py took 0.551 seconds
[2024-04-02T21:49:12.814+0000] {processor.py:161} INFO - Started process (PID=1005) to work on /opt/airflow/dags/tomtom_data_migration_dag.py
[2024-04-02T21:49:12.822+0000] {processor.py:830} INFO - Processing file /opt/airflow/dags/tomtom_data_migration_dag.py for tasks to queue
[2024-04-02T21:49:12.829+0000] {logging_mixin.py:188} INFO - [2024-04-02T21:49:12.828+0000] {dagbag.py:540} INFO - Filling up the DagBag from /opt/airflow/dags/tomtom_data_migration_dag.py
[2024-04-02T21:49:12.906+0000] {processor.py:840} INFO - DAG(s) 'tomtom_data_migration' retrieved from /opt/airflow/dags/tomtom_data_migration_dag.py
[2024-04-02T21:49:12.956+0000] {logging_mixin.py:188} INFO - [2024-04-02T21:49:12.955+0000] {dag.py:3047} INFO - Sync 1 DAGs
[2024-04-02T21:49:12.999+0000] {logging_mixin.py:188} INFO - [2024-04-02T21:49:12.999+0000] {dag.py:3834} INFO - Setting next_dagrun for tomtom_data_migration to None, run_after=None
[2024-04-02T21:49:13.066+0000] {processor.py:183} INFO - Processing /opt/airflow/dags/tomtom_data_migration_dag.py took 0.260 seconds
[2024-04-02T21:49:43.387+0000] {processor.py:161} INFO - Started process (PID=1020) to work on /opt/airflow/dags/tomtom_data_migration_dag.py
[2024-04-02T21:49:43.393+0000] {processor.py:830} INFO - Processing file /opt/airflow/dags/tomtom_data_migration_dag.py for tasks to queue
[2024-04-02T21:49:43.399+0000] {logging_mixin.py:188} INFO - [2024-04-02T21:49:43.399+0000] {dagbag.py:540} INFO - Filling up the DagBag from /opt/airflow/dags/tomtom_data_migration_dag.py
[2024-04-02T21:49:43.480+0000] {processor.py:840} INFO - DAG(s) 'tomtom_data_migration' retrieved from /opt/airflow/dags/tomtom_data_migration_dag.py
[2024-04-02T21:49:43.517+0000] {logging_mixin.py:188} INFO - [2024-04-02T21:49:43.516+0000] {dag.py:3047} INFO - Sync 1 DAGs
[2024-04-02T21:49:43.573+0000] {logging_mixin.py:188} INFO - [2024-04-02T21:49:43.573+0000] {dag.py:3834} INFO - Setting next_dagrun for tomtom_data_migration to None, run_after=None
[2024-04-02T21:49:43.629+0000] {processor.py:183} INFO - Processing /opt/airflow/dags/tomtom_data_migration_dag.py took 0.251 seconds
