[2024-03-27T02:05:35.154+0000] {taskinstance.py:1979} INFO - Dependencies all met for dep_context=non-requeueable deps ti=<TaskInstance: tomtom.import_tomtom_data_to_csv scheduled__2024-03-26T00:00:00+00:00 [queued]>
[2024-03-27T02:05:35.272+0000] {taskinstance.py:1979} INFO - Dependencies all met for dep_context=requeueable deps ti=<TaskInstance: tomtom.import_tomtom_data_to_csv scheduled__2024-03-26T00:00:00+00:00 [queued]>
[2024-03-27T02:05:35.275+0000] {taskinstance.py:2193} INFO - Starting attempt 1 of 2
[2024-03-27T02:05:35.894+0000] {taskinstance.py:2217} INFO - Executing <Task(BashOperator): import_tomtom_data_to_csv> on 2024-03-26 00:00:00+00:00
[2024-03-27T02:05:35.923+0000] {standard_task_runner.py:60} INFO - Started process 269 to run task
[2024-03-27T02:05:36.197+0000] {standard_task_runner.py:87} INFO - Running: ['***', 'tasks', 'run', 'tomtom', 'import_tomtom_data_to_csv', 'scheduled__2024-03-26T00:00:00+00:00', '--job-id', '8', '--raw', '--subdir', 'DAGS_FOLDER/tomtom_dag.py', '--cfg-path', '/tmp/tmpxp4m3l09']
[2024-03-27T02:05:36.375+0000] {standard_task_runner.py:88} INFO - Job 8: Subtask import_tomtom_data_to_csv
[2024-03-27T02:05:37.638+0000] {logging_mixin.py:188} WARNING - /home/***/.local/lib/python3.8/site-packages/***/settings.py:194 DeprecationWarning: The sql_alchemy_conn option in [core] has been moved to the sql_alchemy_conn option in [database] - the old setting has been used, but please update your config.
[2024-03-27T02:05:38.155+0000] {task_command.py:423} INFO - Running <TaskInstance: tomtom.import_tomtom_data_to_csv scheduled__2024-03-26T00:00:00+00:00 [running]> on host 81b1c16c3e11
[2024-03-27T02:05:38.655+0000] {taskinstance.py:2513} INFO - Exporting env vars: AIRFLOW_CTX_DAG_OWNER='***' AIRFLOW_CTX_DAG_ID='tomtom' AIRFLOW_CTX_TASK_ID='import_tomtom_data_to_csv' AIRFLOW_CTX_EXECUTION_DATE='2024-03-26T00:00:00+00:00' AIRFLOW_CTX_TRY_NUMBER='1' AIRFLOW_CTX_DAG_RUN_ID='scheduled__2024-03-26T00:00:00+00:00'
[2024-03-27T02:05:38.658+0000] {subprocess.py:63} INFO - Tmp dir root location: /tmp
[2024-03-27T02:05:38.661+0000] {subprocess.py:75} INFO - Running command: ['/usr/bin/bash', '-c', 'python /opt/***/dags/tomtom_ingestion.py --date 2024-03-26']
[2024-03-27T02:05:38.722+0000] {subprocess.py:86} INFO - Output:
[2024-03-27T02:05:51.241+0000] {subprocess.py:97} INFO - Command exited with return code 0
[2024-03-27T02:05:54.442+0000] {taskinstance.py:1149} INFO - Marking task as SUCCESS. dag_id=tomtom, task_id=import_tomtom_data_to_csv, execution_date=20240326T000000, start_date=20240327T020535, end_date=20240327T020554
[2024-03-27T02:05:54.842+0000] {local_task_job_runner.py:234} INFO - Task exited with return code 0
[2024-03-27T02:05:55.125+0000] {taskinstance.py:3312} INFO - 1 downstream tasks scheduled from follow-on schedule check
[2024-03-27T02:42:09.844+0000] {taskinstance.py:1979} INFO - Dependencies all met for dep_context=non-requeueable deps ti=<TaskInstance: tomtom.import_tomtom_data_to_csv scheduled__2024-03-26T00:00:00+00:00 [queued]>
[2024-03-27T02:42:09.914+0000] {taskinstance.py:1979} INFO - Dependencies all met for dep_context=requeueable deps ti=<TaskInstance: tomtom.import_tomtom_data_to_csv scheduled__2024-03-26T00:00:00+00:00 [queued]>
[2024-03-27T02:42:09.919+0000] {taskinstance.py:2193} INFO - Starting attempt 1 of 2
[2024-03-27T02:42:09.992+0000] {taskinstance.py:2217} INFO - Executing <Task(BashOperator): import_tomtom_data_to_csv> on 2024-03-26 00:00:00+00:00
[2024-03-27T02:42:10.003+0000] {standard_task_runner.py:60} INFO - Started process 274 to run task
[2024-03-27T02:42:10.034+0000] {standard_task_runner.py:87} INFO - Running: ['***', 'tasks', 'run', 'tomtom', 'import_tomtom_data_to_csv', 'scheduled__2024-03-26T00:00:00+00:00', '--job-id', '8', '--raw', '--subdir', 'DAGS_FOLDER/tomtom_dag.py', '--cfg-path', '/tmp/tmpcm78l9g3']
[2024-03-27T02:42:10.097+0000] {standard_task_runner.py:88} INFO - Job 8: Subtask import_tomtom_data_to_csv
[2024-03-27T02:42:10.251+0000] {logging_mixin.py:188} WARNING - /home/***/.local/lib/python3.8/site-packages/***/settings.py:194 DeprecationWarning: The sql_alchemy_conn option in [core] has been moved to the sql_alchemy_conn option in [database] - the old setting has been used, but please update your config.
[2024-03-27T02:42:10.548+0000] {task_command.py:423} INFO - Running <TaskInstance: tomtom.import_tomtom_data_to_csv scheduled__2024-03-26T00:00:00+00:00 [running]> on host c1d14084e0e9
[2024-03-27T02:42:11.063+0000] {taskinstance.py:2513} INFO - Exporting env vars: AIRFLOW_CTX_DAG_OWNER='***' AIRFLOW_CTX_DAG_ID='tomtom' AIRFLOW_CTX_TASK_ID='import_tomtom_data_to_csv' AIRFLOW_CTX_EXECUTION_DATE='2024-03-26T00:00:00+00:00' AIRFLOW_CTX_TRY_NUMBER='1' AIRFLOW_CTX_DAG_RUN_ID='scheduled__2024-03-26T00:00:00+00:00'
[2024-03-27T02:42:11.069+0000] {subprocess.py:63} INFO - Tmp dir root location: /tmp
[2024-03-27T02:42:11.075+0000] {subprocess.py:75} INFO - Running command: ['/usr/bin/bash', '-c', 'python /opt/***/dags/tomtom_ingestion.py --date 2024-03-26']
[2024-03-27T02:42:11.129+0000] {subprocess.py:86} INFO - Output:
[2024-03-27T02:42:17.334+0000] {subprocess.py:97} INFO - Command exited with return code 0
[2024-03-27T02:42:17.444+0000] {taskinstance.py:1149} INFO - Marking task as SUCCESS. dag_id=tomtom, task_id=import_tomtom_data_to_csv, execution_date=20240326T000000, start_date=20240327T024209, end_date=20240327T024217
[2024-03-27T02:42:17.543+0000] {local_task_job_runner.py:234} INFO - Task exited with return code 0
[2024-03-27T02:42:17.612+0000] {taskinstance.py:3312} INFO - 1 downstream tasks scheduled from follow-on schedule check
[2024-03-27T19:26:10.546+0000] {taskinstance.py:1979} INFO - Dependencies all met for dep_context=non-requeueable deps ti=<TaskInstance: tomtom.import_tomtom_data_to_csv scheduled__2024-03-26T00:00:00+00:00 [queued]>
[2024-03-27T19:26:10.632+0000] {taskinstance.py:1979} INFO - Dependencies all met for dep_context=requeueable deps ti=<TaskInstance: tomtom.import_tomtom_data_to_csv scheduled__2024-03-26T00:00:00+00:00 [queued]>
[2024-03-27T19:26:10.645+0000] {taskinstance.py:2193} INFO - Starting attempt 1 of 2
[2024-03-27T19:26:10.785+0000] {taskinstance.py:2217} INFO - Executing <Task(BashOperator): import_tomtom_data_to_csv> on 2024-03-26 00:00:00+00:00
[2024-03-27T19:26:10.803+0000] {standard_task_runner.py:60} INFO - Started process 305 to run task
[2024-03-27T19:26:10.833+0000] {standard_task_runner.py:87} INFO - Running: ['***', 'tasks', 'run', 'tomtom', 'import_tomtom_data_to_csv', 'scheduled__2024-03-26T00:00:00+00:00', '--job-id', '8', '--raw', '--subdir', 'DAGS_FOLDER/tomtom_dag.py', '--cfg-path', '/tmp/tmp5c6apeb9']
[2024-03-27T19:26:10.862+0000] {standard_task_runner.py:88} INFO - Job 8: Subtask import_tomtom_data_to_csv
[2024-03-27T19:26:11.176+0000] {logging_mixin.py:188} WARNING - /home/***/.local/lib/python3.8/site-packages/***/settings.py:194 DeprecationWarning: The sql_alchemy_conn option in [core] has been moved to the sql_alchemy_conn option in [database] - the old setting has been used, but please update your config.
[2024-03-27T19:26:11.707+0000] {task_command.py:423} INFO - Running <TaskInstance: tomtom.import_tomtom_data_to_csv scheduled__2024-03-26T00:00:00+00:00 [running]> on host a178f5bbaa10
[2024-03-27T19:26:12.300+0000] {taskinstance.py:2513} INFO - Exporting env vars: AIRFLOW_CTX_DAG_OWNER='***' AIRFLOW_CTX_DAG_ID='tomtom' AIRFLOW_CTX_TASK_ID='import_tomtom_data_to_csv' AIRFLOW_CTX_EXECUTION_DATE='2024-03-26T00:00:00+00:00' AIRFLOW_CTX_TRY_NUMBER='1' AIRFLOW_CTX_DAG_RUN_ID='scheduled__2024-03-26T00:00:00+00:00'
[2024-03-27T19:26:12.306+0000] {subprocess.py:63} INFO - Tmp dir root location: /tmp
[2024-03-27T19:26:12.311+0000] {subprocess.py:75} INFO - Running command: ['/usr/bin/bash', '-c', 'python /opt/***/dags/tomtom_ingestion.py --date 2024-03-26']
[2024-03-27T19:26:12.356+0000] {subprocess.py:86} INFO - Output:
[2024-03-27T19:26:19.421+0000] {subprocess.py:97} INFO - Command exited with return code 0
[2024-03-27T19:26:19.508+0000] {taskinstance.py:1149} INFO - Marking task as SUCCESS. dag_id=tomtom, task_id=import_tomtom_data_to_csv, execution_date=20240326T000000, start_date=20240327T192610, end_date=20240327T192619
[2024-03-27T19:26:19.613+0000] {local_task_job_runner.py:234} INFO - Task exited with return code 0
[2024-03-27T19:26:19.699+0000] {taskinstance.py:3312} INFO - 1 downstream tasks scheduled from follow-on schedule check
[2024-03-29T01:37:18.116+0000] {taskinstance.py:1979} INFO - Dependencies all met for dep_context=non-requeueable deps ti=<TaskInstance: tomtom.import_tomtom_data_to_csv scheduled__2024-03-26T00:00:00+00:00 [queued]>
[2024-03-29T01:37:18.244+0000] {taskinstance.py:1979} INFO - Dependencies all met for dep_context=requeueable deps ti=<TaskInstance: tomtom.import_tomtom_data_to_csv scheduled__2024-03-26T00:00:00+00:00 [queued]>
[2024-03-29T01:37:18.253+0000] {taskinstance.py:2193} INFO - Starting attempt 1 of 2
[2024-03-29T01:37:18.365+0000] {taskinstance.py:2217} INFO - Executing <Task(BashOperator): import_tomtom_data_to_csv> on 2024-03-26 00:00:00+00:00
[2024-03-29T01:37:18.390+0000] {standard_task_runner.py:60} INFO - Started process 310 to run task
[2024-03-29T01:37:18.428+0000] {standard_task_runner.py:87} INFO - Running: ['***', 'tasks', 'run', 'tomtom', 'import_tomtom_data_to_csv', 'scheduled__2024-03-26T00:00:00+00:00', '--job-id', '6', '--raw', '--subdir', 'DAGS_FOLDER/tomtom_dag.py', '--cfg-path', '/tmp/tmpm897_7cg']
[2024-03-29T01:37:18.534+0000] {standard_task_runner.py:88} INFO - Job 6: Subtask import_tomtom_data_to_csv
[2024-03-29T01:37:18.831+0000] {logging_mixin.py:188} WARNING - /home/***/.local/lib/python3.8/site-packages/***/settings.py:194 DeprecationWarning: The sql_alchemy_conn option in [core] has been moved to the sql_alchemy_conn option in [database] - the old setting has been used, but please update your config.
[2024-03-29T01:37:19.888+0000] {task_command.py:423} INFO - Running <TaskInstance: tomtom.import_tomtom_data_to_csv scheduled__2024-03-26T00:00:00+00:00 [running]> on host 48a08da0e38c
[2024-03-29T01:37:20.675+0000] {taskinstance.py:2513} INFO - Exporting env vars: AIRFLOW_CTX_DAG_OWNER='***' AIRFLOW_CTX_DAG_ID='tomtom' AIRFLOW_CTX_TASK_ID='import_tomtom_data_to_csv' AIRFLOW_CTX_EXECUTION_DATE='2024-03-26T00:00:00+00:00' AIRFLOW_CTX_TRY_NUMBER='1' AIRFLOW_CTX_DAG_RUN_ID='scheduled__2024-03-26T00:00:00+00:00'
[2024-03-29T01:37:20.691+0000] {subprocess.py:63} INFO - Tmp dir root location: /tmp
[2024-03-29T01:37:20.698+0000] {subprocess.py:75} INFO - Running command: ['/usr/bin/bash', '-c', 'python /opt/***/dags/tomtom_ingestion.py --date 2024-03-26']
[2024-03-29T01:37:20.790+0000] {subprocess.py:86} INFO - Output:
[2024-03-29T01:37:30.088+0000] {subprocess.py:97} INFO - Command exited with return code 0
[2024-03-29T01:37:30.299+0000] {taskinstance.py:1149} INFO - Marking task as SUCCESS. dag_id=tomtom, task_id=import_tomtom_data_to_csv, execution_date=20240326T000000, start_date=20240329T013718, end_date=20240329T013730
[2024-03-29T01:37:30.703+0000] {local_task_job_runner.py:234} INFO - Task exited with return code 0
[2024-03-29T01:37:31.827+0000] {taskinstance.py:3312} INFO - 1 downstream tasks scheduled from follow-on schedule check
[2024-03-29T02:18:08.976+0000] {taskinstance.py:1979} INFO - Dependencies all met for dep_context=non-requeueable deps ti=<TaskInstance: tomtom.import_tomtom_data_to_csv scheduled__2024-03-26T00:00:00+00:00 [queued]>
[2024-03-29T02:18:09.081+0000] {taskinstance.py:1979} INFO - Dependencies all met for dep_context=requeueable deps ti=<TaskInstance: tomtom.import_tomtom_data_to_csv scheduled__2024-03-26T00:00:00+00:00 [queued]>
[2024-03-29T02:18:09.085+0000] {taskinstance.py:2193} INFO - Starting attempt 1 of 2
[2024-03-29T02:18:09.281+0000] {taskinstance.py:2217} INFO - Executing <Task(BashOperator): import_tomtom_data_to_csv> on 2024-03-26 00:00:00+00:00
[2024-03-29T02:18:09.299+0000] {standard_task_runner.py:60} INFO - Started process 300 to run task
[2024-03-29T02:18:09.365+0000] {standard_task_runner.py:87} INFO - Running: ['***', 'tasks', 'run', 'tomtom', 'import_tomtom_data_to_csv', 'scheduled__2024-03-26T00:00:00+00:00', '--job-id', '6', '--raw', '--subdir', 'DAGS_FOLDER/tomtom_dag.py', '--cfg-path', '/tmp/tmp2xlzq08l']
[2024-03-29T02:18:09.406+0000] {standard_task_runner.py:88} INFO - Job 6: Subtask import_tomtom_data_to_csv
[2024-03-29T02:18:09.548+0000] {logging_mixin.py:188} WARNING - /home/***/.local/lib/python3.8/site-packages/***/settings.py:194 DeprecationWarning: The sql_alchemy_conn option in [core] has been moved to the sql_alchemy_conn option in [database] - the old setting has been used, but please update your config.
[2024-03-29T02:18:09.789+0000] {task_command.py:423} INFO - Running <TaskInstance: tomtom.import_tomtom_data_to_csv scheduled__2024-03-26T00:00:00+00:00 [running]> on host ca95eed9b9dd
[2024-03-29T02:18:10.204+0000] {taskinstance.py:2513} INFO - Exporting env vars: AIRFLOW_CTX_DAG_OWNER='***' AIRFLOW_CTX_DAG_ID='tomtom' AIRFLOW_CTX_TASK_ID='import_tomtom_data_to_csv' AIRFLOW_CTX_EXECUTION_DATE='2024-03-26T00:00:00+00:00' AIRFLOW_CTX_TRY_NUMBER='1' AIRFLOW_CTX_DAG_RUN_ID='scheduled__2024-03-26T00:00:00+00:00'
[2024-03-29T02:18:10.213+0000] {subprocess.py:63} INFO - Tmp dir root location: /tmp
[2024-03-29T02:18:10.224+0000] {subprocess.py:75} INFO - Running command: ['/usr/bin/bash', '-c', 'python /opt/***/dags/tomtom_ingestion.py --date 2024-03-26']
[2024-03-29T02:18:10.304+0000] {subprocess.py:86} INFO - Output:
[2024-03-29T02:18:15.375+0000] {subprocess.py:97} INFO - Command exited with return code 0
[2024-03-29T02:18:15.553+0000] {taskinstance.py:1149} INFO - Marking task as SUCCESS. dag_id=tomtom, task_id=import_tomtom_data_to_csv, execution_date=20240326T000000, start_date=20240329T021808, end_date=20240329T021815
[2024-03-29T02:18:15.715+0000] {local_task_job_runner.py:234} INFO - Task exited with return code 0
[2024-03-29T02:18:15.798+0000] {taskinstance.py:3312} INFO - 1 downstream tasks scheduled from follow-on schedule check
[2024-03-30T01:02:24.122+0000] {taskinstance.py:1979} INFO - Dependencies all met for dep_context=non-requeueable deps ti=<TaskInstance: tomtom.import_tomtom_data_to_csv scheduled__2024-03-26T00:00:00+00:00 [queued]>
[2024-03-30T01:02:24.187+0000] {taskinstance.py:1979} INFO - Dependencies all met for dep_context=requeueable deps ti=<TaskInstance: tomtom.import_tomtom_data_to_csv scheduled__2024-03-26T00:00:00+00:00 [queued]>
[2024-03-30T01:02:24.195+0000] {taskinstance.py:2193} INFO - Starting attempt 1 of 2
[2024-03-30T01:02:24.526+0000] {taskinstance.py:2217} INFO - Executing <Task(BashOperator): import_tomtom_data_to_csv> on 2024-03-26 00:00:00+00:00
[2024-03-30T01:02:24.564+0000] {standard_task_runner.py:60} INFO - Started process 306 to run task
[2024-03-30T01:02:24.647+0000] {standard_task_runner.py:87} INFO - Running: ['***', 'tasks', 'run', 'tomtom', 'import_tomtom_data_to_csv', 'scheduled__2024-03-26T00:00:00+00:00', '--job-id', '5', '--raw', '--subdir', 'DAGS_FOLDER/tomtom_dag.py', '--cfg-path', '/tmp/tmp5n5vwwse']
[2024-03-30T01:02:24.676+0000] {standard_task_runner.py:88} INFO - Job 5: Subtask import_tomtom_data_to_csv
[2024-03-30T01:02:25.242+0000] {logging_mixin.py:188} WARNING - /home/***/.local/lib/python3.8/site-packages/***/settings.py:194 DeprecationWarning: The sql_alchemy_conn option in [core] has been moved to the sql_alchemy_conn option in [database] - the old setting has been used, but please update your config.
[2024-03-30T01:02:26.705+0000] {task_command.py:423} INFO - Running <TaskInstance: tomtom.import_tomtom_data_to_csv scheduled__2024-03-26T00:00:00+00:00 [running]> on host 63c0a92b7fba
[2024-03-30T01:02:27.263+0000] {taskinstance.py:2513} INFO - Exporting env vars: AIRFLOW_CTX_DAG_OWNER='***' AIRFLOW_CTX_DAG_ID='tomtom' AIRFLOW_CTX_TASK_ID='import_tomtom_data_to_csv' AIRFLOW_CTX_EXECUTION_DATE='2024-03-26T00:00:00+00:00' AIRFLOW_CTX_TRY_NUMBER='1' AIRFLOW_CTX_DAG_RUN_ID='scheduled__2024-03-26T00:00:00+00:00'
[2024-03-30T01:02:27.275+0000] {subprocess.py:63} INFO - Tmp dir root location: /tmp
[2024-03-30T01:02:27.281+0000] {subprocess.py:75} INFO - Running command: ['/usr/bin/bash', '-c', 'python /opt/***/dags/tomtom_ingestion.py --date 2024-03-26']
[2024-03-30T01:02:27.315+0000] {subprocess.py:86} INFO - Output:
[2024-03-30T01:02:36.155+0000] {subprocess.py:97} INFO - Command exited with return code 0
[2024-03-30T01:02:36.303+0000] {taskinstance.py:1149} INFO - Marking task as SUCCESS. dag_id=tomtom, task_id=import_tomtom_data_to_csv, execution_date=20240326T000000, start_date=20240330T010224, end_date=20240330T010236
[2024-03-30T01:02:36.523+0000] {local_task_job_runner.py:234} INFO - Task exited with return code 0
[2024-03-30T01:02:36.742+0000] {taskinstance.py:3312} INFO - 0 downstream tasks scheduled from follow-on schedule check
[2024-03-30T19:17:55.366+0000] {taskinstance.py:1979} INFO - Dependencies all met for dep_context=non-requeueable deps ti=<TaskInstance: tomtom.import_tomtom_data_to_csv scheduled__2024-03-26T00:00:00+00:00 [queued]>
[2024-03-30T19:17:55.402+0000] {taskinstance.py:1979} INFO - Dependencies all met for dep_context=requeueable deps ti=<TaskInstance: tomtom.import_tomtom_data_to_csv scheduled__2024-03-26T00:00:00+00:00 [queued]>
[2024-03-30T19:17:55.418+0000] {taskinstance.py:2193} INFO - Starting attempt 1 of 2
[2024-03-30T19:17:55.615+0000] {taskinstance.py:2217} INFO - Executing <Task(BashOperator): import_tomtom_data_to_csv> on 2024-03-26 00:00:00+00:00
[2024-03-30T19:17:55.643+0000] {standard_task_runner.py:60} INFO - Started process 355 to run task
[2024-03-30T19:17:55.729+0000] {standard_task_runner.py:87} INFO - Running: ['***', 'tasks', 'run', 'tomtom', 'import_tomtom_data_to_csv', 'scheduled__2024-03-26T00:00:00+00:00', '--job-id', '5', '--raw', '--subdir', 'DAGS_FOLDER/tomtom_dag.py', '--cfg-path', '/tmp/tmp3mlclruq']
[2024-03-30T19:17:55.743+0000] {standard_task_runner.py:88} INFO - Job 5: Subtask import_tomtom_data_to_csv
[2024-03-30T19:17:55.884+0000] {logging_mixin.py:188} WARNING - /home/***/.local/lib/python3.8/site-packages/***/settings.py:194 DeprecationWarning: The sql_alchemy_conn option in [core] has been moved to the sql_alchemy_conn option in [database] - the old setting has been used, but please update your config.
[2024-03-30T19:17:56.340+0000] {task_command.py:423} INFO - Running <TaskInstance: tomtom.import_tomtom_data_to_csv scheduled__2024-03-26T00:00:00+00:00 [running]> on host 19ac4b08c681
[2024-03-30T19:17:56.945+0000] {taskinstance.py:2513} INFO - Exporting env vars: AIRFLOW_CTX_DAG_OWNER='***' AIRFLOW_CTX_DAG_ID='tomtom' AIRFLOW_CTX_TASK_ID='import_tomtom_data_to_csv' AIRFLOW_CTX_EXECUTION_DATE='2024-03-26T00:00:00+00:00' AIRFLOW_CTX_TRY_NUMBER='1' AIRFLOW_CTX_DAG_RUN_ID='scheduled__2024-03-26T00:00:00+00:00'
[2024-03-30T19:17:56.951+0000] {subprocess.py:63} INFO - Tmp dir root location: /tmp
[2024-03-30T19:17:56.959+0000] {subprocess.py:75} INFO - Running command: ['/usr/bin/bash', '-c', 'python /opt/***/dags/tomtom_ingestion.py --date 2024-03-26']
[2024-03-30T19:17:57.074+0000] {subprocess.py:86} INFO - Output:
[2024-03-30T19:18:04.294+0000] {subprocess.py:97} INFO - Command exited with return code 0
[2024-03-30T19:18:04.454+0000] {taskinstance.py:1149} INFO - Marking task as SUCCESS. dag_id=tomtom, task_id=import_tomtom_data_to_csv, execution_date=20240326T000000, start_date=20240330T191755, end_date=20240330T191804
[2024-03-30T19:18:04.697+0000] {local_task_job_runner.py:234} INFO - Task exited with return code 0
[2024-03-30T19:18:04.882+0000] {taskinstance.py:3312} INFO - 1 downstream tasks scheduled from follow-on schedule check
[2024-03-31T23:52:59.931+0000] {taskinstance.py:1979} INFO - Dependencies all met for dep_context=non-requeueable deps ti=<TaskInstance: tomtom.import_tomtom_data_to_csv scheduled__2024-03-26T00:00:00+00:00 [queued]>
[2024-03-31T23:52:59.980+0000] {taskinstance.py:1979} INFO - Dependencies all met for dep_context=requeueable deps ti=<TaskInstance: tomtom.import_tomtom_data_to_csv scheduled__2024-03-26T00:00:00+00:00 [queued]>
[2024-03-31T23:52:59.988+0000] {taskinstance.py:2193} INFO - Starting attempt 1 of 2
[2024-03-31T23:53:00.237+0000] {taskinstance.py:2217} INFO - Executing <Task(BashOperator): import_tomtom_data_to_csv> on 2024-03-26 00:00:00+00:00
[2024-03-31T23:53:00.257+0000] {standard_task_runner.py:60} INFO - Started process 249 to run task
[2024-03-31T23:53:00.281+0000] {standard_task_runner.py:87} INFO - Running: ['***', 'tasks', 'run', 'tomtom', 'import_tomtom_data_to_csv', 'scheduled__2024-03-26T00:00:00+00:00', '--job-id', '4', '--raw', '--subdir', 'DAGS_FOLDER/tomtom_dag.py', '--cfg-path', '/tmp/tmp2zszmq4h']
[2024-03-31T23:53:00.313+0000] {standard_task_runner.py:88} INFO - Job 4: Subtask import_tomtom_data_to_csv
[2024-03-31T23:53:00.478+0000] {logging_mixin.py:188} WARNING - /home/***/.local/lib/python3.8/site-packages/***/settings.py:194 DeprecationWarning: The sql_alchemy_conn option in [core] has been moved to the sql_alchemy_conn option in [database] - the old setting has been used, but please update your config.
[2024-03-31T23:53:00.982+0000] {task_command.py:423} INFO - Running <TaskInstance: tomtom.import_tomtom_data_to_csv scheduled__2024-03-26T00:00:00+00:00 [running]> on host eb2a2a17d989
[2024-03-31T23:53:01.761+0000] {taskinstance.py:2513} INFO - Exporting env vars: AIRFLOW_CTX_DAG_OWNER='***' AIRFLOW_CTX_DAG_ID='tomtom' AIRFLOW_CTX_TASK_ID='import_tomtom_data_to_csv' AIRFLOW_CTX_EXECUTION_DATE='2024-03-26T00:00:00+00:00' AIRFLOW_CTX_TRY_NUMBER='1' AIRFLOW_CTX_DAG_RUN_ID='scheduled__2024-03-26T00:00:00+00:00'
[2024-03-31T23:53:01.771+0000] {subprocess.py:63} INFO - Tmp dir root location: /tmp
[2024-03-31T23:53:01.777+0000] {subprocess.py:75} INFO - Running command: ['/usr/bin/bash', '-c', 'python /opt/***/dags/tomtom_ingestion.py --date 2024-03-26']
[2024-03-31T23:53:01.833+0000] {subprocess.py:86} INFO - Output:
[2024-03-31T23:53:08.060+0000] {subprocess.py:97} INFO - Command exited with return code 0
[2024-03-31T23:53:08.199+0000] {taskinstance.py:1149} INFO - Marking task as SUCCESS. dag_id=tomtom, task_id=import_tomtom_data_to_csv, execution_date=20240326T000000, start_date=20240331T235259, end_date=20240331T235308
[2024-03-31T23:53:08.298+0000] {local_task_job_runner.py:234} INFO - Task exited with return code 0
[2024-03-31T23:53:08.356+0000] {taskinstance.py:3312} INFO - 1 downstream tasks scheduled from follow-on schedule check
[2024-04-01T22:56:52.241+0000] {taskinstance.py:1979} INFO - Dependencies all met for dep_context=non-requeueable deps ti=<TaskInstance: tomtom.import_tomtom_data_to_csv scheduled__2024-03-26T00:00:00+00:00 [queued]>
[2024-04-01T22:56:52.280+0000] {taskinstance.py:1979} INFO - Dependencies all met for dep_context=requeueable deps ti=<TaskInstance: tomtom.import_tomtom_data_to_csv scheduled__2024-03-26T00:00:00+00:00 [queued]>
[2024-04-01T22:56:52.285+0000] {taskinstance.py:2193} INFO - Starting attempt 1 of 2
[2024-04-01T22:56:52.389+0000] {taskinstance.py:2217} INFO - Executing <Task(BashOperator): import_tomtom_data_to_csv> on 2024-03-26 00:00:00+00:00
[2024-04-01T22:56:52.421+0000] {standard_task_runner.py:60} INFO - Started process 333 to run task
[2024-04-01T22:56:52.517+0000] {standard_task_runner.py:87} INFO - Running: ['***', 'tasks', 'run', 'tomtom', 'import_tomtom_data_to_csv', 'scheduled__2024-03-26T00:00:00+00:00', '--job-id', '3', '--raw', '--subdir', 'DAGS_FOLDER/tomtom_dag.py', '--cfg-path', '/tmp/tmp2n4dbzsg']
[2024-04-01T22:56:52.544+0000] {standard_task_runner.py:88} INFO - Job 3: Subtask import_tomtom_data_to_csv
[2024-04-01T22:56:52.712+0000] {logging_mixin.py:188} WARNING - /home/***/.local/lib/python3.8/site-packages/***/settings.py:194 DeprecationWarning: The sql_alchemy_conn option in [core] has been moved to the sql_alchemy_conn option in [database] - the old setting has been used, but please update your config.
[2024-04-01T22:56:53.003+0000] {task_command.py:423} INFO - Running <TaskInstance: tomtom.import_tomtom_data_to_csv scheduled__2024-03-26T00:00:00+00:00 [running]> on host eb2a2a17d989
[2024-04-01T22:56:53.928+0000] {taskinstance.py:2513} INFO - Exporting env vars: AIRFLOW_CTX_DAG_OWNER='***' AIRFLOW_CTX_DAG_ID='tomtom' AIRFLOW_CTX_TASK_ID='import_tomtom_data_to_csv' AIRFLOW_CTX_EXECUTION_DATE='2024-03-26T00:00:00+00:00' AIRFLOW_CTX_TRY_NUMBER='1' AIRFLOW_CTX_DAG_RUN_ID='scheduled__2024-03-26T00:00:00+00:00'
[2024-04-01T22:56:53.937+0000] {subprocess.py:63} INFO - Tmp dir root location: /tmp
[2024-04-01T22:56:53.953+0000] {subprocess.py:75} INFO - Running command: ['/usr/bin/bash', '-c', 'python /opt/***/dags/tomtom_ingestion.py --date 2024-03-26']
[2024-04-01T22:56:54.038+0000] {subprocess.py:86} INFO - Output:
[2024-04-01T22:57:00.304+0000] {subprocess.py:97} INFO - Command exited with return code 0
[2024-04-01T22:57:00.511+0000] {taskinstance.py:1149} INFO - Marking task as SUCCESS. dag_id=tomtom, task_id=import_tomtom_data_to_csv, execution_date=20240326T000000, start_date=20240401T225652, end_date=20240401T225700
[2024-04-01T22:57:00.798+0000] {local_task_job_runner.py:234} INFO - Task exited with return code 0
[2024-04-01T22:57:00.968+0000] {taskinstance.py:3312} INFO - 1 downstream tasks scheduled from follow-on schedule check
[2024-04-01T23:29:20.868+0000] {taskinstance.py:1979} INFO - Dependencies all met for dep_context=non-requeueable deps ti=<TaskInstance: tomtom.import_tomtom_data_to_csv scheduled__2024-03-26T00:00:00+00:00 [queued]>
[2024-04-01T23:29:20.915+0000] {taskinstance.py:1979} INFO - Dependencies all met for dep_context=requeueable deps ti=<TaskInstance: tomtom.import_tomtom_data_to_csv scheduled__2024-03-26T00:00:00+00:00 [queued]>
[2024-04-01T23:29:20.922+0000] {taskinstance.py:2193} INFO - Starting attempt 1 of 2
[2024-04-01T23:29:21.013+0000] {taskinstance.py:2217} INFO - Executing <Task(BashOperator): import_tomtom_data_to_csv> on 2024-03-26 00:00:00+00:00
[2024-04-01T23:29:21.032+0000] {standard_task_runner.py:60} INFO - Started process 291 to run task
[2024-04-01T23:29:21.091+0000] {standard_task_runner.py:87} INFO - Running: ['***', 'tasks', 'run', 'tomtom', 'import_tomtom_data_to_csv', 'scheduled__2024-03-26T00:00:00+00:00', '--job-id', '3', '--raw', '--subdir', 'DAGS_FOLDER/tomtom_dag.py', '--cfg-path', '/tmp/tmp929q8_jg']
[2024-04-01T23:29:21.121+0000] {standard_task_runner.py:88} INFO - Job 3: Subtask import_tomtom_data_to_csv
[2024-04-01T23:29:21.238+0000] {logging_mixin.py:188} WARNING - /home/***/.local/lib/python3.8/site-packages/***/settings.py:194 DeprecationWarning: The sql_alchemy_conn option in [core] has been moved to the sql_alchemy_conn option in [database] - the old setting has been used, but please update your config.
[2024-04-01T23:29:21.457+0000] {task_command.py:423} INFO - Running <TaskInstance: tomtom.import_tomtom_data_to_csv scheduled__2024-03-26T00:00:00+00:00 [running]> on host d1eaa10b3e27
[2024-04-01T23:29:22.518+0000] {taskinstance.py:2513} INFO - Exporting env vars: AIRFLOW_CTX_DAG_OWNER='***' AIRFLOW_CTX_DAG_ID='tomtom' AIRFLOW_CTX_TASK_ID='import_tomtom_data_to_csv' AIRFLOW_CTX_EXECUTION_DATE='2024-03-26T00:00:00+00:00' AIRFLOW_CTX_TRY_NUMBER='1' AIRFLOW_CTX_DAG_RUN_ID='scheduled__2024-03-26T00:00:00+00:00'
[2024-04-01T23:29:22.525+0000] {subprocess.py:63} INFO - Tmp dir root location: /tmp
[2024-04-01T23:29:22.530+0000] {subprocess.py:75} INFO - Running command: ['/usr/bin/bash', '-c', 'python /opt/***/dags/tomtom_ingestion.py --date 2024-03-26']
[2024-04-01T23:29:22.588+0000] {subprocess.py:86} INFO - Output:
[2024-04-01T23:29:29.161+0000] {subprocess.py:97} INFO - Command exited with return code 0
[2024-04-01T23:29:29.535+0000] {taskinstance.py:1149} INFO - Marking task as SUCCESS. dag_id=tomtom, task_id=import_tomtom_data_to_csv, execution_date=20240326T000000, start_date=20240401T232920, end_date=20240401T232929
[2024-04-01T23:29:29.698+0000] {local_task_job_runner.py:234} INFO - Task exited with return code 0
[2024-04-01T23:29:29.791+0000] {taskinstance.py:3312} INFO - 1 downstream tasks scheduled from follow-on schedule check
[2024-04-01T23:39:28.779+0000] {taskinstance.py:1979} INFO - Dependencies all met for dep_context=non-requeueable deps ti=<TaskInstance: tomtom.import_tomtom_data_to_csv scheduled__2024-03-26T00:00:00+00:00 [queued]>
[2024-04-01T23:39:28.850+0000] {taskinstance.py:1979} INFO - Dependencies all met for dep_context=requeueable deps ti=<TaskInstance: tomtom.import_tomtom_data_to_csv scheduled__2024-03-26T00:00:00+00:00 [queued]>
[2024-04-01T23:39:28.854+0000] {taskinstance.py:2193} INFO - Starting attempt 1 of 2
[2024-04-01T23:39:28.957+0000] {taskinstance.py:2217} INFO - Executing <Task(BashOperator): import_tomtom_data_to_csv> on 2024-03-26 00:00:00+00:00
[2024-04-01T23:39:28.982+0000] {standard_task_runner.py:60} INFO - Started process 231 to run task
[2024-04-01T23:39:29.034+0000] {standard_task_runner.py:87} INFO - Running: ['***', 'tasks', 'run', 'tomtom', 'import_tomtom_data_to_csv', 'scheduled__2024-03-26T00:00:00+00:00', '--job-id', '3', '--raw', '--subdir', 'DAGS_FOLDER/tomtom_dag.py', '--cfg-path', '/tmp/tmpgwv563gf']
[2024-04-01T23:39:29.045+0000] {standard_task_runner.py:88} INFO - Job 3: Subtask import_tomtom_data_to_csv
[2024-04-01T23:39:29.171+0000] {logging_mixin.py:188} WARNING - /home/***/.local/lib/python3.8/site-packages/***/settings.py:194 DeprecationWarning: The sql_alchemy_conn option in [core] has been moved to the sql_alchemy_conn option in [database] - the old setting has been used, but please update your config.
[2024-04-01T23:39:29.410+0000] {task_command.py:423} INFO - Running <TaskInstance: tomtom.import_tomtom_data_to_csv scheduled__2024-03-26T00:00:00+00:00 [running]> on host d0452b3aa12f
[2024-04-01T23:39:29.943+0000] {taskinstance.py:2513} INFO - Exporting env vars: AIRFLOW_CTX_DAG_OWNER='***' AIRFLOW_CTX_DAG_ID='tomtom' AIRFLOW_CTX_TASK_ID='import_tomtom_data_to_csv' AIRFLOW_CTX_EXECUTION_DATE='2024-03-26T00:00:00+00:00' AIRFLOW_CTX_TRY_NUMBER='1' AIRFLOW_CTX_DAG_RUN_ID='scheduled__2024-03-26T00:00:00+00:00'
[2024-04-01T23:39:29.950+0000] {subprocess.py:63} INFO - Tmp dir root location: /tmp
[2024-04-01T23:39:29.957+0000] {subprocess.py:75} INFO - Running command: ['/usr/bin/bash', '-c', 'python /opt/***/dags/tomtom_ingestion.py --date 2024-03-26']
[2024-04-01T23:39:30.018+0000] {subprocess.py:86} INFO - Output:
[2024-04-01T23:39:38.167+0000] {subprocess.py:97} INFO - Command exited with return code 0
[2024-04-01T23:39:38.415+0000] {taskinstance.py:1149} INFO - Marking task as SUCCESS. dag_id=tomtom, task_id=import_tomtom_data_to_csv, execution_date=20240326T000000, start_date=20240401T233928, end_date=20240401T233938
[2024-04-01T23:39:38.572+0000] {local_task_job_runner.py:234} INFO - Task exited with return code 0
[2024-04-01T23:39:38.677+0000] {taskinstance.py:3312} INFO - 1 downstream tasks scheduled from follow-on schedule check
[2024-04-01T23:52:53.692+0000] {taskinstance.py:1979} INFO - Dependencies all met for dep_context=non-requeueable deps ti=<TaskInstance: tomtom.import_tomtom_data_to_csv scheduled__2024-03-26T00:00:00+00:00 [queued]>
[2024-04-01T23:52:53.742+0000] {taskinstance.py:1979} INFO - Dependencies all met for dep_context=requeueable deps ti=<TaskInstance: tomtom.import_tomtom_data_to_csv scheduled__2024-03-26T00:00:00+00:00 [queued]>
[2024-04-01T23:52:53.846+0000] {taskinstance.py:2193} INFO - Starting attempt 1 of 2
[2024-04-01T23:52:54.032+0000] {taskinstance.py:2217} INFO - Executing <Task(BashOperator): import_tomtom_data_to_csv> on 2024-03-26 00:00:00+00:00
[2024-04-01T23:52:54.052+0000] {standard_task_runner.py:60} INFO - Started process 231 to run task
[2024-04-01T23:52:54.132+0000] {standard_task_runner.py:87} INFO - Running: ['***', 'tasks', 'run', 'tomtom', 'import_tomtom_data_to_csv', 'scheduled__2024-03-26T00:00:00+00:00', '--job-id', '3', '--raw', '--subdir', 'DAGS_FOLDER/tomtom_dag.py', '--cfg-path', '/tmp/tmp_43567nq']
[2024-04-01T23:52:54.164+0000] {standard_task_runner.py:88} INFO - Job 3: Subtask import_tomtom_data_to_csv
[2024-04-01T23:52:54.393+0000] {logging_mixin.py:188} WARNING - /home/***/.local/lib/python3.8/site-packages/***/settings.py:194 DeprecationWarning: The sql_alchemy_conn option in [core] has been moved to the sql_alchemy_conn option in [database] - the old setting has been used, but please update your config.
[2024-04-01T23:52:54.795+0000] {task_command.py:423} INFO - Running <TaskInstance: tomtom.import_tomtom_data_to_csv scheduled__2024-03-26T00:00:00+00:00 [running]> on host 20ab91caeb49
[2024-04-01T23:52:55.528+0000] {taskinstance.py:2513} INFO - Exporting env vars: AIRFLOW_CTX_DAG_OWNER='***' AIRFLOW_CTX_DAG_ID='tomtom' AIRFLOW_CTX_TASK_ID='import_tomtom_data_to_csv' AIRFLOW_CTX_EXECUTION_DATE='2024-03-26T00:00:00+00:00' AIRFLOW_CTX_TRY_NUMBER='1' AIRFLOW_CTX_DAG_RUN_ID='scheduled__2024-03-26T00:00:00+00:00'
[2024-04-01T23:52:55.541+0000] {subprocess.py:63} INFO - Tmp dir root location: /tmp
[2024-04-01T23:52:55.558+0000] {subprocess.py:75} INFO - Running command: ['/usr/bin/bash', '-c', 'python /opt/***/dags/tomtom_ingestion.py --date 2024-03-26']
[2024-04-01T23:52:55.633+0000] {subprocess.py:86} INFO - Output:
[2024-04-01T23:53:02.349+0000] {subprocess.py:97} INFO - Command exited with return code 0
[2024-04-01T23:53:02.580+0000] {taskinstance.py:1149} INFO - Marking task as SUCCESS. dag_id=tomtom, task_id=import_tomtom_data_to_csv, execution_date=20240326T000000, start_date=20240401T235253, end_date=20240401T235302
[2024-04-01T23:53:02.800+0000] {local_task_job_runner.py:234} INFO - Task exited with return code 0
[2024-04-01T23:53:02.888+0000] {taskinstance.py:3312} INFO - 1 downstream tasks scheduled from follow-on schedule check
