[2024-03-31T23:53:02.245+0000] {taskinstance.py:1979} INFO - Dependencies all met for dep_context=non-requeueable deps ti=<TaskInstance: tomtom.import_tomtom_data_to_csv scheduled__2024-03-30T00:00:00+00:00 [queued]>
[2024-03-31T23:53:02.294+0000] {taskinstance.py:1979} INFO - Dependencies all met for dep_context=requeueable deps ti=<TaskInstance: tomtom.import_tomtom_data_to_csv scheduled__2024-03-30T00:00:00+00:00 [queued]>
[2024-03-31T23:53:02.301+0000] {taskinstance.py:2193} INFO - Starting attempt 1 of 2
[2024-03-31T23:53:02.377+0000] {taskinstance.py:2217} INFO - Executing <Task(BashOperator): import_tomtom_data_to_csv> on 2024-03-30 00:00:00+00:00
[2024-03-31T23:53:02.392+0000] {standard_task_runner.py:60} INFO - Started process 260 to run task
[2024-03-31T23:53:02.431+0000] {standard_task_runner.py:87} INFO - Running: ['***', 'tasks', 'run', 'tomtom', 'import_tomtom_data_to_csv', 'scheduled__2024-03-30T00:00:00+00:00', '--job-id', '8', '--raw', '--subdir', 'DAGS_FOLDER/tomtom_dag.py', '--cfg-path', '/tmp/tmpi4reuzbh']
[2024-03-31T23:53:02.461+0000] {standard_task_runner.py:88} INFO - Job 8: Subtask import_tomtom_data_to_csv
[2024-03-31T23:53:02.570+0000] {logging_mixin.py:188} WARNING - /home/***/.local/lib/python3.8/site-packages/***/settings.py:194 DeprecationWarning: The sql_alchemy_conn option in [core] has been moved to the sql_alchemy_conn option in [database] - the old setting has been used, but please update your config.
[2024-03-31T23:53:02.843+0000] {task_command.py:423} INFO - Running <TaskInstance: tomtom.import_tomtom_data_to_csv scheduled__2024-03-30T00:00:00+00:00 [running]> on host eb2a2a17d989
[2024-03-31T23:53:03.412+0000] {taskinstance.py:2513} INFO - Exporting env vars: AIRFLOW_CTX_DAG_OWNER='***' AIRFLOW_CTX_DAG_ID='tomtom' AIRFLOW_CTX_TASK_ID='import_tomtom_data_to_csv' AIRFLOW_CTX_EXECUTION_DATE='2024-03-30T00:00:00+00:00' AIRFLOW_CTX_TRY_NUMBER='1' AIRFLOW_CTX_DAG_RUN_ID='scheduled__2024-03-30T00:00:00+00:00'
[2024-03-31T23:53:03.424+0000] {subprocess.py:63} INFO - Tmp dir root location: /tmp
[2024-03-31T23:53:03.432+0000] {subprocess.py:75} INFO - Running command: ['/usr/bin/bash', '-c', 'python /opt/***/dags/tomtom_ingestion.py --date 2024-03-30']
[2024-03-31T23:53:03.501+0000] {subprocess.py:86} INFO - Output:
[2024-03-31T23:53:08.087+0000] {subprocess.py:97} INFO - Command exited with return code 0
[2024-03-31T23:53:08.198+0000] {taskinstance.py:1149} INFO - Marking task as SUCCESS. dag_id=tomtom, task_id=import_tomtom_data_to_csv, execution_date=20240330T000000, start_date=20240331T235302, end_date=20240331T235308
[2024-03-31T23:53:08.303+0000] {local_task_job_runner.py:234} INFO - Task exited with return code 0
[2024-03-31T23:53:08.464+0000] {taskinstance.py:3312} INFO - 0 downstream tasks scheduled from follow-on schedule check
[2024-04-01T22:56:54.408+0000] {taskinstance.py:1979} INFO - Dependencies all met for dep_context=non-requeueable deps ti=<TaskInstance: tomtom.import_tomtom_data_to_csv scheduled__2024-03-30T00:00:00+00:00 [queued]>
[2024-04-01T22:56:54.451+0000] {taskinstance.py:1979} INFO - Dependencies all met for dep_context=requeueable deps ti=<TaskInstance: tomtom.import_tomtom_data_to_csv scheduled__2024-03-30T00:00:00+00:00 [queued]>
[2024-04-01T22:56:54.454+0000] {taskinstance.py:2193} INFO - Starting attempt 1 of 2
[2024-04-01T22:56:54.656+0000] {taskinstance.py:2217} INFO - Executing <Task(BashOperator): import_tomtom_data_to_csv> on 2024-03-30 00:00:00+00:00
[2024-04-01T22:56:54.671+0000] {standard_task_runner.py:60} INFO - Started process 342 to run task
[2024-04-01T22:56:54.703+0000] {standard_task_runner.py:87} INFO - Running: ['***', 'tasks', 'run', 'tomtom', 'import_tomtom_data_to_csv', 'scheduled__2024-03-30T00:00:00+00:00', '--job-id', '7', '--raw', '--subdir', 'DAGS_FOLDER/tomtom_dag.py', '--cfg-path', '/tmp/tmp4ffua19z']
[2024-04-01T22:56:54.727+0000] {standard_task_runner.py:88} INFO - Job 7: Subtask import_tomtom_data_to_csv
[2024-04-01T22:56:54.836+0000] {logging_mixin.py:188} WARNING - /home/***/.local/lib/python3.8/site-packages/***/settings.py:194 DeprecationWarning: The sql_alchemy_conn option in [core] has been moved to the sql_alchemy_conn option in [database] - the old setting has been used, but please update your config.
[2024-04-01T22:56:55.107+0000] {task_command.py:423} INFO - Running <TaskInstance: tomtom.import_tomtom_data_to_csv scheduled__2024-03-30T00:00:00+00:00 [running]> on host eb2a2a17d989
[2024-04-01T22:56:55.636+0000] {taskinstance.py:2513} INFO - Exporting env vars: AIRFLOW_CTX_DAG_OWNER='***' AIRFLOW_CTX_DAG_ID='tomtom' AIRFLOW_CTX_TASK_ID='import_tomtom_data_to_csv' AIRFLOW_CTX_EXECUTION_DATE='2024-03-30T00:00:00+00:00' AIRFLOW_CTX_TRY_NUMBER='1' AIRFLOW_CTX_DAG_RUN_ID='scheduled__2024-03-30T00:00:00+00:00'
[2024-04-01T22:56:55.669+0000] {subprocess.py:63} INFO - Tmp dir root location: /tmp
[2024-04-01T22:56:55.675+0000] {subprocess.py:75} INFO - Running command: ['/usr/bin/bash', '-c', 'python /opt/***/dags/tomtom_ingestion.py --date 2024-03-30']
[2024-04-01T22:56:55.735+0000] {subprocess.py:86} INFO - Output:
[2024-04-01T22:57:00.257+0000] {subprocess.py:97} INFO - Command exited with return code 0
[2024-04-01T22:57:00.469+0000] {taskinstance.py:1149} INFO - Marking task as SUCCESS. dag_id=tomtom, task_id=import_tomtom_data_to_csv, execution_date=20240330T000000, start_date=20240401T225654, end_date=20240401T225700
[2024-04-01T22:57:00.806+0000] {local_task_job_runner.py:234} INFO - Task exited with return code 0
[2024-04-01T22:57:00.932+0000] {taskinstance.py:3312} INFO - 1 downstream tasks scheduled from follow-on schedule check
[2024-04-01T23:29:23.015+0000] {taskinstance.py:1979} INFO - Dependencies all met for dep_context=non-requeueable deps ti=<TaskInstance: tomtom.import_tomtom_data_to_csv scheduled__2024-03-30T00:00:00+00:00 [queued]>
[2024-04-01T23:29:23.075+0000] {taskinstance.py:1979} INFO - Dependencies all met for dep_context=requeueable deps ti=<TaskInstance: tomtom.import_tomtom_data_to_csv scheduled__2024-03-30T00:00:00+00:00 [queued]>
[2024-04-01T23:29:23.080+0000] {taskinstance.py:2193} INFO - Starting attempt 1 of 2
[2024-04-01T23:29:23.166+0000] {taskinstance.py:2217} INFO - Executing <Task(BashOperator): import_tomtom_data_to_csv> on 2024-03-30 00:00:00+00:00
[2024-04-01T23:29:23.186+0000] {standard_task_runner.py:60} INFO - Started process 300 to run task
[2024-04-01T23:29:23.229+0000] {standard_task_runner.py:87} INFO - Running: ['***', 'tasks', 'run', 'tomtom', 'import_tomtom_data_to_csv', 'scheduled__2024-03-30T00:00:00+00:00', '--job-id', '7', '--raw', '--subdir', 'DAGS_FOLDER/tomtom_dag.py', '--cfg-path', '/tmp/tmpuqdegwqa']
[2024-04-01T23:29:23.261+0000] {standard_task_runner.py:88} INFO - Job 7: Subtask import_tomtom_data_to_csv
[2024-04-01T23:29:23.374+0000] {logging_mixin.py:188} WARNING - /home/***/.local/lib/python3.8/site-packages/***/settings.py:194 DeprecationWarning: The sql_alchemy_conn option in [core] has been moved to the sql_alchemy_conn option in [database] - the old setting has been used, but please update your config.
[2024-04-01T23:29:23.608+0000] {task_command.py:423} INFO - Running <TaskInstance: tomtom.import_tomtom_data_to_csv scheduled__2024-03-30T00:00:00+00:00 [running]> on host d1eaa10b3e27
[2024-04-01T23:29:24.036+0000] {taskinstance.py:2513} INFO - Exporting env vars: AIRFLOW_CTX_DAG_OWNER='***' AIRFLOW_CTX_DAG_ID='tomtom' AIRFLOW_CTX_TASK_ID='import_tomtom_data_to_csv' AIRFLOW_CTX_EXECUTION_DATE='2024-03-30T00:00:00+00:00' AIRFLOW_CTX_TRY_NUMBER='1' AIRFLOW_CTX_DAG_RUN_ID='scheduled__2024-03-30T00:00:00+00:00'
[2024-04-01T23:29:24.044+0000] {subprocess.py:63} INFO - Tmp dir root location: /tmp
[2024-04-01T23:29:24.053+0000] {subprocess.py:75} INFO - Running command: ['/usr/bin/bash', '-c', 'python /opt/***/dags/tomtom_ingestion.py --date 2024-03-30']
[2024-04-01T23:29:24.122+0000] {subprocess.py:86} INFO - Output:
[2024-04-01T23:29:29.018+0000] {subprocess.py:97} INFO - Command exited with return code 0
[2024-04-01T23:29:29.316+0000] {taskinstance.py:1149} INFO - Marking task as SUCCESS. dag_id=tomtom, task_id=import_tomtom_data_to_csv, execution_date=20240330T000000, start_date=20240401T232923, end_date=20240401T232929
[2024-04-01T23:29:29.563+0000] {local_task_job_runner.py:234} INFO - Task exited with return code 0
[2024-04-01T23:29:29.646+0000] {taskinstance.py:3312} INFO - 1 downstream tasks scheduled from follow-on schedule check
[2024-04-01T23:39:30.811+0000] {taskinstance.py:1979} INFO - Dependencies all met for dep_context=non-requeueable deps ti=<TaskInstance: tomtom.import_tomtom_data_to_csv scheduled__2024-03-30T00:00:00+00:00 [queued]>
[2024-04-01T23:39:30.851+0000] {taskinstance.py:1979} INFO - Dependencies all met for dep_context=requeueable deps ti=<TaskInstance: tomtom.import_tomtom_data_to_csv scheduled__2024-03-30T00:00:00+00:00 [queued]>
[2024-04-01T23:39:30.866+0000] {taskinstance.py:2193} INFO - Starting attempt 1 of 2
[2024-04-01T23:39:30.971+0000] {taskinstance.py:2217} INFO - Executing <Task(BashOperator): import_tomtom_data_to_csv> on 2024-03-30 00:00:00+00:00
[2024-04-01T23:39:30.982+0000] {standard_task_runner.py:60} INFO - Started process 243 to run task
[2024-04-01T23:39:30.999+0000] {standard_task_runner.py:87} INFO - Running: ['***', 'tasks', 'run', 'tomtom', 'import_tomtom_data_to_csv', 'scheduled__2024-03-30T00:00:00+00:00', '--job-id', '7', '--raw', '--subdir', 'DAGS_FOLDER/tomtom_dag.py', '--cfg-path', '/tmp/tmp058um0_7']
[2024-04-01T23:39:31.026+0000] {standard_task_runner.py:88} INFO - Job 7: Subtask import_tomtom_data_to_csv
[2024-04-01T23:39:31.162+0000] {logging_mixin.py:188} WARNING - /home/***/.local/lib/python3.8/site-packages/***/settings.py:194 DeprecationWarning: The sql_alchemy_conn option in [core] has been moved to the sql_alchemy_conn option in [database] - the old setting has been used, but please update your config.
[2024-04-01T23:39:31.396+0000] {task_command.py:423} INFO - Running <TaskInstance: tomtom.import_tomtom_data_to_csv scheduled__2024-03-30T00:00:00+00:00 [running]> on host d0452b3aa12f
[2024-04-01T23:39:31.858+0000] {taskinstance.py:2513} INFO - Exporting env vars: AIRFLOW_CTX_DAG_OWNER='***' AIRFLOW_CTX_DAG_ID='tomtom' AIRFLOW_CTX_TASK_ID='import_tomtom_data_to_csv' AIRFLOW_CTX_EXECUTION_DATE='2024-03-30T00:00:00+00:00' AIRFLOW_CTX_TRY_NUMBER='1' AIRFLOW_CTX_DAG_RUN_ID='scheduled__2024-03-30T00:00:00+00:00'
[2024-04-01T23:39:31.867+0000] {subprocess.py:63} INFO - Tmp dir root location: /tmp
[2024-04-01T23:39:31.872+0000] {subprocess.py:75} INFO - Running command: ['/usr/bin/bash', '-c', 'python /opt/***/dags/tomtom_ingestion.py --date 2024-03-30']
[2024-04-01T23:39:31.950+0000] {subprocess.py:86} INFO - Output:
[2024-04-01T23:39:41.234+0000] {subprocess.py:97} INFO - Command exited with return code 0
[2024-04-01T23:39:41.502+0000] {taskinstance.py:1149} INFO - Marking task as SUCCESS. dag_id=tomtom, task_id=import_tomtom_data_to_csv, execution_date=20240330T000000, start_date=20240401T233930, end_date=20240401T233941
[2024-04-01T23:39:41.747+0000] {local_task_job_runner.py:234} INFO - Task exited with return code 0
[2024-04-01T23:39:42.085+0000] {taskinstance.py:3312} INFO - 1 downstream tasks scheduled from follow-on schedule check
[2024-04-01T23:52:56.255+0000] {taskinstance.py:1979} INFO - Dependencies all met for dep_context=non-requeueable deps ti=<TaskInstance: tomtom.import_tomtom_data_to_csv scheduled__2024-03-30T00:00:00+00:00 [queued]>
[2024-04-01T23:52:56.315+0000] {taskinstance.py:1979} INFO - Dependencies all met for dep_context=requeueable deps ti=<TaskInstance: tomtom.import_tomtom_data_to_csv scheduled__2024-03-30T00:00:00+00:00 [queued]>
[2024-04-01T23:52:56.319+0000] {taskinstance.py:2193} INFO - Starting attempt 1 of 2
[2024-04-01T23:52:56.393+0000] {taskinstance.py:2217} INFO - Executing <Task(BashOperator): import_tomtom_data_to_csv> on 2024-03-30 00:00:00+00:00
[2024-04-01T23:52:56.405+0000] {standard_task_runner.py:60} INFO - Started process 243 to run task
[2024-04-01T23:52:56.449+0000] {standard_task_runner.py:87} INFO - Running: ['***', 'tasks', 'run', 'tomtom', 'import_tomtom_data_to_csv', 'scheduled__2024-03-30T00:00:00+00:00', '--job-id', '7', '--raw', '--subdir', 'DAGS_FOLDER/tomtom_dag.py', '--cfg-path', '/tmp/tmps1fsf0il']
[2024-04-01T23:52:56.467+0000] {standard_task_runner.py:88} INFO - Job 7: Subtask import_tomtom_data_to_csv
[2024-04-01T23:52:56.582+0000] {logging_mixin.py:188} WARNING - /home/***/.local/lib/python3.8/site-packages/***/settings.py:194 DeprecationWarning: The sql_alchemy_conn option in [core] has been moved to the sql_alchemy_conn option in [database] - the old setting has been used, but please update your config.
[2024-04-01T23:52:56.789+0000] {task_command.py:423} INFO - Running <TaskInstance: tomtom.import_tomtom_data_to_csv scheduled__2024-03-30T00:00:00+00:00 [running]> on host 20ab91caeb49
[2024-04-01T23:52:57.292+0000] {taskinstance.py:2513} INFO - Exporting env vars: AIRFLOW_CTX_DAG_OWNER='***' AIRFLOW_CTX_DAG_ID='tomtom' AIRFLOW_CTX_TASK_ID='import_tomtom_data_to_csv' AIRFLOW_CTX_EXECUTION_DATE='2024-03-30T00:00:00+00:00' AIRFLOW_CTX_TRY_NUMBER='1' AIRFLOW_CTX_DAG_RUN_ID='scheduled__2024-03-30T00:00:00+00:00'
[2024-04-01T23:52:57.300+0000] {subprocess.py:63} INFO - Tmp dir root location: /tmp
[2024-04-01T23:52:57.304+0000] {subprocess.py:75} INFO - Running command: ['/usr/bin/bash', '-c', 'python /opt/***/dags/tomtom_ingestion.py --date 2024-03-30']
[2024-04-01T23:52:57.356+0000] {subprocess.py:86} INFO - Output:
[2024-04-01T23:53:02.460+0000] {subprocess.py:97} INFO - Command exited with return code 0
[2024-04-01T23:53:02.684+0000] {taskinstance.py:1149} INFO - Marking task as SUCCESS. dag_id=tomtom, task_id=import_tomtom_data_to_csv, execution_date=20240330T000000, start_date=20240401T235256, end_date=20240401T235302
[2024-04-01T23:53:02.998+0000] {local_task_job_runner.py:234} INFO - Task exited with return code 0
[2024-04-01T23:53:03.087+0000] {taskinstance.py:3312} INFO - 1 downstream tasks scheduled from follow-on schedule check
[2024-04-02T21:26:23.236+0000] {taskinstance.py:1979} INFO - Dependencies all met for dep_context=non-requeueable deps ti=<TaskInstance: tomtom.import_tomtom_data_to_csv scheduled__2024-03-30T00:00:00+00:00 [queued]>
[2024-04-02T21:26:23.305+0000] {taskinstance.py:1979} INFO - Dependencies all met for dep_context=requeueable deps ti=<TaskInstance: tomtom.import_tomtom_data_to_csv scheduled__2024-03-30T00:00:00+00:00 [queued]>
[2024-04-02T21:26:23.308+0000] {taskinstance.py:2193} INFO - Starting attempt 1 of 2
[2024-04-02T21:26:23.398+0000] {taskinstance.py:2217} INFO - Executing <Task(BashOperator): import_tomtom_data_to_csv> on 2024-03-30 00:00:00+00:00
[2024-04-02T21:26:23.418+0000] {standard_task_runner.py:60} INFO - Started process 267 to run task
[2024-04-02T21:26:23.472+0000] {standard_task_runner.py:87} INFO - Running: ['***', 'tasks', 'run', 'tomtom', 'import_tomtom_data_to_csv', 'scheduled__2024-03-30T00:00:00+00:00', '--job-id', '6', '--raw', '--subdir', 'DAGS_FOLDER/tomtom_dag.py', '--cfg-path', '/tmp/tmpjrpgr62b']
[2024-04-02T21:26:23.499+0000] {standard_task_runner.py:88} INFO - Job 6: Subtask import_tomtom_data_to_csv
[2024-04-02T21:26:23.699+0000] {logging_mixin.py:188} WARNING - /home/***/.local/lib/python3.8/site-packages/***/settings.py:194 DeprecationWarning: The sql_alchemy_conn option in [core] has been moved to the sql_alchemy_conn option in [database] - the old setting has been used, but please update your config.
[2024-04-02T21:26:25.000+0000] {task_command.py:423} INFO - Running <TaskInstance: tomtom.import_tomtom_data_to_csv scheduled__2024-03-30T00:00:00+00:00 [running]> on host e8080c3449d7
[2024-04-02T21:26:26.879+0000] {taskinstance.py:2513} INFO - Exporting env vars: AIRFLOW_CTX_DAG_OWNER='***' AIRFLOW_CTX_DAG_ID='tomtom' AIRFLOW_CTX_TASK_ID='import_tomtom_data_to_csv' AIRFLOW_CTX_EXECUTION_DATE='2024-03-30T00:00:00+00:00' AIRFLOW_CTX_TRY_NUMBER='1' AIRFLOW_CTX_DAG_RUN_ID='scheduled__2024-03-30T00:00:00+00:00'
[2024-04-02T21:26:26.889+0000] {subprocess.py:63} INFO - Tmp dir root location: /tmp
[2024-04-02T21:26:26.895+0000] {subprocess.py:75} INFO - Running command: ['/usr/bin/bash', '-c', 'python /opt/***/dags/tomtom_ingestion.py --date 2024-03-30']
[2024-04-02T21:26:27.011+0000] {subprocess.py:86} INFO - Output:
[2024-04-02T21:26:42.371+0000] {subprocess.py:97} INFO - Command exited with return code 0
[2024-04-02T21:26:42.818+0000] {taskinstance.py:1149} INFO - Marking task as SUCCESS. dag_id=tomtom, task_id=import_tomtom_data_to_csv, execution_date=20240330T000000, start_date=20240402T212623, end_date=20240402T212642
[2024-04-02T21:26:43.777+0000] {local_task_job_runner.py:234} INFO - Task exited with return code 0
[2024-04-02T21:26:44.161+0000] {taskinstance.py:3312} INFO - 1 downstream tasks scheduled from follow-on schedule check
