[2024-04-01T00:00:01.372+0000] {taskinstance.py:1979} INFO - Dependencies all met for dep_context=non-requeueable deps ti=<TaskInstance: tomtom.import_tomtom_data_to_csv scheduled__2024-03-31T00:00:00+00:00 [queued]>
[2024-04-01T00:00:01.419+0000] {taskinstance.py:1979} INFO - Dependencies all met for dep_context=requeueable deps ti=<TaskInstance: tomtom.import_tomtom_data_to_csv scheduled__2024-03-31T00:00:00+00:00 [queued]>
[2024-04-01T00:00:01.426+0000] {taskinstance.py:2193} INFO - Starting attempt 1 of 2
[2024-04-01T00:00:01.574+0000] {taskinstance.py:2217} INFO - Executing <Task(BashOperator): import_tomtom_data_to_csv> on 2024-03-31 00:00:00+00:00
[2024-04-01T00:00:01.588+0000] {standard_task_runner.py:60} INFO - Started process 526 to run task
[2024-04-01T00:00:01.599+0000] {standard_task_runner.py:87} INFO - Running: ['***', 'tasks', 'run', 'tomtom', 'import_tomtom_data_to_csv', 'scheduled__2024-03-31T00:00:00+00:00', '--job-id', '15', '--raw', '--subdir', 'DAGS_FOLDER/tomtom_dag.py', '--cfg-path', '/tmp/tmpfd382tj9']
[2024-04-01T00:00:01.611+0000] {standard_task_runner.py:88} INFO - Job 15: Subtask import_tomtom_data_to_csv
[2024-04-01T00:00:01.666+0000] {logging_mixin.py:188} WARNING - /home/***/.local/lib/python3.8/site-packages/***/settings.py:194 DeprecationWarning: The sql_alchemy_conn option in [core] has been moved to the sql_alchemy_conn option in [database] - the old setting has been used, but please update your config.
[2024-04-01T00:00:01.740+0000] {task_command.py:423} INFO - Running <TaskInstance: tomtom.import_tomtom_data_to_csv scheduled__2024-03-31T00:00:00+00:00 [running]> on host eb2a2a17d989
[2024-04-01T00:00:01.913+0000] {taskinstance.py:2513} INFO - Exporting env vars: AIRFLOW_CTX_DAG_OWNER='***' AIRFLOW_CTX_DAG_ID='tomtom' AIRFLOW_CTX_TASK_ID='import_tomtom_data_to_csv' AIRFLOW_CTX_EXECUTION_DATE='2024-03-31T00:00:00+00:00' AIRFLOW_CTX_TRY_NUMBER='1' AIRFLOW_CTX_DAG_RUN_ID='scheduled__2024-03-31T00:00:00+00:00'
[2024-04-01T00:00:01.919+0000] {subprocess.py:63} INFO - Tmp dir root location: /tmp
[2024-04-01T00:00:01.923+0000] {subprocess.py:75} INFO - Running command: ['/usr/bin/bash', '-c', 'python /opt/***/dags/tomtom_ingestion.py --date 2024-03-31']
[2024-04-01T00:00:01.953+0000] {subprocess.py:86} INFO - Output:
[2024-04-01T00:00:04.320+0000] {subprocess.py:97} INFO - Command exited with return code 0
[2024-04-01T00:00:04.409+0000] {taskinstance.py:1149} INFO - Marking task as SUCCESS. dag_id=tomtom, task_id=import_tomtom_data_to_csv, execution_date=20240331T000000, start_date=20240401T000001, end_date=20240401T000004
[2024-04-01T00:00:04.520+0000] {local_task_job_runner.py:234} INFO - Task exited with return code 0
[2024-04-01T00:00:04.584+0000] {taskinstance.py:3312} INFO - 1 downstream tasks scheduled from follow-on schedule check
[2024-04-01T22:56:55.130+0000] {taskinstance.py:1979} INFO - Dependencies all met for dep_context=non-requeueable deps ti=<TaskInstance: tomtom.import_tomtom_data_to_csv scheduled__2024-03-31T00:00:00+00:00 [queued]>
[2024-04-01T22:56:55.205+0000] {taskinstance.py:1979} INFO - Dependencies all met for dep_context=requeueable deps ti=<TaskInstance: tomtom.import_tomtom_data_to_csv scheduled__2024-03-31T00:00:00+00:00 [queued]>
[2024-04-01T22:56:55.210+0000] {taskinstance.py:2193} INFO - Starting attempt 1 of 2
[2024-04-01T22:56:55.305+0000] {taskinstance.py:2217} INFO - Executing <Task(BashOperator): import_tomtom_data_to_csv> on 2024-03-31 00:00:00+00:00
[2024-04-01T22:56:55.327+0000] {standard_task_runner.py:60} INFO - Started process 351 to run task
[2024-04-01T22:56:55.358+0000] {standard_task_runner.py:87} INFO - Running: ['***', 'tasks', 'run', 'tomtom', 'import_tomtom_data_to_csv', 'scheduled__2024-03-31T00:00:00+00:00', '--job-id', '8', '--raw', '--subdir', 'DAGS_FOLDER/tomtom_dag.py', '--cfg-path', '/tmp/tmpd_u9uin6']
[2024-04-01T22:56:55.372+0000] {standard_task_runner.py:88} INFO - Job 8: Subtask import_tomtom_data_to_csv
[2024-04-01T22:56:55.473+0000] {logging_mixin.py:188} WARNING - /home/***/.local/lib/python3.8/site-packages/***/settings.py:194 DeprecationWarning: The sql_alchemy_conn option in [core] has been moved to the sql_alchemy_conn option in [database] - the old setting has been used, but please update your config.
[2024-04-01T22:56:55.868+0000] {task_command.py:423} INFO - Running <TaskInstance: tomtom.import_tomtom_data_to_csv scheduled__2024-03-31T00:00:00+00:00 [running]> on host eb2a2a17d989
[2024-04-01T22:56:56.527+0000] {taskinstance.py:2513} INFO - Exporting env vars: AIRFLOW_CTX_DAG_OWNER='***' AIRFLOW_CTX_DAG_ID='tomtom' AIRFLOW_CTX_TASK_ID='import_tomtom_data_to_csv' AIRFLOW_CTX_EXECUTION_DATE='2024-03-31T00:00:00+00:00' AIRFLOW_CTX_TRY_NUMBER='1' AIRFLOW_CTX_DAG_RUN_ID='scheduled__2024-03-31T00:00:00+00:00'
[2024-04-01T22:56:56.540+0000] {subprocess.py:63} INFO - Tmp dir root location: /tmp
[2024-04-01T22:56:56.566+0000] {subprocess.py:75} INFO - Running command: ['/usr/bin/bash', '-c', 'python /opt/***/dags/tomtom_ingestion.py --date 2024-03-31']
[2024-04-01T22:56:56.677+0000] {subprocess.py:86} INFO - Output:
[2024-04-01T22:57:00.536+0000] {subprocess.py:97} INFO - Command exited with return code 0
[2024-04-01T22:57:00.764+0000] {taskinstance.py:1149} INFO - Marking task as SUCCESS. dag_id=tomtom, task_id=import_tomtom_data_to_csv, execution_date=20240331T000000, start_date=20240401T225655, end_date=20240401T225700
[2024-04-01T22:57:00.938+0000] {local_task_job_runner.py:234} INFO - Task exited with return code 0
[2024-04-01T22:57:01.181+0000] {taskinstance.py:3312} INFO - 0 downstream tasks scheduled from follow-on schedule check
[2024-04-01T23:29:23.502+0000] {taskinstance.py:1979} INFO - Dependencies all met for dep_context=non-requeueable deps ti=<TaskInstance: tomtom.import_tomtom_data_to_csv scheduled__2024-03-31T00:00:00+00:00 [queued]>
[2024-04-01T23:29:23.551+0000] {taskinstance.py:1979} INFO - Dependencies all met for dep_context=requeueable deps ti=<TaskInstance: tomtom.import_tomtom_data_to_csv scheduled__2024-03-31T00:00:00+00:00 [queued]>
[2024-04-01T23:29:23.556+0000] {taskinstance.py:2193} INFO - Starting attempt 1 of 2
[2024-04-01T23:29:23.679+0000] {taskinstance.py:2217} INFO - Executing <Task(BashOperator): import_tomtom_data_to_csv> on 2024-03-31 00:00:00+00:00
[2024-04-01T23:29:23.694+0000] {standard_task_runner.py:60} INFO - Started process 306 to run task
[2024-04-01T23:29:23.732+0000] {standard_task_runner.py:87} INFO - Running: ['***', 'tasks', 'run', 'tomtom', 'import_tomtom_data_to_csv', 'scheduled__2024-03-31T00:00:00+00:00', '--job-id', '8', '--raw', '--subdir', 'DAGS_FOLDER/tomtom_dag.py', '--cfg-path', '/tmp/tmpb0cq8w14']
[2024-04-01T23:29:23.756+0000] {standard_task_runner.py:88} INFO - Job 8: Subtask import_tomtom_data_to_csv
[2024-04-01T23:29:23.888+0000] {logging_mixin.py:188} WARNING - /home/***/.local/lib/python3.8/site-packages/***/settings.py:194 DeprecationWarning: The sql_alchemy_conn option in [core] has been moved to the sql_alchemy_conn option in [database] - the old setting has been used, but please update your config.
[2024-04-01T23:29:24.149+0000] {task_command.py:423} INFO - Running <TaskInstance: tomtom.import_tomtom_data_to_csv scheduled__2024-03-31T00:00:00+00:00 [running]> on host d1eaa10b3e27
[2024-04-01T23:29:24.594+0000] {taskinstance.py:2513} INFO - Exporting env vars: AIRFLOW_CTX_DAG_OWNER='***' AIRFLOW_CTX_DAG_ID='tomtom' AIRFLOW_CTX_TASK_ID='import_tomtom_data_to_csv' AIRFLOW_CTX_EXECUTION_DATE='2024-03-31T00:00:00+00:00' AIRFLOW_CTX_TRY_NUMBER='1' AIRFLOW_CTX_DAG_RUN_ID='scheduled__2024-03-31T00:00:00+00:00'
[2024-04-01T23:29:24.601+0000] {subprocess.py:63} INFO - Tmp dir root location: /tmp
[2024-04-01T23:29:24.608+0000] {subprocess.py:75} INFO - Running command: ['/usr/bin/bash', '-c', 'python /opt/***/dags/tomtom_ingestion.py --date 2024-03-31']
[2024-04-01T23:29:24.638+0000] {subprocess.py:86} INFO - Output:
[2024-04-01T23:29:29.060+0000] {subprocess.py:97} INFO - Command exited with return code 0
[2024-04-01T23:29:29.379+0000] {taskinstance.py:1149} INFO - Marking task as SUCCESS. dag_id=tomtom, task_id=import_tomtom_data_to_csv, execution_date=20240331T000000, start_date=20240401T232923, end_date=20240401T232929
[2024-04-01T23:29:29.617+0000] {local_task_job_runner.py:234} INFO - Task exited with return code 0
[2024-04-01T23:29:29.718+0000] {taskinstance.py:3312} INFO - 1 downstream tasks scheduled from follow-on schedule check
[2024-04-01T23:39:31.323+0000] {taskinstance.py:1979} INFO - Dependencies all met for dep_context=non-requeueable deps ti=<TaskInstance: tomtom.import_tomtom_data_to_csv scheduled__2024-03-31T00:00:00+00:00 [queued]>
[2024-04-01T23:39:31.394+0000] {taskinstance.py:1979} INFO - Dependencies all met for dep_context=requeueable deps ti=<TaskInstance: tomtom.import_tomtom_data_to_csv scheduled__2024-03-31T00:00:00+00:00 [queued]>
[2024-04-01T23:39:31.400+0000] {taskinstance.py:2193} INFO - Starting attempt 1 of 2
[2024-04-01T23:39:31.510+0000] {taskinstance.py:2217} INFO - Executing <Task(BashOperator): import_tomtom_data_to_csv> on 2024-03-31 00:00:00+00:00
[2024-04-01T23:39:31.534+0000] {standard_task_runner.py:60} INFO - Started process 248 to run task
[2024-04-01T23:39:31.555+0000] {standard_task_runner.py:87} INFO - Running: ['***', 'tasks', 'run', 'tomtom', 'import_tomtom_data_to_csv', 'scheduled__2024-03-31T00:00:00+00:00', '--job-id', '8', '--raw', '--subdir', 'DAGS_FOLDER/tomtom_dag.py', '--cfg-path', '/tmp/tmp4wgzw62u']
[2024-04-01T23:39:31.569+0000] {standard_task_runner.py:88} INFO - Job 8: Subtask import_tomtom_data_to_csv
[2024-04-01T23:39:31.677+0000] {logging_mixin.py:188} WARNING - /home/***/.local/lib/python3.8/site-packages/***/settings.py:194 DeprecationWarning: The sql_alchemy_conn option in [core] has been moved to the sql_alchemy_conn option in [database] - the old setting has been used, but please update your config.
[2024-04-01T23:39:31.893+0000] {task_command.py:423} INFO - Running <TaskInstance: tomtom.import_tomtom_data_to_csv scheduled__2024-03-31T00:00:00+00:00 [running]> on host d0452b3aa12f
[2024-04-01T23:39:32.408+0000] {taskinstance.py:2513} INFO - Exporting env vars: AIRFLOW_CTX_DAG_OWNER='***' AIRFLOW_CTX_DAG_ID='tomtom' AIRFLOW_CTX_TASK_ID='import_tomtom_data_to_csv' AIRFLOW_CTX_EXECUTION_DATE='2024-03-31T00:00:00+00:00' AIRFLOW_CTX_TRY_NUMBER='1' AIRFLOW_CTX_DAG_RUN_ID='scheduled__2024-03-31T00:00:00+00:00'
[2024-04-01T23:39:32.425+0000] {subprocess.py:63} INFO - Tmp dir root location: /tmp
[2024-04-01T23:39:32.436+0000] {subprocess.py:75} INFO - Running command: ['/usr/bin/bash', '-c', 'python /opt/***/dags/tomtom_ingestion.py --date 2024-03-31']
[2024-04-01T23:39:32.485+0000] {subprocess.py:86} INFO - Output:
[2024-04-01T23:39:38.196+0000] {subprocess.py:97} INFO - Command exited with return code 0
[2024-04-01T23:39:38.403+0000] {taskinstance.py:1149} INFO - Marking task as SUCCESS. dag_id=tomtom, task_id=import_tomtom_data_to_csv, execution_date=20240331T000000, start_date=20240401T233931, end_date=20240401T233938
[2024-04-01T23:39:38.525+0000] {local_task_job_runner.py:234} INFO - Task exited with return code 0
[2024-04-01T23:39:38.642+0000] {taskinstance.py:3312} INFO - 1 downstream tasks scheduled from follow-on schedule check
[2024-04-01T23:52:56.762+0000] {taskinstance.py:1979} INFO - Dependencies all met for dep_context=non-requeueable deps ti=<TaskInstance: tomtom.import_tomtom_data_to_csv scheduled__2024-03-31T00:00:00+00:00 [queued]>
[2024-04-01T23:52:56.817+0000] {taskinstance.py:1979} INFO - Dependencies all met for dep_context=requeueable deps ti=<TaskInstance: tomtom.import_tomtom_data_to_csv scheduled__2024-03-31T00:00:00+00:00 [queued]>
[2024-04-01T23:52:56.822+0000] {taskinstance.py:2193} INFO - Starting attempt 1 of 2
[2024-04-01T23:52:56.917+0000] {taskinstance.py:2217} INFO - Executing <Task(BashOperator): import_tomtom_data_to_csv> on 2024-03-31 00:00:00+00:00
[2024-04-01T23:52:56.932+0000] {standard_task_runner.py:60} INFO - Started process 249 to run task
[2024-04-01T23:52:56.956+0000] {standard_task_runner.py:87} INFO - Running: ['***', 'tasks', 'run', 'tomtom', 'import_tomtom_data_to_csv', 'scheduled__2024-03-31T00:00:00+00:00', '--job-id', '8', '--raw', '--subdir', 'DAGS_FOLDER/tomtom_dag.py', '--cfg-path', '/tmp/tmpbyectx2m']
[2024-04-01T23:52:56.976+0000] {standard_task_runner.py:88} INFO - Job 8: Subtask import_tomtom_data_to_csv
[2024-04-01T23:52:57.064+0000] {logging_mixin.py:188} WARNING - /home/***/.local/lib/python3.8/site-packages/***/settings.py:194 DeprecationWarning: The sql_alchemy_conn option in [core] has been moved to the sql_alchemy_conn option in [database] - the old setting has been used, but please update your config.
[2024-04-01T23:52:57.374+0000] {task_command.py:423} INFO - Running <TaskInstance: tomtom.import_tomtom_data_to_csv scheduled__2024-03-31T00:00:00+00:00 [running]> on host 20ab91caeb49
[2024-04-01T23:52:57.817+0000] {taskinstance.py:2513} INFO - Exporting env vars: AIRFLOW_CTX_DAG_OWNER='***' AIRFLOW_CTX_DAG_ID='tomtom' AIRFLOW_CTX_TASK_ID='import_tomtom_data_to_csv' AIRFLOW_CTX_EXECUTION_DATE='2024-03-31T00:00:00+00:00' AIRFLOW_CTX_TRY_NUMBER='1' AIRFLOW_CTX_DAG_RUN_ID='scheduled__2024-03-31T00:00:00+00:00'
[2024-04-01T23:52:57.833+0000] {subprocess.py:63} INFO - Tmp dir root location: /tmp
[2024-04-01T23:52:57.840+0000] {subprocess.py:75} INFO - Running command: ['/usr/bin/bash', '-c', 'python /opt/***/dags/tomtom_ingestion.py --date 2024-03-31']
[2024-04-01T23:52:57.903+0000] {subprocess.py:86} INFO - Output:
[2024-04-01T23:53:02.793+0000] {subprocess.py:97} INFO - Command exited with return code 0
[2024-04-01T23:53:03.039+0000] {taskinstance.py:1149} INFO - Marking task as SUCCESS. dag_id=tomtom, task_id=import_tomtom_data_to_csv, execution_date=20240331T000000, start_date=20240401T235256, end_date=20240401T235303
[2024-04-01T23:53:03.236+0000] {local_task_job_runner.py:234} INFO - Task exited with return code 0
[2024-04-01T23:53:03.362+0000] {taskinstance.py:3312} INFO - 1 downstream tasks scheduled from follow-on schedule check
[2024-04-02T21:26:23.736+0000] {taskinstance.py:1979} INFO - Dependencies all met for dep_context=non-requeueable deps ti=<TaskInstance: tomtom.import_tomtom_data_to_csv scheduled__2024-03-31T00:00:00+00:00 [queued]>
[2024-04-02T21:26:23.804+0000] {taskinstance.py:1979} INFO - Dependencies all met for dep_context=requeueable deps ti=<TaskInstance: tomtom.import_tomtom_data_to_csv scheduled__2024-03-31T00:00:00+00:00 [queued]>
[2024-04-02T21:26:23.816+0000] {taskinstance.py:2193} INFO - Starting attempt 1 of 2
[2024-04-02T21:26:24.204+0000] {taskinstance.py:2217} INFO - Executing <Task(BashOperator): import_tomtom_data_to_csv> on 2024-03-31 00:00:00+00:00
[2024-04-02T21:26:24.371+0000] {standard_task_runner.py:60} INFO - Started process 269 to run task
[2024-04-02T21:26:24.396+0000] {standard_task_runner.py:87} INFO - Running: ['***', 'tasks', 'run', 'tomtom', 'import_tomtom_data_to_csv', 'scheduled__2024-03-31T00:00:00+00:00', '--job-id', '7', '--raw', '--subdir', 'DAGS_FOLDER/tomtom_dag.py', '--cfg-path', '/tmp/tmp0q1mpkfj']
[2024-04-02T21:26:24.618+0000] {standard_task_runner.py:88} INFO - Job 7: Subtask import_tomtom_data_to_csv
[2024-04-02T21:26:25.245+0000] {logging_mixin.py:188} WARNING - /home/***/.local/lib/python3.8/site-packages/***/settings.py:194 DeprecationWarning: The sql_alchemy_conn option in [core] has been moved to the sql_alchemy_conn option in [database] - the old setting has been used, but please update your config.
[2024-04-02T21:26:26.124+0000] {task_command.py:423} INFO - Running <TaskInstance: tomtom.import_tomtom_data_to_csv scheduled__2024-03-31T00:00:00+00:00 [running]> on host e8080c3449d7
[2024-04-02T21:26:27.129+0000] {taskinstance.py:2513} INFO - Exporting env vars: AIRFLOW_CTX_DAG_OWNER='***' AIRFLOW_CTX_DAG_ID='tomtom' AIRFLOW_CTX_TASK_ID='import_tomtom_data_to_csv' AIRFLOW_CTX_EXECUTION_DATE='2024-03-31T00:00:00+00:00' AIRFLOW_CTX_TRY_NUMBER='1' AIRFLOW_CTX_DAG_RUN_ID='scheduled__2024-03-31T00:00:00+00:00'
[2024-04-02T21:26:27.135+0000] {subprocess.py:63} INFO - Tmp dir root location: /tmp
[2024-04-02T21:26:27.141+0000] {subprocess.py:75} INFO - Running command: ['/usr/bin/bash', '-c', 'python /opt/***/dags/tomtom_ingestion.py --date 2024-03-31']
[2024-04-02T21:26:27.221+0000] {subprocess.py:86} INFO - Output:
[2024-04-02T21:26:42.510+0000] {subprocess.py:97} INFO - Command exited with return code 0
[2024-04-02T21:26:43.053+0000] {taskinstance.py:1149} INFO - Marking task as SUCCESS. dag_id=tomtom, task_id=import_tomtom_data_to_csv, execution_date=20240331T000000, start_date=20240402T212623, end_date=20240402T212643
[2024-04-02T21:26:43.640+0000] {local_task_job_runner.py:234} INFO - Task exited with return code 0
[2024-04-02T21:26:44.098+0000] {taskinstance.py:3312} INFO - 1 downstream tasks scheduled from follow-on schedule check
