[2024-03-26T04:36:43.844+0000] {taskinstance.py:1979} INFO - Dependencies all met for dep_context=non-requeueable deps ti=<TaskInstance: tomtom.import_tomtom_data_to_csv scheduled__2024-03-24T00:00:00+00:00 [queued]>
[2024-03-26T04:36:43.894+0000] {taskinstance.py:1979} INFO - Dependencies all met for dep_context=requeueable deps ti=<TaskInstance: tomtom.import_tomtom_data_to_csv scheduled__2024-03-24T00:00:00+00:00 [queued]>
[2024-03-26T04:36:43.899+0000] {taskinstance.py:2193} INFO - Starting attempt 1 of 2
[2024-03-26T04:36:44.025+0000] {taskinstance.py:2217} INFO - Executing <Task(BashOperator): import_tomtom_data_to_csv> on 2024-03-24 00:00:00+00:00
[2024-03-26T04:36:44.051+0000] {standard_task_runner.py:60} INFO - Started process 283 to run task
[2024-03-26T04:36:44.124+0000] {standard_task_runner.py:87} INFO - Running: ['***', 'tasks', 'run', 'tomtom', 'import_tomtom_data_to_csv', 'scheduled__2024-03-24T00:00:00+00:00', '--job-id', '7', '--raw', '--subdir', 'DAGS_FOLDER/tomtom_dag.py', '--cfg-path', '/tmp/tmpzy782gpa']
[2024-03-26T04:36:44.146+0000] {standard_task_runner.py:88} INFO - Job 7: Subtask import_tomtom_data_to_csv
[2024-03-26T04:36:44.293+0000] {logging_mixin.py:188} WARNING - /home/***/.local/lib/python3.8/site-packages/***/settings.py:194 DeprecationWarning: The sql_alchemy_conn option in [core] has been moved to the sql_alchemy_conn option in [database] - the old setting has been used, but please update your config.
[2024-03-26T04:36:44.600+0000] {task_command.py:423} INFO - Running <TaskInstance: tomtom.import_tomtom_data_to_csv scheduled__2024-03-24T00:00:00+00:00 [running]> on host f4350bf987d3
[2024-03-26T04:36:45.225+0000] {taskinstance.py:2513} INFO - Exporting env vars: AIRFLOW_CTX_DAG_OWNER='***' AIRFLOW_CTX_DAG_ID='tomtom' AIRFLOW_CTX_TASK_ID='import_tomtom_data_to_csv' AIRFLOW_CTX_EXECUTION_DATE='2024-03-24T00:00:00+00:00' AIRFLOW_CTX_TRY_NUMBER='1' AIRFLOW_CTX_DAG_RUN_ID='scheduled__2024-03-24T00:00:00+00:00'
[2024-03-26T04:36:45.234+0000] {subprocess.py:63} INFO - Tmp dir root location: /tmp
[2024-03-26T04:36:45.253+0000] {subprocess.py:75} INFO - Running command: ['/usr/bin/bash', '-c', 'python /opt/***/dags/tomtom_ingestion.py --date 2024-03-24']
[2024-03-26T04:36:45.354+0000] {subprocess.py:86} INFO - Output:
[2024-03-26T04:36:53.239+0000] {subprocess.py:97} INFO - Command exited with return code 0
[2024-03-26T04:36:53.473+0000] {taskinstance.py:1149} INFO - Marking task as SUCCESS. dag_id=tomtom, task_id=import_tomtom_data_to_csv, execution_date=20240324T000000, start_date=20240326T043643, end_date=20240326T043653
[2024-03-26T04:36:53.651+0000] {local_task_job_runner.py:234} INFO - Task exited with return code 0
[2024-03-26T04:36:53.826+0000] {taskinstance.py:3312} INFO - 1 downstream tasks scheduled from follow-on schedule check
[2024-03-26T05:02:58.396+0000] {taskinstance.py:1979} INFO - Dependencies all met for dep_context=non-requeueable deps ti=<TaskInstance: tomtom.import_tomtom_data_to_csv scheduled__2024-03-24T00:00:00+00:00 [queued]>
[2024-03-26T05:02:58.488+0000] {taskinstance.py:1979} INFO - Dependencies all met for dep_context=requeueable deps ti=<TaskInstance: tomtom.import_tomtom_data_to_csv scheduled__2024-03-24T00:00:00+00:00 [queued]>
[2024-03-26T05:02:58.499+0000] {taskinstance.py:2193} INFO - Starting attempt 1 of 2
[2024-03-26T05:02:58.700+0000] {taskinstance.py:2217} INFO - Executing <Task(BashOperator): import_tomtom_data_to_csv> on 2024-03-24 00:00:00+00:00
[2024-03-26T05:02:58.725+0000] {standard_task_runner.py:60} INFO - Started process 280 to run task
[2024-03-26T05:02:58.787+0000] {standard_task_runner.py:87} INFO - Running: ['***', 'tasks', 'run', 'tomtom', 'import_tomtom_data_to_csv', 'scheduled__2024-03-24T00:00:00+00:00', '--job-id', '7', '--raw', '--subdir', 'DAGS_FOLDER/tomtom_dag.py', '--cfg-path', '/tmp/tmpx_1rlh_2']
[2024-03-26T05:02:58.815+0000] {standard_task_runner.py:88} INFO - Job 7: Subtask import_tomtom_data_to_csv
[2024-03-26T05:02:58.988+0000] {logging_mixin.py:188} WARNING - /home/***/.local/lib/python3.8/site-packages/***/settings.py:194 DeprecationWarning: The sql_alchemy_conn option in [core] has been moved to the sql_alchemy_conn option in [database] - the old setting has been used, but please update your config.
[2024-03-26T05:02:59.296+0000] {task_command.py:423} INFO - Running <TaskInstance: tomtom.import_tomtom_data_to_csv scheduled__2024-03-24T00:00:00+00:00 [running]> on host 2d9dc956d0da
[2024-03-26T05:02:59.829+0000] {taskinstance.py:2513} INFO - Exporting env vars: AIRFLOW_CTX_DAG_OWNER='***' AIRFLOW_CTX_DAG_ID='tomtom' AIRFLOW_CTX_TASK_ID='import_tomtom_data_to_csv' AIRFLOW_CTX_EXECUTION_DATE='2024-03-24T00:00:00+00:00' AIRFLOW_CTX_TRY_NUMBER='1' AIRFLOW_CTX_DAG_RUN_ID='scheduled__2024-03-24T00:00:00+00:00'
[2024-03-26T05:02:59.836+0000] {subprocess.py:63} INFO - Tmp dir root location: /tmp
[2024-03-26T05:02:59.850+0000] {subprocess.py:75} INFO - Running command: ['/usr/bin/bash', '-c', 'python /opt/***/dags/tomtom_ingestion.py --date 2024-03-24']
[2024-03-26T05:02:59.933+0000] {subprocess.py:86} INFO - Output:
[2024-03-26T05:03:07.655+0000] {subprocess.py:97} INFO - Command exited with return code 0
[2024-03-26T05:03:07.881+0000] {taskinstance.py:1149} INFO - Marking task as SUCCESS. dag_id=tomtom, task_id=import_tomtom_data_to_csv, execution_date=20240324T000000, start_date=20240326T050258, end_date=20240326T050307
[2024-03-26T05:03:08.043+0000] {local_task_job_runner.py:234} INFO - Task exited with return code 0
[2024-03-26T05:03:08.216+0000] {taskinstance.py:3312} INFO - 1 downstream tasks scheduled from follow-on schedule check
[2024-03-27T02:05:33.570+0000] {taskinstance.py:1979} INFO - Dependencies all met for dep_context=non-requeueable deps ti=<TaskInstance: tomtom.import_tomtom_data_to_csv scheduled__2024-03-24T00:00:00+00:00 [queued]>
[2024-03-27T02:05:33.676+0000] {taskinstance.py:1979} INFO - Dependencies all met for dep_context=requeueable deps ti=<TaskInstance: tomtom.import_tomtom_data_to_csv scheduled__2024-03-24T00:00:00+00:00 [queued]>
[2024-03-27T02:05:33.690+0000] {taskinstance.py:2193} INFO - Starting attempt 1 of 2
[2024-03-27T02:05:33.851+0000] {taskinstance.py:2217} INFO - Executing <Task(BashOperator): import_tomtom_data_to_csv> on 2024-03-24 00:00:00+00:00
[2024-03-27T02:05:33.858+0000] {standard_task_runner.py:60} INFO - Started process 265 to run task
[2024-03-27T02:05:33.936+0000] {standard_task_runner.py:87} INFO - Running: ['***', 'tasks', 'run', 'tomtom', 'import_tomtom_data_to_csv', 'scheduled__2024-03-24T00:00:00+00:00', '--job-id', '6', '--raw', '--subdir', 'DAGS_FOLDER/tomtom_dag.py', '--cfg-path', '/tmp/tmpv98ysb5i']
[2024-03-27T02:05:33.987+0000] {standard_task_runner.py:88} INFO - Job 6: Subtask import_tomtom_data_to_csv
[2024-03-27T02:05:34.190+0000] {logging_mixin.py:188} WARNING - /home/***/.local/lib/python3.8/site-packages/***/settings.py:194 DeprecationWarning: The sql_alchemy_conn option in [core] has been moved to the sql_alchemy_conn option in [database] - the old setting has been used, but please update your config.
[2024-03-27T02:05:34.972+0000] {task_command.py:423} INFO - Running <TaskInstance: tomtom.import_tomtom_data_to_csv scheduled__2024-03-24T00:00:00+00:00 [running]> on host 81b1c16c3e11
[2024-03-27T02:05:37.791+0000] {taskinstance.py:2513} INFO - Exporting env vars: AIRFLOW_CTX_DAG_OWNER='***' AIRFLOW_CTX_DAG_ID='tomtom' AIRFLOW_CTX_TASK_ID='import_tomtom_data_to_csv' AIRFLOW_CTX_EXECUTION_DATE='2024-03-24T00:00:00+00:00' AIRFLOW_CTX_TRY_NUMBER='1' AIRFLOW_CTX_DAG_RUN_ID='scheduled__2024-03-24T00:00:00+00:00'
[2024-03-27T02:05:37.796+0000] {subprocess.py:63} INFO - Tmp dir root location: /tmp
[2024-03-27T02:05:37.802+0000] {subprocess.py:75} INFO - Running command: ['/usr/bin/bash', '-c', 'python /opt/***/dags/tomtom_ingestion.py --date 2024-03-24']
[2024-03-27T02:05:37.897+0000] {subprocess.py:86} INFO - Output:
[2024-03-27T02:05:55.643+0000] {subprocess.py:97} INFO - Command exited with return code 0
[2024-03-27T02:05:56.563+0000] {taskinstance.py:1149} INFO - Marking task as SUCCESS. dag_id=tomtom, task_id=import_tomtom_data_to_csv, execution_date=20240324T000000, start_date=20240327T020533, end_date=20240327T020556
[2024-03-27T02:05:57.741+0000] {local_task_job_runner.py:234} INFO - Task exited with return code 0
[2024-03-27T02:05:58.477+0000] {taskinstance.py:3312} INFO - 0 downstream tasks scheduled from follow-on schedule check
[2024-03-27T02:42:09.140+0000] {taskinstance.py:1979} INFO - Dependencies all met for dep_context=non-requeueable deps ti=<TaskInstance: tomtom.import_tomtom_data_to_csv scheduled__2024-03-24T00:00:00+00:00 [queued]>
[2024-03-27T02:42:09.190+0000] {taskinstance.py:1979} INFO - Dependencies all met for dep_context=requeueable deps ti=<TaskInstance: tomtom.import_tomtom_data_to_csv scheduled__2024-03-24T00:00:00+00:00 [queued]>
[2024-03-27T02:42:09.195+0000] {taskinstance.py:2193} INFO - Starting attempt 1 of 2
[2024-03-27T02:42:09.314+0000] {taskinstance.py:2217} INFO - Executing <Task(BashOperator): import_tomtom_data_to_csv> on 2024-03-24 00:00:00+00:00
[2024-03-27T02:42:09.326+0000] {standard_task_runner.py:60} INFO - Started process 267 to run task
[2024-03-27T02:42:09.355+0000] {standard_task_runner.py:87} INFO - Running: ['***', 'tasks', 'run', 'tomtom', 'import_tomtom_data_to_csv', 'scheduled__2024-03-24T00:00:00+00:00', '--job-id', '6', '--raw', '--subdir', 'DAGS_FOLDER/tomtom_dag.py', '--cfg-path', '/tmp/tmpi398qsfu']
[2024-03-27T02:42:09.369+0000] {standard_task_runner.py:88} INFO - Job 6: Subtask import_tomtom_data_to_csv
[2024-03-27T02:42:09.487+0000] {logging_mixin.py:188} WARNING - /home/***/.local/lib/python3.8/site-packages/***/settings.py:194 DeprecationWarning: The sql_alchemy_conn option in [core] has been moved to the sql_alchemy_conn option in [database] - the old setting has been used, but please update your config.
[2024-03-27T02:42:09.742+0000] {task_command.py:423} INFO - Running <TaskInstance: tomtom.import_tomtom_data_to_csv scheduled__2024-03-24T00:00:00+00:00 [running]> on host c1d14084e0e9
[2024-03-27T02:42:10.193+0000] {taskinstance.py:2513} INFO - Exporting env vars: AIRFLOW_CTX_DAG_OWNER='***' AIRFLOW_CTX_DAG_ID='tomtom' AIRFLOW_CTX_TASK_ID='import_tomtom_data_to_csv' AIRFLOW_CTX_EXECUTION_DATE='2024-03-24T00:00:00+00:00' AIRFLOW_CTX_TRY_NUMBER='1' AIRFLOW_CTX_DAG_RUN_ID='scheduled__2024-03-24T00:00:00+00:00'
[2024-03-27T02:42:10.203+0000] {subprocess.py:63} INFO - Tmp dir root location: /tmp
[2024-03-27T02:42:10.210+0000] {subprocess.py:75} INFO - Running command: ['/usr/bin/bash', '-c', 'python /opt/***/dags/tomtom_ingestion.py --date 2024-03-24']
[2024-03-27T02:42:10.290+0000] {subprocess.py:86} INFO - Output:
[2024-03-27T02:42:17.423+0000] {subprocess.py:97} INFO - Command exited with return code 0
[2024-03-27T02:42:17.592+0000] {taskinstance.py:1149} INFO - Marking task as SUCCESS. dag_id=tomtom, task_id=import_tomtom_data_to_csv, execution_date=20240324T000000, start_date=20240327T024209, end_date=20240327T024217
[2024-03-27T02:42:17.691+0000] {local_task_job_runner.py:234} INFO - Task exited with return code 0
[2024-03-27T02:42:17.785+0000] {taskinstance.py:3312} INFO - 1 downstream tasks scheduled from follow-on schedule check
[2024-03-27T19:26:09.178+0000] {taskinstance.py:1979} INFO - Dependencies all met for dep_context=non-requeueable deps ti=<TaskInstance: tomtom.import_tomtom_data_to_csv scheduled__2024-03-24T00:00:00+00:00 [queued]>
[2024-03-27T19:26:09.266+0000] {taskinstance.py:1979} INFO - Dependencies all met for dep_context=requeueable deps ti=<TaskInstance: tomtom.import_tomtom_data_to_csv scheduled__2024-03-24T00:00:00+00:00 [queued]>
[2024-03-27T19:26:09.276+0000] {taskinstance.py:2193} INFO - Starting attempt 1 of 2
[2024-03-27T19:26:09.407+0000] {taskinstance.py:2217} INFO - Executing <Task(BashOperator): import_tomtom_data_to_csv> on 2024-03-24 00:00:00+00:00
[2024-03-27T19:26:09.425+0000] {standard_task_runner.py:60} INFO - Started process 299 to run task
[2024-03-27T19:26:09.478+0000] {standard_task_runner.py:87} INFO - Running: ['***', 'tasks', 'run', 'tomtom', 'import_tomtom_data_to_csv', 'scheduled__2024-03-24T00:00:00+00:00', '--job-id', '6', '--raw', '--subdir', 'DAGS_FOLDER/tomtom_dag.py', '--cfg-path', '/tmp/tmpy5cx6hua']
[2024-03-27T19:26:09.554+0000] {standard_task_runner.py:88} INFO - Job 6: Subtask import_tomtom_data_to_csv
[2024-03-27T19:26:09.797+0000] {logging_mixin.py:188} WARNING - /home/***/.local/lib/python3.8/site-packages/***/settings.py:194 DeprecationWarning: The sql_alchemy_conn option in [core] has been moved to the sql_alchemy_conn option in [database] - the old setting has been used, but please update your config.
[2024-03-27T19:26:10.125+0000] {task_command.py:423} INFO - Running <TaskInstance: tomtom.import_tomtom_data_to_csv scheduled__2024-03-24T00:00:00+00:00 [running]> on host a178f5bbaa10
[2024-03-27T19:26:11.272+0000] {taskinstance.py:2513} INFO - Exporting env vars: AIRFLOW_CTX_DAG_OWNER='***' AIRFLOW_CTX_DAG_ID='tomtom' AIRFLOW_CTX_TASK_ID='import_tomtom_data_to_csv' AIRFLOW_CTX_EXECUTION_DATE='2024-03-24T00:00:00+00:00' AIRFLOW_CTX_TRY_NUMBER='1' AIRFLOW_CTX_DAG_RUN_ID='scheduled__2024-03-24T00:00:00+00:00'
[2024-03-27T19:26:11.281+0000] {subprocess.py:63} INFO - Tmp dir root location: /tmp
[2024-03-27T19:26:11.286+0000] {subprocess.py:75} INFO - Running command: ['/usr/bin/bash', '-c', 'python /opt/***/dags/tomtom_ingestion.py --date 2024-03-24']
[2024-03-27T19:26:11.372+0000] {subprocess.py:86} INFO - Output:
[2024-03-27T19:26:21.907+0000] {subprocess.py:97} INFO - Command exited with return code 0
[2024-03-27T19:26:22.030+0000] {taskinstance.py:1149} INFO - Marking task as SUCCESS. dag_id=tomtom, task_id=import_tomtom_data_to_csv, execution_date=20240324T000000, start_date=20240327T192609, end_date=20240327T192622
[2024-03-27T19:26:22.145+0000] {local_task_job_runner.py:234} INFO - Task exited with return code 0
[2024-03-27T19:26:22.271+0000] {taskinstance.py:3312} INFO - 1 downstream tasks scheduled from follow-on schedule check
[2024-03-29T01:37:15.603+0000] {taskinstance.py:1979} INFO - Dependencies all met for dep_context=non-requeueable deps ti=<TaskInstance: tomtom.import_tomtom_data_to_csv scheduled__2024-03-24T00:00:00+00:00 [queued]>
[2024-03-29T01:37:15.706+0000] {taskinstance.py:1979} INFO - Dependencies all met for dep_context=requeueable deps ti=<TaskInstance: tomtom.import_tomtom_data_to_csv scheduled__2024-03-24T00:00:00+00:00 [queued]>
[2024-03-29T01:37:15.714+0000] {taskinstance.py:2193} INFO - Starting attempt 1 of 2
[2024-03-29T01:37:15.957+0000] {taskinstance.py:2217} INFO - Executing <Task(BashOperator): import_tomtom_data_to_csv> on 2024-03-24 00:00:00+00:00
[2024-03-29T01:37:16.133+0000] {standard_task_runner.py:60} INFO - Started process 300 to run task
[2024-03-29T01:37:16.226+0000] {standard_task_runner.py:87} INFO - Running: ['***', 'tasks', 'run', 'tomtom', 'import_tomtom_data_to_csv', 'scheduled__2024-03-24T00:00:00+00:00', '--job-id', '4', '--raw', '--subdir', 'DAGS_FOLDER/tomtom_dag.py', '--cfg-path', '/tmp/tmpxkp7ghti']
[2024-03-29T01:37:16.247+0000] {standard_task_runner.py:88} INFO - Job 4: Subtask import_tomtom_data_to_csv
[2024-03-29T01:37:16.901+0000] {logging_mixin.py:188} WARNING - /home/***/.local/lib/python3.8/site-packages/***/settings.py:194 DeprecationWarning: The sql_alchemy_conn option in [core] has been moved to the sql_alchemy_conn option in [database] - the old setting has been used, but please update your config.
[2024-03-29T01:37:17.469+0000] {task_command.py:423} INFO - Running <TaskInstance: tomtom.import_tomtom_data_to_csv scheduled__2024-03-24T00:00:00+00:00 [running]> on host 48a08da0e38c
[2024-03-29T01:37:18.718+0000] {taskinstance.py:2513} INFO - Exporting env vars: AIRFLOW_CTX_DAG_OWNER='***' AIRFLOW_CTX_DAG_ID='tomtom' AIRFLOW_CTX_TASK_ID='import_tomtom_data_to_csv' AIRFLOW_CTX_EXECUTION_DATE='2024-03-24T00:00:00+00:00' AIRFLOW_CTX_TRY_NUMBER='1' AIRFLOW_CTX_DAG_RUN_ID='scheduled__2024-03-24T00:00:00+00:00'
[2024-03-29T01:37:18.748+0000] {subprocess.py:63} INFO - Tmp dir root location: /tmp
[2024-03-29T01:37:18.803+0000] {subprocess.py:75} INFO - Running command: ['/usr/bin/bash', '-c', 'python /opt/***/dags/tomtom_ingestion.py --date 2024-03-24']
[2024-03-29T01:37:18.924+0000] {subprocess.py:86} INFO - Output:
[2024-03-29T01:37:30.005+0000] {subprocess.py:97} INFO - Command exited with return code 0
[2024-03-29T01:37:30.157+0000] {taskinstance.py:1149} INFO - Marking task as SUCCESS. dag_id=tomtom, task_id=import_tomtom_data_to_csv, execution_date=20240324T000000, start_date=20240329T013715, end_date=20240329T013730
[2024-03-29T01:37:30.274+0000] {local_task_job_runner.py:234} INFO - Task exited with return code 0
[2024-03-29T01:37:30.349+0000] {taskinstance.py:3312} INFO - 1 downstream tasks scheduled from follow-on schedule check
[2024-03-29T02:18:07.402+0000] {taskinstance.py:1979} INFO - Dependencies all met for dep_context=non-requeueable deps ti=<TaskInstance: tomtom.import_tomtom_data_to_csv scheduled__2024-03-24T00:00:00+00:00 [queued]>
[2024-03-29T02:18:07.509+0000] {taskinstance.py:1979} INFO - Dependencies all met for dep_context=requeueable deps ti=<TaskInstance: tomtom.import_tomtom_data_to_csv scheduled__2024-03-24T00:00:00+00:00 [queued]>
[2024-03-29T02:18:07.515+0000] {taskinstance.py:2193} INFO - Starting attempt 1 of 2
[2024-03-29T02:18:07.668+0000] {taskinstance.py:2217} INFO - Executing <Task(BashOperator): import_tomtom_data_to_csv> on 2024-03-24 00:00:00+00:00
[2024-03-29T02:18:07.743+0000] {standard_task_runner.py:60} INFO - Started process 294 to run task
[2024-03-29T02:18:07.845+0000] {standard_task_runner.py:87} INFO - Running: ['***', 'tasks', 'run', 'tomtom', 'import_tomtom_data_to_csv', 'scheduled__2024-03-24T00:00:00+00:00', '--job-id', '4', '--raw', '--subdir', 'DAGS_FOLDER/tomtom_dag.py', '--cfg-path', '/tmp/tmp8_i4x36f']
[2024-03-29T02:18:07.870+0000] {standard_task_runner.py:88} INFO - Job 4: Subtask import_tomtom_data_to_csv
[2024-03-29T02:18:08.042+0000] {logging_mixin.py:188} WARNING - /home/***/.local/lib/python3.8/site-packages/***/settings.py:194 DeprecationWarning: The sql_alchemy_conn option in [core] has been moved to the sql_alchemy_conn option in [database] - the old setting has been used, but please update your config.
[2024-03-29T02:18:08.366+0000] {task_command.py:423} INFO - Running <TaskInstance: tomtom.import_tomtom_data_to_csv scheduled__2024-03-24T00:00:00+00:00 [running]> on host ca95eed9b9dd
[2024-03-29T02:18:09.094+0000] {taskinstance.py:2513} INFO - Exporting env vars: AIRFLOW_CTX_DAG_OWNER='***' AIRFLOW_CTX_DAG_ID='tomtom' AIRFLOW_CTX_TASK_ID='import_tomtom_data_to_csv' AIRFLOW_CTX_EXECUTION_DATE='2024-03-24T00:00:00+00:00' AIRFLOW_CTX_TRY_NUMBER='1' AIRFLOW_CTX_DAG_RUN_ID='scheduled__2024-03-24T00:00:00+00:00'
[2024-03-29T02:18:09.100+0000] {subprocess.py:63} INFO - Tmp dir root location: /tmp
[2024-03-29T02:18:09.105+0000] {subprocess.py:75} INFO - Running command: ['/usr/bin/bash', '-c', 'python /opt/***/dags/tomtom_ingestion.py --date 2024-03-24']
[2024-03-29T02:18:09.192+0000] {subprocess.py:86} INFO - Output:
[2024-03-29T02:18:15.669+0000] {subprocess.py:97} INFO - Command exited with return code 0
[2024-03-29T02:18:15.849+0000] {taskinstance.py:1149} INFO - Marking task as SUCCESS. dag_id=tomtom, task_id=import_tomtom_data_to_csv, execution_date=20240324T000000, start_date=20240329T021807, end_date=20240329T021815
[2024-03-29T02:18:15.948+0000] {local_task_job_runner.py:234} INFO - Task exited with return code 0
[2024-03-29T02:18:16.076+0000] {taskinstance.py:3312} INFO - 0 downstream tasks scheduled from follow-on schedule check
[2024-03-30T01:02:22.462+0000] {taskinstance.py:1979} INFO - Dependencies all met for dep_context=non-requeueable deps ti=<TaskInstance: tomtom.import_tomtom_data_to_csv scheduled__2024-03-24T00:00:00+00:00 [queued]>
[2024-03-30T01:02:22.501+0000] {taskinstance.py:1979} INFO - Dependencies all met for dep_context=requeueable deps ti=<TaskInstance: tomtom.import_tomtom_data_to_csv scheduled__2024-03-24T00:00:00+00:00 [queued]>
[2024-03-30T01:02:22.507+0000] {taskinstance.py:2193} INFO - Starting attempt 1 of 2
[2024-03-30T01:02:22.729+0000] {taskinstance.py:2217} INFO - Executing <Task(BashOperator): import_tomtom_data_to_csv> on 2024-03-24 00:00:00+00:00
[2024-03-30T01:02:22.773+0000] {standard_task_runner.py:60} INFO - Started process 291 to run task
[2024-03-30T01:02:22.862+0000] {standard_task_runner.py:87} INFO - Running: ['***', 'tasks', 'run', 'tomtom', 'import_tomtom_data_to_csv', 'scheduled__2024-03-24T00:00:00+00:00', '--job-id', '3', '--raw', '--subdir', 'DAGS_FOLDER/tomtom_dag.py', '--cfg-path', '/tmp/tmpoh81d5qh']
[2024-03-30T01:02:22.890+0000] {standard_task_runner.py:88} INFO - Job 3: Subtask import_tomtom_data_to_csv
[2024-03-30T01:02:23.039+0000] {logging_mixin.py:188} WARNING - /home/***/.local/lib/python3.8/site-packages/***/settings.py:194 DeprecationWarning: The sql_alchemy_conn option in [core] has been moved to the sql_alchemy_conn option in [database] - the old setting has been used, but please update your config.
[2024-03-30T01:02:23.626+0000] {task_command.py:423} INFO - Running <TaskInstance: tomtom.import_tomtom_data_to_csv scheduled__2024-03-24T00:00:00+00:00 [running]> on host 63c0a92b7fba
[2024-03-30T01:02:24.591+0000] {taskinstance.py:2513} INFO - Exporting env vars: AIRFLOW_CTX_DAG_OWNER='***' AIRFLOW_CTX_DAG_ID='tomtom' AIRFLOW_CTX_TASK_ID='import_tomtom_data_to_csv' AIRFLOW_CTX_EXECUTION_DATE='2024-03-24T00:00:00+00:00' AIRFLOW_CTX_TRY_NUMBER='1' AIRFLOW_CTX_DAG_RUN_ID='scheduled__2024-03-24T00:00:00+00:00'
[2024-03-30T01:02:24.601+0000] {subprocess.py:63} INFO - Tmp dir root location: /tmp
[2024-03-30T01:02:24.605+0000] {subprocess.py:75} INFO - Running command: ['/usr/bin/bash', '-c', 'python /opt/***/dags/tomtom_ingestion.py --date 2024-03-24']
[2024-03-30T01:02:24.696+0000] {subprocess.py:86} INFO - Output:
[2024-03-30T01:02:35.036+0000] {subprocess.py:97} INFO - Command exited with return code 0
[2024-03-30T01:02:35.136+0000] {taskinstance.py:1149} INFO - Marking task as SUCCESS. dag_id=tomtom, task_id=import_tomtom_data_to_csv, execution_date=20240324T000000, start_date=20240330T010222, end_date=20240330T010235
[2024-03-30T01:02:35.211+0000] {local_task_job_runner.py:234} INFO - Task exited with return code 0
[2024-03-30T01:02:35.461+0000] {taskinstance.py:3312} INFO - 1 downstream tasks scheduled from follow-on schedule check
[2024-03-30T19:17:54.389+0000] {taskinstance.py:1979} INFO - Dependencies all met for dep_context=non-requeueable deps ti=<TaskInstance: tomtom.import_tomtom_data_to_csv scheduled__2024-03-24T00:00:00+00:00 [queued]>
[2024-03-30T19:17:54.559+0000] {taskinstance.py:1979} INFO - Dependencies all met for dep_context=requeueable deps ti=<TaskInstance: tomtom.import_tomtom_data_to_csv scheduled__2024-03-24T00:00:00+00:00 [queued]>
[2024-03-30T19:17:54.600+0000] {taskinstance.py:2193} INFO - Starting attempt 1 of 2
[2024-03-30T19:17:54.851+0000] {taskinstance.py:2217} INFO - Executing <Task(BashOperator): import_tomtom_data_to_csv> on 2024-03-24 00:00:00+00:00
[2024-03-30T19:17:54.875+0000] {standard_task_runner.py:60} INFO - Started process 351 to run task
[2024-03-30T19:17:54.949+0000] {standard_task_runner.py:87} INFO - Running: ['***', 'tasks', 'run', 'tomtom', 'import_tomtom_data_to_csv', 'scheduled__2024-03-24T00:00:00+00:00', '--job-id', '3', '--raw', '--subdir', 'DAGS_FOLDER/tomtom_dag.py', '--cfg-path', '/tmp/tmpoyhxzwe9']
[2024-03-30T19:17:54.993+0000] {standard_task_runner.py:88} INFO - Job 3: Subtask import_tomtom_data_to_csv
[2024-03-30T19:17:55.155+0000] {logging_mixin.py:188} WARNING - /home/***/.local/lib/python3.8/site-packages/***/settings.py:194 DeprecationWarning: The sql_alchemy_conn option in [core] has been moved to the sql_alchemy_conn option in [database] - the old setting has been used, but please update your config.
[2024-03-30T19:17:55.558+0000] {task_command.py:423} INFO - Running <TaskInstance: tomtom.import_tomtom_data_to_csv scheduled__2024-03-24T00:00:00+00:00 [running]> on host 19ac4b08c681
[2024-03-30T19:17:56.260+0000] {taskinstance.py:2513} INFO - Exporting env vars: AIRFLOW_CTX_DAG_OWNER='***' AIRFLOW_CTX_DAG_ID='tomtom' AIRFLOW_CTX_TASK_ID='import_tomtom_data_to_csv' AIRFLOW_CTX_EXECUTION_DATE='2024-03-24T00:00:00+00:00' AIRFLOW_CTX_TRY_NUMBER='1' AIRFLOW_CTX_DAG_RUN_ID='scheduled__2024-03-24T00:00:00+00:00'
[2024-03-30T19:17:56.275+0000] {subprocess.py:63} INFO - Tmp dir root location: /tmp
[2024-03-30T19:17:56.295+0000] {subprocess.py:75} INFO - Running command: ['/usr/bin/bash', '-c', 'python /opt/***/dags/tomtom_ingestion.py --date 2024-03-24']
[2024-03-30T19:17:56.369+0000] {subprocess.py:86} INFO - Output:
[2024-03-30T19:18:04.307+0000] {subprocess.py:97} INFO - Command exited with return code 0
[2024-03-30T19:18:04.514+0000] {taskinstance.py:1149} INFO - Marking task as SUCCESS. dag_id=tomtom, task_id=import_tomtom_data_to_csv, execution_date=20240324T000000, start_date=20240330T191754, end_date=20240330T191804
[2024-03-30T19:18:04.827+0000] {local_task_job_runner.py:234} INFO - Task exited with return code 0
[2024-03-30T19:18:04.921+0000] {taskinstance.py:3312} INFO - 1 downstream tasks scheduled from follow-on schedule check
