[2024-03-29T01:37:20.461+0000] {taskinstance.py:1979} INFO - Dependencies all met for dep_context=non-requeueable deps ti=<TaskInstance: tomtom.import_tomtom_data_to_csv scheduled__2024-03-28T00:00:00+00:00 [queued]>
[2024-03-29T01:37:20.522+0000] {taskinstance.py:1979} INFO - Dependencies all met for dep_context=requeueable deps ti=<TaskInstance: tomtom.import_tomtom_data_to_csv scheduled__2024-03-28T00:00:00+00:00 [queued]>
[2024-03-29T01:37:20.533+0000] {taskinstance.py:2193} INFO - Starting attempt 1 of 2
[2024-03-29T01:37:20.701+0000] {taskinstance.py:2217} INFO - Executing <Task(BashOperator): import_tomtom_data_to_csv> on 2024-03-28 00:00:00+00:00
[2024-03-29T01:37:20.735+0000] {standard_task_runner.py:87} INFO - Running: ['***', 'tasks', 'run', 'tomtom', 'import_tomtom_data_to_csv', 'scheduled__2024-03-28T00:00:00+00:00', '--job-id', '8', '--raw', '--subdir', 'DAGS_FOLDER/tomtom_dag.py', '--cfg-path', '/tmp/tmpj35pe6h7']
[2024-03-29T01:37:20.723+0000] {standard_task_runner.py:60} INFO - Started process 319 to run task
[2024-03-29T01:37:20.756+0000] {standard_task_runner.py:88} INFO - Job 8: Subtask import_tomtom_data_to_csv
[2024-03-29T01:37:20.878+0000] {logging_mixin.py:188} WARNING - /home/***/.local/lib/python3.8/site-packages/***/settings.py:194 DeprecationWarning: The sql_alchemy_conn option in [core] has been moved to the sql_alchemy_conn option in [database] - the old setting has been used, but please update your config.
[2024-03-29T01:37:21.116+0000] {task_command.py:423} INFO - Running <TaskInstance: tomtom.import_tomtom_data_to_csv scheduled__2024-03-28T00:00:00+00:00 [running]> on host 48a08da0e38c
[2024-03-29T01:37:22.203+0000] {taskinstance.py:2513} INFO - Exporting env vars: AIRFLOW_CTX_DAG_OWNER='***' AIRFLOW_CTX_DAG_ID='tomtom' AIRFLOW_CTX_TASK_ID='import_tomtom_data_to_csv' AIRFLOW_CTX_EXECUTION_DATE='2024-03-28T00:00:00+00:00' AIRFLOW_CTX_TRY_NUMBER='1' AIRFLOW_CTX_DAG_RUN_ID='scheduled__2024-03-28T00:00:00+00:00'
[2024-03-29T01:37:22.215+0000] {subprocess.py:63} INFO - Tmp dir root location: /tmp
[2024-03-29T01:37:22.226+0000] {subprocess.py:75} INFO - Running command: ['/usr/bin/bash', '-c', 'python /opt/***/dags/tomtom_ingestion.py --date 2024-03-28']
[2024-03-29T01:37:22.269+0000] {subprocess.py:86} INFO - Output:
[2024-03-29T01:37:29.745+0000] {subprocess.py:97} INFO - Command exited with return code 0
[2024-03-29T01:37:29.917+0000] {taskinstance.py:1149} INFO - Marking task as SUCCESS. dag_id=tomtom, task_id=import_tomtom_data_to_csv, execution_date=20240328T000000, start_date=20240329T013720, end_date=20240329T013729
[2024-03-29T01:37:30.099+0000] {local_task_job_runner.py:234} INFO - Task exited with return code 0
[2024-03-29T01:37:30.186+0000] {taskinstance.py:3312} INFO - 1 downstream tasks scheduled from follow-on schedule check
[2024-03-29T02:18:09.773+0000] {taskinstance.py:1979} INFO - Dependencies all met for dep_context=non-requeueable deps ti=<TaskInstance: tomtom.import_tomtom_data_to_csv scheduled__2024-03-28T00:00:00+00:00 [queued]>
[2024-03-29T02:18:09.816+0000] {taskinstance.py:1979} INFO - Dependencies all met for dep_context=requeueable deps ti=<TaskInstance: tomtom.import_tomtom_data_to_csv scheduled__2024-03-28T00:00:00+00:00 [queued]>
[2024-03-29T02:18:09.820+0000] {taskinstance.py:2193} INFO - Starting attempt 1 of 2
[2024-03-29T02:18:09.916+0000] {taskinstance.py:2217} INFO - Executing <Task(BashOperator): import_tomtom_data_to_csv> on 2024-03-28 00:00:00+00:00
[2024-03-29T02:18:09.941+0000] {standard_task_runner.py:60} INFO - Started process 309 to run task
[2024-03-29T02:18:09.950+0000] {standard_task_runner.py:87} INFO - Running: ['***', 'tasks', 'run', 'tomtom', 'import_tomtom_data_to_csv', 'scheduled__2024-03-28T00:00:00+00:00', '--job-id', '8', '--raw', '--subdir', 'DAGS_FOLDER/tomtom_dag.py', '--cfg-path', '/tmp/tmpxqsr44nr']
[2024-03-29T02:18:09.961+0000] {standard_task_runner.py:88} INFO - Job 8: Subtask import_tomtom_data_to_csv
[2024-03-29T02:18:10.083+0000] {logging_mixin.py:188} WARNING - /home/***/.local/lib/python3.8/site-packages/***/settings.py:194 DeprecationWarning: The sql_alchemy_conn option in [core] has been moved to the sql_alchemy_conn option in [database] - the old setting has been used, but please update your config.
[2024-03-29T02:18:10.303+0000] {task_command.py:423} INFO - Running <TaskInstance: tomtom.import_tomtom_data_to_csv scheduled__2024-03-28T00:00:00+00:00 [running]> on host ca95eed9b9dd
[2024-03-29T02:18:10.712+0000] {taskinstance.py:2513} INFO - Exporting env vars: AIRFLOW_CTX_DAG_OWNER='***' AIRFLOW_CTX_DAG_ID='tomtom' AIRFLOW_CTX_TASK_ID='import_tomtom_data_to_csv' AIRFLOW_CTX_EXECUTION_DATE='2024-03-28T00:00:00+00:00' AIRFLOW_CTX_TRY_NUMBER='1' AIRFLOW_CTX_DAG_RUN_ID='scheduled__2024-03-28T00:00:00+00:00'
[2024-03-29T02:18:10.720+0000] {subprocess.py:63} INFO - Tmp dir root location: /tmp
[2024-03-29T02:18:10.723+0000] {subprocess.py:75} INFO - Running command: ['/usr/bin/bash', '-c', 'python /opt/***/dags/tomtom_ingestion.py --date 2024-03-28']
[2024-03-29T02:18:10.759+0000] {subprocess.py:86} INFO - Output:
[2024-03-29T02:18:15.655+0000] {subprocess.py:97} INFO - Command exited with return code 0
[2024-03-29T02:18:15.832+0000] {taskinstance.py:1149} INFO - Marking task as SUCCESS. dag_id=tomtom, task_id=import_tomtom_data_to_csv, execution_date=20240328T000000, start_date=20240329T021809, end_date=20240329T021815
[2024-03-29T02:18:15.916+0000] {local_task_job_runner.py:234} INFO - Task exited with return code 0
[2024-03-29T02:18:16.071+0000] {taskinstance.py:3312} INFO - 0 downstream tasks scheduled from follow-on schedule check
[2024-03-30T01:02:26.816+0000] {taskinstance.py:1979} INFO - Dependencies all met for dep_context=non-requeueable deps ti=<TaskInstance: tomtom.import_tomtom_data_to_csv scheduled__2024-03-28T00:00:00+00:00 [queued]>
[2024-03-30T01:02:26.868+0000] {taskinstance.py:1979} INFO - Dependencies all met for dep_context=requeueable deps ti=<TaskInstance: tomtom.import_tomtom_data_to_csv scheduled__2024-03-28T00:00:00+00:00 [queued]>
[2024-03-30T01:02:26.875+0000] {taskinstance.py:2193} INFO - Starting attempt 1 of 2
[2024-03-30T01:02:26.964+0000] {taskinstance.py:2217} INFO - Executing <Task(BashOperator): import_tomtom_data_to_csv> on 2024-03-28 00:00:00+00:00
[2024-03-30T01:02:26.981+0000] {standard_task_runner.py:60} INFO - Started process 314 to run task
[2024-03-30T01:02:27.020+0000] {standard_task_runner.py:87} INFO - Running: ['***', 'tasks', 'run', 'tomtom', 'import_tomtom_data_to_csv', 'scheduled__2024-03-28T00:00:00+00:00', '--job-id', '7', '--raw', '--subdir', 'DAGS_FOLDER/tomtom_dag.py', '--cfg-path', '/tmp/tmpyxpg0xn8']
[2024-03-30T01:02:27.056+0000] {standard_task_runner.py:88} INFO - Job 7: Subtask import_tomtom_data_to_csv
[2024-03-30T01:02:27.171+0000] {logging_mixin.py:188} WARNING - /home/***/.local/lib/python3.8/site-packages/***/settings.py:194 DeprecationWarning: The sql_alchemy_conn option in [core] has been moved to the sql_alchemy_conn option in [database] - the old setting has been used, but please update your config.
[2024-03-30T01:02:27.461+0000] {task_command.py:423} INFO - Running <TaskInstance: tomtom.import_tomtom_data_to_csv scheduled__2024-03-28T00:00:00+00:00 [running]> on host 63c0a92b7fba
[2024-03-30T01:02:28.360+0000] {taskinstance.py:2513} INFO - Exporting env vars: AIRFLOW_CTX_DAG_OWNER='***' AIRFLOW_CTX_DAG_ID='tomtom' AIRFLOW_CTX_TASK_ID='import_tomtom_data_to_csv' AIRFLOW_CTX_EXECUTION_DATE='2024-03-28T00:00:00+00:00' AIRFLOW_CTX_TRY_NUMBER='1' AIRFLOW_CTX_DAG_RUN_ID='scheduled__2024-03-28T00:00:00+00:00'
[2024-03-30T01:02:28.367+0000] {subprocess.py:63} INFO - Tmp dir root location: /tmp
[2024-03-30T01:02:28.371+0000] {subprocess.py:75} INFO - Running command: ['/usr/bin/bash', '-c', 'python /opt/***/dags/tomtom_ingestion.py --date 2024-03-28']
[2024-03-30T01:02:28.442+0000] {subprocess.py:86} INFO - Output:
[2024-03-30T01:02:35.040+0000] {subprocess.py:97} INFO - Command exited with return code 0
[2024-03-30T01:02:35.169+0000] {taskinstance.py:1149} INFO - Marking task as SUCCESS. dag_id=tomtom, task_id=import_tomtom_data_to_csv, execution_date=20240328T000000, start_date=20240330T010226, end_date=20240330T010235
[2024-03-30T01:02:35.369+0000] {local_task_job_runner.py:234} INFO - Task exited with return code 0
[2024-03-30T01:02:35.585+0000] {taskinstance.py:3312} INFO - 1 downstream tasks scheduled from follow-on schedule check
[2024-03-30T19:17:56.687+0000] {taskinstance.py:1979} INFO - Dependencies all met for dep_context=non-requeueable deps ti=<TaskInstance: tomtom.import_tomtom_data_to_csv scheduled__2024-03-28T00:00:00+00:00 [queued]>
[2024-03-30T19:17:56.733+0000] {taskinstance.py:1979} INFO - Dependencies all met for dep_context=requeueable deps ti=<TaskInstance: tomtom.import_tomtom_data_to_csv scheduled__2024-03-28T00:00:00+00:00 [queued]>
[2024-03-30T19:17:56.740+0000] {taskinstance.py:2193} INFO - Starting attempt 1 of 2
[2024-03-30T19:17:56.873+0000] {taskinstance.py:2217} INFO - Executing <Task(BashOperator): import_tomtom_data_to_csv> on 2024-03-28 00:00:00+00:00
[2024-03-30T19:17:56.886+0000] {standard_task_runner.py:60} INFO - Started process 359 to run task
[2024-03-30T19:17:56.950+0000] {standard_task_runner.py:87} INFO - Running: ['***', 'tasks', 'run', 'tomtom', 'import_tomtom_data_to_csv', 'scheduled__2024-03-28T00:00:00+00:00', '--job-id', '7', '--raw', '--subdir', 'DAGS_FOLDER/tomtom_dag.py', '--cfg-path', '/tmp/tmppuxyjsxu']
[2024-03-30T19:17:56.981+0000] {standard_task_runner.py:88} INFO - Job 7: Subtask import_tomtom_data_to_csv
[2024-03-30T19:17:57.232+0000] {logging_mixin.py:188} WARNING - /home/***/.local/lib/python3.8/site-packages/***/settings.py:194 DeprecationWarning: The sql_alchemy_conn option in [core] has been moved to the sql_alchemy_conn option in [database] - the old setting has been used, but please update your config.
[2024-03-30T19:17:57.545+0000] {task_command.py:423} INFO - Running <TaskInstance: tomtom.import_tomtom_data_to_csv scheduled__2024-03-28T00:00:00+00:00 [running]> on host 19ac4b08c681
[2024-03-30T19:17:58.063+0000] {taskinstance.py:2513} INFO - Exporting env vars: AIRFLOW_CTX_DAG_OWNER='***' AIRFLOW_CTX_DAG_ID='tomtom' AIRFLOW_CTX_TASK_ID='import_tomtom_data_to_csv' AIRFLOW_CTX_EXECUTION_DATE='2024-03-28T00:00:00+00:00' AIRFLOW_CTX_TRY_NUMBER='1' AIRFLOW_CTX_DAG_RUN_ID='scheduled__2024-03-28T00:00:00+00:00'
[2024-03-30T19:17:58.072+0000] {subprocess.py:63} INFO - Tmp dir root location: /tmp
[2024-03-30T19:17:58.096+0000] {subprocess.py:75} INFO - Running command: ['/usr/bin/bash', '-c', 'python /opt/***/dags/tomtom_ingestion.py --date 2024-03-28']
[2024-03-30T19:17:58.190+0000] {subprocess.py:86} INFO - Output:
[2024-03-30T19:18:04.359+0000] {subprocess.py:97} INFO - Command exited with return code 0
[2024-03-30T19:18:04.773+0000] {taskinstance.py:1149} INFO - Marking task as SUCCESS. dag_id=tomtom, task_id=import_tomtom_data_to_csv, execution_date=20240328T000000, start_date=20240330T191756, end_date=20240330T191804
[2024-03-30T19:18:04.910+0000] {local_task_job_runner.py:234} INFO - Task exited with return code 0
[2024-03-30T19:18:04.992+0000] {taskinstance.py:3312} INFO - 1 downstream tasks scheduled from follow-on schedule check
[2024-03-31T23:53:01.098+0000] {taskinstance.py:1979} INFO - Dependencies all met for dep_context=non-requeueable deps ti=<TaskInstance: tomtom.import_tomtom_data_to_csv scheduled__2024-03-28T00:00:00+00:00 [queued]>
[2024-03-31T23:53:01.158+0000] {taskinstance.py:1979} INFO - Dependencies all met for dep_context=requeueable deps ti=<TaskInstance: tomtom.import_tomtom_data_to_csv scheduled__2024-03-28T00:00:00+00:00 [queued]>
[2024-03-31T23:53:01.161+0000] {taskinstance.py:2193} INFO - Starting attempt 1 of 2
[2024-03-31T23:53:01.394+0000] {taskinstance.py:2217} INFO - Executing <Task(BashOperator): import_tomtom_data_to_csv> on 2024-03-28 00:00:00+00:00
[2024-03-31T23:53:01.411+0000] {standard_task_runner.py:60} INFO - Started process 253 to run task
[2024-03-31T23:53:01.443+0000] {standard_task_runner.py:87} INFO - Running: ['***', 'tasks', 'run', 'tomtom', 'import_tomtom_data_to_csv', 'scheduled__2024-03-28T00:00:00+00:00', '--job-id', '6', '--raw', '--subdir', 'DAGS_FOLDER/tomtom_dag.py', '--cfg-path', '/tmp/tmpw5xjzrvn']
[2024-03-31T23:53:01.454+0000] {standard_task_runner.py:88} INFO - Job 6: Subtask import_tomtom_data_to_csv
[2024-03-31T23:53:01.627+0000] {logging_mixin.py:188} WARNING - /home/***/.local/lib/python3.8/site-packages/***/settings.py:194 DeprecationWarning: The sql_alchemy_conn option in [core] has been moved to the sql_alchemy_conn option in [database] - the old setting has been used, but please update your config.
[2024-03-31T23:53:01.843+0000] {task_command.py:423} INFO - Running <TaskInstance: tomtom.import_tomtom_data_to_csv scheduled__2024-03-28T00:00:00+00:00 [running]> on host eb2a2a17d989
[2024-03-31T23:53:02.467+0000] {taskinstance.py:2513} INFO - Exporting env vars: AIRFLOW_CTX_DAG_OWNER='***' AIRFLOW_CTX_DAG_ID='tomtom' AIRFLOW_CTX_TASK_ID='import_tomtom_data_to_csv' AIRFLOW_CTX_EXECUTION_DATE='2024-03-28T00:00:00+00:00' AIRFLOW_CTX_TRY_NUMBER='1' AIRFLOW_CTX_DAG_RUN_ID='scheduled__2024-03-28T00:00:00+00:00'
[2024-03-31T23:53:02.473+0000] {subprocess.py:63} INFO - Tmp dir root location: /tmp
[2024-03-31T23:53:02.478+0000] {subprocess.py:75} INFO - Running command: ['/usr/bin/bash', '-c', 'python /opt/***/dags/tomtom_ingestion.py --date 2024-03-28']
[2024-03-31T23:53:02.542+0000] {subprocess.py:86} INFO - Output:
[2024-03-31T23:53:08.043+0000] {subprocess.py:97} INFO - Command exited with return code 0
[2024-03-31T23:53:08.171+0000] {taskinstance.py:1149} INFO - Marking task as SUCCESS. dag_id=tomtom, task_id=import_tomtom_data_to_csv, execution_date=20240328T000000, start_date=20240331T235301, end_date=20240331T235308
[2024-03-31T23:53:08.277+0000] {local_task_job_runner.py:234} INFO - Task exited with return code 0
[2024-03-31T23:53:08.352+0000] {taskinstance.py:3312} INFO - 1 downstream tasks scheduled from follow-on schedule check
[2024-04-01T22:56:53.186+0000] {taskinstance.py:1979} INFO - Dependencies all met for dep_context=non-requeueable deps ti=<TaskInstance: tomtom.import_tomtom_data_to_csv scheduled__2024-03-28T00:00:00+00:00 [queued]>
[2024-04-01T22:56:53.288+0000] {taskinstance.py:1979} INFO - Dependencies all met for dep_context=requeueable deps ti=<TaskInstance: tomtom.import_tomtom_data_to_csv scheduled__2024-03-28T00:00:00+00:00 [queued]>
[2024-04-01T22:56:53.296+0000] {taskinstance.py:2193} INFO - Starting attempt 1 of 2
[2024-04-01T22:56:53.455+0000] {taskinstance.py:2217} INFO - Executing <Task(BashOperator): import_tomtom_data_to_csv> on 2024-03-28 00:00:00+00:00
[2024-04-01T22:56:53.470+0000] {standard_task_runner.py:60} INFO - Started process 337 to run task
[2024-04-01T22:56:53.640+0000] {standard_task_runner.py:87} INFO - Running: ['***', 'tasks', 'run', 'tomtom', 'import_tomtom_data_to_csv', 'scheduled__2024-03-28T00:00:00+00:00', '--job-id', '5', '--raw', '--subdir', 'DAGS_FOLDER/tomtom_dag.py', '--cfg-path', '/tmp/tmpku44ukg3']
[2024-04-01T22:56:53.735+0000] {standard_task_runner.py:88} INFO - Job 5: Subtask import_tomtom_data_to_csv
[2024-04-01T22:56:53.949+0000] {logging_mixin.py:188} WARNING - /home/***/.local/lib/python3.8/site-packages/***/settings.py:194 DeprecationWarning: The sql_alchemy_conn option in [core] has been moved to the sql_alchemy_conn option in [database] - the old setting has been used, but please update your config.
[2024-04-01T22:56:54.289+0000] {task_command.py:423} INFO - Running <TaskInstance: tomtom.import_tomtom_data_to_csv scheduled__2024-03-28T00:00:00+00:00 [running]> on host eb2a2a17d989
[2024-04-01T22:56:54.845+0000] {taskinstance.py:2513} INFO - Exporting env vars: AIRFLOW_CTX_DAG_OWNER='***' AIRFLOW_CTX_DAG_ID='tomtom' AIRFLOW_CTX_TASK_ID='import_tomtom_data_to_csv' AIRFLOW_CTX_EXECUTION_DATE='2024-03-28T00:00:00+00:00' AIRFLOW_CTX_TRY_NUMBER='1' AIRFLOW_CTX_DAG_RUN_ID='scheduled__2024-03-28T00:00:00+00:00'
[2024-04-01T22:56:54.891+0000] {subprocess.py:63} INFO - Tmp dir root location: /tmp
[2024-04-01T22:56:54.896+0000] {subprocess.py:75} INFO - Running command: ['/usr/bin/bash', '-c', 'python /opt/***/dags/tomtom_ingestion.py --date 2024-03-28']
[2024-04-01T22:56:54.956+0000] {subprocess.py:86} INFO - Output:
[2024-04-01T22:56:59.811+0000] {subprocess.py:97} INFO - Command exited with return code 0
[2024-04-01T22:57:00.053+0000] {taskinstance.py:1149} INFO - Marking task as SUCCESS. dag_id=tomtom, task_id=import_tomtom_data_to_csv, execution_date=20240328T000000, start_date=20240401T225653, end_date=20240401T225700
[2024-04-01T22:57:00.214+0000] {local_task_job_runner.py:234} INFO - Task exited with return code 0
[2024-04-01T22:57:00.331+0000] {taskinstance.py:3312} INFO - 1 downstream tasks scheduled from follow-on schedule check
[2024-04-01T23:29:21.884+0000] {taskinstance.py:1979} INFO - Dependencies all met for dep_context=non-requeueable deps ti=<TaskInstance: tomtom.import_tomtom_data_to_csv scheduled__2024-03-28T00:00:00+00:00 [queued]>
[2024-04-01T23:29:21.964+0000] {taskinstance.py:1979} INFO - Dependencies all met for dep_context=requeueable deps ti=<TaskInstance: tomtom.import_tomtom_data_to_csv scheduled__2024-03-28T00:00:00+00:00 [queued]>
[2024-04-01T23:29:21.974+0000] {taskinstance.py:2193} INFO - Starting attempt 1 of 2
[2024-04-01T23:29:22.109+0000] {taskinstance.py:2217} INFO - Executing <Task(BashOperator): import_tomtom_data_to_csv> on 2024-03-28 00:00:00+00:00
[2024-04-01T23:29:22.153+0000] {standard_task_runner.py:60} INFO - Started process 296 to run task
[2024-04-01T23:29:22.189+0000] {standard_task_runner.py:87} INFO - Running: ['***', 'tasks', 'run', 'tomtom', 'import_tomtom_data_to_csv', 'scheduled__2024-03-28T00:00:00+00:00', '--job-id', '5', '--raw', '--subdir', 'DAGS_FOLDER/tomtom_dag.py', '--cfg-path', '/tmp/tmpbwot10vk']
[2024-04-01T23:29:22.227+0000] {standard_task_runner.py:88} INFO - Job 5: Subtask import_tomtom_data_to_csv
[2024-04-01T23:29:22.446+0000] {logging_mixin.py:188} WARNING - /home/***/.local/lib/python3.8/site-packages/***/settings.py:194 DeprecationWarning: The sql_alchemy_conn option in [core] has been moved to the sql_alchemy_conn option in [database] - the old setting has been used, but please update your config.
[2024-04-01T23:29:22.734+0000] {task_command.py:423} INFO - Running <TaskInstance: tomtom.import_tomtom_data_to_csv scheduled__2024-03-28T00:00:00+00:00 [running]> on host d1eaa10b3e27
[2024-04-01T23:29:23.237+0000] {taskinstance.py:2513} INFO - Exporting env vars: AIRFLOW_CTX_DAG_OWNER='***' AIRFLOW_CTX_DAG_ID='tomtom' AIRFLOW_CTX_TASK_ID='import_tomtom_data_to_csv' AIRFLOW_CTX_EXECUTION_DATE='2024-03-28T00:00:00+00:00' AIRFLOW_CTX_TRY_NUMBER='1' AIRFLOW_CTX_DAG_RUN_ID='scheduled__2024-03-28T00:00:00+00:00'
[2024-04-01T23:29:23.244+0000] {subprocess.py:63} INFO - Tmp dir root location: /tmp
[2024-04-01T23:29:23.250+0000] {subprocess.py:75} INFO - Running command: ['/usr/bin/bash', '-c', 'python /opt/***/dags/tomtom_ingestion.py --date 2024-03-28']
[2024-04-01T23:29:23.302+0000] {subprocess.py:86} INFO - Output:
[2024-04-01T23:29:28.907+0000] {subprocess.py:97} INFO - Command exited with return code 0
[2024-04-01T23:29:29.088+0000] {taskinstance.py:1149} INFO - Marking task as SUCCESS. dag_id=tomtom, task_id=import_tomtom_data_to_csv, execution_date=20240328T000000, start_date=20240401T232921, end_date=20240401T232929
[2024-04-01T23:29:29.445+0000] {local_task_job_runner.py:234} INFO - Task exited with return code 0
[2024-04-01T23:29:29.596+0000] {taskinstance.py:3312} INFO - 1 downstream tasks scheduled from follow-on schedule check
[2024-04-01T23:39:29.911+0000] {taskinstance.py:1979} INFO - Dependencies all met for dep_context=non-requeueable deps ti=<TaskInstance: tomtom.import_tomtom_data_to_csv scheduled__2024-03-28T00:00:00+00:00 [queued]>
[2024-04-01T23:39:29.961+0000] {taskinstance.py:1979} INFO - Dependencies all met for dep_context=requeueable deps ti=<TaskInstance: tomtom.import_tomtom_data_to_csv scheduled__2024-03-28T00:00:00+00:00 [queued]>
[2024-04-01T23:39:29.972+0000] {taskinstance.py:2193} INFO - Starting attempt 1 of 2
[2024-04-01T23:39:30.102+0000] {taskinstance.py:2217} INFO - Executing <Task(BashOperator): import_tomtom_data_to_csv> on 2024-03-28 00:00:00+00:00
[2024-04-01T23:39:30.132+0000] {standard_task_runner.py:60} INFO - Started process 237 to run task
[2024-04-01T23:39:30.156+0000] {standard_task_runner.py:87} INFO - Running: ['***', 'tasks', 'run', 'tomtom', 'import_tomtom_data_to_csv', 'scheduled__2024-03-28T00:00:00+00:00', '--job-id', '5', '--raw', '--subdir', 'DAGS_FOLDER/tomtom_dag.py', '--cfg-path', '/tmp/tmp9_7ez_v7']
[2024-04-01T23:39:30.199+0000] {standard_task_runner.py:88} INFO - Job 5: Subtask import_tomtom_data_to_csv
[2024-04-01T23:39:30.365+0000] {logging_mixin.py:188} WARNING - /home/***/.local/lib/python3.8/site-packages/***/settings.py:194 DeprecationWarning: The sql_alchemy_conn option in [core] has been moved to the sql_alchemy_conn option in [database] - the old setting has been used, but please update your config.
[2024-04-01T23:39:30.631+0000] {task_command.py:423} INFO - Running <TaskInstance: tomtom.import_tomtom_data_to_csv scheduled__2024-03-28T00:00:00+00:00 [running]> on host d0452b3aa12f
[2024-04-01T23:39:31.252+0000] {taskinstance.py:2513} INFO - Exporting env vars: AIRFLOW_CTX_DAG_OWNER='***' AIRFLOW_CTX_DAG_ID='tomtom' AIRFLOW_CTX_TASK_ID='import_tomtom_data_to_csv' AIRFLOW_CTX_EXECUTION_DATE='2024-03-28T00:00:00+00:00' AIRFLOW_CTX_TRY_NUMBER='1' AIRFLOW_CTX_DAG_RUN_ID='scheduled__2024-03-28T00:00:00+00:00'
[2024-04-01T23:39:31.260+0000] {subprocess.py:63} INFO - Tmp dir root location: /tmp
[2024-04-01T23:39:31.266+0000] {subprocess.py:75} INFO - Running command: ['/usr/bin/bash', '-c', 'python /opt/***/dags/tomtom_ingestion.py --date 2024-03-28']
[2024-04-01T23:39:31.361+0000] {subprocess.py:86} INFO - Output:
[2024-04-01T23:39:41.058+0000] {subprocess.py:97} INFO - Command exited with return code 0
[2024-04-01T23:39:41.445+0000] {taskinstance.py:1149} INFO - Marking task as SUCCESS. dag_id=tomtom, task_id=import_tomtom_data_to_csv, execution_date=20240328T000000, start_date=20240401T233929, end_date=20240401T233941
[2024-04-01T23:39:41.637+0000] {local_task_job_runner.py:234} INFO - Task exited with return code 0
[2024-04-01T23:39:41.982+0000] {taskinstance.py:3312} INFO - 1 downstream tasks scheduled from follow-on schedule check
[2024-04-01T23:52:55.256+0000] {taskinstance.py:1979} INFO - Dependencies all met for dep_context=non-requeueable deps ti=<TaskInstance: tomtom.import_tomtom_data_to_csv scheduled__2024-03-28T00:00:00+00:00 [queued]>
[2024-04-01T23:52:55.325+0000] {taskinstance.py:1979} INFO - Dependencies all met for dep_context=requeueable deps ti=<TaskInstance: tomtom.import_tomtom_data_to_csv scheduled__2024-03-28T00:00:00+00:00 [queued]>
[2024-04-01T23:52:55.334+0000] {taskinstance.py:2193} INFO - Starting attempt 1 of 2
[2024-04-01T23:52:55.506+0000] {taskinstance.py:2217} INFO - Executing <Task(BashOperator): import_tomtom_data_to_csv> on 2024-03-28 00:00:00+00:00
[2024-04-01T23:52:55.543+0000] {standard_task_runner.py:60} INFO - Started process 235 to run task
[2024-04-01T23:52:55.611+0000] {standard_task_runner.py:87} INFO - Running: ['***', 'tasks', 'run', 'tomtom', 'import_tomtom_data_to_csv', 'scheduled__2024-03-28T00:00:00+00:00', '--job-id', '5', '--raw', '--subdir', 'DAGS_FOLDER/tomtom_dag.py', '--cfg-path', '/tmp/tmp87sfgo18']
[2024-04-01T23:52:55.634+0000] {standard_task_runner.py:88} INFO - Job 5: Subtask import_tomtom_data_to_csv
[2024-04-01T23:52:55.789+0000] {logging_mixin.py:188} WARNING - /home/***/.local/lib/python3.8/site-packages/***/settings.py:194 DeprecationWarning: The sql_alchemy_conn option in [core] has been moved to the sql_alchemy_conn option in [database] - the old setting has been used, but please update your config.
[2024-04-01T23:52:55.997+0000] {task_command.py:423} INFO - Running <TaskInstance: tomtom.import_tomtom_data_to_csv scheduled__2024-03-28T00:00:00+00:00 [running]> on host 20ab91caeb49
[2024-04-01T23:52:56.420+0000] {taskinstance.py:2513} INFO - Exporting env vars: AIRFLOW_CTX_DAG_OWNER='***' AIRFLOW_CTX_DAG_ID='tomtom' AIRFLOW_CTX_TASK_ID='import_tomtom_data_to_csv' AIRFLOW_CTX_EXECUTION_DATE='2024-03-28T00:00:00+00:00' AIRFLOW_CTX_TRY_NUMBER='1' AIRFLOW_CTX_DAG_RUN_ID='scheduled__2024-03-28T00:00:00+00:00'
[2024-04-01T23:52:56.428+0000] {subprocess.py:63} INFO - Tmp dir root location: /tmp
[2024-04-01T23:52:56.436+0000] {subprocess.py:75} INFO - Running command: ['/usr/bin/bash', '-c', 'python /opt/***/dags/tomtom_ingestion.py --date 2024-03-28']
[2024-04-01T23:52:56.472+0000] {subprocess.py:86} INFO - Output:
[2024-04-01T23:53:02.550+0000] {subprocess.py:97} INFO - Command exited with return code 0
[2024-04-01T23:53:02.795+0000] {taskinstance.py:1149} INFO - Marking task as SUCCESS. dag_id=tomtom, task_id=import_tomtom_data_to_csv, execution_date=20240328T000000, start_date=20240401T235255, end_date=20240401T235302
[2024-04-01T23:53:02.996+0000] {local_task_job_runner.py:234} INFO - Task exited with return code 0
[2024-04-01T23:53:03.093+0000] {taskinstance.py:3312} INFO - 1 downstream tasks scheduled from follow-on schedule check
[2024-04-02T21:26:22.188+0000] {taskinstance.py:1979} INFO - Dependencies all met for dep_context=non-requeueable deps ti=<TaskInstance: tomtom.import_tomtom_data_to_csv scheduled__2024-03-28T00:00:00+00:00 [queued]>
[2024-04-02T21:26:22.225+0000] {taskinstance.py:1979} INFO - Dependencies all met for dep_context=requeueable deps ti=<TaskInstance: tomtom.import_tomtom_data_to_csv scheduled__2024-03-28T00:00:00+00:00 [queued]>
[2024-04-02T21:26:22.235+0000] {taskinstance.py:2193} INFO - Starting attempt 1 of 2
[2024-04-02T21:26:22.349+0000] {taskinstance.py:2217} INFO - Executing <Task(BashOperator): import_tomtom_data_to_csv> on 2024-03-28 00:00:00+00:00
[2024-04-02T21:26:22.408+0000] {standard_task_runner.py:60} INFO - Started process 262 to run task
[2024-04-02T21:26:22.459+0000] {standard_task_runner.py:87} INFO - Running: ['***', 'tasks', 'run', 'tomtom', 'import_tomtom_data_to_csv', 'scheduled__2024-03-28T00:00:00+00:00', '--job-id', '4', '--raw', '--subdir', 'DAGS_FOLDER/tomtom_dag.py', '--cfg-path', '/tmp/tmpv4wpy2ip']
[2024-04-02T21:26:22.496+0000] {standard_task_runner.py:88} INFO - Job 4: Subtask import_tomtom_data_to_csv
[2024-04-02T21:26:22.668+0000] {logging_mixin.py:188} WARNING - /home/***/.local/lib/python3.8/site-packages/***/settings.py:194 DeprecationWarning: The sql_alchemy_conn option in [core] has been moved to the sql_alchemy_conn option in [database] - the old setting has been used, but please update your config.
[2024-04-02T21:26:22.964+0000] {task_command.py:423} INFO - Running <TaskInstance: tomtom.import_tomtom_data_to_csv scheduled__2024-03-28T00:00:00+00:00 [running]> on host e8080c3449d7
[2024-04-02T21:26:23.779+0000] {taskinstance.py:2513} INFO - Exporting env vars: AIRFLOW_CTX_DAG_OWNER='***' AIRFLOW_CTX_DAG_ID='tomtom' AIRFLOW_CTX_TASK_ID='import_tomtom_data_to_csv' AIRFLOW_CTX_EXECUTION_DATE='2024-03-28T00:00:00+00:00' AIRFLOW_CTX_TRY_NUMBER='1' AIRFLOW_CTX_DAG_RUN_ID='scheduled__2024-03-28T00:00:00+00:00'
[2024-04-02T21:26:23.785+0000] {subprocess.py:63} INFO - Tmp dir root location: /tmp
[2024-04-02T21:26:23.790+0000] {subprocess.py:75} INFO - Running command: ['/usr/bin/bash', '-c', 'python /opt/***/dags/tomtom_ingestion.py --date 2024-03-28']
[2024-04-02T21:26:23.984+0000] {subprocess.py:86} INFO - Output:
[2024-04-02T21:26:42.082+0000] {subprocess.py:97} INFO - Command exited with return code 0
[2024-04-02T21:26:42.453+0000] {taskinstance.py:1149} INFO - Marking task as SUCCESS. dag_id=tomtom, task_id=import_tomtom_data_to_csv, execution_date=20240328T000000, start_date=20240402T212622, end_date=20240402T212642
[2024-04-02T21:26:42.618+0000] {local_task_job_runner.py:234} INFO - Task exited with return code 0
[2024-04-02T21:26:43.564+0000] {taskinstance.py:3312} INFO - 0 downstream tasks scheduled from follow-on schedule check
