[2024-03-31T23:50:37.093+0000] {processor.py:161} INFO - Started process (PID=164) to work on /opt/airflow/dags/config.py
[2024-03-31T23:50:37.100+0000] {processor.py:830} INFO - Processing file /opt/airflow/dags/config.py for tasks to queue
[2024-03-31T23:50:37.107+0000] {logging_mixin.py:188} INFO - [2024-03-31T23:50:37.106+0000] {dagbag.py:540} INFO - Filling up the DagBag from /opt/airflow/dags/config.py
[2024-03-31T23:50:37.157+0000] {processor.py:842} WARNING - No viable dags retrieved from /opt/airflow/dags/config.py
[2024-03-31T23:50:37.223+0000] {processor.py:183} INFO - Processing /opt/airflow/dags/config.py took 0.136 seconds
[2024-03-31T23:51:07.951+0000] {processor.py:161} INFO - Started process (PID=179) to work on /opt/airflow/dags/config.py
[2024-03-31T23:51:07.959+0000] {processor.py:830} INFO - Processing file /opt/airflow/dags/config.py for tasks to queue
[2024-03-31T23:51:07.966+0000] {logging_mixin.py:188} INFO - [2024-03-31T23:51:07.965+0000] {dagbag.py:540} INFO - Filling up the DagBag from /opt/airflow/dags/config.py
[2024-03-31T23:51:07.994+0000] {processor.py:842} WARNING - No viable dags retrieved from /opt/airflow/dags/config.py
[2024-03-31T23:51:08.069+0000] {processor.py:183} INFO - Processing /opt/airflow/dags/config.py took 0.130 seconds
[2024-03-31T23:51:39.494+0000] {processor.py:161} INFO - Started process (PID=194) to work on /opt/airflow/dags/config.py
[2024-03-31T23:51:39.528+0000] {processor.py:830} INFO - Processing file /opt/airflow/dags/config.py for tasks to queue
[2024-03-31T23:51:39.558+0000] {logging_mixin.py:188} INFO - [2024-03-31T23:51:39.556+0000] {dagbag.py:540} INFO - Filling up the DagBag from /opt/airflow/dags/config.py
[2024-03-31T23:51:39.637+0000] {processor.py:842} WARNING - No viable dags retrieved from /opt/airflow/dags/config.py
[2024-03-31T23:51:39.835+0000] {processor.py:183} INFO - Processing /opt/airflow/dags/config.py took 0.360 seconds
[2024-03-31T23:52:10.783+0000] {processor.py:161} INFO - Started process (PID=209) to work on /opt/airflow/dags/config.py
[2024-03-31T23:52:10.822+0000] {processor.py:830} INFO - Processing file /opt/airflow/dags/config.py for tasks to queue
[2024-03-31T23:52:10.832+0000] {logging_mixin.py:188} INFO - [2024-03-31T23:52:10.831+0000] {dagbag.py:540} INFO - Filling up the DagBag from /opt/airflow/dags/config.py
[2024-03-31T23:52:10.868+0000] {processor.py:842} WARNING - No viable dags retrieved from /opt/airflow/dags/config.py
[2024-03-31T23:52:10.955+0000] {processor.py:183} INFO - Processing /opt/airflow/dags/config.py took 0.213 seconds
[2024-03-31T23:52:41.260+0000] {processor.py:161} INFO - Started process (PID=224) to work on /opt/airflow/dags/config.py
[2024-03-31T23:52:41.289+0000] {processor.py:830} INFO - Processing file /opt/airflow/dags/config.py for tasks to queue
[2024-03-31T23:52:41.304+0000] {logging_mixin.py:188} INFO - [2024-03-31T23:52:41.303+0000] {dagbag.py:540} INFO - Filling up the DagBag from /opt/airflow/dags/config.py
[2024-03-31T23:52:41.358+0000] {processor.py:842} WARNING - No viable dags retrieved from /opt/airflow/dags/config.py
[2024-03-31T23:52:41.603+0000] {processor.py:183} INFO - Processing /opt/airflow/dags/config.py took 0.359 seconds
[2024-03-31T23:53:12.152+0000] {processor.py:161} INFO - Started process (PID=309) to work on /opt/airflow/dags/config.py
[2024-03-31T23:53:12.168+0000] {processor.py:830} INFO - Processing file /opt/airflow/dags/config.py for tasks to queue
[2024-03-31T23:53:12.174+0000] {logging_mixin.py:188} INFO - [2024-03-31T23:53:12.173+0000] {dagbag.py:540} INFO - Filling up the DagBag from /opt/airflow/dags/config.py
[2024-03-31T23:53:12.213+0000] {processor.py:842} WARNING - No viable dags retrieved from /opt/airflow/dags/config.py
[2024-03-31T23:53:12.319+0000] {processor.py:183} INFO - Processing /opt/airflow/dags/config.py took 0.183 seconds
[2024-03-31T23:53:42.713+0000] {processor.py:161} INFO - Started process (PID=330) to work on /opt/airflow/dags/config.py
[2024-03-31T23:53:42.719+0000] {processor.py:830} INFO - Processing file /opt/airflow/dags/config.py for tasks to queue
[2024-03-31T23:53:42.726+0000] {logging_mixin.py:188} INFO - [2024-03-31T23:53:42.726+0000] {dagbag.py:540} INFO - Filling up the DagBag from /opt/airflow/dags/config.py
[2024-03-31T23:53:42.742+0000] {processor.py:842} WARNING - No viable dags retrieved from /opt/airflow/dags/config.py
[2024-03-31T23:53:42.775+0000] {processor.py:183} INFO - Processing /opt/airflow/dags/config.py took 0.070 seconds
[2024-03-31T23:54:13.225+0000] {processor.py:161} INFO - Started process (PID=345) to work on /opt/airflow/dags/config.py
[2024-03-31T23:54:13.230+0000] {processor.py:830} INFO - Processing file /opt/airflow/dags/config.py for tasks to queue
[2024-03-31T23:54:13.235+0000] {logging_mixin.py:188} INFO - [2024-03-31T23:54:13.234+0000] {dagbag.py:540} INFO - Filling up the DagBag from /opt/airflow/dags/config.py
[2024-03-31T23:54:13.252+0000] {processor.py:842} WARNING - No viable dags retrieved from /opt/airflow/dags/config.py
[2024-03-31T23:54:13.283+0000] {processor.py:183} INFO - Processing /opt/airflow/dags/config.py took 0.063 seconds
[2024-03-31T23:54:43.751+0000] {processor.py:161} INFO - Started process (PID=360) to work on /opt/airflow/dags/config.py
[2024-03-31T23:54:43.756+0000] {processor.py:830} INFO - Processing file /opt/airflow/dags/config.py for tasks to queue
[2024-03-31T23:54:43.761+0000] {logging_mixin.py:188} INFO - [2024-03-31T23:54:43.760+0000] {dagbag.py:540} INFO - Filling up the DagBag from /opt/airflow/dags/config.py
[2024-03-31T23:54:43.779+0000] {processor.py:842} WARNING - No viable dags retrieved from /opt/airflow/dags/config.py
[2024-03-31T23:54:43.810+0000] {processor.py:183} INFO - Processing /opt/airflow/dags/config.py took 0.064 seconds
[2024-03-31T23:55:14.294+0000] {processor.py:161} INFO - Started process (PID=375) to work on /opt/airflow/dags/config.py
[2024-03-31T23:55:14.300+0000] {processor.py:830} INFO - Processing file /opt/airflow/dags/config.py for tasks to queue
[2024-03-31T23:55:14.305+0000] {logging_mixin.py:188} INFO - [2024-03-31T23:55:14.304+0000] {dagbag.py:540} INFO - Filling up the DagBag from /opt/airflow/dags/config.py
[2024-03-31T23:55:14.322+0000] {processor.py:842} WARNING - No viable dags retrieved from /opt/airflow/dags/config.py
[2024-03-31T23:55:14.355+0000] {processor.py:183} INFO - Processing /opt/airflow/dags/config.py took 0.067 seconds
[2024-03-31T23:55:44.991+0000] {processor.py:161} INFO - Started process (PID=390) to work on /opt/airflow/dags/config.py
[2024-03-31T23:55:44.995+0000] {processor.py:830} INFO - Processing file /opt/airflow/dags/config.py for tasks to queue
[2024-03-31T23:55:45.001+0000] {logging_mixin.py:188} INFO - [2024-03-31T23:55:45.000+0000] {dagbag.py:540} INFO - Filling up the DagBag from /opt/airflow/dags/config.py
[2024-03-31T23:55:45.018+0000] {processor.py:842} WARNING - No viable dags retrieved from /opt/airflow/dags/config.py
[2024-03-31T23:55:45.050+0000] {processor.py:183} INFO - Processing /opt/airflow/dags/config.py took 0.063 seconds
[2024-03-31T23:56:15.456+0000] {processor.py:161} INFO - Started process (PID=405) to work on /opt/airflow/dags/config.py
[2024-03-31T23:56:15.461+0000] {processor.py:830} INFO - Processing file /opt/airflow/dags/config.py for tasks to queue
[2024-03-31T23:56:15.466+0000] {logging_mixin.py:188} INFO - [2024-03-31T23:56:15.465+0000] {dagbag.py:540} INFO - Filling up the DagBag from /opt/airflow/dags/config.py
[2024-03-31T23:56:15.482+0000] {processor.py:842} WARNING - No viable dags retrieved from /opt/airflow/dags/config.py
[2024-03-31T23:56:15.514+0000] {processor.py:183} INFO - Processing /opt/airflow/dags/config.py took 0.065 seconds
[2024-03-31T23:56:46.029+0000] {processor.py:161} INFO - Started process (PID=420) to work on /opt/airflow/dags/config.py
[2024-03-31T23:56:46.034+0000] {processor.py:830} INFO - Processing file /opt/airflow/dags/config.py for tasks to queue
[2024-03-31T23:56:46.040+0000] {logging_mixin.py:188} INFO - [2024-03-31T23:56:46.039+0000] {dagbag.py:540} INFO - Filling up the DagBag from /opt/airflow/dags/config.py
[2024-03-31T23:56:46.059+0000] {processor.py:842} WARNING - No viable dags retrieved from /opt/airflow/dags/config.py
[2024-03-31T23:56:46.094+0000] {processor.py:183} INFO - Processing /opt/airflow/dags/config.py took 0.069 seconds
[2024-03-31T23:57:16.512+0000] {processor.py:161} INFO - Started process (PID=435) to work on /opt/airflow/dags/config.py
[2024-03-31T23:57:16.518+0000] {processor.py:830} INFO - Processing file /opt/airflow/dags/config.py for tasks to queue
[2024-03-31T23:57:16.523+0000] {logging_mixin.py:188} INFO - [2024-03-31T23:57:16.522+0000] {dagbag.py:540} INFO - Filling up the DagBag from /opt/airflow/dags/config.py
[2024-03-31T23:57:16.540+0000] {processor.py:842} WARNING - No viable dags retrieved from /opt/airflow/dags/config.py
[2024-03-31T23:57:16.572+0000] {processor.py:183} INFO - Processing /opt/airflow/dags/config.py took 0.065 seconds
[2024-03-31T23:57:47.111+0000] {processor.py:161} INFO - Started process (PID=450) to work on /opt/airflow/dags/config.py
[2024-03-31T23:57:47.116+0000] {processor.py:830} INFO - Processing file /opt/airflow/dags/config.py for tasks to queue
[2024-03-31T23:57:47.121+0000] {logging_mixin.py:188} INFO - [2024-03-31T23:57:47.120+0000] {dagbag.py:540} INFO - Filling up the DagBag from /opt/airflow/dags/config.py
[2024-03-31T23:57:47.139+0000] {processor.py:842} WARNING - No viable dags retrieved from /opt/airflow/dags/config.py
[2024-03-31T23:57:47.169+0000] {processor.py:183} INFO - Processing /opt/airflow/dags/config.py took 0.063 seconds
[2024-03-31T23:58:17.644+0000] {processor.py:161} INFO - Started process (PID=465) to work on /opt/airflow/dags/config.py
[2024-03-31T23:58:17.651+0000] {processor.py:830} INFO - Processing file /opt/airflow/dags/config.py for tasks to queue
[2024-03-31T23:58:17.658+0000] {logging_mixin.py:188} INFO - [2024-03-31T23:58:17.657+0000] {dagbag.py:540} INFO - Filling up the DagBag from /opt/airflow/dags/config.py
[2024-03-31T23:58:17.691+0000] {processor.py:842} WARNING - No viable dags retrieved from /opt/airflow/dags/config.py
[2024-03-31T23:58:17.727+0000] {processor.py:183} INFO - Processing /opt/airflow/dags/config.py took 0.094 seconds
[2024-03-31T23:58:48.245+0000] {processor.py:161} INFO - Started process (PID=480) to work on /opt/airflow/dags/config.py
[2024-03-31T23:58:48.251+0000] {processor.py:830} INFO - Processing file /opt/airflow/dags/config.py for tasks to queue
[2024-03-31T23:58:48.258+0000] {logging_mixin.py:188} INFO - [2024-03-31T23:58:48.257+0000] {dagbag.py:540} INFO - Filling up the DagBag from /opt/airflow/dags/config.py
[2024-03-31T23:58:48.287+0000] {processor.py:842} WARNING - No viable dags retrieved from /opt/airflow/dags/config.py
[2024-03-31T23:58:48.336+0000] {processor.py:183} INFO - Processing /opt/airflow/dags/config.py took 0.100 seconds
[2024-03-31T23:59:18.954+0000] {processor.py:161} INFO - Started process (PID=495) to work on /opt/airflow/dags/config.py
[2024-03-31T23:59:18.958+0000] {processor.py:830} INFO - Processing file /opt/airflow/dags/config.py for tasks to queue
[2024-03-31T23:59:18.963+0000] {logging_mixin.py:188} INFO - [2024-03-31T23:59:18.962+0000] {dagbag.py:540} INFO - Filling up the DagBag from /opt/airflow/dags/config.py
[2024-03-31T23:59:18.983+0000] {processor.py:842} WARNING - No viable dags retrieved from /opt/airflow/dags/config.py
[2024-03-31T23:59:19.017+0000] {processor.py:183} INFO - Processing /opt/airflow/dags/config.py took 0.068 seconds
[2024-03-31T23:59:49.643+0000] {processor.py:161} INFO - Started process (PID=510) to work on /opt/airflow/dags/config.py
[2024-03-31T23:59:49.649+0000] {processor.py:830} INFO - Processing file /opt/airflow/dags/config.py for tasks to queue
[2024-03-31T23:59:49.654+0000] {logging_mixin.py:188} INFO - [2024-03-31T23:59:49.653+0000] {dagbag.py:540} INFO - Filling up the DagBag from /opt/airflow/dags/config.py
[2024-03-31T23:59:49.673+0000] {processor.py:842} WARNING - No viable dags retrieved from /opt/airflow/dags/config.py
[2024-03-31T23:59:49.712+0000] {processor.py:183} INFO - Processing /opt/airflow/dags/config.py took 0.075 seconds
