[2024-03-31T23:50:37.244+0000] {processor.py:161} INFO - Started process (PID=167) to work on /opt/airflow/dags/tomtom_dag.py
[2024-03-31T23:50:37.250+0000] {processor.py:830} INFO - Processing file /opt/airflow/dags/tomtom_dag.py for tasks to queue
[2024-03-31T23:50:37.257+0000] {logging_mixin.py:188} INFO - [2024-03-31T23:50:37.255+0000] {dagbag.py:540} INFO - Filling up the DagBag from /opt/airflow/dags/tomtom_dag.py
[2024-03-31T23:50:37.445+0000] {logging_mixin.py:188} INFO - [2024-03-31T23:50:37.425+0000] {dagbag.py:350} ERROR - Failed to import: /opt/airflow/dags/tomtom_dag.py
Traceback (most recent call last):
  File "/home/airflow/.local/lib/python3.8/site-packages/airflow/models/dagbag.py", line 346, in parse
    loader.exec_module(new_module)
  File "<frozen importlib._bootstrap_external>", line 843, in exec_module
  File "<frozen importlib._bootstrap>", line 219, in _call_with_frames_removed
  File "/opt/airflow/dags/tomtom_dag.py", line 34, in <module>
    '--date {{ ds }} --connection %s' % Variable.get("data_dev_connection")
  File "/home/airflow/.local/lib/python3.8/site-packages/airflow/models/variable.py", line 143, in get
    raise KeyError(f"Variable {key} does not exist")
KeyError: 'Variable data_dev_connection does not exist'
[2024-03-31T23:50:37.503+0000] {processor.py:842} WARNING - No viable dags retrieved from /opt/airflow/dags/tomtom_dag.py
[2024-03-31T23:50:37.562+0000] {processor.py:183} INFO - Processing /opt/airflow/dags/tomtom_dag.py took 0.323 seconds
[2024-03-31T23:51:08.006+0000] {processor.py:161} INFO - Started process (PID=182) to work on /opt/airflow/dags/tomtom_dag.py
[2024-03-31T23:51:08.011+0000] {processor.py:830} INFO - Processing file /opt/airflow/dags/tomtom_dag.py for tasks to queue
[2024-03-31T23:51:08.017+0000] {logging_mixin.py:188} INFO - [2024-03-31T23:51:08.017+0000] {dagbag.py:540} INFO - Filling up the DagBag from /opt/airflow/dags/tomtom_dag.py
[2024-03-31T23:51:08.139+0000] {logging_mixin.py:188} INFO - [2024-03-31T23:51:08.131+0000] {dagbag.py:350} ERROR - Failed to import: /opt/airflow/dags/tomtom_dag.py
Traceback (most recent call last):
  File "/home/airflow/.local/lib/python3.8/site-packages/airflow/models/dagbag.py", line 346, in parse
    loader.exec_module(new_module)
  File "<frozen importlib._bootstrap_external>", line 843, in exec_module
  File "<frozen importlib._bootstrap>", line 219, in _call_with_frames_removed
  File "/opt/airflow/dags/tomtom_dag.py", line 34, in <module>
    '--date {{ ds }} --connection %s' % Variable.get("data_dev_connection")
  File "/home/airflow/.local/lib/python3.8/site-packages/airflow/models/variable.py", line 143, in get
    raise KeyError(f"Variable {key} does not exist")
KeyError: 'Variable data_dev_connection does not exist'
[2024-03-31T23:51:08.144+0000] {processor.py:842} WARNING - No viable dags retrieved from /opt/airflow/dags/tomtom_dag.py
[2024-03-31T23:51:08.188+0000] {processor.py:183} INFO - Processing /opt/airflow/dags/tomtom_dag.py took 0.209 seconds
[2024-03-31T23:51:39.495+0000] {processor.py:161} INFO - Started process (PID=197) to work on /opt/airflow/dags/tomtom_dag.py
[2024-03-31T23:51:39.509+0000] {processor.py:830} INFO - Processing file /opt/airflow/dags/tomtom_dag.py for tasks to queue
[2024-03-31T23:51:39.568+0000] {logging_mixin.py:188} INFO - [2024-03-31T23:51:39.555+0000] {dagbag.py:540} INFO - Filling up the DagBag from /opt/airflow/dags/tomtom_dag.py
[2024-03-31T23:51:39.883+0000] {logging_mixin.py:188} INFO - [2024-03-31T23:51:39.867+0000] {dagbag.py:350} ERROR - Failed to import: /opt/airflow/dags/tomtom_dag.py
Traceback (most recent call last):
  File "/home/airflow/.local/lib/python3.8/site-packages/airflow/models/dagbag.py", line 346, in parse
    loader.exec_module(new_module)
  File "<frozen importlib._bootstrap_external>", line 843, in exec_module
  File "<frozen importlib._bootstrap>", line 219, in _call_with_frames_removed
  File "/opt/airflow/dags/tomtom_dag.py", line 34, in <module>
    '--date {{ ds }} --connection %s' % Variable.get("data_dev_connection")
  File "/home/airflow/.local/lib/python3.8/site-packages/airflow/models/variable.py", line 143, in get
    raise KeyError(f"Variable {key} does not exist")
KeyError: 'Variable data_dev_connection does not exist'
[2024-03-31T23:51:39.916+0000] {processor.py:842} WARNING - No viable dags retrieved from /opt/airflow/dags/tomtom_dag.py
[2024-03-31T23:51:40.027+0000] {processor.py:183} INFO - Processing /opt/airflow/dags/tomtom_dag.py took 0.533 seconds
[2024-03-31T23:52:10.802+0000] {processor.py:161} INFO - Started process (PID=212) to work on /opt/airflow/dags/tomtom_dag.py
[2024-03-31T23:52:10.822+0000] {processor.py:830} INFO - Processing file /opt/airflow/dags/tomtom_dag.py for tasks to queue
[2024-03-31T23:52:10.827+0000] {logging_mixin.py:188} INFO - [2024-03-31T23:52:10.826+0000] {dagbag.py:540} INFO - Filling up the DagBag from /opt/airflow/dags/tomtom_dag.py
[2024-03-31T23:52:10.982+0000] {logging_mixin.py:188} INFO - [2024-03-31T23:52:10.974+0000] {dagbag.py:350} ERROR - Failed to import: /opt/airflow/dags/tomtom_dag.py
Traceback (most recent call last):
  File "/home/airflow/.local/lib/python3.8/site-packages/airflow/models/dagbag.py", line 346, in parse
    loader.exec_module(new_module)
  File "<frozen importlib._bootstrap_external>", line 843, in exec_module
  File "<frozen importlib._bootstrap>", line 219, in _call_with_frames_removed
  File "/opt/airflow/dags/tomtom_dag.py", line 34, in <module>
    '--date {{ ds }} --connection %s' % Variable.get("data_dev_connection")
  File "/home/airflow/.local/lib/python3.8/site-packages/airflow/models/variable.py", line 143, in get
    raise KeyError(f"Variable {key} does not exist")
KeyError: 'Variable data_dev_connection does not exist'
[2024-03-31T23:52:10.997+0000] {processor.py:842} WARNING - No viable dags retrieved from /opt/airflow/dags/tomtom_dag.py
[2024-03-31T23:52:11.034+0000] {processor.py:183} INFO - Processing /opt/airflow/dags/tomtom_dag.py took 0.254 seconds
[2024-03-31T23:52:41.687+0000] {processor.py:161} INFO - Started process (PID=227) to work on /opt/airflow/dags/tomtom_dag.py
[2024-03-31T23:52:41.698+0000] {processor.py:830} INFO - Processing file /opt/airflow/dags/tomtom_dag.py for tasks to queue
[2024-03-31T23:52:41.705+0000] {logging_mixin.py:188} INFO - [2024-03-31T23:52:41.703+0000] {dagbag.py:540} INFO - Filling up the DagBag from /opt/airflow/dags/tomtom_dag.py
[2024-03-31T23:52:41.810+0000] {processor.py:840} INFO - DAG(s) 'tomtom' retrieved from /opt/airflow/dags/tomtom_dag.py
[2024-03-31T23:52:42.454+0000] {logging_mixin.py:188} INFO - [2024-03-31T23:52:42.453+0000] {override.py:1769} INFO - Created Permission View: can read on DAG:tomtom
[2024-03-31T23:52:42.491+0000] {logging_mixin.py:188} INFO - [2024-03-31T23:52:42.490+0000] {override.py:1769} INFO - Created Permission View: can delete on DAG:tomtom
[2024-03-31T23:52:42.518+0000] {logging_mixin.py:188} INFO - [2024-03-31T23:52:42.518+0000] {override.py:1769} INFO - Created Permission View: can edit on DAG:tomtom
[2024-03-31T23:52:42.523+0000] {logging_mixin.py:188} INFO - [2024-03-31T23:52:42.522+0000] {dag.py:3047} INFO - Sync 1 DAGs
[2024-03-31T23:52:42.547+0000] {logging_mixin.py:188} INFO - [2024-03-31T23:52:42.547+0000] {dag.py:3069} INFO - Creating ORM DAG for tomtom
[2024-03-31T23:52:42.578+0000] {logging_mixin.py:188} INFO - [2024-03-31T23:52:42.577+0000] {dag.py:3834} INFO - Setting next_dagrun for tomtom to 2024-03-25 00:00:00+00:00, run_after=2024-03-26 00:00:00+00:00
[2024-03-31T23:52:42.688+0000] {processor.py:183} INFO - Processing /opt/airflow/dags/tomtom_dag.py took 1.012 seconds
[2024-03-31T23:53:13.120+0000] {processor.py:161} INFO - Started process (PID=316) to work on /opt/airflow/dags/tomtom_dag.py
[2024-03-31T23:53:13.126+0000] {processor.py:830} INFO - Processing file /opt/airflow/dags/tomtom_dag.py for tasks to queue
[2024-03-31T23:53:13.131+0000] {logging_mixin.py:188} INFO - [2024-03-31T23:53:13.131+0000] {dagbag.py:540} INFO - Filling up the DagBag from /opt/airflow/dags/tomtom_dag.py
[2024-03-31T23:53:13.222+0000] {processor.py:840} INFO - DAG(s) 'tomtom' retrieved from /opt/airflow/dags/tomtom_dag.py
[2024-03-31T23:53:13.278+0000] {logging_mixin.py:188} INFO - [2024-03-31T23:53:13.278+0000] {dag.py:3047} INFO - Sync 1 DAGs
[2024-03-31T23:53:13.335+0000] {logging_mixin.py:188} INFO - [2024-03-31T23:53:13.335+0000] {dag.py:3834} INFO - Setting next_dagrun for tomtom to 2024-03-31 00:00:00+00:00, run_after=2024-04-01 00:00:00+00:00
[2024-03-31T23:53:13.437+0000] {processor.py:183} INFO - Processing /opt/airflow/dags/tomtom_dag.py took 0.325 seconds
[2024-03-31T23:53:43.734+0000] {processor.py:161} INFO - Started process (PID=335) to work on /opt/airflow/dags/tomtom_dag.py
[2024-03-31T23:53:43.739+0000] {processor.py:830} INFO - Processing file /opt/airflow/dags/tomtom_dag.py for tasks to queue
[2024-03-31T23:53:43.743+0000] {logging_mixin.py:188} INFO - [2024-03-31T23:53:43.743+0000] {dagbag.py:540} INFO - Filling up the DagBag from /opt/airflow/dags/tomtom_dag.py
[2024-03-31T23:53:43.814+0000] {processor.py:840} INFO - DAG(s) 'tomtom' retrieved from /opt/airflow/dags/tomtom_dag.py
[2024-03-31T23:53:43.853+0000] {logging_mixin.py:188} INFO - [2024-03-31T23:53:43.853+0000] {dag.py:3047} INFO - Sync 1 DAGs
[2024-03-31T23:53:43.899+0000] {logging_mixin.py:188} INFO - [2024-03-31T23:53:43.899+0000] {dag.py:3834} INFO - Setting next_dagrun for tomtom to 2024-03-31 00:00:00+00:00, run_after=2024-04-01 00:00:00+00:00
[2024-03-31T23:53:43.943+0000] {processor.py:183} INFO - Processing /opt/airflow/dags/tomtom_dag.py took 0.214 seconds
[2024-03-31T23:54:14.272+0000] {processor.py:161} INFO - Started process (PID=350) to work on /opt/airflow/dags/tomtom_dag.py
[2024-03-31T23:54:14.278+0000] {processor.py:830} INFO - Processing file /opt/airflow/dags/tomtom_dag.py for tasks to queue
[2024-03-31T23:54:14.283+0000] {logging_mixin.py:188} INFO - [2024-03-31T23:54:14.283+0000] {dagbag.py:540} INFO - Filling up the DagBag from /opt/airflow/dags/tomtom_dag.py
[2024-03-31T23:54:14.349+0000] {processor.py:840} INFO - DAG(s) 'tomtom' retrieved from /opt/airflow/dags/tomtom_dag.py
[2024-03-31T23:54:14.381+0000] {logging_mixin.py:188} INFO - [2024-03-31T23:54:14.381+0000] {dag.py:3047} INFO - Sync 1 DAGs
[2024-03-31T23:54:14.422+0000] {logging_mixin.py:188} INFO - [2024-03-31T23:54:14.421+0000] {dag.py:3834} INFO - Setting next_dagrun for tomtom to 2024-03-31 00:00:00+00:00, run_after=2024-04-01 00:00:00+00:00
[2024-03-31T23:54:14.482+0000] {processor.py:183} INFO - Processing /opt/airflow/dags/tomtom_dag.py took 0.215 seconds
[2024-03-31T23:54:44.787+0000] {processor.py:161} INFO - Started process (PID=365) to work on /opt/airflow/dags/tomtom_dag.py
[2024-03-31T23:54:44.793+0000] {processor.py:830} INFO - Processing file /opt/airflow/dags/tomtom_dag.py for tasks to queue
[2024-03-31T23:54:44.798+0000] {logging_mixin.py:188} INFO - [2024-03-31T23:54:44.797+0000] {dagbag.py:540} INFO - Filling up the DagBag from /opt/airflow/dags/tomtom_dag.py
[2024-03-31T23:54:44.861+0000] {processor.py:840} INFO - DAG(s) 'tomtom' retrieved from /opt/airflow/dags/tomtom_dag.py
[2024-03-31T23:54:44.892+0000] {logging_mixin.py:188} INFO - [2024-03-31T23:54:44.892+0000] {dag.py:3047} INFO - Sync 1 DAGs
[2024-03-31T23:54:44.941+0000] {logging_mixin.py:188} INFO - [2024-03-31T23:54:44.941+0000] {dag.py:3834} INFO - Setting next_dagrun for tomtom to 2024-03-31 00:00:00+00:00, run_after=2024-04-01 00:00:00+00:00
[2024-03-31T23:54:45.006+0000] {processor.py:183} INFO - Processing /opt/airflow/dags/tomtom_dag.py took 0.224 seconds
[2024-03-31T23:55:15.326+0000] {processor.py:161} INFO - Started process (PID=380) to work on /opt/airflow/dags/tomtom_dag.py
[2024-03-31T23:55:15.331+0000] {processor.py:830} INFO - Processing file /opt/airflow/dags/tomtom_dag.py for tasks to queue
[2024-03-31T23:55:15.336+0000] {logging_mixin.py:188} INFO - [2024-03-31T23:55:15.336+0000] {dagbag.py:540} INFO - Filling up the DagBag from /opt/airflow/dags/tomtom_dag.py
[2024-03-31T23:55:15.405+0000] {processor.py:840} INFO - DAG(s) 'tomtom' retrieved from /opt/airflow/dags/tomtom_dag.py
[2024-03-31T23:55:15.435+0000] {logging_mixin.py:188} INFO - [2024-03-31T23:55:15.435+0000] {dag.py:3047} INFO - Sync 1 DAGs
[2024-03-31T23:55:15.480+0000] {logging_mixin.py:188} INFO - [2024-03-31T23:55:15.479+0000] {dag.py:3834} INFO - Setting next_dagrun for tomtom to 2024-03-31 00:00:00+00:00, run_after=2024-04-01 00:00:00+00:00
[2024-03-31T23:55:15.528+0000] {processor.py:183} INFO - Processing /opt/airflow/dags/tomtom_dag.py took 0.208 seconds
[2024-03-31T23:55:46.029+0000] {processor.py:161} INFO - Started process (PID=395) to work on /opt/airflow/dags/tomtom_dag.py
[2024-03-31T23:55:46.034+0000] {processor.py:830} INFO - Processing file /opt/airflow/dags/tomtom_dag.py for tasks to queue
[2024-03-31T23:55:46.038+0000] {logging_mixin.py:188} INFO - [2024-03-31T23:55:46.037+0000] {dagbag.py:540} INFO - Filling up the DagBag from /opt/airflow/dags/tomtom_dag.py
[2024-03-31T23:55:46.098+0000] {processor.py:840} INFO - DAG(s) 'tomtom' retrieved from /opt/airflow/dags/tomtom_dag.py
[2024-03-31T23:55:46.127+0000] {logging_mixin.py:188} INFO - [2024-03-31T23:55:46.127+0000] {dag.py:3047} INFO - Sync 1 DAGs
[2024-03-31T23:55:46.163+0000] {logging_mixin.py:188} INFO - [2024-03-31T23:55:46.162+0000] {dag.py:3834} INFO - Setting next_dagrun for tomtom to 2024-03-31 00:00:00+00:00, run_after=2024-04-01 00:00:00+00:00
[2024-03-31T23:55:46.208+0000] {processor.py:183} INFO - Processing /opt/airflow/dags/tomtom_dag.py took 0.185 seconds
[2024-03-31T23:56:16.561+0000] {processor.py:161} INFO - Started process (PID=410) to work on /opt/airflow/dags/tomtom_dag.py
[2024-03-31T23:56:16.567+0000] {processor.py:830} INFO - Processing file /opt/airflow/dags/tomtom_dag.py for tasks to queue
[2024-03-31T23:56:16.571+0000] {logging_mixin.py:188} INFO - [2024-03-31T23:56:16.570+0000] {dagbag.py:540} INFO - Filling up the DagBag from /opt/airflow/dags/tomtom_dag.py
[2024-03-31T23:56:16.630+0000] {processor.py:840} INFO - DAG(s) 'tomtom' retrieved from /opt/airflow/dags/tomtom_dag.py
[2024-03-31T23:56:16.665+0000] {logging_mixin.py:188} INFO - [2024-03-31T23:56:16.665+0000] {dag.py:3047} INFO - Sync 1 DAGs
[2024-03-31T23:56:16.701+0000] {logging_mixin.py:188} INFO - [2024-03-31T23:56:16.700+0000] {dag.py:3834} INFO - Setting next_dagrun for tomtom to 2024-03-31 00:00:00+00:00, run_after=2024-04-01 00:00:00+00:00
[2024-03-31T23:56:16.747+0000] {processor.py:183} INFO - Processing /opt/airflow/dags/tomtom_dag.py took 0.192 seconds
[2024-03-31T23:56:47.062+0000] {processor.py:161} INFO - Started process (PID=425) to work on /opt/airflow/dags/tomtom_dag.py
[2024-03-31T23:56:47.067+0000] {processor.py:830} INFO - Processing file /opt/airflow/dags/tomtom_dag.py for tasks to queue
[2024-03-31T23:56:47.072+0000] {logging_mixin.py:188} INFO - [2024-03-31T23:56:47.071+0000] {dagbag.py:540} INFO - Filling up the DagBag from /opt/airflow/dags/tomtom_dag.py
[2024-03-31T23:56:47.133+0000] {processor.py:840} INFO - DAG(s) 'tomtom' retrieved from /opt/airflow/dags/tomtom_dag.py
[2024-03-31T23:56:47.166+0000] {logging_mixin.py:188} INFO - [2024-03-31T23:56:47.166+0000] {dag.py:3047} INFO - Sync 1 DAGs
[2024-03-31T23:56:47.202+0000] {logging_mixin.py:188} INFO - [2024-03-31T23:56:47.202+0000] {dag.py:3834} INFO - Setting next_dagrun for tomtom to 2024-03-31 00:00:00+00:00, run_after=2024-04-01 00:00:00+00:00
[2024-03-31T23:56:47.247+0000] {processor.py:183} INFO - Processing /opt/airflow/dags/tomtom_dag.py took 0.190 seconds
[2024-03-31T23:57:17.633+0000] {processor.py:161} INFO - Started process (PID=440) to work on /opt/airflow/dags/tomtom_dag.py
[2024-03-31T23:57:17.646+0000] {processor.py:830} INFO - Processing file /opt/airflow/dags/tomtom_dag.py for tasks to queue
[2024-03-31T23:57:17.651+0000] {logging_mixin.py:188} INFO - [2024-03-31T23:57:17.650+0000] {dagbag.py:540} INFO - Filling up the DagBag from /opt/airflow/dags/tomtom_dag.py
[2024-03-31T23:57:17.710+0000] {processor.py:840} INFO - DAG(s) 'tomtom' retrieved from /opt/airflow/dags/tomtom_dag.py
[2024-03-31T23:57:17.743+0000] {logging_mixin.py:188} INFO - [2024-03-31T23:57:17.742+0000] {dag.py:3047} INFO - Sync 1 DAGs
[2024-03-31T23:57:17.783+0000] {logging_mixin.py:188} INFO - [2024-03-31T23:57:17.783+0000] {dag.py:3834} INFO - Setting next_dagrun for tomtom to 2024-03-31 00:00:00+00:00, run_after=2024-04-01 00:00:00+00:00
[2024-03-31T23:57:17.828+0000] {processor.py:183} INFO - Processing /opt/airflow/dags/tomtom_dag.py took 0.202 seconds
[2024-03-31T23:57:48.145+0000] {processor.py:161} INFO - Started process (PID=455) to work on /opt/airflow/dags/tomtom_dag.py
[2024-03-31T23:57:48.150+0000] {processor.py:830} INFO - Processing file /opt/airflow/dags/tomtom_dag.py for tasks to queue
[2024-03-31T23:57:48.154+0000] {logging_mixin.py:188} INFO - [2024-03-31T23:57:48.154+0000] {dagbag.py:540} INFO - Filling up the DagBag from /opt/airflow/dags/tomtom_dag.py
[2024-03-31T23:57:48.220+0000] {processor.py:840} INFO - DAG(s) 'tomtom' retrieved from /opt/airflow/dags/tomtom_dag.py
[2024-03-31T23:57:48.249+0000] {logging_mixin.py:188} INFO - [2024-03-31T23:57:48.249+0000] {dag.py:3047} INFO - Sync 1 DAGs
[2024-03-31T23:57:48.286+0000] {logging_mixin.py:188} INFO - [2024-03-31T23:57:48.286+0000] {dag.py:3834} INFO - Setting next_dagrun for tomtom to 2024-03-31 00:00:00+00:00, run_after=2024-04-01 00:00:00+00:00
[2024-03-31T23:57:48.328+0000] {processor.py:183} INFO - Processing /opt/airflow/dags/tomtom_dag.py took 0.188 seconds
[2024-03-31T23:58:18.693+0000] {processor.py:161} INFO - Started process (PID=470) to work on /opt/airflow/dags/tomtom_dag.py
[2024-03-31T23:58:18.698+0000] {processor.py:830} INFO - Processing file /opt/airflow/dags/tomtom_dag.py for tasks to queue
[2024-03-31T23:58:18.703+0000] {logging_mixin.py:188} INFO - [2024-03-31T23:58:18.702+0000] {dagbag.py:540} INFO - Filling up the DagBag from /opt/airflow/dags/tomtom_dag.py
[2024-03-31T23:58:18.773+0000] {processor.py:840} INFO - DAG(s) 'tomtom' retrieved from /opt/airflow/dags/tomtom_dag.py
[2024-03-31T23:58:18.815+0000] {logging_mixin.py:188} INFO - [2024-03-31T23:58:18.814+0000] {dag.py:3047} INFO - Sync 1 DAGs
[2024-03-31T23:58:18.871+0000] {logging_mixin.py:188} INFO - [2024-03-31T23:58:18.870+0000] {dag.py:3834} INFO - Setting next_dagrun for tomtom to 2024-03-31 00:00:00+00:00, run_after=2024-04-01 00:00:00+00:00
[2024-03-31T23:58:18.921+0000] {processor.py:183} INFO - Processing /opt/airflow/dags/tomtom_dag.py took 0.233 seconds
[2024-03-31T23:58:49.298+0000] {processor.py:161} INFO - Started process (PID=485) to work on /opt/airflow/dags/tomtom_dag.py
[2024-03-31T23:58:49.305+0000] {processor.py:830} INFO - Processing file /opt/airflow/dags/tomtom_dag.py for tasks to queue
[2024-03-31T23:58:49.312+0000] {logging_mixin.py:188} INFO - [2024-03-31T23:58:49.311+0000] {dagbag.py:540} INFO - Filling up the DagBag from /opt/airflow/dags/tomtom_dag.py
[2024-03-31T23:58:49.408+0000] {processor.py:840} INFO - DAG(s) 'tomtom' retrieved from /opt/airflow/dags/tomtom_dag.py
[2024-03-31T23:58:49.464+0000] {logging_mixin.py:188} INFO - [2024-03-31T23:58:49.464+0000] {dag.py:3047} INFO - Sync 1 DAGs
[2024-03-31T23:58:49.532+0000] {logging_mixin.py:188} INFO - [2024-03-31T23:58:49.532+0000] {dag.py:3834} INFO - Setting next_dagrun for tomtom to 2024-03-31 00:00:00+00:00, run_after=2024-04-01 00:00:00+00:00
[2024-03-31T23:58:49.602+0000] {processor.py:183} INFO - Processing /opt/airflow/dags/tomtom_dag.py took 0.311 seconds
[2024-03-31T23:59:19.997+0000] {processor.py:161} INFO - Started process (PID=500) to work on /opt/airflow/dags/tomtom_dag.py
[2024-03-31T23:59:20.001+0000] {processor.py:830} INFO - Processing file /opt/airflow/dags/tomtom_dag.py for tasks to queue
[2024-03-31T23:59:20.006+0000] {logging_mixin.py:188} INFO - [2024-03-31T23:59:20.005+0000] {dagbag.py:540} INFO - Filling up the DagBag from /opt/airflow/dags/tomtom_dag.py
[2024-03-31T23:59:20.077+0000] {processor.py:840} INFO - DAG(s) 'tomtom' retrieved from /opt/airflow/dags/tomtom_dag.py
[2024-03-31T23:59:20.106+0000] {logging_mixin.py:188} INFO - [2024-03-31T23:59:20.106+0000] {dag.py:3047} INFO - Sync 1 DAGs
[2024-03-31T23:59:20.178+0000] {logging_mixin.py:188} INFO - [2024-03-31T23:59:20.178+0000] {dag.py:3834} INFO - Setting next_dagrun for tomtom to 2024-03-31 00:00:00+00:00, run_after=2024-04-01 00:00:00+00:00
[2024-03-31T23:59:20.251+0000] {processor.py:183} INFO - Processing /opt/airflow/dags/tomtom_dag.py took 0.262 seconds
[2024-03-31T23:59:50.679+0000] {processor.py:161} INFO - Started process (PID=515) to work on /opt/airflow/dags/tomtom_dag.py
[2024-03-31T23:59:50.685+0000] {processor.py:830} INFO - Processing file /opt/airflow/dags/tomtom_dag.py for tasks to queue
[2024-03-31T23:59:50.690+0000] {logging_mixin.py:188} INFO - [2024-03-31T23:59:50.689+0000] {dagbag.py:540} INFO - Filling up the DagBag from /opt/airflow/dags/tomtom_dag.py
[2024-03-31T23:59:50.780+0000] {processor.py:840} INFO - DAG(s) 'tomtom' retrieved from /opt/airflow/dags/tomtom_dag.py
[2024-03-31T23:59:50.820+0000] {logging_mixin.py:188} INFO - [2024-03-31T23:59:50.819+0000] {dag.py:3047} INFO - Sync 1 DAGs
[2024-03-31T23:59:50.874+0000] {logging_mixin.py:188} INFO - [2024-03-31T23:59:50.873+0000] {dag.py:3834} INFO - Setting next_dagrun for tomtom to 2024-03-31 00:00:00+00:00, run_after=2024-04-01 00:00:00+00:00
[2024-03-31T23:59:50.933+0000] {processor.py:183} INFO - Processing /opt/airflow/dags/tomtom_dag.py took 0.262 seconds
