[2024-03-31T23:50:37.443+0000] {processor.py:161} INFO - Started process (PID=172) to work on /opt/airflow/dags/tomtom_data_migration_dag.py
[2024-03-31T23:50:37.504+0000] {processor.py:830} INFO - Processing file /opt/airflow/dags/tomtom_data_migration_dag.py for tasks to queue
[2024-03-31T23:50:37.519+0000] {logging_mixin.py:188} INFO - [2024-03-31T23:50:37.518+0000] {dagbag.py:540} INFO - Filling up the DagBag from /opt/airflow/dags/tomtom_data_migration_dag.py
[2024-03-31T23:50:37.642+0000] {logging_mixin.py:188} INFO - [2024-03-31T23:50:37.636+0000] {dagbag.py:350} ERROR - Failed to import: /opt/airflow/dags/tomtom_data_migration_dag.py
Traceback (most recent call last):
  File "/home/airflow/.local/lib/python3.8/site-packages/airflow/models/dagbag.py", line 346, in parse
    loader.exec_module(new_module)
  File "<frozen importlib._bootstrap_external>", line 843, in exec_module
  File "<frozen importlib._bootstrap>", line 219, in _call_with_frames_removed
  File "/opt/airflow/dags/tomtom_data_migration_dag.py", line 27, in <module>
    bash_command='python /opt/airflow/dags/tomtom_data_migration.py --connection %s' % Variable.get("data_dev_connection")
  File "/home/airflow/.local/lib/python3.8/site-packages/airflow/models/variable.py", line 143, in get
    raise KeyError(f"Variable {key} does not exist")
KeyError: 'Variable data_dev_connection does not exist'
[2024-03-31T23:50:37.648+0000] {processor.py:842} WARNING - No viable dags retrieved from /opt/airflow/dags/tomtom_data_migration_dag.py
[2024-03-31T23:50:37.688+0000] {processor.py:183} INFO - Processing /opt/airflow/dags/tomtom_data_migration_dag.py took 0.263 seconds
[2024-03-31T23:51:08.175+0000] {processor.py:161} INFO - Started process (PID=187) to work on /opt/airflow/dags/tomtom_data_migration_dag.py
[2024-03-31T23:51:08.185+0000] {processor.py:830} INFO - Processing file /opt/airflow/dags/tomtom_data_migration_dag.py for tasks to queue
[2024-03-31T23:51:08.192+0000] {logging_mixin.py:188} INFO - [2024-03-31T23:51:08.191+0000] {dagbag.py:540} INFO - Filling up the DagBag from /opt/airflow/dags/tomtom_data_migration_dag.py
[2024-03-31T23:51:08.271+0000] {logging_mixin.py:188} INFO - [2024-03-31T23:51:08.265+0000] {dagbag.py:350} ERROR - Failed to import: /opt/airflow/dags/tomtom_data_migration_dag.py
Traceback (most recent call last):
  File "/home/airflow/.local/lib/python3.8/site-packages/airflow/models/dagbag.py", line 346, in parse
    loader.exec_module(new_module)
  File "<frozen importlib._bootstrap_external>", line 843, in exec_module
  File "<frozen importlib._bootstrap>", line 219, in _call_with_frames_removed
  File "/opt/airflow/dags/tomtom_data_migration_dag.py", line 27, in <module>
    bash_command='python /opt/airflow/dags/tomtom_data_migration.py --connection %s' % Variable.get("data_dev_connection")
  File "/home/airflow/.local/lib/python3.8/site-packages/airflow/models/variable.py", line 143, in get
    raise KeyError(f"Variable {key} does not exist")
KeyError: 'Variable data_dev_connection does not exist'
[2024-03-31T23:51:08.275+0000] {processor.py:842} WARNING - No viable dags retrieved from /opt/airflow/dags/tomtom_data_migration_dag.py
[2024-03-31T23:51:08.307+0000] {processor.py:183} INFO - Processing /opt/airflow/dags/tomtom_data_migration_dag.py took 0.140 seconds
[2024-03-31T23:51:40.256+0000] {processor.py:161} INFO - Started process (PID=202) to work on /opt/airflow/dags/tomtom_data_migration_dag.py
[2024-03-31T23:51:40.278+0000] {processor.py:830} INFO - Processing file /opt/airflow/dags/tomtom_data_migration_dag.py for tasks to queue
[2024-03-31T23:51:40.339+0000] {logging_mixin.py:188} INFO - [2024-03-31T23:51:40.326+0000] {dagbag.py:540} INFO - Filling up the DagBag from /opt/airflow/dags/tomtom_data_migration_dag.py
[2024-03-31T23:51:40.979+0000] {logging_mixin.py:188} INFO - [2024-03-31T23:51:40.973+0000] {dagbag.py:350} ERROR - Failed to import: /opt/airflow/dags/tomtom_data_migration_dag.py
Traceback (most recent call last):
  File "/home/airflow/.local/lib/python3.8/site-packages/airflow/models/dagbag.py", line 346, in parse
    loader.exec_module(new_module)
  File "<frozen importlib._bootstrap_external>", line 843, in exec_module
  File "<frozen importlib._bootstrap>", line 219, in _call_with_frames_removed
  File "/opt/airflow/dags/tomtom_data_migration_dag.py", line 27, in <module>
    bash_command='python /opt/airflow/dags/tomtom_data_migration.py --connection %s' % Variable.get("data_dev_connection")
  File "/home/airflow/.local/lib/python3.8/site-packages/airflow/models/variable.py", line 143, in get
    raise KeyError(f"Variable {key} does not exist")
KeyError: 'Variable data_dev_connection does not exist'
[2024-03-31T23:51:41.012+0000] {processor.py:842} WARNING - No viable dags retrieved from /opt/airflow/dags/tomtom_data_migration_dag.py
[2024-03-31T23:51:41.234+0000] {processor.py:183} INFO - Processing /opt/airflow/dags/tomtom_data_migration_dag.py took 0.992 seconds
[2024-03-31T23:52:12.050+0000] {processor.py:161} INFO - Started process (PID=219) to work on /opt/airflow/dags/tomtom_data_migration_dag.py
[2024-03-31T23:52:12.056+0000] {processor.py:830} INFO - Processing file /opt/airflow/dags/tomtom_data_migration_dag.py for tasks to queue
[2024-03-31T23:52:12.062+0000] {logging_mixin.py:188} INFO - [2024-03-31T23:52:12.062+0000] {dagbag.py:540} INFO - Filling up the DagBag from /opt/airflow/dags/tomtom_data_migration_dag.py
[2024-03-31T23:52:12.457+0000] {logging_mixin.py:188} INFO - [2024-03-31T23:52:12.413+0000] {dagbag.py:350} ERROR - Failed to import: /opt/airflow/dags/tomtom_data_migration_dag.py
Traceback (most recent call last):
  File "/home/airflow/.local/lib/python3.8/site-packages/airflow/models/dagbag.py", line 346, in parse
    loader.exec_module(new_module)
  File "<frozen importlib._bootstrap_external>", line 843, in exec_module
  File "<frozen importlib._bootstrap>", line 219, in _call_with_frames_removed
  File "/opt/airflow/dags/tomtom_data_migration_dag.py", line 27, in <module>
    bash_command='python /opt/airflow/dags/tomtom_data_migration.py --connection %s' % Variable.get("data_dev_connection")
  File "/home/airflow/.local/lib/python3.8/site-packages/airflow/models/variable.py", line 143, in get
    raise KeyError(f"Variable {key} does not exist")
KeyError: 'Variable data_dev_connection does not exist'
[2024-03-31T23:52:12.476+0000] {processor.py:842} WARNING - No viable dags retrieved from /opt/airflow/dags/tomtom_data_migration_dag.py
[2024-03-31T23:52:12.536+0000] {processor.py:183} INFO - Processing /opt/airflow/dags/tomtom_data_migration_dag.py took 0.493 seconds
[2024-03-31T23:52:42.660+0000] {processor.py:161} INFO - Started process (PID=232) to work on /opt/airflow/dags/tomtom_data_migration_dag.py
[2024-03-31T23:52:42.667+0000] {processor.py:830} INFO - Processing file /opt/airflow/dags/tomtom_data_migration_dag.py for tasks to queue
[2024-03-31T23:52:42.673+0000] {logging_mixin.py:188} INFO - [2024-03-31T23:52:42.672+0000] {dagbag.py:540} INFO - Filling up the DagBag from /opt/airflow/dags/tomtom_data_migration_dag.py
[2024-03-31T23:52:42.770+0000] {processor.py:840} INFO - DAG(s) 'tomtom_data_migration' retrieved from /opt/airflow/dags/tomtom_data_migration_dag.py
[2024-03-31T23:52:42.975+0000] {logging_mixin.py:188} INFO - [2024-03-31T23:52:42.974+0000] {override.py:1769} INFO - Created Permission View: can read on DAG:tomtom_data_migration
[2024-03-31T23:52:43.014+0000] {logging_mixin.py:188} INFO - [2024-03-31T23:52:43.013+0000] {override.py:1769} INFO - Created Permission View: can delete on DAG:tomtom_data_migration
[2024-03-31T23:52:43.040+0000] {logging_mixin.py:188} INFO - [2024-03-31T23:52:43.039+0000] {override.py:1769} INFO - Created Permission View: can edit on DAG:tomtom_data_migration
[2024-03-31T23:52:43.043+0000] {logging_mixin.py:188} INFO - [2024-03-31T23:52:43.043+0000] {dag.py:3047} INFO - Sync 1 DAGs
[2024-03-31T23:52:43.071+0000] {logging_mixin.py:188} INFO - [2024-03-31T23:52:43.071+0000] {dag.py:3069} INFO - Creating ORM DAG for tomtom_data_migration
[2024-03-31T23:52:43.091+0000] {logging_mixin.py:188} INFO - [2024-03-31T23:52:43.090+0000] {dag.py:3834} INFO - Setting next_dagrun for tomtom_data_migration to 2024-01-01 00:00:00+00:00, run_after=2024-01-01 00:00:00+00:00
[2024-03-31T23:52:43.153+0000] {processor.py:183} INFO - Processing /opt/airflow/dags/tomtom_data_migration_dag.py took 0.501 seconds
[2024-03-31T23:53:13.468+0000] {processor.py:161} INFO - Started process (PID=319) to work on /opt/airflow/dags/tomtom_data_migration_dag.py
[2024-03-31T23:53:13.474+0000] {processor.py:830} INFO - Processing file /opt/airflow/dags/tomtom_data_migration_dag.py for tasks to queue
[2024-03-31T23:53:13.481+0000] {logging_mixin.py:188} INFO - [2024-03-31T23:53:13.481+0000] {dagbag.py:540} INFO - Filling up the DagBag from /opt/airflow/dags/tomtom_data_migration_dag.py
[2024-03-31T23:53:13.726+0000] {processor.py:840} INFO - DAG(s) 'tomtom_data_migration' retrieved from /opt/airflow/dags/tomtom_data_migration_dag.py
[2024-03-31T23:53:13.827+0000] {logging_mixin.py:188} INFO - [2024-03-31T23:53:13.827+0000] {dag.py:3047} INFO - Sync 1 DAGs
[2024-03-31T23:53:13.914+0000] {logging_mixin.py:188} INFO - [2024-03-31T23:53:13.913+0000] {dag.py:3834} INFO - Setting next_dagrun for tomtom_data_migration to None, run_after=None
[2024-03-31T23:53:14.019+0000] {processor.py:183} INFO - Processing /opt/airflow/dags/tomtom_data_migration_dag.py took 0.561 seconds
[2024-03-31T23:53:44.856+0000] {processor.py:161} INFO - Started process (PID=340) to work on /opt/airflow/dags/tomtom_data_migration_dag.py
[2024-03-31T23:53:44.862+0000] {processor.py:830} INFO - Processing file /opt/airflow/dags/tomtom_data_migration_dag.py for tasks to queue
[2024-03-31T23:53:44.867+0000] {logging_mixin.py:188} INFO - [2024-03-31T23:53:44.866+0000] {dagbag.py:540} INFO - Filling up the DagBag from /opt/airflow/dags/tomtom_data_migration_dag.py
[2024-03-31T23:53:44.931+0000] {processor.py:840} INFO - DAG(s) 'tomtom_data_migration' retrieved from /opt/airflow/dags/tomtom_data_migration_dag.py
[2024-03-31T23:53:44.958+0000] {logging_mixin.py:188} INFO - [2024-03-31T23:53:44.958+0000] {dag.py:3047} INFO - Sync 1 DAGs
[2024-03-31T23:53:45.000+0000] {logging_mixin.py:188} INFO - [2024-03-31T23:53:45.000+0000] {dag.py:3834} INFO - Setting next_dagrun for tomtom_data_migration to None, run_after=None
[2024-03-31T23:53:45.046+0000] {processor.py:183} INFO - Processing /opt/airflow/dags/tomtom_data_migration_dag.py took 0.195 seconds
[2024-03-31T23:54:15.364+0000] {processor.py:161} INFO - Started process (PID=355) to work on /opt/airflow/dags/tomtom_data_migration_dag.py
[2024-03-31T23:54:15.369+0000] {processor.py:830} INFO - Processing file /opt/airflow/dags/tomtom_data_migration_dag.py for tasks to queue
[2024-03-31T23:54:15.374+0000] {logging_mixin.py:188} INFO - [2024-03-31T23:54:15.373+0000] {dagbag.py:540} INFO - Filling up the DagBag from /opt/airflow/dags/tomtom_data_migration_dag.py
[2024-03-31T23:54:15.436+0000] {processor.py:840} INFO - DAG(s) 'tomtom_data_migration' retrieved from /opt/airflow/dags/tomtom_data_migration_dag.py
[2024-03-31T23:54:15.467+0000] {logging_mixin.py:188} INFO - [2024-03-31T23:54:15.467+0000] {dag.py:3047} INFO - Sync 1 DAGs
[2024-03-31T23:54:15.503+0000] {logging_mixin.py:188} INFO - [2024-03-31T23:54:15.502+0000] {dag.py:3834} INFO - Setting next_dagrun for tomtom_data_migration to None, run_after=None
[2024-03-31T23:54:15.550+0000] {processor.py:183} INFO - Processing /opt/airflow/dags/tomtom_data_migration_dag.py took 0.192 seconds
[2024-03-31T23:54:45.891+0000] {processor.py:161} INFO - Started process (PID=370) to work on /opt/airflow/dags/tomtom_data_migration_dag.py
[2024-03-31T23:54:45.897+0000] {processor.py:830} INFO - Processing file /opt/airflow/dags/tomtom_data_migration_dag.py for tasks to queue
[2024-03-31T23:54:45.902+0000] {logging_mixin.py:188} INFO - [2024-03-31T23:54:45.901+0000] {dagbag.py:540} INFO - Filling up the DagBag from /opt/airflow/dags/tomtom_data_migration_dag.py
[2024-03-31T23:54:45.969+0000] {processor.py:840} INFO - DAG(s) 'tomtom_data_migration' retrieved from /opt/airflow/dags/tomtom_data_migration_dag.py
[2024-03-31T23:54:45.998+0000] {logging_mixin.py:188} INFO - [2024-03-31T23:54:45.997+0000] {dag.py:3047} INFO - Sync 1 DAGs
[2024-03-31T23:54:46.035+0000] {logging_mixin.py:188} INFO - [2024-03-31T23:54:46.034+0000] {dag.py:3834} INFO - Setting next_dagrun for tomtom_data_migration to None, run_after=None
[2024-03-31T23:54:46.083+0000] {processor.py:183} INFO - Processing /opt/airflow/dags/tomtom_data_migration_dag.py took 0.197 seconds
[2024-03-31T23:55:16.435+0000] {processor.py:161} INFO - Started process (PID=385) to work on /opt/airflow/dags/tomtom_data_migration_dag.py
[2024-03-31T23:55:16.441+0000] {processor.py:830} INFO - Processing file /opt/airflow/dags/tomtom_data_migration_dag.py for tasks to queue
[2024-03-31T23:55:16.445+0000] {logging_mixin.py:188} INFO - [2024-03-31T23:55:16.445+0000] {dagbag.py:540} INFO - Filling up the DagBag from /opt/airflow/dags/tomtom_data_migration_dag.py
[2024-03-31T23:55:16.515+0000] {processor.py:840} INFO - DAG(s) 'tomtom_data_migration' retrieved from /opt/airflow/dags/tomtom_data_migration_dag.py
[2024-03-31T23:55:16.542+0000] {logging_mixin.py:188} INFO - [2024-03-31T23:55:16.542+0000] {dag.py:3047} INFO - Sync 1 DAGs
[2024-03-31T23:55:16.579+0000] {logging_mixin.py:188} INFO - [2024-03-31T23:55:16.578+0000] {dag.py:3834} INFO - Setting next_dagrun for tomtom_data_migration to None, run_after=None
[2024-03-31T23:55:16.624+0000] {processor.py:183} INFO - Processing /opt/airflow/dags/tomtom_data_migration_dag.py took 0.194 seconds
[2024-03-31T23:55:47.127+0000] {processor.py:161} INFO - Started process (PID=400) to work on /opt/airflow/dags/tomtom_data_migration_dag.py
[2024-03-31T23:55:47.132+0000] {processor.py:830} INFO - Processing file /opt/airflow/dags/tomtom_data_migration_dag.py for tasks to queue
[2024-03-31T23:55:47.137+0000] {logging_mixin.py:188} INFO - [2024-03-31T23:55:47.136+0000] {dagbag.py:540} INFO - Filling up the DagBag from /opt/airflow/dags/tomtom_data_migration_dag.py
[2024-03-31T23:55:47.203+0000] {processor.py:840} INFO - DAG(s) 'tomtom_data_migration' retrieved from /opt/airflow/dags/tomtom_data_migration_dag.py
[2024-03-31T23:55:47.231+0000] {logging_mixin.py:188} INFO - [2024-03-31T23:55:47.230+0000] {dag.py:3047} INFO - Sync 1 DAGs
[2024-03-31T23:55:47.268+0000] {logging_mixin.py:188} INFO - [2024-03-31T23:55:47.268+0000] {dag.py:3834} INFO - Setting next_dagrun for tomtom_data_migration to None, run_after=None
[2024-03-31T23:55:47.314+0000] {processor.py:183} INFO - Processing /opt/airflow/dags/tomtom_data_migration_dag.py took 0.192 seconds
[2024-03-31T23:56:17.604+0000] {processor.py:161} INFO - Started process (PID=415) to work on /opt/airflow/dags/tomtom_data_migration_dag.py
[2024-03-31T23:56:17.610+0000] {processor.py:830} INFO - Processing file /opt/airflow/dags/tomtom_data_migration_dag.py for tasks to queue
[2024-03-31T23:56:17.616+0000] {logging_mixin.py:188} INFO - [2024-03-31T23:56:17.615+0000] {dagbag.py:540} INFO - Filling up the DagBag from /opt/airflow/dags/tomtom_data_migration_dag.py
[2024-03-31T23:56:17.678+0000] {processor.py:840} INFO - DAG(s) 'tomtom_data_migration' retrieved from /opt/airflow/dags/tomtom_data_migration_dag.py
[2024-03-31T23:56:17.705+0000] {logging_mixin.py:188} INFO - [2024-03-31T23:56:17.705+0000] {dag.py:3047} INFO - Sync 1 DAGs
[2024-03-31T23:56:17.738+0000] {logging_mixin.py:188} INFO - [2024-03-31T23:56:17.737+0000] {dag.py:3834} INFO - Setting next_dagrun for tomtom_data_migration to None, run_after=None
[2024-03-31T23:56:17.786+0000] {processor.py:183} INFO - Processing /opt/airflow/dags/tomtom_data_migration_dag.py took 0.187 seconds
[2024-03-31T23:56:48.174+0000] {processor.py:161} INFO - Started process (PID=430) to work on /opt/airflow/dags/tomtom_data_migration_dag.py
[2024-03-31T23:56:48.180+0000] {processor.py:830} INFO - Processing file /opt/airflow/dags/tomtom_data_migration_dag.py for tasks to queue
[2024-03-31T23:56:48.184+0000] {logging_mixin.py:188} INFO - [2024-03-31T23:56:48.184+0000] {dagbag.py:540} INFO - Filling up the DagBag from /opt/airflow/dags/tomtom_data_migration_dag.py
[2024-03-31T23:56:48.249+0000] {processor.py:840} INFO - DAG(s) 'tomtom_data_migration' retrieved from /opt/airflow/dags/tomtom_data_migration_dag.py
[2024-03-31T23:56:48.282+0000] {logging_mixin.py:188} INFO - [2024-03-31T23:56:48.282+0000] {dag.py:3047} INFO - Sync 1 DAGs
[2024-03-31T23:56:48.321+0000] {logging_mixin.py:188} INFO - [2024-03-31T23:56:48.320+0000] {dag.py:3834} INFO - Setting next_dagrun for tomtom_data_migration to None, run_after=None
[2024-03-31T23:56:48.369+0000] {processor.py:183} INFO - Processing /opt/airflow/dags/tomtom_data_migration_dag.py took 0.200 seconds
[2024-03-31T23:57:18.657+0000] {processor.py:161} INFO - Started process (PID=445) to work on /opt/airflow/dags/tomtom_data_migration_dag.py
[2024-03-31T23:57:18.663+0000] {processor.py:830} INFO - Processing file /opt/airflow/dags/tomtom_data_migration_dag.py for tasks to queue
[2024-03-31T23:57:18.667+0000] {logging_mixin.py:188} INFO - [2024-03-31T23:57:18.667+0000] {dagbag.py:540} INFO - Filling up the DagBag from /opt/airflow/dags/tomtom_data_migration_dag.py
[2024-03-31T23:57:18.736+0000] {processor.py:840} INFO - DAG(s) 'tomtom_data_migration' retrieved from /opt/airflow/dags/tomtom_data_migration_dag.py
[2024-03-31T23:57:18.765+0000] {logging_mixin.py:188} INFO - [2024-03-31T23:57:18.765+0000] {dag.py:3047} INFO - Sync 1 DAGs
[2024-03-31T23:57:18.803+0000] {logging_mixin.py:188} INFO - [2024-03-31T23:57:18.802+0000] {dag.py:3834} INFO - Setting next_dagrun for tomtom_data_migration to None, run_after=None
[2024-03-31T23:57:18.849+0000] {processor.py:183} INFO - Processing /opt/airflow/dags/tomtom_data_migration_dag.py took 0.197 seconds
[2024-03-31T23:57:49.246+0000] {processor.py:161} INFO - Started process (PID=460) to work on /opt/airflow/dags/tomtom_data_migration_dag.py
[2024-03-31T23:57:49.252+0000] {processor.py:830} INFO - Processing file /opt/airflow/dags/tomtom_data_migration_dag.py for tasks to queue
[2024-03-31T23:57:49.257+0000] {logging_mixin.py:188} INFO - [2024-03-31T23:57:49.256+0000] {dagbag.py:540} INFO - Filling up the DagBag from /opt/airflow/dags/tomtom_data_migration_dag.py
[2024-03-31T23:57:49.322+0000] {processor.py:840} INFO - DAG(s) 'tomtom_data_migration' retrieved from /opt/airflow/dags/tomtom_data_migration_dag.py
[2024-03-31T23:57:49.351+0000] {logging_mixin.py:188} INFO - [2024-03-31T23:57:49.350+0000] {dag.py:3047} INFO - Sync 1 DAGs
[2024-03-31T23:57:49.391+0000] {logging_mixin.py:188} INFO - [2024-03-31T23:57:49.391+0000] {dag.py:3834} INFO - Setting next_dagrun for tomtom_data_migration to None, run_after=None
[2024-03-31T23:57:49.436+0000] {processor.py:183} INFO - Processing /opt/airflow/dags/tomtom_data_migration_dag.py took 0.195 seconds
[2024-03-31T23:58:19.804+0000] {processor.py:161} INFO - Started process (PID=475) to work on /opt/airflow/dags/tomtom_data_migration_dag.py
[2024-03-31T23:58:19.808+0000] {processor.py:830} INFO - Processing file /opt/airflow/dags/tomtom_data_migration_dag.py for tasks to queue
[2024-03-31T23:58:19.813+0000] {logging_mixin.py:188} INFO - [2024-03-31T23:58:19.812+0000] {dagbag.py:540} INFO - Filling up the DagBag from /opt/airflow/dags/tomtom_data_migration_dag.py
[2024-03-31T23:58:19.880+0000] {processor.py:840} INFO - DAG(s) 'tomtom_data_migration' retrieved from /opt/airflow/dags/tomtom_data_migration_dag.py
[2024-03-31T23:58:19.910+0000] {logging_mixin.py:188} INFO - [2024-03-31T23:58:19.909+0000] {dag.py:3047} INFO - Sync 1 DAGs
[2024-03-31T23:58:19.944+0000] {logging_mixin.py:188} INFO - [2024-03-31T23:58:19.943+0000] {dag.py:3834} INFO - Setting next_dagrun for tomtom_data_migration to None, run_after=None
[2024-03-31T23:58:19.991+0000] {processor.py:183} INFO - Processing /opt/airflow/dags/tomtom_data_migration_dag.py took 0.193 seconds
[2024-03-31T23:58:50.436+0000] {processor.py:161} INFO - Started process (PID=490) to work on /opt/airflow/dags/tomtom_data_migration_dag.py
[2024-03-31T23:58:50.441+0000] {processor.py:830} INFO - Processing file /opt/airflow/dags/tomtom_data_migration_dag.py for tasks to queue
[2024-03-31T23:58:50.445+0000] {logging_mixin.py:188} INFO - [2024-03-31T23:58:50.445+0000] {dagbag.py:540} INFO - Filling up the DagBag from /opt/airflow/dags/tomtom_data_migration_dag.py
[2024-03-31T23:58:50.524+0000] {processor.py:840} INFO - DAG(s) 'tomtom_data_migration' retrieved from /opt/airflow/dags/tomtom_data_migration_dag.py
[2024-03-31T23:58:50.556+0000] {logging_mixin.py:188} INFO - [2024-03-31T23:58:50.556+0000] {dag.py:3047} INFO - Sync 1 DAGs
[2024-03-31T23:58:50.603+0000] {logging_mixin.py:188} INFO - [2024-03-31T23:58:50.603+0000] {dag.py:3834} INFO - Setting next_dagrun for tomtom_data_migration to None, run_after=None
[2024-03-31T23:58:50.661+0000] {processor.py:183} INFO - Processing /opt/airflow/dags/tomtom_data_migration_dag.py took 0.232 seconds
[2024-03-31T23:59:21.112+0000] {processor.py:161} INFO - Started process (PID=505) to work on /opt/airflow/dags/tomtom_data_migration_dag.py
[2024-03-31T23:59:21.117+0000] {processor.py:830} INFO - Processing file /opt/airflow/dags/tomtom_data_migration_dag.py for tasks to queue
[2024-03-31T23:59:21.123+0000] {logging_mixin.py:188} INFO - [2024-03-31T23:59:21.122+0000] {dagbag.py:540} INFO - Filling up the DagBag from /opt/airflow/dags/tomtom_data_migration_dag.py
[2024-03-31T23:59:21.240+0000] {processor.py:840} INFO - DAG(s) 'tomtom_data_migration' retrieved from /opt/airflow/dags/tomtom_data_migration_dag.py
[2024-03-31T23:59:21.286+0000] {logging_mixin.py:188} INFO - [2024-03-31T23:59:21.285+0000] {dag.py:3047} INFO - Sync 1 DAGs
[2024-03-31T23:59:21.343+0000] {logging_mixin.py:188} INFO - [2024-03-31T23:59:21.342+0000] {dag.py:3834} INFO - Setting next_dagrun for tomtom_data_migration to None, run_after=None
[2024-03-31T23:59:21.394+0000] {processor.py:183} INFO - Processing /opt/airflow/dags/tomtom_data_migration_dag.py took 0.289 seconds
[2024-03-31T23:59:51.822+0000] {processor.py:161} INFO - Started process (PID=520) to work on /opt/airflow/dags/tomtom_data_migration_dag.py
[2024-03-31T23:59:51.827+0000] {processor.py:830} INFO - Processing file /opt/airflow/dags/tomtom_data_migration_dag.py for tasks to queue
[2024-03-31T23:59:51.833+0000] {logging_mixin.py:188} INFO - [2024-03-31T23:59:51.832+0000] {dagbag.py:540} INFO - Filling up the DagBag from /opt/airflow/dags/tomtom_data_migration_dag.py
[2024-03-31T23:59:51.911+0000] {processor.py:840} INFO - DAG(s) 'tomtom_data_migration' retrieved from /opt/airflow/dags/tomtom_data_migration_dag.py
[2024-03-31T23:59:51.953+0000] {logging_mixin.py:188} INFO - [2024-03-31T23:59:51.952+0000] {dag.py:3047} INFO - Sync 1 DAGs
[2024-03-31T23:59:52.032+0000] {logging_mixin.py:188} INFO - [2024-03-31T23:59:52.031+0000] {dag.py:3834} INFO - Setting next_dagrun for tomtom_data_migration to None, run_after=None
[2024-03-31T23:59:52.100+0000] {processor.py:183} INFO - Processing /opt/airflow/dags/tomtom_data_migration_dag.py took 0.285 seconds
