[2024-03-24T16:23:49.596+0000] {processor.py:161} INFO - Started process (PID=171) to work on /opt/airflow/dags/config.py
[2024-03-24T16:23:49.599+0000] {processor.py:830} INFO - Processing file /opt/airflow/dags/config.py for tasks to queue
[2024-03-24T16:23:49.603+0000] {logging_mixin.py:188} INFO - [2024-03-24T16:23:49.602+0000] {dagbag.py:540} INFO - Filling up the DagBag from /opt/airflow/dags/config.py
[2024-03-24T16:23:49.630+0000] {processor.py:842} WARNING - No viable dags retrieved from /opt/airflow/dags/config.py
[2024-03-24T16:23:49.688+0000] {processor.py:183} INFO - Processing /opt/airflow/dags/config.py took 0.099 seconds
[2024-03-24T16:24:20.187+0000] {processor.py:161} INFO - Started process (PID=186) to work on /opt/airflow/dags/config.py
[2024-03-24T16:24:20.191+0000] {processor.py:830} INFO - Processing file /opt/airflow/dags/config.py for tasks to queue
[2024-03-24T16:24:20.195+0000] {logging_mixin.py:188} INFO - [2024-03-24T16:24:20.194+0000] {dagbag.py:540} INFO - Filling up the DagBag from /opt/airflow/dags/config.py
[2024-03-24T16:24:20.211+0000] {processor.py:842} WARNING - No viable dags retrieved from /opt/airflow/dags/config.py
[2024-03-24T16:24:20.240+0000] {processor.py:183} INFO - Processing /opt/airflow/dags/config.py took 0.060 seconds
[2024-03-24T16:24:51.130+0000] {processor.py:161} INFO - Started process (PID=201) to work on /opt/airflow/dags/config.py
[2024-03-24T16:24:51.132+0000] {processor.py:830} INFO - Processing file /opt/airflow/dags/config.py for tasks to queue
[2024-03-24T16:24:51.134+0000] {logging_mixin.py:188} INFO - [2024-03-24T16:24:51.134+0000] {dagbag.py:540} INFO - Filling up the DagBag from /opt/airflow/dags/config.py
[2024-03-24T16:24:51.143+0000] {processor.py:842} WARNING - No viable dags retrieved from /opt/airflow/dags/config.py
[2024-03-24T16:24:51.214+0000] {processor.py:183} INFO - Processing /opt/airflow/dags/config.py took 0.092 seconds
[2024-03-24T16:25:21.726+0000] {processor.py:161} INFO - Started process (PID=215) to work on /opt/airflow/dags/config.py
[2024-03-24T16:25:21.729+0000] {processor.py:830} INFO - Processing file /opt/airflow/dags/config.py for tasks to queue
[2024-03-24T16:25:21.733+0000] {logging_mixin.py:188} INFO - [2024-03-24T16:25:21.732+0000] {dagbag.py:540} INFO - Filling up the DagBag from /opt/airflow/dags/config.py
[2024-03-24T16:25:21.745+0000] {processor.py:842} WARNING - No viable dags retrieved from /opt/airflow/dags/config.py
[2024-03-24T16:25:21.775+0000] {processor.py:183} INFO - Processing /opt/airflow/dags/config.py took 0.055 seconds
[2024-03-24T16:25:52.249+0000] {processor.py:161} INFO - Started process (PID=231) to work on /opt/airflow/dags/config.py
[2024-03-24T16:25:52.261+0000] {processor.py:830} INFO - Processing file /opt/airflow/dags/config.py for tasks to queue
[2024-03-24T16:25:52.268+0000] {logging_mixin.py:188} INFO - [2024-03-24T16:25:52.267+0000] {dagbag.py:540} INFO - Filling up the DagBag from /opt/airflow/dags/config.py
[2024-03-24T16:25:52.281+0000] {processor.py:842} WARNING - No viable dags retrieved from /opt/airflow/dags/config.py
[2024-03-24T16:25:52.321+0000] {processor.py:183} INFO - Processing /opt/airflow/dags/config.py took 0.081 seconds
[2024-03-24T16:26:22.724+0000] {processor.py:161} INFO - Started process (PID=245) to work on /opt/airflow/dags/config.py
[2024-03-24T16:26:22.727+0000] {processor.py:830} INFO - Processing file /opt/airflow/dags/config.py for tasks to queue
[2024-03-24T16:26:22.729+0000] {logging_mixin.py:188} INFO - [2024-03-24T16:26:22.729+0000] {dagbag.py:540} INFO - Filling up the DagBag from /opt/airflow/dags/config.py
[2024-03-24T16:26:22.742+0000] {processor.py:842} WARNING - No viable dags retrieved from /opt/airflow/dags/config.py
[2024-03-24T16:26:22.790+0000] {processor.py:183} INFO - Processing /opt/airflow/dags/config.py took 0.071 seconds
[2024-03-24T16:26:53.325+0000] {processor.py:161} INFO - Started process (PID=261) to work on /opt/airflow/dags/config.py
[2024-03-24T16:26:53.328+0000] {processor.py:830} INFO - Processing file /opt/airflow/dags/config.py for tasks to queue
[2024-03-24T16:26:53.334+0000] {logging_mixin.py:188} INFO - [2024-03-24T16:26:53.333+0000] {dagbag.py:540} INFO - Filling up the DagBag from /opt/airflow/dags/config.py
[2024-03-24T16:26:53.352+0000] {processor.py:842} WARNING - No viable dags retrieved from /opt/airflow/dags/config.py
[2024-03-24T16:26:53.390+0000] {processor.py:183} INFO - Processing /opt/airflow/dags/config.py took 0.075 seconds
[2024-03-24T16:27:23.960+0000] {processor.py:161} INFO - Started process (PID=275) to work on /opt/airflow/dags/config.py
[2024-03-24T16:27:23.962+0000] {processor.py:830} INFO - Processing file /opt/airflow/dags/config.py for tasks to queue
[2024-03-24T16:27:23.967+0000] {logging_mixin.py:188} INFO - [2024-03-24T16:27:23.964+0000] {dagbag.py:540} INFO - Filling up the DagBag from /opt/airflow/dags/config.py
[2024-03-24T16:27:23.978+0000] {processor.py:842} WARNING - No viable dags retrieved from /opt/airflow/dags/config.py
[2024-03-24T16:27:24.012+0000] {processor.py:183} INFO - Processing /opt/airflow/dags/config.py took 0.059 seconds
[2024-03-24T16:27:54.471+0000] {processor.py:161} INFO - Started process (PID=290) to work on /opt/airflow/dags/config.py
[2024-03-24T16:27:54.473+0000] {processor.py:830} INFO - Processing file /opt/airflow/dags/config.py for tasks to queue
[2024-03-24T16:27:54.475+0000] {logging_mixin.py:188} INFO - [2024-03-24T16:27:54.475+0000] {dagbag.py:540} INFO - Filling up the DagBag from /opt/airflow/dags/config.py
[2024-03-24T16:27:54.488+0000] {processor.py:842} WARNING - No viable dags retrieved from /opt/airflow/dags/config.py
[2024-03-24T16:27:54.514+0000] {processor.py:183} INFO - Processing /opt/airflow/dags/config.py took 0.048 seconds
[2024-03-24T16:28:25.734+0000] {processor.py:161} INFO - Started process (PID=304) to work on /opt/airflow/dags/config.py
[2024-03-24T16:28:25.736+0000] {processor.py:830} INFO - Processing file /opt/airflow/dags/config.py for tasks to queue
[2024-03-24T16:28:25.738+0000] {logging_mixin.py:188} INFO - [2024-03-24T16:28:25.738+0000] {dagbag.py:540} INFO - Filling up the DagBag from /opt/airflow/dags/config.py
[2024-03-24T16:28:25.749+0000] {processor.py:842} WARNING - No viable dags retrieved from /opt/airflow/dags/config.py
[2024-03-24T16:28:25.788+0000] {processor.py:183} INFO - Processing /opt/airflow/dags/config.py took 0.059 seconds
[2024-03-24T16:28:57.451+0000] {processor.py:161} INFO - Started process (PID=325) to work on /opt/airflow/dags/config.py
[2024-03-24T16:28:57.456+0000] {processor.py:830} INFO - Processing file /opt/airflow/dags/config.py for tasks to queue
[2024-03-24T16:28:57.463+0000] {logging_mixin.py:188} INFO - [2024-03-24T16:28:57.460+0000] {dagbag.py:540} INFO - Filling up the DagBag from /opt/airflow/dags/config.py
[2024-03-24T16:28:57.485+0000] {processor.py:842} WARNING - No viable dags retrieved from /opt/airflow/dags/config.py
[2024-03-24T16:28:57.539+0000] {processor.py:183} INFO - Processing /opt/airflow/dags/config.py took 0.101 seconds
[2024-03-24T16:29:28.240+0000] {processor.py:161} INFO - Started process (PID=338) to work on /opt/airflow/dags/config.py
[2024-03-24T16:29:28.245+0000] {processor.py:830} INFO - Processing file /opt/airflow/dags/config.py for tasks to queue
[2024-03-24T16:29:28.253+0000] {logging_mixin.py:188} INFO - [2024-03-24T16:29:28.252+0000] {dagbag.py:540} INFO - Filling up the DagBag from /opt/airflow/dags/config.py
[2024-03-24T16:29:28.267+0000] {processor.py:842} WARNING - No viable dags retrieved from /opt/airflow/dags/config.py
[2024-03-24T16:29:28.327+0000] {processor.py:183} INFO - Processing /opt/airflow/dags/config.py took 0.100 seconds
[2024-03-24T16:29:59.066+0000] {processor.py:161} INFO - Started process (PID=355) to work on /opt/airflow/dags/config.py
[2024-03-24T16:29:59.068+0000] {processor.py:830} INFO - Processing file /opt/airflow/dags/config.py for tasks to queue
[2024-03-24T16:29:59.071+0000] {logging_mixin.py:188} INFO - [2024-03-24T16:29:59.071+0000] {dagbag.py:540} INFO - Filling up the DagBag from /opt/airflow/dags/config.py
[2024-03-24T16:29:59.084+0000] {processor.py:842} WARNING - No viable dags retrieved from /opt/airflow/dags/config.py
[2024-03-24T16:29:59.118+0000] {processor.py:183} INFO - Processing /opt/airflow/dags/config.py took 0.063 seconds
[2024-03-24T16:30:30.611+0000] {processor.py:161} INFO - Started process (PID=430) to work on /opt/airflow/dags/config.py
[2024-03-24T16:30:30.617+0000] {processor.py:830} INFO - Processing file /opt/airflow/dags/config.py for tasks to queue
[2024-03-24T16:30:30.659+0000] {logging_mixin.py:188} INFO - [2024-03-24T16:30:30.645+0000] {dagbag.py:540} INFO - Filling up the DagBag from /opt/airflow/dags/config.py
[2024-03-24T16:30:30.676+0000] {processor.py:842} WARNING - No viable dags retrieved from /opt/airflow/dags/config.py
[2024-03-24T16:30:30.785+0000] {processor.py:183} INFO - Processing /opt/airflow/dags/config.py took 0.208 seconds
[2024-03-24T16:31:01.221+0000] {processor.py:161} INFO - Started process (PID=445) to work on /opt/airflow/dags/config.py
[2024-03-24T16:31:01.225+0000] {processor.py:830} INFO - Processing file /opt/airflow/dags/config.py for tasks to queue
[2024-03-24T16:31:01.229+0000] {logging_mixin.py:188} INFO - [2024-03-24T16:31:01.228+0000] {dagbag.py:540} INFO - Filling up the DagBag from /opt/airflow/dags/config.py
[2024-03-24T16:31:01.244+0000] {processor.py:842} WARNING - No viable dags retrieved from /opt/airflow/dags/config.py
[2024-03-24T16:31:01.281+0000] {processor.py:183} INFO - Processing /opt/airflow/dags/config.py took 0.069 seconds
[2024-03-24T16:31:31.987+0000] {processor.py:161} INFO - Started process (PID=459) to work on /opt/airflow/dags/config.py
[2024-03-24T16:31:31.990+0000] {processor.py:830} INFO - Processing file /opt/airflow/dags/config.py for tasks to queue
[2024-03-24T16:31:31.997+0000] {logging_mixin.py:188} INFO - [2024-03-24T16:31:31.997+0000] {dagbag.py:540} INFO - Filling up the DagBag from /opt/airflow/dags/config.py
[2024-03-24T16:31:32.008+0000] {processor.py:842} WARNING - No viable dags retrieved from /opt/airflow/dags/config.py
[2024-03-24T16:31:32.043+0000] {processor.py:183} INFO - Processing /opt/airflow/dags/config.py took 0.068 seconds
[2024-03-24T16:32:02.688+0000] {processor.py:161} INFO - Started process (PID=475) to work on /opt/airflow/dags/config.py
[2024-03-24T16:32:02.692+0000] {processor.py:830} INFO - Processing file /opt/airflow/dags/config.py for tasks to queue
[2024-03-24T16:32:02.699+0000] {logging_mixin.py:188} INFO - [2024-03-24T16:32:02.697+0000] {dagbag.py:540} INFO - Filling up the DagBag from /opt/airflow/dags/config.py
[2024-03-24T16:32:02.714+0000] {processor.py:842} WARNING - No viable dags retrieved from /opt/airflow/dags/config.py
[2024-03-24T16:32:02.752+0000] {processor.py:183} INFO - Processing /opt/airflow/dags/config.py took 0.077 seconds
[2024-03-24T16:32:33.430+0000] {processor.py:161} INFO - Started process (PID=490) to work on /opt/airflow/dags/config.py
[2024-03-24T16:32:33.433+0000] {processor.py:830} INFO - Processing file /opt/airflow/dags/config.py for tasks to queue
[2024-03-24T16:32:33.435+0000] {logging_mixin.py:188} INFO - [2024-03-24T16:32:33.435+0000] {dagbag.py:540} INFO - Filling up the DagBag from /opt/airflow/dags/config.py
[2024-03-24T16:32:33.449+0000] {processor.py:842} WARNING - No viable dags retrieved from /opt/airflow/dags/config.py
[2024-03-24T16:32:33.489+0000] {processor.py:183} INFO - Processing /opt/airflow/dags/config.py took 0.067 seconds
[2024-03-24T16:33:05.622+0000] {processor.py:161} INFO - Started process (PID=505) to work on /opt/airflow/dags/config.py
[2024-03-24T16:33:05.632+0000] {processor.py:830} INFO - Processing file /opt/airflow/dags/config.py for tasks to queue
[2024-03-24T16:33:05.639+0000] {logging_mixin.py:188} INFO - [2024-03-24T16:33:05.638+0000] {dagbag.py:540} INFO - Filling up the DagBag from /opt/airflow/dags/config.py
[2024-03-24T16:33:05.669+0000] {processor.py:842} WARNING - No viable dags retrieved from /opt/airflow/dags/config.py
[2024-03-24T16:33:05.816+0000] {processor.py:183} INFO - Processing /opt/airflow/dags/config.py took 0.254 seconds
[2024-03-24T16:33:36.070+0000] {processor.py:161} INFO - Started process (PID=518) to work on /opt/airflow/dags/config.py
[2024-03-24T16:33:36.074+0000] {processor.py:830} INFO - Processing file /opt/airflow/dags/config.py for tasks to queue
[2024-03-24T16:33:36.084+0000] {logging_mixin.py:188} INFO - [2024-03-24T16:33:36.084+0000] {dagbag.py:540} INFO - Filling up the DagBag from /opt/airflow/dags/config.py
[2024-03-24T16:33:36.094+0000] {processor.py:842} WARNING - No viable dags retrieved from /opt/airflow/dags/config.py
[2024-03-24T16:33:36.125+0000] {processor.py:183} INFO - Processing /opt/airflow/dags/config.py took 0.062 seconds
[2024-03-24T16:34:07.077+0000] {processor.py:161} INFO - Started process (PID=535) to work on /opt/airflow/dags/config.py
[2024-03-24T16:34:07.080+0000] {processor.py:830} INFO - Processing file /opt/airflow/dags/config.py for tasks to queue
[2024-03-24T16:34:07.084+0000] {logging_mixin.py:188} INFO - [2024-03-24T16:34:07.083+0000] {dagbag.py:540} INFO - Filling up the DagBag from /opt/airflow/dags/config.py
[2024-03-24T16:34:07.098+0000] {processor.py:842} WARNING - No viable dags retrieved from /opt/airflow/dags/config.py
[2024-03-24T16:34:07.128+0000] {processor.py:183} INFO - Processing /opt/airflow/dags/config.py took 0.061 seconds
[2024-03-24T16:34:38.067+0000] {processor.py:161} INFO - Started process (PID=548) to work on /opt/airflow/dags/config.py
[2024-03-24T16:34:38.071+0000] {processor.py:830} INFO - Processing file /opt/airflow/dags/config.py for tasks to queue
[2024-03-24T16:34:38.076+0000] {logging_mixin.py:188} INFO - [2024-03-24T16:34:38.076+0000] {dagbag.py:540} INFO - Filling up the DagBag from /opt/airflow/dags/config.py
[2024-03-24T16:34:38.096+0000] {processor.py:842} WARNING - No viable dags retrieved from /opt/airflow/dags/config.py
[2024-03-24T16:34:38.140+0000] {processor.py:183} INFO - Processing /opt/airflow/dags/config.py took 0.086 seconds
[2024-03-24T16:35:09.133+0000] {processor.py:161} INFO - Started process (PID=563) to work on /opt/airflow/dags/config.py
[2024-03-24T16:35:09.139+0000] {processor.py:830} INFO - Processing file /opt/airflow/dags/config.py for tasks to queue
[2024-03-24T16:35:09.146+0000] {logging_mixin.py:188} INFO - [2024-03-24T16:35:09.145+0000] {dagbag.py:540} INFO - Filling up the DagBag from /opt/airflow/dags/config.py
[2024-03-24T16:35:09.170+0000] {processor.py:842} WARNING - No viable dags retrieved from /opt/airflow/dags/config.py
[2024-03-24T16:35:09.215+0000] {processor.py:183} INFO - Processing /opt/airflow/dags/config.py took 0.095 seconds
[2024-03-24T16:35:39.851+0000] {processor.py:161} INFO - Started process (PID=582) to work on /opt/airflow/dags/config.py
[2024-03-24T16:35:39.869+0000] {processor.py:830} INFO - Processing file /opt/airflow/dags/config.py for tasks to queue
[2024-03-24T16:35:39.879+0000] {logging_mixin.py:188} INFO - [2024-03-24T16:35:39.879+0000] {dagbag.py:540} INFO - Filling up the DagBag from /opt/airflow/dags/config.py
[2024-03-24T16:35:39.917+0000] {processor.py:842} WARNING - No viable dags retrieved from /opt/airflow/dags/config.py
[2024-03-24T16:35:39.972+0000] {processor.py:183} INFO - Processing /opt/airflow/dags/config.py took 0.133 seconds
[2024-03-24T16:36:10.572+0000] {processor.py:161} INFO - Started process (PID=599) to work on /opt/airflow/dags/config.py
[2024-03-24T16:36:10.574+0000] {processor.py:830} INFO - Processing file /opt/airflow/dags/config.py for tasks to queue
[2024-03-24T16:36:10.577+0000] {logging_mixin.py:188} INFO - [2024-03-24T16:36:10.576+0000] {dagbag.py:540} INFO - Filling up the DagBag from /opt/airflow/dags/config.py
[2024-03-24T16:36:10.589+0000] {processor.py:842} WARNING - No viable dags retrieved from /opt/airflow/dags/config.py
[2024-03-24T16:36:10.624+0000] {processor.py:183} INFO - Processing /opt/airflow/dags/config.py took 0.058 seconds
[2024-03-24T16:36:41.756+0000] {processor.py:161} INFO - Started process (PID=613) to work on /opt/airflow/dags/config.py
[2024-03-24T16:36:41.758+0000] {processor.py:830} INFO - Processing file /opt/airflow/dags/config.py for tasks to queue
[2024-03-24T16:36:41.761+0000] {logging_mixin.py:188} INFO - [2024-03-24T16:36:41.760+0000] {dagbag.py:540} INFO - Filling up the DagBag from /opt/airflow/dags/config.py
[2024-03-24T16:36:41.777+0000] {processor.py:842} WARNING - No viable dags retrieved from /opt/airflow/dags/config.py
[2024-03-24T16:36:41.827+0000] {processor.py:183} INFO - Processing /opt/airflow/dags/config.py took 0.083 seconds
[2024-03-24T16:37:12.423+0000] {processor.py:161} INFO - Started process (PID=629) to work on /opt/airflow/dags/config.py
[2024-03-24T16:37:12.426+0000] {processor.py:830} INFO - Processing file /opt/airflow/dags/config.py for tasks to queue
[2024-03-24T16:37:12.429+0000] {logging_mixin.py:188} INFO - [2024-03-24T16:37:12.428+0000] {dagbag.py:540} INFO - Filling up the DagBag from /opt/airflow/dags/config.py
[2024-03-24T16:37:12.441+0000] {processor.py:842} WARNING - No viable dags retrieved from /opt/airflow/dags/config.py
[2024-03-24T16:37:12.475+0000] {processor.py:183} INFO - Processing /opt/airflow/dags/config.py took 0.060 seconds
[2024-03-24T16:37:44.084+0000] {processor.py:161} INFO - Started process (PID=642) to work on /opt/airflow/dags/config.py
[2024-03-24T16:37:44.089+0000] {processor.py:830} INFO - Processing file /opt/airflow/dags/config.py for tasks to queue
[2024-03-24T16:37:44.093+0000] {logging_mixin.py:188} INFO - [2024-03-24T16:37:44.093+0000] {dagbag.py:540} INFO - Filling up the DagBag from /opt/airflow/dags/config.py
[2024-03-24T16:37:44.132+0000] {processor.py:842} WARNING - No viable dags retrieved from /opt/airflow/dags/config.py
[2024-03-24T16:37:44.185+0000] {processor.py:183} INFO - Processing /opt/airflow/dags/config.py took 0.111 seconds
[2024-03-24T16:38:14.997+0000] {processor.py:161} INFO - Started process (PID=659) to work on /opt/airflow/dags/config.py
[2024-03-24T16:38:15.004+0000] {processor.py:830} INFO - Processing file /opt/airflow/dags/config.py for tasks to queue
[2024-03-24T16:38:15.014+0000] {logging_mixin.py:188} INFO - [2024-03-24T16:38:15.013+0000] {dagbag.py:540} INFO - Filling up the DagBag from /opt/airflow/dags/config.py
[2024-03-24T16:38:15.032+0000] {processor.py:842} WARNING - No viable dags retrieved from /opt/airflow/dags/config.py
[2024-03-24T16:38:15.090+0000] {processor.py:183} INFO - Processing /opt/airflow/dags/config.py took 0.104 seconds
[2024-03-24T16:38:50.128+0000] {processor.py:161} INFO - Started process (PID=674) to work on /opt/airflow/dags/config.py
[2024-03-24T16:38:50.136+0000] {processor.py:830} INFO - Processing file /opt/airflow/dags/config.py for tasks to queue
[2024-03-24T16:38:50.147+0000] {logging_mixin.py:188} INFO - [2024-03-24T16:38:50.145+0000] {dagbag.py:540} INFO - Filling up the DagBag from /opt/airflow/dags/config.py
[2024-03-24T16:38:50.261+0000] {processor.py:842} WARNING - No viable dags retrieved from /opt/airflow/dags/config.py
[2024-03-24T16:38:50.545+0000] {processor.py:183} INFO - Processing /opt/airflow/dags/config.py took 0.490 seconds
[2024-03-24T16:39:20.774+0000] {processor.py:161} INFO - Started process (PID=687) to work on /opt/airflow/dags/config.py
[2024-03-24T16:39:20.778+0000] {processor.py:830} INFO - Processing file /opt/airflow/dags/config.py for tasks to queue
[2024-03-24T16:39:20.782+0000] {logging_mixin.py:188} INFO - [2024-03-24T16:39:20.781+0000] {dagbag.py:540} INFO - Filling up the DagBag from /opt/airflow/dags/config.py
[2024-03-24T16:39:20.801+0000] {processor.py:842} WARNING - No viable dags retrieved from /opt/airflow/dags/config.py
[2024-03-24T16:39:20.858+0000] {processor.py:183} INFO - Processing /opt/airflow/dags/config.py took 0.096 seconds
[2024-03-24T16:39:51.274+0000] {processor.py:161} INFO - Started process (PID=702) to work on /opt/airflow/dags/config.py
[2024-03-24T16:39:51.278+0000] {processor.py:830} INFO - Processing file /opt/airflow/dags/config.py for tasks to queue
[2024-03-24T16:39:51.284+0000] {logging_mixin.py:188} INFO - [2024-03-24T16:39:51.282+0000] {dagbag.py:540} INFO - Filling up the DagBag from /opt/airflow/dags/config.py
[2024-03-24T16:39:51.303+0000] {processor.py:842} WARNING - No viable dags retrieved from /opt/airflow/dags/config.py
[2024-03-24T16:39:51.355+0000] {processor.py:183} INFO - Processing /opt/airflow/dags/config.py took 0.105 seconds
[2024-03-24T16:47:22.787+0000] {processor.py:161} INFO - Started process (PID=169) to work on /opt/airflow/dags/config.py
[2024-03-24T16:47:22.789+0000] {processor.py:830} INFO - Processing file /opt/airflow/dags/config.py for tasks to queue
[2024-03-24T16:47:22.791+0000] {logging_mixin.py:188} INFO - [2024-03-24T16:47:22.791+0000] {dagbag.py:540} INFO - Filling up the DagBag from /opt/airflow/dags/config.py
[2024-03-24T16:47:22.799+0000] {processor.py:842} WARNING - No viable dags retrieved from /opt/airflow/dags/config.py
[2024-03-24T16:47:22.830+0000] {processor.py:183} INFO - Processing /opt/airflow/dags/config.py took 0.051 seconds
[2024-03-24T16:47:53.901+0000] {processor.py:161} INFO - Started process (PID=186) to work on /opt/airflow/dags/config.py
[2024-03-24T16:47:53.911+0000] {processor.py:830} INFO - Processing file /opt/airflow/dags/config.py for tasks to queue
[2024-03-24T16:47:53.930+0000] {logging_mixin.py:188} INFO - [2024-03-24T16:47:53.925+0000] {dagbag.py:540} INFO - Filling up the DagBag from /opt/airflow/dags/config.py
[2024-03-24T16:47:53.972+0000] {processor.py:842} WARNING - No viable dags retrieved from /opt/airflow/dags/config.py
[2024-03-24T16:47:54.163+0000] {processor.py:183} INFO - Processing /opt/airflow/dags/config.py took 0.312 seconds
[2024-03-24T16:48:25.315+0000] {processor.py:161} INFO - Started process (PID=201) to work on /opt/airflow/dags/config.py
[2024-03-24T16:48:25.317+0000] {processor.py:830} INFO - Processing file /opt/airflow/dags/config.py for tasks to queue
[2024-03-24T16:48:25.321+0000] {logging_mixin.py:188} INFO - [2024-03-24T16:48:25.320+0000] {dagbag.py:540} INFO - Filling up the DagBag from /opt/airflow/dags/config.py
[2024-03-24T16:48:25.331+0000] {processor.py:842} WARNING - No viable dags retrieved from /opt/airflow/dags/config.py
[2024-03-24T16:48:25.361+0000] {processor.py:183} INFO - Processing /opt/airflow/dags/config.py took 0.050 seconds
[2024-03-24T16:48:56.261+0000] {processor.py:161} INFO - Started process (PID=216) to work on /opt/airflow/dags/config.py
[2024-03-24T16:48:56.265+0000] {processor.py:830} INFO - Processing file /opt/airflow/dags/config.py for tasks to queue
[2024-03-24T16:48:56.267+0000] {logging_mixin.py:188} INFO - [2024-03-24T16:48:56.267+0000] {dagbag.py:540} INFO - Filling up the DagBag from /opt/airflow/dags/config.py
[2024-03-24T16:48:56.276+0000] {processor.py:842} WARNING - No viable dags retrieved from /opt/airflow/dags/config.py
[2024-03-24T16:48:56.306+0000] {processor.py:183} INFO - Processing /opt/airflow/dags/config.py took 0.050 seconds
[2024-03-24T16:49:27.278+0000] {processor.py:161} INFO - Started process (PID=231) to work on /opt/airflow/dags/config.py
[2024-03-24T16:49:27.281+0000] {processor.py:830} INFO - Processing file /opt/airflow/dags/config.py for tasks to queue
[2024-03-24T16:49:27.283+0000] {logging_mixin.py:188} INFO - [2024-03-24T16:49:27.283+0000] {dagbag.py:540} INFO - Filling up the DagBag from /opt/airflow/dags/config.py
[2024-03-24T16:49:27.292+0000] {processor.py:842} WARNING - No viable dags retrieved from /opt/airflow/dags/config.py
[2024-03-24T16:49:27.322+0000] {processor.py:183} INFO - Processing /opt/airflow/dags/config.py took 0.051 seconds
[2024-03-24T16:49:57.625+0000] {processor.py:161} INFO - Started process (PID=246) to work on /opt/airflow/dags/config.py
[2024-03-24T16:49:57.627+0000] {processor.py:830} INFO - Processing file /opt/airflow/dags/config.py for tasks to queue
[2024-03-24T16:49:57.629+0000] {logging_mixin.py:188} INFO - [2024-03-24T16:49:57.629+0000] {dagbag.py:540} INFO - Filling up the DagBag from /opt/airflow/dags/config.py
[2024-03-24T16:49:57.639+0000] {processor.py:842} WARNING - No viable dags retrieved from /opt/airflow/dags/config.py
[2024-03-24T16:49:57.664+0000] {processor.py:183} INFO - Processing /opt/airflow/dags/config.py took 0.044 seconds
[2024-03-24T16:50:29.705+0000] {processor.py:161} INFO - Started process (PID=285) to work on /opt/airflow/dags/config.py
[2024-03-24T16:50:29.719+0000] {processor.py:830} INFO - Processing file /opt/airflow/dags/config.py for tasks to queue
[2024-03-24T16:50:29.724+0000] {logging_mixin.py:188} INFO - [2024-03-24T16:50:29.724+0000] {dagbag.py:540} INFO - Filling up the DagBag from /opt/airflow/dags/config.py
[2024-03-24T16:50:29.763+0000] {processor.py:842} WARNING - No viable dags retrieved from /opt/airflow/dags/config.py
[2024-03-24T16:50:29.876+0000] {processor.py:183} INFO - Processing /opt/airflow/dags/config.py took 0.229 seconds
[2024-03-24T16:51:00.404+0000] {processor.py:161} INFO - Started process (PID=340) to work on /opt/airflow/dags/config.py
[2024-03-24T16:51:00.407+0000] {processor.py:830} INFO - Processing file /opt/airflow/dags/config.py for tasks to queue
[2024-03-24T16:51:00.409+0000] {logging_mixin.py:188} INFO - [2024-03-24T16:51:00.408+0000] {dagbag.py:540} INFO - Filling up the DagBag from /opt/airflow/dags/config.py
[2024-03-24T16:51:00.418+0000] {processor.py:842} WARNING - No viable dags retrieved from /opt/airflow/dags/config.py
[2024-03-24T16:51:00.446+0000] {processor.py:183} INFO - Processing /opt/airflow/dags/config.py took 0.047 seconds
[2024-03-24T16:51:31.056+0000] {processor.py:161} INFO - Started process (PID=355) to work on /opt/airflow/dags/config.py
[2024-03-24T16:51:31.058+0000] {processor.py:830} INFO - Processing file /opt/airflow/dags/config.py for tasks to queue
[2024-03-24T16:51:31.060+0000] {logging_mixin.py:188} INFO - [2024-03-24T16:51:31.060+0000] {dagbag.py:540} INFO - Filling up the DagBag from /opt/airflow/dags/config.py
[2024-03-24T16:51:31.072+0000] {processor.py:842} WARNING - No viable dags retrieved from /opt/airflow/dags/config.py
[2024-03-24T16:51:31.106+0000] {processor.py:183} INFO - Processing /opt/airflow/dags/config.py took 0.056 seconds
[2024-03-24T16:52:01.671+0000] {processor.py:161} INFO - Started process (PID=370) to work on /opt/airflow/dags/config.py
[2024-03-24T16:52:01.674+0000] {processor.py:830} INFO - Processing file /opt/airflow/dags/config.py for tasks to queue
[2024-03-24T16:52:01.678+0000] {logging_mixin.py:188} INFO - [2024-03-24T16:52:01.677+0000] {dagbag.py:540} INFO - Filling up the DagBag from /opt/airflow/dags/config.py
[2024-03-24T16:52:01.693+0000] {processor.py:842} WARNING - No viable dags retrieved from /opt/airflow/dags/config.py
[2024-03-24T16:52:01.735+0000] {processor.py:183} INFO - Processing /opt/airflow/dags/config.py took 0.073 seconds
[2024-03-24T16:52:32.385+0000] {processor.py:161} INFO - Started process (PID=385) to work on /opt/airflow/dags/config.py
[2024-03-24T16:52:32.394+0000] {processor.py:830} INFO - Processing file /opt/airflow/dags/config.py for tasks to queue
[2024-03-24T16:52:32.401+0000] {logging_mixin.py:188} INFO - [2024-03-24T16:52:32.400+0000] {dagbag.py:540} INFO - Filling up the DagBag from /opt/airflow/dags/config.py
[2024-03-24T16:52:32.414+0000] {processor.py:842} WARNING - No viable dags retrieved from /opt/airflow/dags/config.py
[2024-03-24T16:52:32.457+0000] {processor.py:183} INFO - Processing /opt/airflow/dags/config.py took 0.086 seconds
[2024-03-24T16:53:03.032+0000] {processor.py:161} INFO - Started process (PID=400) to work on /opt/airflow/dags/config.py
[2024-03-24T16:53:03.035+0000] {processor.py:830} INFO - Processing file /opt/airflow/dags/config.py for tasks to queue
[2024-03-24T16:53:03.038+0000] {logging_mixin.py:188} INFO - [2024-03-24T16:53:03.037+0000] {dagbag.py:540} INFO - Filling up the DagBag from /opt/airflow/dags/config.py
[2024-03-24T16:53:03.050+0000] {processor.py:842} WARNING - No viable dags retrieved from /opt/airflow/dags/config.py
[2024-03-24T16:53:03.084+0000] {processor.py:183} INFO - Processing /opt/airflow/dags/config.py took 0.060 seconds
[2024-03-24T16:53:33.656+0000] {processor.py:161} INFO - Started process (PID=413) to work on /opt/airflow/dags/config.py
[2024-03-24T16:53:33.661+0000] {processor.py:830} INFO - Processing file /opt/airflow/dags/config.py for tasks to queue
[2024-03-24T16:53:33.668+0000] {logging_mixin.py:188} INFO - [2024-03-24T16:53:33.666+0000] {dagbag.py:540} INFO - Filling up the DagBag from /opt/airflow/dags/config.py
[2024-03-24T16:53:33.692+0000] {processor.py:842} WARNING - No viable dags retrieved from /opt/airflow/dags/config.py
[2024-03-24T16:53:33.763+0000] {processor.py:183} INFO - Processing /opt/airflow/dags/config.py took 0.120 seconds
[2024-03-24T16:54:04.286+0000] {processor.py:161} INFO - Started process (PID=428) to work on /opt/airflow/dags/config.py
[2024-03-24T16:54:04.288+0000] {processor.py:830} INFO - Processing file /opt/airflow/dags/config.py for tasks to queue
[2024-03-24T16:54:04.291+0000] {logging_mixin.py:188} INFO - [2024-03-24T16:54:04.290+0000] {dagbag.py:540} INFO - Filling up the DagBag from /opt/airflow/dags/config.py
[2024-03-24T16:54:04.301+0000] {processor.py:842} WARNING - No viable dags retrieved from /opt/airflow/dags/config.py
[2024-03-24T16:54:04.331+0000] {processor.py:183} INFO - Processing /opt/airflow/dags/config.py took 0.051 seconds
[2024-03-24T16:54:34.917+0000] {processor.py:161} INFO - Started process (PID=445) to work on /opt/airflow/dags/config.py
[2024-03-24T16:54:34.919+0000] {processor.py:830} INFO - Processing file /opt/airflow/dags/config.py for tasks to queue
[2024-03-24T16:54:34.921+0000] {logging_mixin.py:188} INFO - [2024-03-24T16:54:34.921+0000] {dagbag.py:540} INFO - Filling up the DagBag from /opt/airflow/dags/config.py
[2024-03-24T16:54:34.930+0000] {processor.py:842} WARNING - No viable dags retrieved from /opt/airflow/dags/config.py
[2024-03-24T16:54:34.954+0000] {processor.py:183} INFO - Processing /opt/airflow/dags/config.py took 0.045 seconds
[2024-03-24T16:55:05.572+0000] {processor.py:161} INFO - Started process (PID=458) to work on /opt/airflow/dags/config.py
[2024-03-24T16:55:05.576+0000] {processor.py:830} INFO - Processing file /opt/airflow/dags/config.py for tasks to queue
[2024-03-24T16:55:05.582+0000] {logging_mixin.py:188} INFO - [2024-03-24T16:55:05.581+0000] {dagbag.py:540} INFO - Filling up the DagBag from /opt/airflow/dags/config.py
[2024-03-24T16:55:05.593+0000] {processor.py:842} WARNING - No viable dags retrieved from /opt/airflow/dags/config.py
[2024-03-24T16:55:05.623+0000] {processor.py:183} INFO - Processing /opt/airflow/dags/config.py took 0.057 seconds
[2024-03-24T16:55:36.367+0000] {processor.py:161} INFO - Started process (PID=475) to work on /opt/airflow/dags/config.py
[2024-03-24T16:55:36.369+0000] {processor.py:830} INFO - Processing file /opt/airflow/dags/config.py for tasks to queue
[2024-03-24T16:55:36.372+0000] {logging_mixin.py:188} INFO - [2024-03-24T16:55:36.371+0000] {dagbag.py:540} INFO - Filling up the DagBag from /opt/airflow/dags/config.py
[2024-03-24T16:55:36.382+0000] {processor.py:842} WARNING - No viable dags retrieved from /opt/airflow/dags/config.py
[2024-03-24T16:55:36.414+0000] {processor.py:183} INFO - Processing /opt/airflow/dags/config.py took 0.052 seconds
[2024-03-24T16:56:06.872+0000] {processor.py:161} INFO - Started process (PID=494) to work on /opt/airflow/dags/config.py
[2024-03-24T16:56:06.875+0000] {processor.py:830} INFO - Processing file /opt/airflow/dags/config.py for tasks to queue
[2024-03-24T16:56:06.878+0000] {logging_mixin.py:188} INFO - [2024-03-24T16:56:06.877+0000] {dagbag.py:540} INFO - Filling up the DagBag from /opt/airflow/dags/config.py
[2024-03-24T16:56:06.891+0000] {processor.py:842} WARNING - No viable dags retrieved from /opt/airflow/dags/config.py
[2024-03-24T16:56:06.920+0000] {processor.py:183} INFO - Processing /opt/airflow/dags/config.py took 0.052 seconds
[2024-03-24T16:56:37.460+0000] {processor.py:161} INFO - Started process (PID=507) to work on /opt/airflow/dags/config.py
[2024-03-24T16:56:37.465+0000] {processor.py:830} INFO - Processing file /opt/airflow/dags/config.py for tasks to queue
[2024-03-24T16:56:37.472+0000] {logging_mixin.py:188} INFO - [2024-03-24T16:56:37.471+0000] {dagbag.py:540} INFO - Filling up the DagBag from /opt/airflow/dags/config.py
[2024-03-24T16:56:37.492+0000] {processor.py:842} WARNING - No viable dags retrieved from /opt/airflow/dags/config.py
[2024-03-24T16:56:37.527+0000] {processor.py:183} INFO - Processing /opt/airflow/dags/config.py took 0.074 seconds
[2024-03-24T16:57:08.089+0000] {processor.py:161} INFO - Started process (PID=522) to work on /opt/airflow/dags/config.py
[2024-03-24T16:57:08.094+0000] {processor.py:830} INFO - Processing file /opt/airflow/dags/config.py for tasks to queue
[2024-03-24T16:57:08.105+0000] {logging_mixin.py:188} INFO - [2024-03-24T16:57:08.097+0000] {dagbag.py:540} INFO - Filling up the DagBag from /opt/airflow/dags/config.py
[2024-03-24T16:57:08.132+0000] {processor.py:842} WARNING - No viable dags retrieved from /opt/airflow/dags/config.py
[2024-03-24T16:57:08.172+0000] {processor.py:183} INFO - Processing /opt/airflow/dags/config.py took 0.097 seconds
[2024-03-24T16:57:38.667+0000] {processor.py:161} INFO - Started process (PID=539) to work on /opt/airflow/dags/config.py
[2024-03-24T16:57:38.669+0000] {processor.py:830} INFO - Processing file /opt/airflow/dags/config.py for tasks to queue
[2024-03-24T16:57:38.672+0000] {logging_mixin.py:188} INFO - [2024-03-24T16:57:38.671+0000] {dagbag.py:540} INFO - Filling up the DagBag from /opt/airflow/dags/config.py
[2024-03-24T16:57:38.679+0000] {processor.py:842} WARNING - No viable dags retrieved from /opt/airflow/dags/config.py
[2024-03-24T16:57:38.707+0000] {processor.py:183} INFO - Processing /opt/airflow/dags/config.py took 0.045 seconds
[2024-03-24T16:58:09.212+0000] {processor.py:161} INFO - Started process (PID=552) to work on /opt/airflow/dags/config.py
[2024-03-24T16:58:09.215+0000] {processor.py:830} INFO - Processing file /opt/airflow/dags/config.py for tasks to queue
[2024-03-24T16:58:09.218+0000] {logging_mixin.py:188} INFO - [2024-03-24T16:58:09.217+0000] {dagbag.py:540} INFO - Filling up the DagBag from /opt/airflow/dags/config.py
[2024-03-24T16:58:09.229+0000] {processor.py:842} WARNING - No viable dags retrieved from /opt/airflow/dags/config.py
[2024-03-24T16:58:09.259+0000] {processor.py:183} INFO - Processing /opt/airflow/dags/config.py took 0.058 seconds
[2024-03-24T16:58:39.766+0000] {processor.py:161} INFO - Started process (PID=569) to work on /opt/airflow/dags/config.py
[2024-03-24T16:58:39.769+0000] {processor.py:830} INFO - Processing file /opt/airflow/dags/config.py for tasks to queue
[2024-03-24T16:58:39.774+0000] {logging_mixin.py:188} INFO - [2024-03-24T16:58:39.773+0000] {dagbag.py:540} INFO - Filling up the DagBag from /opt/airflow/dags/config.py
[2024-03-24T16:58:39.786+0000] {processor.py:842} WARNING - No viable dags retrieved from /opt/airflow/dags/config.py
[2024-03-24T16:58:39.820+0000] {processor.py:183} INFO - Processing /opt/airflow/dags/config.py took 0.062 seconds
[2024-03-24T16:59:10.334+0000] {processor.py:161} INFO - Started process (PID=582) to work on /opt/airflow/dags/config.py
[2024-03-24T16:59:10.337+0000] {processor.py:830} INFO - Processing file /opt/airflow/dags/config.py for tasks to queue
[2024-03-24T16:59:10.340+0000] {logging_mixin.py:188} INFO - [2024-03-24T16:59:10.339+0000] {dagbag.py:540} INFO - Filling up the DagBag from /opt/airflow/dags/config.py
[2024-03-24T16:59:10.352+0000] {processor.py:842} WARNING - No viable dags retrieved from /opt/airflow/dags/config.py
[2024-03-24T16:59:10.382+0000] {processor.py:183} INFO - Processing /opt/airflow/dags/config.py took 0.054 seconds
[2024-03-24T16:59:40.889+0000] {processor.py:161} INFO - Started process (PID=599) to work on /opt/airflow/dags/config.py
[2024-03-24T16:59:40.891+0000] {processor.py:830} INFO - Processing file /opt/airflow/dags/config.py for tasks to queue
[2024-03-24T16:59:40.894+0000] {logging_mixin.py:188} INFO - [2024-03-24T16:59:40.893+0000] {dagbag.py:540} INFO - Filling up the DagBag from /opt/airflow/dags/config.py
[2024-03-24T16:59:40.904+0000] {processor.py:842} WARNING - No viable dags retrieved from /opt/airflow/dags/config.py
[2024-03-24T16:59:40.935+0000] {processor.py:183} INFO - Processing /opt/airflow/dags/config.py took 0.057 seconds
[2024-03-24T17:00:11.914+0000] {processor.py:161} INFO - Started process (PID=614) to work on /opt/airflow/dags/config.py
[2024-03-24T17:00:11.921+0000] {processor.py:830} INFO - Processing file /opt/airflow/dags/config.py for tasks to queue
[2024-03-24T17:00:11.935+0000] {logging_mixin.py:188} INFO - [2024-03-24T17:00:11.931+0000] {dagbag.py:540} INFO - Filling up the DagBag from /opt/airflow/dags/config.py
[2024-03-24T17:00:11.965+0000] {processor.py:842} WARNING - No viable dags retrieved from /opt/airflow/dags/config.py
[2024-03-24T17:00:12.035+0000] {processor.py:183} INFO - Processing /opt/airflow/dags/config.py took 0.145 seconds
[2024-03-24T17:00:43.381+0000] {processor.py:161} INFO - Started process (PID=629) to work on /opt/airflow/dags/config.py
[2024-03-24T17:00:43.386+0000] {processor.py:830} INFO - Processing file /opt/airflow/dags/config.py for tasks to queue
[2024-03-24T17:00:43.392+0000] {logging_mixin.py:188} INFO - [2024-03-24T17:00:43.390+0000] {dagbag.py:540} INFO - Filling up the DagBag from /opt/airflow/dags/config.py
[2024-03-24T17:00:43.484+0000] {processor.py:842} WARNING - No viable dags retrieved from /opt/airflow/dags/config.py
[2024-03-24T17:00:43.605+0000] {processor.py:183} INFO - Processing /opt/airflow/dags/config.py took 0.252 seconds
[2024-03-24T17:01:13.928+0000] {processor.py:161} INFO - Started process (PID=642) to work on /opt/airflow/dags/config.py
[2024-03-24T17:01:13.934+0000] {processor.py:830} INFO - Processing file /opt/airflow/dags/config.py for tasks to queue
[2024-03-24T17:01:13.937+0000] {logging_mixin.py:188} INFO - [2024-03-24T17:01:13.936+0000] {dagbag.py:540} INFO - Filling up the DagBag from /opt/airflow/dags/config.py
[2024-03-24T17:01:13.953+0000] {processor.py:842} WARNING - No viable dags retrieved from /opt/airflow/dags/config.py
[2024-03-24T17:01:13.985+0000] {processor.py:183} INFO - Processing /opt/airflow/dags/config.py took 0.062 seconds
[2024-03-24T17:01:44.500+0000] {processor.py:161} INFO - Started process (PID=659) to work on /opt/airflow/dags/config.py
[2024-03-24T17:01:44.502+0000] {processor.py:830} INFO - Processing file /opt/airflow/dags/config.py for tasks to queue
[2024-03-24T17:01:44.506+0000] {logging_mixin.py:188} INFO - [2024-03-24T17:01:44.505+0000] {dagbag.py:540} INFO - Filling up the DagBag from /opt/airflow/dags/config.py
[2024-03-24T17:01:44.518+0000] {processor.py:842} WARNING - No viable dags retrieved from /opt/airflow/dags/config.py
[2024-03-24T17:01:44.548+0000] {processor.py:183} INFO - Processing /opt/airflow/dags/config.py took 0.054 seconds
[2024-03-24T17:02:15.043+0000] {processor.py:161} INFO - Started process (PID=674) to work on /opt/airflow/dags/config.py
[2024-03-24T17:02:15.046+0000] {processor.py:830} INFO - Processing file /opt/airflow/dags/config.py for tasks to queue
[2024-03-24T17:02:15.054+0000] {logging_mixin.py:188} INFO - [2024-03-24T17:02:15.052+0000] {dagbag.py:540} INFO - Filling up the DagBag from /opt/airflow/dags/config.py
[2024-03-24T17:02:15.071+0000] {processor.py:842} WARNING - No viable dags retrieved from /opt/airflow/dags/config.py
[2024-03-24T17:02:15.103+0000] {processor.py:183} INFO - Processing /opt/airflow/dags/config.py took 0.069 seconds
[2024-03-24T17:02:45.539+0000] {processor.py:161} INFO - Started process (PID=687) to work on /opt/airflow/dags/config.py
[2024-03-24T17:02:45.543+0000] {processor.py:830} INFO - Processing file /opt/airflow/dags/config.py for tasks to queue
[2024-03-24T17:02:45.547+0000] {logging_mixin.py:188} INFO - [2024-03-24T17:02:45.546+0000] {dagbag.py:540} INFO - Filling up the DagBag from /opt/airflow/dags/config.py
[2024-03-24T17:02:45.560+0000] {processor.py:842} WARNING - No viable dags retrieved from /opt/airflow/dags/config.py
[2024-03-24T17:02:45.612+0000] {processor.py:183} INFO - Processing /opt/airflow/dags/config.py took 0.080 seconds
[2024-03-24T17:03:16.197+0000] {processor.py:161} INFO - Started process (PID=704) to work on /opt/airflow/dags/config.py
[2024-03-24T17:03:16.200+0000] {processor.py:830} INFO - Processing file /opt/airflow/dags/config.py for tasks to queue
[2024-03-24T17:03:16.203+0000] {logging_mixin.py:188} INFO - [2024-03-24T17:03:16.202+0000] {dagbag.py:540} INFO - Filling up the DagBag from /opt/airflow/dags/config.py
[2024-03-24T17:03:16.216+0000] {processor.py:842} WARNING - No viable dags retrieved from /opt/airflow/dags/config.py
[2024-03-24T17:03:16.270+0000] {processor.py:183} INFO - Processing /opt/airflow/dags/config.py took 0.082 seconds
[2024-03-24T17:03:46.730+0000] {processor.py:161} INFO - Started process (PID=719) to work on /opt/airflow/dags/config.py
[2024-03-24T17:03:46.733+0000] {processor.py:830} INFO - Processing file /opt/airflow/dags/config.py for tasks to queue
[2024-03-24T17:03:46.735+0000] {logging_mixin.py:188} INFO - [2024-03-24T17:03:46.735+0000] {dagbag.py:540} INFO - Filling up the DagBag from /opt/airflow/dags/config.py
[2024-03-24T17:03:46.744+0000] {processor.py:842} WARNING - No viable dags retrieved from /opt/airflow/dags/config.py
[2024-03-24T17:03:46.776+0000] {processor.py:183} INFO - Processing /opt/airflow/dags/config.py took 0.053 seconds
[2024-03-24T17:04:17.411+0000] {processor.py:161} INFO - Started process (PID=733) to work on /opt/airflow/dags/config.py
[2024-03-24T17:04:17.413+0000] {processor.py:830} INFO - Processing file /opt/airflow/dags/config.py for tasks to queue
[2024-03-24T17:04:17.416+0000] {logging_mixin.py:188} INFO - [2024-03-24T17:04:17.415+0000] {dagbag.py:540} INFO - Filling up the DagBag from /opt/airflow/dags/config.py
[2024-03-24T17:04:17.427+0000] {processor.py:842} WARNING - No viable dags retrieved from /opt/airflow/dags/config.py
[2024-03-24T17:04:17.456+0000] {processor.py:183} INFO - Processing /opt/airflow/dags/config.py took 0.051 seconds
[2024-03-24T17:04:48.134+0000] {processor.py:161} INFO - Started process (PID=749) to work on /opt/airflow/dags/config.py
[2024-03-24T17:04:48.137+0000] {processor.py:830} INFO - Processing file /opt/airflow/dags/config.py for tasks to queue
[2024-03-24T17:04:48.142+0000] {logging_mixin.py:188} INFO - [2024-03-24T17:04:48.139+0000] {dagbag.py:540} INFO - Filling up the DagBag from /opt/airflow/dags/config.py
[2024-03-24T17:04:48.154+0000] {processor.py:842} WARNING - No viable dags retrieved from /opt/airflow/dags/config.py
[2024-03-24T17:04:48.216+0000] {processor.py:183} INFO - Processing /opt/airflow/dags/config.py took 0.093 seconds
[2024-03-24T17:05:18.599+0000] {processor.py:161} INFO - Started process (PID=763) to work on /opt/airflow/dags/config.py
[2024-03-24T17:05:18.601+0000] {processor.py:830} INFO - Processing file /opt/airflow/dags/config.py for tasks to queue
[2024-03-24T17:05:18.605+0000] {logging_mixin.py:188} INFO - [2024-03-24T17:05:18.604+0000] {dagbag.py:540} INFO - Filling up the DagBag from /opt/airflow/dags/config.py
[2024-03-24T17:05:18.618+0000] {processor.py:842} WARNING - No viable dags retrieved from /opt/airflow/dags/config.py
[2024-03-24T17:05:18.647+0000] {processor.py:183} INFO - Processing /opt/airflow/dags/config.py took 0.057 seconds
[2024-03-24T17:05:49.168+0000] {processor.py:161} INFO - Started process (PID=779) to work on /opt/airflow/dags/config.py
[2024-03-24T17:05:49.171+0000] {processor.py:830} INFO - Processing file /opt/airflow/dags/config.py for tasks to queue
[2024-03-24T17:05:49.174+0000] {logging_mixin.py:188} INFO - [2024-03-24T17:05:49.173+0000] {dagbag.py:540} INFO - Filling up the DagBag from /opt/airflow/dags/config.py
[2024-03-24T17:05:49.184+0000] {processor.py:842} WARNING - No viable dags retrieved from /opt/airflow/dags/config.py
[2024-03-24T17:05:49.214+0000] {processor.py:183} INFO - Processing /opt/airflow/dags/config.py took 0.051 seconds
[2024-03-24T17:06:19.650+0000] {processor.py:161} INFO - Started process (PID=792) to work on /opt/airflow/dags/config.py
[2024-03-24T17:06:19.656+0000] {processor.py:830} INFO - Processing file /opt/airflow/dags/config.py for tasks to queue
[2024-03-24T17:06:19.661+0000] {logging_mixin.py:188} INFO - [2024-03-24T17:06:19.660+0000] {dagbag.py:540} INFO - Filling up the DagBag from /opt/airflow/dags/config.py
[2024-03-24T17:06:19.669+0000] {processor.py:842} WARNING - No viable dags retrieved from /opt/airflow/dags/config.py
[2024-03-24T17:06:19.695+0000] {processor.py:183} INFO - Processing /opt/airflow/dags/config.py took 0.060 seconds
[2024-03-24T17:06:50.291+0000] {processor.py:161} INFO - Started process (PID=809) to work on /opt/airflow/dags/config.py
[2024-03-24T17:06:50.294+0000] {processor.py:830} INFO - Processing file /opt/airflow/dags/config.py for tasks to queue
[2024-03-24T17:06:50.298+0000] {logging_mixin.py:188} INFO - [2024-03-24T17:06:50.297+0000] {dagbag.py:540} INFO - Filling up the DagBag from /opt/airflow/dags/config.py
[2024-03-24T17:06:50.307+0000] {processor.py:842} WARNING - No viable dags retrieved from /opt/airflow/dags/config.py
[2024-03-24T17:06:50.344+0000] {processor.py:183} INFO - Processing /opt/airflow/dags/config.py took 0.059 seconds
[2024-03-24T17:07:20.865+0000] {processor.py:161} INFO - Started process (PID=824) to work on /opt/airflow/dags/config.py
[2024-03-24T17:07:20.869+0000] {processor.py:830} INFO - Processing file /opt/airflow/dags/config.py for tasks to queue
[2024-03-24T17:07:20.871+0000] {logging_mixin.py:188} INFO - [2024-03-24T17:07:20.871+0000] {dagbag.py:540} INFO - Filling up the DagBag from /opt/airflow/dags/config.py
[2024-03-24T17:07:20.883+0000] {processor.py:842} WARNING - No viable dags retrieved from /opt/airflow/dags/config.py
[2024-03-24T17:07:20.918+0000] {processor.py:183} INFO - Processing /opt/airflow/dags/config.py took 0.057 seconds
[2024-03-24T17:07:51.504+0000] {processor.py:161} INFO - Started process (PID=837) to work on /opt/airflow/dags/config.py
[2024-03-24T17:07:51.508+0000] {processor.py:830} INFO - Processing file /opt/airflow/dags/config.py for tasks to queue
[2024-03-24T17:07:51.514+0000] {logging_mixin.py:188} INFO - [2024-03-24T17:07:51.513+0000] {dagbag.py:540} INFO - Filling up the DagBag from /opt/airflow/dags/config.py
[2024-03-24T17:07:51.527+0000] {processor.py:842} WARNING - No viable dags retrieved from /opt/airflow/dags/config.py
[2024-03-24T17:07:51.564+0000] {processor.py:183} INFO - Processing /opt/airflow/dags/config.py took 0.067 seconds
[2024-03-24T17:08:22.090+0000] {processor.py:161} INFO - Started process (PID=854) to work on /opt/airflow/dags/config.py
[2024-03-24T17:08:22.093+0000] {processor.py:830} INFO - Processing file /opt/airflow/dags/config.py for tasks to queue
[2024-03-24T17:08:22.095+0000] {logging_mixin.py:188} INFO - [2024-03-24T17:08:22.094+0000] {dagbag.py:540} INFO - Filling up the DagBag from /opt/airflow/dags/config.py
[2024-03-24T17:08:22.104+0000] {processor.py:842} WARNING - No viable dags retrieved from /opt/airflow/dags/config.py
[2024-03-24T17:08:22.133+0000] {processor.py:183} INFO - Processing /opt/airflow/dags/config.py took 0.049 seconds
[2024-03-24T17:08:52.712+0000] {processor.py:161} INFO - Started process (PID=869) to work on /opt/airflow/dags/config.py
[2024-03-24T17:08:52.714+0000] {processor.py:830} INFO - Processing file /opt/airflow/dags/config.py for tasks to queue
[2024-03-24T17:08:52.717+0000] {logging_mixin.py:188} INFO - [2024-03-24T17:08:52.716+0000] {dagbag.py:540} INFO - Filling up the DagBag from /opt/airflow/dags/config.py
[2024-03-24T17:08:52.733+0000] {processor.py:842} WARNING - No viable dags retrieved from /opt/airflow/dags/config.py
[2024-03-24T17:08:52.777+0000] {processor.py:183} INFO - Processing /opt/airflow/dags/config.py took 0.071 seconds
[2024-03-24T17:09:23.187+0000] {processor.py:161} INFO - Started process (PID=882) to work on /opt/airflow/dags/config.py
[2024-03-24T17:09:23.192+0000] {processor.py:830} INFO - Processing file /opt/airflow/dags/config.py for tasks to queue
[2024-03-24T17:09:23.200+0000] {logging_mixin.py:188} INFO - [2024-03-24T17:09:23.198+0000] {dagbag.py:540} INFO - Filling up the DagBag from /opt/airflow/dags/config.py
[2024-03-24T17:09:23.213+0000] {processor.py:842} WARNING - No viable dags retrieved from /opt/airflow/dags/config.py
[2024-03-24T17:09:23.251+0000] {processor.py:183} INFO - Processing /opt/airflow/dags/config.py took 0.077 seconds
[2024-03-24T17:09:53.778+0000] {processor.py:161} INFO - Started process (PID=899) to work on /opt/airflow/dags/config.py
[2024-03-24T17:09:53.781+0000] {processor.py:830} INFO - Processing file /opt/airflow/dags/config.py for tasks to queue
[2024-03-24T17:09:53.785+0000] {logging_mixin.py:188} INFO - [2024-03-24T17:09:53.784+0000] {dagbag.py:540} INFO - Filling up the DagBag from /opt/airflow/dags/config.py
[2024-03-24T17:09:53.793+0000] {processor.py:842} WARNING - No viable dags retrieved from /opt/airflow/dags/config.py
[2024-03-24T17:09:53.822+0000] {processor.py:183} INFO - Processing /opt/airflow/dags/config.py took 0.050 seconds
[2024-03-24T17:10:24.451+0000] {processor.py:161} INFO - Started process (PID=914) to work on /opt/airflow/dags/config.py
[2024-03-24T17:10:24.456+0000] {processor.py:830} INFO - Processing file /opt/airflow/dags/config.py for tasks to queue
[2024-03-24T17:10:24.458+0000] {logging_mixin.py:188} INFO - [2024-03-24T17:10:24.458+0000] {dagbag.py:540} INFO - Filling up the DagBag from /opt/airflow/dags/config.py
[2024-03-24T17:10:24.470+0000] {processor.py:842} WARNING - No viable dags retrieved from /opt/airflow/dags/config.py
[2024-03-24T17:10:24.503+0000] {processor.py:183} INFO - Processing /opt/airflow/dags/config.py took 0.057 seconds
[2024-03-24T17:10:54.982+0000] {processor.py:161} INFO - Started process (PID=929) to work on /opt/airflow/dags/config.py
[2024-03-24T17:10:54.985+0000] {processor.py:830} INFO - Processing file /opt/airflow/dags/config.py for tasks to queue
[2024-03-24T17:10:54.987+0000] {logging_mixin.py:188} INFO - [2024-03-24T17:10:54.987+0000] {dagbag.py:540} INFO - Filling up the DagBag from /opt/airflow/dags/config.py
[2024-03-24T17:10:54.996+0000] {processor.py:842} WARNING - No viable dags retrieved from /opt/airflow/dags/config.py
[2024-03-24T17:10:55.024+0000] {processor.py:183} INFO - Processing /opt/airflow/dags/config.py took 0.047 seconds
[2024-03-24T17:11:25.833+0000] {processor.py:161} INFO - Started process (PID=942) to work on /opt/airflow/dags/config.py
[2024-03-24T17:11:25.837+0000] {processor.py:830} INFO - Processing file /opt/airflow/dags/config.py for tasks to queue
[2024-03-24T17:11:25.840+0000] {logging_mixin.py:188} INFO - [2024-03-24T17:11:25.839+0000] {dagbag.py:540} INFO - Filling up the DagBag from /opt/airflow/dags/config.py
[2024-03-24T17:11:25.855+0000] {processor.py:842} WARNING - No viable dags retrieved from /opt/airflow/dags/config.py
[2024-03-24T17:11:25.904+0000] {processor.py:183} INFO - Processing /opt/airflow/dags/config.py took 0.082 seconds
[2024-03-24T17:11:56.455+0000] {processor.py:161} INFO - Started process (PID=959) to work on /opt/airflow/dags/config.py
[2024-03-24T17:11:56.457+0000] {processor.py:830} INFO - Processing file /opt/airflow/dags/config.py for tasks to queue
[2024-03-24T17:11:56.460+0000] {logging_mixin.py:188} INFO - [2024-03-24T17:11:56.459+0000] {dagbag.py:540} INFO - Filling up the DagBag from /opt/airflow/dags/config.py
[2024-03-24T17:11:56.472+0000] {processor.py:842} WARNING - No viable dags retrieved from /opt/airflow/dags/config.py
[2024-03-24T17:11:56.504+0000] {processor.py:183} INFO - Processing /opt/airflow/dags/config.py took 0.056 seconds
[2024-03-24T17:12:27.367+0000] {processor.py:161} INFO - Started process (PID=972) to work on /opt/airflow/dags/config.py
[2024-03-24T17:12:27.371+0000] {processor.py:830} INFO - Processing file /opt/airflow/dags/config.py for tasks to queue
[2024-03-24T17:12:27.377+0000] {logging_mixin.py:188} INFO - [2024-03-24T17:12:27.376+0000] {dagbag.py:540} INFO - Filling up the DagBag from /opt/airflow/dags/config.py
[2024-03-24T17:12:27.396+0000] {processor.py:842} WARNING - No viable dags retrieved from /opt/airflow/dags/config.py
[2024-03-24T17:12:27.447+0000] {processor.py:183} INFO - Processing /opt/airflow/dags/config.py took 0.087 seconds
[2024-03-24T17:12:57.997+0000] {processor.py:161} INFO - Started process (PID=989) to work on /opt/airflow/dags/config.py
[2024-03-24T17:12:58.000+0000] {processor.py:830} INFO - Processing file /opt/airflow/dags/config.py for tasks to queue
[2024-03-24T17:12:58.002+0000] {logging_mixin.py:188} INFO - [2024-03-24T17:12:58.001+0000] {dagbag.py:540} INFO - Filling up the DagBag from /opt/airflow/dags/config.py
[2024-03-24T17:12:58.015+0000] {processor.py:842} WARNING - No viable dags retrieved from /opt/airflow/dags/config.py
[2024-03-24T17:12:58.046+0000] {processor.py:183} INFO - Processing /opt/airflow/dags/config.py took 0.055 seconds
[2024-03-24T17:13:28.683+0000] {processor.py:161} INFO - Started process (PID=1004) to work on /opt/airflow/dags/config.py
[2024-03-24T17:13:28.685+0000] {processor.py:830} INFO - Processing file /opt/airflow/dags/config.py for tasks to queue
[2024-03-24T17:13:28.688+0000] {logging_mixin.py:188} INFO - [2024-03-24T17:13:28.687+0000] {dagbag.py:540} INFO - Filling up the DagBag from /opt/airflow/dags/config.py
[2024-03-24T17:13:28.696+0000] {processor.py:842} WARNING - No viable dags retrieved from /opt/airflow/dags/config.py
[2024-03-24T17:13:28.723+0000] {processor.py:183} INFO - Processing /opt/airflow/dags/config.py took 0.049 seconds
[2024-03-24T17:13:59.284+0000] {processor.py:161} INFO - Started process (PID=1019) to work on /opt/airflow/dags/config.py
[2024-03-24T17:13:59.287+0000] {processor.py:830} INFO - Processing file /opt/airflow/dags/config.py for tasks to queue
[2024-03-24T17:13:59.292+0000] {logging_mixin.py:188} INFO - [2024-03-24T17:13:59.291+0000] {dagbag.py:540} INFO - Filling up the DagBag from /opt/airflow/dags/config.py
[2024-03-24T17:13:59.304+0000] {processor.py:842} WARNING - No viable dags retrieved from /opt/airflow/dags/config.py
[2024-03-24T17:13:59.332+0000] {processor.py:183} INFO - Processing /opt/airflow/dags/config.py took 0.058 seconds
[2024-03-24T17:14:29.828+0000] {processor.py:161} INFO - Started process (PID=1034) to work on /opt/airflow/dags/config.py
[2024-03-24T17:14:29.832+0000] {processor.py:830} INFO - Processing file /opt/airflow/dags/config.py for tasks to queue
[2024-03-24T17:14:29.836+0000] {logging_mixin.py:188} INFO - [2024-03-24T17:14:29.835+0000] {dagbag.py:540} INFO - Filling up the DagBag from /opt/airflow/dags/config.py
[2024-03-24T17:14:29.849+0000] {processor.py:842} WARNING - No viable dags retrieved from /opt/airflow/dags/config.py
[2024-03-24T17:14:29.880+0000] {processor.py:183} INFO - Processing /opt/airflow/dags/config.py took 0.062 seconds
[2024-03-24T17:15:00.330+0000] {processor.py:161} INFO - Started process (PID=1047) to work on /opt/airflow/dags/config.py
[2024-03-24T17:15:00.332+0000] {processor.py:830} INFO - Processing file /opt/airflow/dags/config.py for tasks to queue
[2024-03-24T17:15:00.335+0000] {logging_mixin.py:188} INFO - [2024-03-24T17:15:00.335+0000] {dagbag.py:540} INFO - Filling up the DagBag from /opt/airflow/dags/config.py
[2024-03-24T17:15:00.344+0000] {processor.py:842} WARNING - No viable dags retrieved from /opt/airflow/dags/config.py
[2024-03-24T17:15:00.373+0000] {processor.py:183} INFO - Processing /opt/airflow/dags/config.py took 0.053 seconds
[2024-03-24T17:15:30.921+0000] {processor.py:161} INFO - Started process (PID=1064) to work on /opt/airflow/dags/config.py
[2024-03-24T17:15:30.928+0000] {processor.py:830} INFO - Processing file /opt/airflow/dags/config.py for tasks to queue
[2024-03-24T17:15:30.932+0000] {logging_mixin.py:188} INFO - [2024-03-24T17:15:30.932+0000] {dagbag.py:540} INFO - Filling up the DagBag from /opt/airflow/dags/config.py
[2024-03-24T17:15:30.941+0000] {processor.py:842} WARNING - No viable dags retrieved from /opt/airflow/dags/config.py
[2024-03-24T17:15:30.971+0000] {processor.py:183} INFO - Processing /opt/airflow/dags/config.py took 0.060 seconds
[2024-03-24T17:16:01.514+0000] {processor.py:161} INFO - Started process (PID=1079) to work on /opt/airflow/dags/config.py
[2024-03-24T17:16:01.518+0000] {processor.py:830} INFO - Processing file /opt/airflow/dags/config.py for tasks to queue
[2024-03-24T17:16:01.521+0000] {logging_mixin.py:188} INFO - [2024-03-24T17:16:01.520+0000] {dagbag.py:540} INFO - Filling up the DagBag from /opt/airflow/dags/config.py
[2024-03-24T17:16:01.532+0000] {processor.py:842} WARNING - No viable dags retrieved from /opt/airflow/dags/config.py
[2024-03-24T17:16:01.561+0000] {processor.py:183} INFO - Processing /opt/airflow/dags/config.py took 0.053 seconds
[2024-03-24T17:16:32.024+0000] {processor.py:161} INFO - Started process (PID=1094) to work on /opt/airflow/dags/config.py
[2024-03-24T17:16:32.026+0000] {processor.py:830} INFO - Processing file /opt/airflow/dags/config.py for tasks to queue
[2024-03-24T17:16:32.031+0000] {logging_mixin.py:188} INFO - [2024-03-24T17:16:32.029+0000] {dagbag.py:540} INFO - Filling up the DagBag from /opt/airflow/dags/config.py
[2024-03-24T17:16:32.047+0000] {processor.py:842} WARNING - No viable dags retrieved from /opt/airflow/dags/config.py
[2024-03-24T17:16:32.081+0000] {processor.py:183} INFO - Processing /opt/airflow/dags/config.py took 0.064 seconds
[2024-03-24T17:17:02.879+0000] {processor.py:161} INFO - Started process (PID=1109) to work on /opt/airflow/dags/config.py
[2024-03-24T17:17:02.882+0000] {processor.py:830} INFO - Processing file /opt/airflow/dags/config.py for tasks to queue
[2024-03-24T17:17:02.885+0000] {logging_mixin.py:188} INFO - [2024-03-24T17:17:02.884+0000] {dagbag.py:540} INFO - Filling up the DagBag from /opt/airflow/dags/config.py
[2024-03-24T17:17:02.895+0000] {processor.py:842} WARNING - No viable dags retrieved from /opt/airflow/dags/config.py
[2024-03-24T17:17:02.925+0000] {processor.py:183} INFO - Processing /opt/airflow/dags/config.py took 0.054 seconds
[2024-03-24T17:17:33.656+0000] {processor.py:161} INFO - Started process (PID=1124) to work on /opt/airflow/dags/config.py
[2024-03-24T17:17:33.659+0000] {processor.py:830} INFO - Processing file /opt/airflow/dags/config.py for tasks to queue
[2024-03-24T17:17:33.663+0000] {logging_mixin.py:188} INFO - [2024-03-24T17:17:33.662+0000] {dagbag.py:540} INFO - Filling up the DagBag from /opt/airflow/dags/config.py
[2024-03-24T17:17:33.673+0000] {processor.py:842} WARNING - No viable dags retrieved from /opt/airflow/dags/config.py
[2024-03-24T17:17:33.702+0000] {processor.py:183} INFO - Processing /opt/airflow/dags/config.py took 0.055 seconds
[2024-03-24T17:18:04.291+0000] {processor.py:161} INFO - Started process (PID=1137) to work on /opt/airflow/dags/config.py
[2024-03-24T17:18:04.294+0000] {processor.py:830} INFO - Processing file /opt/airflow/dags/config.py for tasks to queue
[2024-03-24T17:18:04.297+0000] {logging_mixin.py:188} INFO - [2024-03-24T17:18:04.296+0000] {dagbag.py:540} INFO - Filling up the DagBag from /opt/airflow/dags/config.py
[2024-03-24T17:18:04.315+0000] {processor.py:842} WARNING - No viable dags retrieved from /opt/airflow/dags/config.py
[2024-03-24T17:18:04.345+0000] {processor.py:183} INFO - Processing /opt/airflow/dags/config.py took 0.060 seconds
[2024-03-24T17:18:34.995+0000] {processor.py:161} INFO - Started process (PID=1152) to work on /opt/airflow/dags/config.py
[2024-03-24T17:18:34.998+0000] {processor.py:830} INFO - Processing file /opt/airflow/dags/config.py for tasks to queue
[2024-03-24T17:18:35.012+0000] {logging_mixin.py:188} INFO - [2024-03-24T17:18:35.003+0000] {dagbag.py:540} INFO - Filling up the DagBag from /opt/airflow/dags/config.py
[2024-03-24T17:18:35.028+0000] {processor.py:842} WARNING - No viable dags retrieved from /opt/airflow/dags/config.py
[2024-03-24T17:18:35.077+0000] {processor.py:183} INFO - Processing /opt/airflow/dags/config.py took 0.089 seconds
[2024-03-24T17:19:05.523+0000] {processor.py:161} INFO - Started process (PID=1169) to work on /opt/airflow/dags/config.py
[2024-03-24T17:19:05.526+0000] {processor.py:830} INFO - Processing file /opt/airflow/dags/config.py for tasks to queue
[2024-03-24T17:19:05.529+0000] {logging_mixin.py:188} INFO - [2024-03-24T17:19:05.528+0000] {dagbag.py:540} INFO - Filling up the DagBag from /opt/airflow/dags/config.py
[2024-03-24T17:19:05.538+0000] {processor.py:842} WARNING - No viable dags retrieved from /opt/airflow/dags/config.py
[2024-03-24T17:19:05.566+0000] {processor.py:183} INFO - Processing /opt/airflow/dags/config.py took 0.048 seconds
[2024-03-24T17:19:36.043+0000] {processor.py:161} INFO - Started process (PID=1182) to work on /opt/airflow/dags/config.py
[2024-03-24T17:19:36.047+0000] {processor.py:830} INFO - Processing file /opt/airflow/dags/config.py for tasks to queue
[2024-03-24T17:19:36.051+0000] {logging_mixin.py:188} INFO - [2024-03-24T17:19:36.050+0000] {dagbag.py:540} INFO - Filling up the DagBag from /opt/airflow/dags/config.py
[2024-03-24T17:19:36.064+0000] {processor.py:842} WARNING - No viable dags retrieved from /opt/airflow/dags/config.py
[2024-03-24T17:19:36.112+0000] {processor.py:183} INFO - Processing /opt/airflow/dags/config.py took 0.076 seconds
[2024-03-24T17:20:06.695+0000] {processor.py:161} INFO - Started process (PID=1197) to work on /opt/airflow/dags/config.py
[2024-03-24T17:20:06.698+0000] {processor.py:830} INFO - Processing file /opt/airflow/dags/config.py for tasks to queue
[2024-03-24T17:20:06.700+0000] {logging_mixin.py:188} INFO - [2024-03-24T17:20:06.700+0000] {dagbag.py:540} INFO - Filling up the DagBag from /opt/airflow/dags/config.py
[2024-03-24T17:20:06.718+0000] {processor.py:842} WARNING - No viable dags retrieved from /opt/airflow/dags/config.py
[2024-03-24T17:20:06.761+0000] {processor.py:183} INFO - Processing /opt/airflow/dags/config.py took 0.075 seconds
[2024-03-24T17:20:37.254+0000] {processor.py:161} INFO - Started process (PID=1212) to work on /opt/airflow/dags/config.py
[2024-03-24T17:20:37.257+0000] {processor.py:830} INFO - Processing file /opt/airflow/dags/config.py for tasks to queue
[2024-03-24T17:20:37.259+0000] {logging_mixin.py:188} INFO - [2024-03-24T17:20:37.258+0000] {dagbag.py:540} INFO - Filling up the DagBag from /opt/airflow/dags/config.py
[2024-03-24T17:20:37.267+0000] {processor.py:842} WARNING - No viable dags retrieved from /opt/airflow/dags/config.py
[2024-03-24T17:20:37.291+0000] {processor.py:183} INFO - Processing /opt/airflow/dags/config.py took 0.042 seconds
[2024-03-24T17:21:07.807+0000] {processor.py:161} INFO - Started process (PID=1228) to work on /opt/airflow/dags/config.py
[2024-03-24T17:21:07.809+0000] {processor.py:830} INFO - Processing file /opt/airflow/dags/config.py for tasks to queue
[2024-03-24T17:21:07.812+0000] {logging_mixin.py:188} INFO - [2024-03-24T17:21:07.811+0000] {dagbag.py:540} INFO - Filling up the DagBag from /opt/airflow/dags/config.py
[2024-03-24T17:21:07.820+0000] {processor.py:842} WARNING - No viable dags retrieved from /opt/airflow/dags/config.py
[2024-03-24T17:21:07.847+0000] {processor.py:183} INFO - Processing /opt/airflow/dags/config.py took 0.046 seconds
[2024-03-24T17:21:38.297+0000] {processor.py:161} INFO - Started process (PID=1242) to work on /opt/airflow/dags/config.py
[2024-03-24T17:21:38.301+0000] {processor.py:830} INFO - Processing file /opt/airflow/dags/config.py for tasks to queue
[2024-03-24T17:21:38.307+0000] {logging_mixin.py:188} INFO - [2024-03-24T17:21:38.304+0000] {dagbag.py:540} INFO - Filling up the DagBag from /opt/airflow/dags/config.py
[2024-03-24T17:21:38.315+0000] {processor.py:842} WARNING - No viable dags retrieved from /opt/airflow/dags/config.py
[2024-03-24T17:21:38.346+0000] {processor.py:183} INFO - Processing /opt/airflow/dags/config.py took 0.058 seconds
[2024-03-24T17:22:08.860+0000] {processor.py:161} INFO - Started process (PID=1257) to work on /opt/airflow/dags/config.py
[2024-03-24T17:22:08.863+0000] {processor.py:830} INFO - Processing file /opt/airflow/dags/config.py for tasks to queue
[2024-03-24T17:22:08.866+0000] {logging_mixin.py:188} INFO - [2024-03-24T17:22:08.866+0000] {dagbag.py:540} INFO - Filling up the DagBag from /opt/airflow/dags/config.py
[2024-03-24T17:22:08.881+0000] {processor.py:842} WARNING - No viable dags retrieved from /opt/airflow/dags/config.py
[2024-03-24T17:22:08.916+0000] {processor.py:183} INFO - Processing /opt/airflow/dags/config.py took 0.067 seconds
[2024-03-24T17:22:31.365+0000] {processor.py:161} INFO - Started process (PID=1264) to work on /opt/airflow/dags/config.py
[2024-03-24T17:22:31.370+0000] {processor.py:830} INFO - Processing file /opt/airflow/dags/config.py for tasks to queue
[2024-03-24T17:22:31.376+0000] {logging_mixin.py:188} INFO - [2024-03-24T17:22:31.373+0000] {dagbag.py:540} INFO - Filling up the DagBag from /opt/airflow/dags/config.py
[2024-03-24T17:22:31.416+0000] {processor.py:842} WARNING - No viable dags retrieved from /opt/airflow/dags/config.py
[2024-03-24T17:22:31.457+0000] {processor.py:183} INFO - Processing /opt/airflow/dags/config.py took 0.100 seconds
[2024-03-24T17:23:01.654+0000] {processor.py:161} INFO - Started process (PID=1279) to work on /opt/airflow/dags/config.py
[2024-03-24T17:23:01.656+0000] {processor.py:830} INFO - Processing file /opt/airflow/dags/config.py for tasks to queue
[2024-03-24T17:23:01.664+0000] {logging_mixin.py:188} INFO - [2024-03-24T17:23:01.662+0000] {dagbag.py:540} INFO - Filling up the DagBag from /opt/airflow/dags/config.py
[2024-03-24T17:23:01.724+0000] {processor.py:842} WARNING - No viable dags retrieved from /opt/airflow/dags/config.py
[2024-03-24T17:23:01.818+0000] {processor.py:183} INFO - Processing /opt/airflow/dags/config.py took 0.171 seconds
[2024-03-24T17:23:32.360+0000] {processor.py:161} INFO - Started process (PID=1294) to work on /opt/airflow/dags/config.py
[2024-03-24T17:23:32.362+0000] {processor.py:830} INFO - Processing file /opt/airflow/dags/config.py for tasks to queue
[2024-03-24T17:23:32.365+0000] {logging_mixin.py:188} INFO - [2024-03-24T17:23:32.365+0000] {dagbag.py:540} INFO - Filling up the DagBag from /opt/airflow/dags/config.py
[2024-03-24T17:23:32.385+0000] {processor.py:842} WARNING - No viable dags retrieved from /opt/airflow/dags/config.py
[2024-03-24T17:23:32.415+0000] {processor.py:183} INFO - Processing /opt/airflow/dags/config.py took 0.061 seconds
[2024-03-24T17:24:03.481+0000] {processor.py:161} INFO - Started process (PID=1309) to work on /opt/airflow/dags/config.py
[2024-03-24T17:24:03.485+0000] {processor.py:830} INFO - Processing file /opt/airflow/dags/config.py for tasks to queue
[2024-03-24T17:24:03.490+0000] {logging_mixin.py:188} INFO - [2024-03-24T17:24:03.489+0000] {dagbag.py:540} INFO - Filling up the DagBag from /opt/airflow/dags/config.py
[2024-03-24T17:24:03.512+0000] {processor.py:842} WARNING - No viable dags retrieved from /opt/airflow/dags/config.py
[2024-03-24T17:24:03.552+0000] {processor.py:183} INFO - Processing /opt/airflow/dags/config.py took 0.109 seconds
[2024-03-24T17:24:49.377+0000] {processor.py:161} INFO - Started process (PID=162) to work on /opt/airflow/dags/config.py
[2024-03-24T17:24:49.383+0000] {processor.py:830} INFO - Processing file /opt/airflow/dags/config.py for tasks to queue
[2024-03-24T17:24:49.385+0000] {logging_mixin.py:188} INFO - [2024-03-24T17:24:49.385+0000] {dagbag.py:540} INFO - Filling up the DagBag from /opt/airflow/dags/config.py
[2024-03-24T17:24:49.398+0000] {processor.py:842} WARNING - No viable dags retrieved from /opt/airflow/dags/config.py
[2024-03-24T17:24:49.459+0000] {processor.py:183} INFO - Processing /opt/airflow/dags/config.py took 0.090 seconds
[2024-03-24T17:25:19.821+0000] {processor.py:161} INFO - Started process (PID=177) to work on /opt/airflow/dags/config.py
[2024-03-24T17:25:19.824+0000] {processor.py:830} INFO - Processing file /opt/airflow/dags/config.py for tasks to queue
[2024-03-24T17:25:19.827+0000] {logging_mixin.py:188} INFO - [2024-03-24T17:25:19.827+0000] {dagbag.py:540} INFO - Filling up the DagBag from /opt/airflow/dags/config.py
[2024-03-24T17:25:19.848+0000] {processor.py:842} WARNING - No viable dags retrieved from /opt/airflow/dags/config.py
[2024-03-24T17:25:19.917+0000] {processor.py:183} INFO - Processing /opt/airflow/dags/config.py took 0.105 seconds
[2024-03-24T17:25:50.289+0000] {processor.py:161} INFO - Started process (PID=192) to work on /opt/airflow/dags/config.py
[2024-03-24T17:25:50.293+0000] {processor.py:830} INFO - Processing file /opt/airflow/dags/config.py for tasks to queue
[2024-03-24T17:25:50.296+0000] {logging_mixin.py:188} INFO - [2024-03-24T17:25:50.295+0000] {dagbag.py:540} INFO - Filling up the DagBag from /opt/airflow/dags/config.py
[2024-03-24T17:25:50.307+0000] {processor.py:842} WARNING - No viable dags retrieved from /opt/airflow/dags/config.py
[2024-03-24T17:25:50.362+0000] {processor.py:183} INFO - Processing /opt/airflow/dags/config.py took 0.080 seconds
[2024-03-24T17:26:21.423+0000] {processor.py:161} INFO - Started process (PID=207) to work on /opt/airflow/dags/config.py
[2024-03-24T17:26:21.427+0000] {processor.py:830} INFO - Processing file /opt/airflow/dags/config.py for tasks to queue
[2024-03-24T17:26:21.436+0000] {logging_mixin.py:188} INFO - [2024-03-24T17:26:21.435+0000] {dagbag.py:540} INFO - Filling up the DagBag from /opt/airflow/dags/config.py
[2024-03-24T17:26:21.464+0000] {processor.py:842} WARNING - No viable dags retrieved from /opt/airflow/dags/config.py
[2024-03-24T17:26:21.535+0000] {processor.py:183} INFO - Processing /opt/airflow/dags/config.py took 0.183 seconds
[2024-03-24T17:26:52.066+0000] {processor.py:161} INFO - Started process (PID=222) to work on /opt/airflow/dags/config.py
[2024-03-24T17:26:52.081+0000] {processor.py:830} INFO - Processing file /opt/airflow/dags/config.py for tasks to queue
[2024-03-24T17:26:52.095+0000] {logging_mixin.py:188} INFO - [2024-03-24T17:26:52.094+0000] {dagbag.py:540} INFO - Filling up the DagBag from /opt/airflow/dags/config.py
[2024-03-24T17:26:52.134+0000] {processor.py:842} WARNING - No viable dags retrieved from /opt/airflow/dags/config.py
[2024-03-24T17:26:52.216+0000] {processor.py:183} INFO - Processing /opt/airflow/dags/config.py took 0.157 seconds
[2024-03-24T17:27:22.757+0000] {processor.py:161} INFO - Started process (PID=237) to work on /opt/airflow/dags/config.py
[2024-03-24T17:27:22.762+0000] {processor.py:830} INFO - Processing file /opt/airflow/dags/config.py for tasks to queue
[2024-03-24T17:27:22.771+0000] {logging_mixin.py:188} INFO - [2024-03-24T17:27:22.770+0000] {dagbag.py:540} INFO - Filling up the DagBag from /opt/airflow/dags/config.py
[2024-03-24T17:27:22.786+0000] {processor.py:842} WARNING - No viable dags retrieved from /opt/airflow/dags/config.py
[2024-03-24T17:27:22.829+0000] {processor.py:183} INFO - Processing /opt/airflow/dags/config.py took 0.089 seconds
[2024-03-24T17:27:53.238+0000] {processor.py:161} INFO - Started process (PID=252) to work on /opt/airflow/dags/config.py
[2024-03-24T17:27:53.242+0000] {processor.py:830} INFO - Processing file /opt/airflow/dags/config.py for tasks to queue
[2024-03-24T17:27:53.244+0000] {logging_mixin.py:188} INFO - [2024-03-24T17:27:53.244+0000] {dagbag.py:540} INFO - Filling up the DagBag from /opt/airflow/dags/config.py
[2024-03-24T17:27:53.254+0000] {processor.py:842} WARNING - No viable dags retrieved from /opt/airflow/dags/config.py
[2024-03-24T17:27:53.294+0000] {processor.py:183} INFO - Processing /opt/airflow/dags/config.py took 0.065 seconds
[2024-03-24T17:28:23.783+0000] {processor.py:161} INFO - Started process (PID=267) to work on /opt/airflow/dags/config.py
[2024-03-24T17:28:23.790+0000] {processor.py:830} INFO - Processing file /opt/airflow/dags/config.py for tasks to queue
[2024-03-24T17:28:23.796+0000] {logging_mixin.py:188} INFO - [2024-03-24T17:28:23.794+0000] {dagbag.py:540} INFO - Filling up the DagBag from /opt/airflow/dags/config.py
[2024-03-24T17:28:23.810+0000] {processor.py:842} WARNING - No viable dags retrieved from /opt/airflow/dags/config.py
[2024-03-24T17:28:23.845+0000] {processor.py:183} INFO - Processing /opt/airflow/dags/config.py took 0.078 seconds
[2024-03-24T17:28:54.077+0000] {processor.py:161} INFO - Started process (PID=296) to work on /opt/airflow/dags/config.py
[2024-03-24T17:28:54.091+0000] {processor.py:830} INFO - Processing file /opt/airflow/dags/config.py for tasks to queue
[2024-03-24T17:28:54.096+0000] {logging_mixin.py:188} INFO - [2024-03-24T17:28:54.095+0000] {dagbag.py:540} INFO - Filling up the DagBag from /opt/airflow/dags/config.py
[2024-03-24T17:28:54.119+0000] {processor.py:842} WARNING - No viable dags retrieved from /opt/airflow/dags/config.py
[2024-03-24T17:28:54.324+0000] {processor.py:183} INFO - Processing /opt/airflow/dags/config.py took 0.297 seconds
[2024-03-24T17:29:24.604+0000] {processor.py:161} INFO - Started process (PID=361) to work on /opt/airflow/dags/config.py
[2024-03-24T17:29:24.607+0000] {processor.py:830} INFO - Processing file /opt/airflow/dags/config.py for tasks to queue
[2024-03-24T17:29:24.612+0000] {logging_mixin.py:188} INFO - [2024-03-24T17:29:24.611+0000] {dagbag.py:540} INFO - Filling up the DagBag from /opt/airflow/dags/config.py
[2024-03-24T17:29:24.624+0000] {processor.py:842} WARNING - No viable dags retrieved from /opt/airflow/dags/config.py
[2024-03-24T17:29:24.656+0000] {processor.py:183} INFO - Processing /opt/airflow/dags/config.py took 0.058 seconds
[2024-03-24T17:29:55.191+0000] {processor.py:161} INFO - Started process (PID=376) to work on /opt/airflow/dags/config.py
[2024-03-24T17:29:55.196+0000] {processor.py:830} INFO - Processing file /opt/airflow/dags/config.py for tasks to queue
[2024-03-24T17:29:55.199+0000] {logging_mixin.py:188} INFO - [2024-03-24T17:29:55.198+0000] {dagbag.py:540} INFO - Filling up the DagBag from /opt/airflow/dags/config.py
[2024-03-24T17:29:55.214+0000] {processor.py:842} WARNING - No viable dags retrieved from /opt/airflow/dags/config.py
[2024-03-24T17:29:55.255+0000] {processor.py:183} INFO - Processing /opt/airflow/dags/config.py took 0.070 seconds
[2024-03-24T17:30:25.857+0000] {processor.py:161} INFO - Started process (PID=391) to work on /opt/airflow/dags/config.py
[2024-03-24T17:30:25.861+0000] {processor.py:830} INFO - Processing file /opt/airflow/dags/config.py for tasks to queue
[2024-03-24T17:30:25.864+0000] {logging_mixin.py:188} INFO - [2024-03-24T17:30:25.864+0000] {dagbag.py:540} INFO - Filling up the DagBag from /opt/airflow/dags/config.py
[2024-03-24T17:30:25.879+0000] {processor.py:842} WARNING - No viable dags retrieved from /opt/airflow/dags/config.py
[2024-03-24T17:30:25.908+0000] {processor.py:183} INFO - Processing /opt/airflow/dags/config.py took 0.057 seconds
[2024-03-24T17:30:56.342+0000] {processor.py:161} INFO - Started process (PID=406) to work on /opt/airflow/dags/config.py
[2024-03-24T17:30:56.345+0000] {processor.py:830} INFO - Processing file /opt/airflow/dags/config.py for tasks to queue
[2024-03-24T17:30:56.348+0000] {logging_mixin.py:188} INFO - [2024-03-24T17:30:56.347+0000] {dagbag.py:540} INFO - Filling up the DagBag from /opt/airflow/dags/config.py
[2024-03-24T17:30:56.360+0000] {processor.py:842} WARNING - No viable dags retrieved from /opt/airflow/dags/config.py
[2024-03-24T17:30:56.390+0000] {processor.py:183} INFO - Processing /opt/airflow/dags/config.py took 0.054 seconds
