[2024-03-29T01:32:57.394+0000] {processor.py:161} INFO - Started process (PID=163) to work on /opt/airflow/dags/config.py
[2024-03-29T01:32:57.402+0000] {processor.py:830} INFO - Processing file /opt/airflow/dags/config.py for tasks to queue
[2024-03-29T01:32:57.413+0000] {logging_mixin.py:188} INFO - [2024-03-29T01:32:57.412+0000] {dagbag.py:540} INFO - Filling up the DagBag from /opt/airflow/dags/config.py
[2024-03-29T01:32:57.453+0000] {processor.py:842} WARNING - No viable dags retrieved from /opt/airflow/dags/config.py
[2024-03-29T01:32:57.651+0000] {processor.py:183} INFO - Processing /opt/airflow/dags/config.py took 0.277 seconds
[2024-03-29T01:33:28.147+0000] {processor.py:161} INFO - Started process (PID=178) to work on /opt/airflow/dags/config.py
[2024-03-29T01:33:28.194+0000] {processor.py:830} INFO - Processing file /opt/airflow/dags/config.py for tasks to queue
[2024-03-29T01:33:28.210+0000] {logging_mixin.py:188} INFO - [2024-03-29T01:33:28.208+0000] {dagbag.py:540} INFO - Filling up the DagBag from /opt/airflow/dags/config.py
[2024-03-29T01:33:28.314+0000] {processor.py:842} WARNING - No viable dags retrieved from /opt/airflow/dags/config.py
[2024-03-29T01:33:28.514+0000] {processor.py:183} INFO - Processing /opt/airflow/dags/config.py took 0.454 seconds
[2024-03-29T01:33:59.534+0000] {processor.py:161} INFO - Started process (PID=193) to work on /opt/airflow/dags/config.py
[2024-03-29T01:33:59.542+0000] {processor.py:830} INFO - Processing file /opt/airflow/dags/config.py for tasks to queue
[2024-03-29T01:33:59.548+0000] {logging_mixin.py:188} INFO - [2024-03-29T01:33:59.548+0000] {dagbag.py:540} INFO - Filling up the DagBag from /opt/airflow/dags/config.py
[2024-03-29T01:33:59.576+0000] {processor.py:842} WARNING - No viable dags retrieved from /opt/airflow/dags/config.py
[2024-03-29T01:33:59.675+0000] {processor.py:183} INFO - Processing /opt/airflow/dags/config.py took 0.151 seconds
[2024-03-29T01:34:30.460+0000] {processor.py:161} INFO - Started process (PID=208) to work on /opt/airflow/dags/config.py
[2024-03-29T01:34:30.473+0000] {processor.py:830} INFO - Processing file /opt/airflow/dags/config.py for tasks to queue
[2024-03-29T01:34:30.482+0000] {logging_mixin.py:188} INFO - [2024-03-29T01:34:30.481+0000] {dagbag.py:540} INFO - Filling up the DagBag from /opt/airflow/dags/config.py
[2024-03-29T01:34:30.518+0000] {processor.py:842} WARNING - No viable dags retrieved from /opt/airflow/dags/config.py
[2024-03-29T01:34:30.602+0000] {processor.py:183} INFO - Processing /opt/airflow/dags/config.py took 0.174 seconds
[2024-03-29T01:35:02.978+0000] {processor.py:161} INFO - Started process (PID=223) to work on /opt/airflow/dags/config.py
[2024-03-29T01:35:02.987+0000] {processor.py:830} INFO - Processing file /opt/airflow/dags/config.py for tasks to queue
[2024-03-29T01:35:02.993+0000] {logging_mixin.py:188} INFO - [2024-03-29T01:35:02.992+0000] {dagbag.py:540} INFO - Filling up the DagBag from /opt/airflow/dags/config.py
[2024-03-29T01:35:03.094+0000] {processor.py:842} WARNING - No viable dags retrieved from /opt/airflow/dags/config.py
[2024-03-29T01:35:03.178+0000] {processor.py:183} INFO - Processing /opt/airflow/dags/config.py took 0.394 seconds
[2024-03-29T01:35:33.577+0000] {processor.py:161} INFO - Started process (PID=238) to work on /opt/airflow/dags/config.py
[2024-03-29T01:35:33.583+0000] {processor.py:830} INFO - Processing file /opt/airflow/dags/config.py for tasks to queue
[2024-03-29T01:35:33.590+0000] {logging_mixin.py:188} INFO - [2024-03-29T01:35:33.587+0000] {dagbag.py:540} INFO - Filling up the DagBag from /opt/airflow/dags/config.py
[2024-03-29T01:35:33.617+0000] {processor.py:842} WARNING - No viable dags retrieved from /opt/airflow/dags/config.py
[2024-03-29T01:35:33.659+0000] {processor.py:183} INFO - Processing /opt/airflow/dags/config.py took 0.089 seconds
[2024-03-29T01:36:04.049+0000] {processor.py:161} INFO - Started process (PID=253) to work on /opt/airflow/dags/config.py
[2024-03-29T01:36:04.248+0000] {processor.py:830} INFO - Processing file /opt/airflow/dags/config.py for tasks to queue
[2024-03-29T01:36:04.355+0000] {logging_mixin.py:188} INFO - [2024-03-29T01:36:04.354+0000] {dagbag.py:540} INFO - Filling up the DagBag from /opt/airflow/dags/config.py
[2024-03-29T01:36:04.405+0000] {processor.py:842} WARNING - No viable dags retrieved from /opt/airflow/dags/config.py
[2024-03-29T01:36:04.821+0000] {processor.py:183} INFO - Processing /opt/airflow/dags/config.py took 0.810 seconds
[2024-03-29T01:36:35.959+0000] {processor.py:161} INFO - Started process (PID=268) to work on /opt/airflow/dags/config.py
[2024-03-29T01:36:36.069+0000] {processor.py:830} INFO - Processing file /opt/airflow/dags/config.py for tasks to queue
[2024-03-29T01:36:36.424+0000] {logging_mixin.py:188} INFO - [2024-03-29T01:36:36.423+0000] {dagbag.py:540} INFO - Filling up the DagBag from /opt/airflow/dags/config.py
[2024-03-29T01:36:37.048+0000] {processor.py:842} WARNING - No viable dags retrieved from /opt/airflow/dags/config.py
[2024-03-29T01:36:39.331+0000] {processor.py:183} INFO - Processing /opt/airflow/dags/config.py took 3.364 seconds
[2024-03-29T01:37:10.254+0000] {processor.py:161} INFO - Started process (PID=287) to work on /opt/airflow/dags/config.py
[2024-03-29T01:37:10.261+0000] {processor.py:830} INFO - Processing file /opt/airflow/dags/config.py for tasks to queue
[2024-03-29T01:37:10.267+0000] {logging_mixin.py:188} INFO - [2024-03-29T01:37:10.266+0000] {dagbag.py:540} INFO - Filling up the DagBag from /opt/airflow/dags/config.py
[2024-03-29T01:37:10.293+0000] {processor.py:842} WARNING - No viable dags retrieved from /opt/airflow/dags/config.py
[2024-03-29T01:37:10.332+0000] {processor.py:183} INFO - Processing /opt/airflow/dags/config.py took 0.083 seconds
[2024-03-29T01:37:40.673+0000] {processor.py:161} INFO - Started process (PID=363) to work on /opt/airflow/dags/config.py
[2024-03-29T01:37:40.687+0000] {processor.py:830} INFO - Processing file /opt/airflow/dags/config.py for tasks to queue
[2024-03-29T01:37:40.694+0000] {logging_mixin.py:188} INFO - [2024-03-29T01:37:40.694+0000] {dagbag.py:540} INFO - Filling up the DagBag from /opt/airflow/dags/config.py
[2024-03-29T01:37:40.748+0000] {processor.py:842} WARNING - No viable dags retrieved from /opt/airflow/dags/config.py
[2024-03-29T01:37:41.061+0000] {processor.py:183} INFO - Processing /opt/airflow/dags/config.py took 0.396 seconds
[2024-03-29T01:38:11.676+0000] {processor.py:161} INFO - Started process (PID=389) to work on /opt/airflow/dags/config.py
[2024-03-29T01:38:11.683+0000] {processor.py:830} INFO - Processing file /opt/airflow/dags/config.py for tasks to queue
[2024-03-29T01:38:11.690+0000] {logging_mixin.py:188} INFO - [2024-03-29T01:38:11.689+0000] {dagbag.py:540} INFO - Filling up the DagBag from /opt/airflow/dags/config.py
[2024-03-29T01:38:11.713+0000] {processor.py:842} WARNING - No viable dags retrieved from /opt/airflow/dags/config.py
[2024-03-29T01:38:11.750+0000] {processor.py:183} INFO - Processing /opt/airflow/dags/config.py took 0.080 seconds
[2024-03-29T01:38:41.950+0000] {processor.py:161} INFO - Started process (PID=404) to work on /opt/airflow/dags/config.py
[2024-03-29T01:38:41.957+0000] {processor.py:830} INFO - Processing file /opt/airflow/dags/config.py for tasks to queue
[2024-03-29T01:38:41.963+0000] {logging_mixin.py:188} INFO - [2024-03-29T01:38:41.962+0000] {dagbag.py:540} INFO - Filling up the DagBag from /opt/airflow/dags/config.py
[2024-03-29T01:38:41.989+0000] {processor.py:842} WARNING - No viable dags retrieved from /opt/airflow/dags/config.py
[2024-03-29T01:38:42.027+0000] {processor.py:183} INFO - Processing /opt/airflow/dags/config.py took 0.083 seconds
[2024-03-29T01:39:12.172+0000] {processor.py:161} INFO - Started process (PID=419) to work on /opt/airflow/dags/config.py
[2024-03-29T01:39:12.181+0000] {processor.py:830} INFO - Processing file /opt/airflow/dags/config.py for tasks to queue
[2024-03-29T01:39:12.197+0000] {logging_mixin.py:188} INFO - [2024-03-29T01:39:12.196+0000] {dagbag.py:540} INFO - Filling up the DagBag from /opt/airflow/dags/config.py
[2024-03-29T01:39:12.283+0000] {processor.py:842} WARNING - No viable dags retrieved from /opt/airflow/dags/config.py
[2024-03-29T01:39:12.335+0000] {processor.py:183} INFO - Processing /opt/airflow/dags/config.py took 0.170 seconds
[2024-03-29T01:39:42.487+0000] {processor.py:161} INFO - Started process (PID=434) to work on /opt/airflow/dags/config.py
[2024-03-29T01:39:42.496+0000] {processor.py:830} INFO - Processing file /opt/airflow/dags/config.py for tasks to queue
[2024-03-29T01:39:42.501+0000] {logging_mixin.py:188} INFO - [2024-03-29T01:39:42.500+0000] {dagbag.py:540} INFO - Filling up the DagBag from /opt/airflow/dags/config.py
[2024-03-29T01:39:42.547+0000] {processor.py:842} WARNING - No viable dags retrieved from /opt/airflow/dags/config.py
[2024-03-29T01:39:42.586+0000] {processor.py:183} INFO - Processing /opt/airflow/dags/config.py took 0.106 seconds
[2024-03-29T01:40:14.302+0000] {processor.py:161} INFO - Started process (PID=449) to work on /opt/airflow/dags/config.py
[2024-03-29T01:40:14.422+0000] {processor.py:830} INFO - Processing file /opt/airflow/dags/config.py for tasks to queue
[2024-03-29T01:40:14.719+0000] {logging_mixin.py:188} INFO - [2024-03-29T01:40:14.680+0000] {dagbag.py:540} INFO - Filling up the DagBag from /opt/airflow/dags/config.py
[2024-03-29T01:40:14.758+0000] {processor.py:842} WARNING - No viable dags retrieved from /opt/airflow/dags/config.py
[2024-03-29T01:40:14.822+0000] {processor.py:183} INFO - Processing /opt/airflow/dags/config.py took 0.900 seconds
[2024-03-29T01:40:46.193+0000] {processor.py:161} INFO - Started process (PID=464) to work on /opt/airflow/dags/config.py
[2024-03-29T01:40:46.251+0000] {processor.py:830} INFO - Processing file /opt/airflow/dags/config.py for tasks to queue
[2024-03-29T01:40:46.364+0000] {logging_mixin.py:188} INFO - [2024-03-29T01:40:46.334+0000] {dagbag.py:540} INFO - Filling up the DagBag from /opt/airflow/dags/config.py
[2024-03-29T01:40:47.035+0000] {processor.py:842} WARNING - No viable dags retrieved from /opt/airflow/dags/config.py
[2024-03-29T01:40:48.875+0000] {processor.py:183} INFO - Processing /opt/airflow/dags/config.py took 2.688 seconds
[2024-03-29T01:41:20.081+0000] {processor.py:161} INFO - Started process (PID=479) to work on /opt/airflow/dags/config.py
[2024-03-29T01:41:20.088+0000] {processor.py:830} INFO - Processing file /opt/airflow/dags/config.py for tasks to queue
[2024-03-29T01:41:20.095+0000] {logging_mixin.py:188} INFO - [2024-03-29T01:41:20.094+0000] {dagbag.py:540} INFO - Filling up the DagBag from /opt/airflow/dags/config.py
[2024-03-29T01:41:20.129+0000] {processor.py:842} WARNING - No viable dags retrieved from /opt/airflow/dags/config.py
[2024-03-29T01:41:20.174+0000] {processor.py:183} INFO - Processing /opt/airflow/dags/config.py took 0.099 seconds
[2024-03-29T01:41:50.329+0000] {processor.py:161} INFO - Started process (PID=494) to work on /opt/airflow/dags/config.py
[2024-03-29T01:41:50.338+0000] {processor.py:830} INFO - Processing file /opt/airflow/dags/config.py for tasks to queue
[2024-03-29T01:41:50.348+0000] {logging_mixin.py:188} INFO - [2024-03-29T01:41:50.346+0000] {dagbag.py:540} INFO - Filling up the DagBag from /opt/airflow/dags/config.py
[2024-03-29T01:41:50.386+0000] {processor.py:842} WARNING - No viable dags retrieved from /opt/airflow/dags/config.py
[2024-03-29T01:41:50.433+0000] {processor.py:183} INFO - Processing /opt/airflow/dags/config.py took 0.112 seconds
[2024-03-29T01:42:20.579+0000] {processor.py:161} INFO - Started process (PID=509) to work on /opt/airflow/dags/config.py
[2024-03-29T01:42:20.589+0000] {processor.py:830} INFO - Processing file /opt/airflow/dags/config.py for tasks to queue
[2024-03-29T01:42:20.611+0000] {logging_mixin.py:188} INFO - [2024-03-29T01:42:20.607+0000] {dagbag.py:540} INFO - Filling up the DagBag from /opt/airflow/dags/config.py
[2024-03-29T01:42:20.646+0000] {processor.py:842} WARNING - No viable dags retrieved from /opt/airflow/dags/config.py
[2024-03-29T01:42:20.697+0000] {processor.py:183} INFO - Processing /opt/airflow/dags/config.py took 0.130 seconds
[2024-03-29T01:42:52.360+0000] {processor.py:161} INFO - Started process (PID=524) to work on /opt/airflow/dags/config.py
[2024-03-29T01:42:52.572+0000] {processor.py:830} INFO - Processing file /opt/airflow/dags/config.py for tasks to queue
[2024-03-29T01:42:52.695+0000] {logging_mixin.py:188} INFO - [2024-03-29T01:42:52.694+0000] {dagbag.py:540} INFO - Filling up the DagBag from /opt/airflow/dags/config.py
[2024-03-29T01:42:53.451+0000] {processor.py:842} WARNING - No viable dags retrieved from /opt/airflow/dags/config.py
[2024-03-29T01:42:53.522+0000] {processor.py:183} INFO - Processing /opt/airflow/dags/config.py took 1.167 seconds
[2024-03-29T01:43:24.311+0000] {processor.py:161} INFO - Started process (PID=539) to work on /opt/airflow/dags/config.py
[2024-03-29T01:43:24.316+0000] {processor.py:830} INFO - Processing file /opt/airflow/dags/config.py for tasks to queue
[2024-03-29T01:43:24.323+0000] {logging_mixin.py:188} INFO - [2024-03-29T01:43:24.322+0000] {dagbag.py:540} INFO - Filling up the DagBag from /opt/airflow/dags/config.py
[2024-03-29T01:43:24.348+0000] {processor.py:842} WARNING - No viable dags retrieved from /opt/airflow/dags/config.py
[2024-03-29T01:43:24.391+0000] {processor.py:183} INFO - Processing /opt/airflow/dags/config.py took 0.085 seconds
[2024-03-29T01:43:55.227+0000] {processor.py:161} INFO - Started process (PID=554) to work on /opt/airflow/dags/config.py
[2024-03-29T01:43:55.234+0000] {processor.py:830} INFO - Processing file /opt/airflow/dags/config.py for tasks to queue
[2024-03-29T01:43:55.267+0000] {logging_mixin.py:188} INFO - [2024-03-29T01:43:55.252+0000] {dagbag.py:540} INFO - Filling up the DagBag from /opt/airflow/dags/config.py
[2024-03-29T01:43:55.315+0000] {processor.py:842} WARNING - No viable dags retrieved from /opt/airflow/dags/config.py
[2024-03-29T01:43:55.377+0000] {processor.py:183} INFO - Processing /opt/airflow/dags/config.py took 0.158 seconds
[2024-03-29T01:44:26.190+0000] {processor.py:161} INFO - Started process (PID=569) to work on /opt/airflow/dags/config.py
[2024-03-29T01:44:26.197+0000] {processor.py:830} INFO - Processing file /opt/airflow/dags/config.py for tasks to queue
[2024-03-29T01:44:26.204+0000] {logging_mixin.py:188} INFO - [2024-03-29T01:44:26.203+0000] {dagbag.py:540} INFO - Filling up the DagBag from /opt/airflow/dags/config.py
[2024-03-29T01:44:26.332+0000] {processor.py:842} WARNING - No viable dags retrieved from /opt/airflow/dags/config.py
[2024-03-29T01:44:26.389+0000] {processor.py:183} INFO - Processing /opt/airflow/dags/config.py took 0.209 seconds
[2024-03-29T01:44:56.546+0000] {processor.py:161} INFO - Started process (PID=584) to work on /opt/airflow/dags/config.py
[2024-03-29T01:44:56.556+0000] {processor.py:830} INFO - Processing file /opt/airflow/dags/config.py for tasks to queue
[2024-03-29T01:44:56.562+0000] {logging_mixin.py:188} INFO - [2024-03-29T01:44:56.561+0000] {dagbag.py:540} INFO - Filling up the DagBag from /opt/airflow/dags/config.py
[2024-03-29T01:44:56.589+0000] {processor.py:842} WARNING - No viable dags retrieved from /opt/airflow/dags/config.py
[2024-03-29T01:44:56.719+0000] {processor.py:183} INFO - Processing /opt/airflow/dags/config.py took 0.179 seconds
[2024-03-29T01:45:27.247+0000] {processor.py:161} INFO - Started process (PID=599) to work on /opt/airflow/dags/config.py
[2024-03-29T01:45:27.255+0000] {processor.py:830} INFO - Processing file /opt/airflow/dags/config.py for tasks to queue
[2024-03-29T01:45:27.261+0000] {logging_mixin.py:188} INFO - [2024-03-29T01:45:27.261+0000] {dagbag.py:540} INFO - Filling up the DagBag from /opt/airflow/dags/config.py
[2024-03-29T01:45:27.303+0000] {processor.py:842} WARNING - No viable dags retrieved from /opt/airflow/dags/config.py
[2024-03-29T01:45:27.368+0000] {processor.py:183} INFO - Processing /opt/airflow/dags/config.py took 0.127 seconds
[2024-03-29T01:45:58.162+0000] {processor.py:161} INFO - Started process (PID=614) to work on /opt/airflow/dags/config.py
[2024-03-29T01:45:58.170+0000] {processor.py:830} INFO - Processing file /opt/airflow/dags/config.py for tasks to queue
[2024-03-29T01:45:58.177+0000] {logging_mixin.py:188} INFO - [2024-03-29T01:45:58.175+0000] {dagbag.py:540} INFO - Filling up the DagBag from /opt/airflow/dags/config.py
[2024-03-29T01:45:58.208+0000] {processor.py:842} WARNING - No viable dags retrieved from /opt/airflow/dags/config.py
[2024-03-29T01:45:58.255+0000] {processor.py:183} INFO - Processing /opt/airflow/dags/config.py took 0.100 seconds
[2024-03-29T01:46:28.936+0000] {processor.py:161} INFO - Started process (PID=629) to work on /opt/airflow/dags/config.py
[2024-03-29T01:46:28.944+0000] {processor.py:830} INFO - Processing file /opt/airflow/dags/config.py for tasks to queue
[2024-03-29T01:46:28.949+0000] {logging_mixin.py:188} INFO - [2024-03-29T01:46:28.949+0000] {dagbag.py:540} INFO - Filling up the DagBag from /opt/airflow/dags/config.py
[2024-03-29T01:46:28.987+0000] {processor.py:842} WARNING - No viable dags retrieved from /opt/airflow/dags/config.py
[2024-03-29T01:46:29.027+0000] {processor.py:183} INFO - Processing /opt/airflow/dags/config.py took 0.097 seconds
[2024-03-29T01:46:59.646+0000] {processor.py:161} INFO - Started process (PID=644) to work on /opt/airflow/dags/config.py
[2024-03-29T01:46:59.659+0000] {processor.py:830} INFO - Processing file /opt/airflow/dags/config.py for tasks to queue
[2024-03-29T01:46:59.669+0000] {logging_mixin.py:188} INFO - [2024-03-29T01:46:59.668+0000] {dagbag.py:540} INFO - Filling up the DagBag from /opt/airflow/dags/config.py
[2024-03-29T01:46:59.699+0000] {processor.py:842} WARNING - No viable dags retrieved from /opt/airflow/dags/config.py
[2024-03-29T01:46:59.747+0000] {processor.py:183} INFO - Processing /opt/airflow/dags/config.py took 0.106 seconds
[2024-03-29T01:47:30.025+0000] {processor.py:161} INFO - Started process (PID=659) to work on /opt/airflow/dags/config.py
[2024-03-29T01:47:30.036+0000] {processor.py:830} INFO - Processing file /opt/airflow/dags/config.py for tasks to queue
[2024-03-29T01:47:30.043+0000] {logging_mixin.py:188} INFO - [2024-03-29T01:47:30.042+0000] {dagbag.py:540} INFO - Filling up the DagBag from /opt/airflow/dags/config.py
[2024-03-29T01:47:30.093+0000] {processor.py:842} WARNING - No viable dags retrieved from /opt/airflow/dags/config.py
[2024-03-29T01:47:30.392+0000] {processor.py:183} INFO - Processing /opt/airflow/dags/config.py took 0.399 seconds
[2024-03-29T01:48:01.058+0000] {processor.py:161} INFO - Started process (PID=674) to work on /opt/airflow/dags/config.py
[2024-03-29T01:48:01.066+0000] {processor.py:830} INFO - Processing file /opt/airflow/dags/config.py for tasks to queue
[2024-03-29T01:48:01.073+0000] {logging_mixin.py:188} INFO - [2024-03-29T01:48:01.072+0000] {dagbag.py:540} INFO - Filling up the DagBag from /opt/airflow/dags/config.py
[2024-03-29T01:48:01.099+0000] {processor.py:842} WARNING - No viable dags retrieved from /opt/airflow/dags/config.py
[2024-03-29T01:48:01.138+0000] {processor.py:183} INFO - Processing /opt/airflow/dags/config.py took 0.085 seconds
[2024-03-29T01:48:31.789+0000] {processor.py:161} INFO - Started process (PID=689) to work on /opt/airflow/dags/config.py
[2024-03-29T01:48:31.796+0000] {processor.py:830} INFO - Processing file /opt/airflow/dags/config.py for tasks to queue
[2024-03-29T01:48:31.802+0000] {logging_mixin.py:188} INFO - [2024-03-29T01:48:31.801+0000] {dagbag.py:540} INFO - Filling up the DagBag from /opt/airflow/dags/config.py
[2024-03-29T01:48:31.830+0000] {processor.py:842} WARNING - No viable dags retrieved from /opt/airflow/dags/config.py
[2024-03-29T01:48:31.871+0000] {processor.py:183} INFO - Processing /opt/airflow/dags/config.py took 0.087 seconds
[2024-03-29T01:49:02.238+0000] {processor.py:161} INFO - Started process (PID=704) to work on /opt/airflow/dags/config.py
[2024-03-29T01:49:02.246+0000] {processor.py:830} INFO - Processing file /opt/airflow/dags/config.py for tasks to queue
[2024-03-29T01:49:02.252+0000] {logging_mixin.py:188} INFO - [2024-03-29T01:49:02.251+0000] {dagbag.py:540} INFO - Filling up the DagBag from /opt/airflow/dags/config.py
[2024-03-29T01:49:02.278+0000] {processor.py:842} WARNING - No viable dags retrieved from /opt/airflow/dags/config.py
[2024-03-29T01:49:02.321+0000] {processor.py:183} INFO - Processing /opt/airflow/dags/config.py took 0.089 seconds
[2024-03-29T01:49:32.826+0000] {processor.py:161} INFO - Started process (PID=719) to work on /opt/airflow/dags/config.py
[2024-03-29T01:49:32.833+0000] {processor.py:830} INFO - Processing file /opt/airflow/dags/config.py for tasks to queue
[2024-03-29T01:49:32.842+0000] {logging_mixin.py:188} INFO - [2024-03-29T01:49:32.840+0000] {dagbag.py:540} INFO - Filling up the DagBag from /opt/airflow/dags/config.py
[2024-03-29T01:49:32.869+0000] {processor.py:842} WARNING - No viable dags retrieved from /opt/airflow/dags/config.py
[2024-03-29T01:49:32.910+0000] {processor.py:183} INFO - Processing /opt/airflow/dags/config.py took 0.092 seconds
[2024-03-29T01:50:03.445+0000] {processor.py:161} INFO - Started process (PID=734) to work on /opt/airflow/dags/config.py
[2024-03-29T01:50:03.454+0000] {processor.py:830} INFO - Processing file /opt/airflow/dags/config.py for tasks to queue
[2024-03-29T01:50:03.460+0000] {logging_mixin.py:188} INFO - [2024-03-29T01:50:03.458+0000] {dagbag.py:540} INFO - Filling up the DagBag from /opt/airflow/dags/config.py
[2024-03-29T01:50:03.494+0000] {processor.py:842} WARNING - No viable dags retrieved from /opt/airflow/dags/config.py
[2024-03-29T01:50:03.545+0000] {processor.py:183} INFO - Processing /opt/airflow/dags/config.py took 0.106 seconds
[2024-03-29T01:50:34.075+0000] {processor.py:161} INFO - Started process (PID=749) to work on /opt/airflow/dags/config.py
[2024-03-29T01:50:34.082+0000] {processor.py:830} INFO - Processing file /opt/airflow/dags/config.py for tasks to queue
[2024-03-29T01:50:34.088+0000] {logging_mixin.py:188} INFO - [2024-03-29T01:50:34.088+0000] {dagbag.py:540} INFO - Filling up the DagBag from /opt/airflow/dags/config.py
[2024-03-29T01:50:34.112+0000] {processor.py:842} WARNING - No viable dags retrieved from /opt/airflow/dags/config.py
[2024-03-29T01:50:34.153+0000] {processor.py:183} INFO - Processing /opt/airflow/dags/config.py took 0.084 seconds
[2024-03-29T01:51:04.496+0000] {processor.py:161} INFO - Started process (PID=764) to work on /opt/airflow/dags/config.py
[2024-03-29T01:51:04.504+0000] {processor.py:830} INFO - Processing file /opt/airflow/dags/config.py for tasks to queue
[2024-03-29T01:51:04.509+0000] {logging_mixin.py:188} INFO - [2024-03-29T01:51:04.508+0000] {dagbag.py:540} INFO - Filling up the DagBag from /opt/airflow/dags/config.py
[2024-03-29T01:51:04.536+0000] {processor.py:842} WARNING - No viable dags retrieved from /opt/airflow/dags/config.py
[2024-03-29T01:51:04.575+0000] {processor.py:183} INFO - Processing /opt/airflow/dags/config.py took 0.086 seconds
[2024-03-29T01:51:35.202+0000] {processor.py:161} INFO - Started process (PID=779) to work on /opt/airflow/dags/config.py
[2024-03-29T01:51:35.212+0000] {processor.py:830} INFO - Processing file /opt/airflow/dags/config.py for tasks to queue
[2024-03-29T01:51:35.221+0000] {logging_mixin.py:188} INFO - [2024-03-29T01:51:35.221+0000] {dagbag.py:540} INFO - Filling up the DagBag from /opt/airflow/dags/config.py
[2024-03-29T01:51:35.254+0000] {processor.py:842} WARNING - No viable dags retrieved from /opt/airflow/dags/config.py
[2024-03-29T01:51:35.292+0000] {processor.py:183} INFO - Processing /opt/airflow/dags/config.py took 0.098 seconds
[2024-03-29T01:52:05.878+0000] {processor.py:161} INFO - Started process (PID=794) to work on /opt/airflow/dags/config.py
[2024-03-29T01:52:05.885+0000] {processor.py:830} INFO - Processing file /opt/airflow/dags/config.py for tasks to queue
[2024-03-29T01:52:05.893+0000] {logging_mixin.py:188} INFO - [2024-03-29T01:52:05.891+0000] {dagbag.py:540} INFO - Filling up the DagBag from /opt/airflow/dags/config.py
[2024-03-29T01:52:05.918+0000] {processor.py:842} WARNING - No viable dags retrieved from /opt/airflow/dags/config.py
[2024-03-29T01:52:05.958+0000] {processor.py:183} INFO - Processing /opt/airflow/dags/config.py took 0.086 seconds
[2024-03-29T01:52:36.499+0000] {processor.py:161} INFO - Started process (PID=809) to work on /opt/airflow/dags/config.py
[2024-03-29T01:52:36.537+0000] {processor.py:830} INFO - Processing file /opt/airflow/dags/config.py for tasks to queue
[2024-03-29T01:52:36.546+0000] {logging_mixin.py:188} INFO - [2024-03-29T01:52:36.545+0000] {dagbag.py:540} INFO - Filling up the DagBag from /opt/airflow/dags/config.py
[2024-03-29T01:52:36.595+0000] {processor.py:842} WARNING - No viable dags retrieved from /opt/airflow/dags/config.py
[2024-03-29T01:52:36.654+0000] {processor.py:183} INFO - Processing /opt/airflow/dags/config.py took 0.164 seconds
[2024-03-29T01:53:08.901+0000] {processor.py:161} INFO - Started process (PID=824) to work on /opt/airflow/dags/config.py
[2024-03-29T01:53:09.101+0000] {processor.py:830} INFO - Processing file /opt/airflow/dags/config.py for tasks to queue
[2024-03-29T01:53:09.301+0000] {logging_mixin.py:188} INFO - [2024-03-29T01:53:09.300+0000] {dagbag.py:540} INFO - Filling up the DagBag from /opt/airflow/dags/config.py
[2024-03-29T01:53:09.898+0000] {processor.py:842} WARNING - No viable dags retrieved from /opt/airflow/dags/config.py
[2024-03-29T01:53:10.509+0000] {processor.py:183} INFO - Processing /opt/airflow/dags/config.py took 1.623 seconds
[2024-03-29T01:53:40.981+0000] {processor.py:161} INFO - Started process (PID=839) to work on /opt/airflow/dags/config.py
[2024-03-29T01:53:40.989+0000] {processor.py:830} INFO - Processing file /opt/airflow/dags/config.py for tasks to queue
[2024-03-29T01:53:40.996+0000] {logging_mixin.py:188} INFO - [2024-03-29T01:53:40.994+0000] {dagbag.py:540} INFO - Filling up the DagBag from /opt/airflow/dags/config.py
[2024-03-29T01:53:41.021+0000] {processor.py:842} WARNING - No viable dags retrieved from /opt/airflow/dags/config.py
[2024-03-29T01:53:41.063+0000] {processor.py:183} INFO - Processing /opt/airflow/dags/config.py took 0.090 seconds
[2024-03-29T01:54:11.779+0000] {processor.py:161} INFO - Started process (PID=854) to work on /opt/airflow/dags/config.py
[2024-03-29T01:54:11.789+0000] {processor.py:830} INFO - Processing file /opt/airflow/dags/config.py for tasks to queue
[2024-03-29T01:54:11.796+0000] {logging_mixin.py:188} INFO - [2024-03-29T01:54:11.795+0000] {dagbag.py:540} INFO - Filling up the DagBag from /opt/airflow/dags/config.py
[2024-03-29T01:54:11.823+0000] {processor.py:842} WARNING - No viable dags retrieved from /opt/airflow/dags/config.py
[2024-03-29T01:54:11.867+0000] {processor.py:183} INFO - Processing /opt/airflow/dags/config.py took 0.094 seconds
[2024-03-29T01:54:43.081+0000] {processor.py:161} INFO - Started process (PID=869) to work on /opt/airflow/dags/config.py
[2024-03-29T01:54:43.088+0000] {processor.py:830} INFO - Processing file /opt/airflow/dags/config.py for tasks to queue
[2024-03-29T01:54:43.095+0000] {logging_mixin.py:188} INFO - [2024-03-29T01:54:43.094+0000] {dagbag.py:540} INFO - Filling up the DagBag from /opt/airflow/dags/config.py
[2024-03-29T01:54:43.121+0000] {processor.py:842} WARNING - No viable dags retrieved from /opt/airflow/dags/config.py
[2024-03-29T01:54:43.213+0000] {processor.py:183} INFO - Processing /opt/airflow/dags/config.py took 0.137 seconds
[2024-03-29T01:55:13.974+0000] {processor.py:161} INFO - Started process (PID=884) to work on /opt/airflow/dags/config.py
[2024-03-29T01:55:13.985+0000] {processor.py:830} INFO - Processing file /opt/airflow/dags/config.py for tasks to queue
[2024-03-29T01:55:13.992+0000] {logging_mixin.py:188} INFO - [2024-03-29T01:55:13.991+0000] {dagbag.py:540} INFO - Filling up the DagBag from /opt/airflow/dags/config.py
[2024-03-29T01:55:14.021+0000] {processor.py:842} WARNING - No viable dags retrieved from /opt/airflow/dags/config.py
[2024-03-29T01:55:14.065+0000] {processor.py:183} INFO - Processing /opt/airflow/dags/config.py took 0.097 seconds
[2024-03-29T01:55:44.336+0000] {processor.py:161} INFO - Started process (PID=899) to work on /opt/airflow/dags/config.py
[2024-03-29T01:55:44.343+0000] {processor.py:830} INFO - Processing file /opt/airflow/dags/config.py for tasks to queue
[2024-03-29T01:55:44.350+0000] {logging_mixin.py:188} INFO - [2024-03-29T01:55:44.349+0000] {dagbag.py:540} INFO - Filling up the DagBag from /opt/airflow/dags/config.py
[2024-03-29T01:55:44.378+0000] {processor.py:842} WARNING - No viable dags retrieved from /opt/airflow/dags/config.py
[2024-03-29T01:55:44.421+0000] {processor.py:183} INFO - Processing /opt/airflow/dags/config.py took 0.092 seconds
[2024-03-29T02:05:22.586+0000] {processor.py:161} INFO - Started process (PID=164) to work on /opt/airflow/dags/config.py
[2024-03-29T02:05:22.599+0000] {processor.py:830} INFO - Processing file /opt/airflow/dags/config.py for tasks to queue
[2024-03-29T02:05:22.606+0000] {logging_mixin.py:188} INFO - [2024-03-29T02:05:22.605+0000] {dagbag.py:540} INFO - Filling up the DagBag from /opt/airflow/dags/config.py
[2024-03-29T02:05:22.645+0000] {processor.py:842} WARNING - No viable dags retrieved from /opt/airflow/dags/config.py
[2024-03-29T02:05:22.722+0000] {processor.py:183} INFO - Processing /opt/airflow/dags/config.py took 0.146 seconds
[2024-03-29T02:05:53.190+0000] {processor.py:161} INFO - Started process (PID=179) to work on /opt/airflow/dags/config.py
[2024-03-29T02:05:53.207+0000] {processor.py:830} INFO - Processing file /opt/airflow/dags/config.py for tasks to queue
[2024-03-29T02:05:53.217+0000] {logging_mixin.py:188} INFO - [2024-03-29T02:05:53.214+0000] {dagbag.py:540} INFO - Filling up the DagBag from /opt/airflow/dags/config.py
[2024-03-29T02:05:53.251+0000] {processor.py:842} WARNING - No viable dags retrieved from /opt/airflow/dags/config.py
[2024-03-29T02:05:53.351+0000] {processor.py:183} INFO - Processing /opt/airflow/dags/config.py took 0.172 seconds
[2024-03-29T02:06:24.036+0000] {processor.py:161} INFO - Started process (PID=194) to work on /opt/airflow/dags/config.py
[2024-03-29T02:06:24.051+0000] {processor.py:830} INFO - Processing file /opt/airflow/dags/config.py for tasks to queue
[2024-03-29T02:06:24.070+0000] {logging_mixin.py:188} INFO - [2024-03-29T02:06:24.068+0000] {dagbag.py:540} INFO - Filling up the DagBag from /opt/airflow/dags/config.py
[2024-03-29T02:06:24.128+0000] {processor.py:842} WARNING - No viable dags retrieved from /opt/airflow/dags/config.py
[2024-03-29T02:06:24.236+0000] {processor.py:183} INFO - Processing /opt/airflow/dags/config.py took 0.238 seconds
[2024-03-29T02:14:14.039+0000] {processor.py:161} INFO - Started process (PID=165) to work on /opt/airflow/dags/config.py
[2024-03-29T02:14:14.046+0000] {processor.py:830} INFO - Processing file /opt/airflow/dags/config.py for tasks to queue
[2024-03-29T02:14:14.055+0000] {logging_mixin.py:188} INFO - [2024-03-29T02:14:14.054+0000] {dagbag.py:540} INFO - Filling up the DagBag from /opt/airflow/dags/config.py
[2024-03-29T02:14:14.085+0000] {processor.py:842} WARNING - No viable dags retrieved from /opt/airflow/dags/config.py
[2024-03-29T02:14:14.266+0000] {processor.py:183} INFO - Processing /opt/airflow/dags/config.py took 0.237 seconds
[2024-03-29T02:14:44.866+0000] {processor.py:161} INFO - Started process (PID=180) to work on /opt/airflow/dags/config.py
[2024-03-29T02:14:44.874+0000] {processor.py:830} INFO - Processing file /opt/airflow/dags/config.py for tasks to queue
[2024-03-29T02:14:44.882+0000] {logging_mixin.py:188} INFO - [2024-03-29T02:14:44.880+0000] {dagbag.py:540} INFO - Filling up the DagBag from /opt/airflow/dags/config.py
[2024-03-29T02:14:44.914+0000] {processor.py:842} WARNING - No viable dags retrieved from /opt/airflow/dags/config.py
[2024-03-29T02:14:45.018+0000] {processor.py:183} INFO - Processing /opt/airflow/dags/config.py took 0.176 seconds
[2024-03-29T02:15:15.450+0000] {processor.py:161} INFO - Started process (PID=195) to work on /opt/airflow/dags/config.py
[2024-03-29T02:15:15.457+0000] {processor.py:830} INFO - Processing file /opt/airflow/dags/config.py for tasks to queue
[2024-03-29T02:15:15.464+0000] {logging_mixin.py:188} INFO - [2024-03-29T02:15:15.463+0000] {dagbag.py:540} INFO - Filling up the DagBag from /opt/airflow/dags/config.py
[2024-03-29T02:15:15.496+0000] {processor.py:842} WARNING - No viable dags retrieved from /opt/airflow/dags/config.py
[2024-03-29T02:15:15.567+0000] {processor.py:183} INFO - Processing /opt/airflow/dags/config.py took 0.127 seconds
[2024-03-29T02:15:45.959+0000] {processor.py:161} INFO - Started process (PID=210) to work on /opt/airflow/dags/config.py
[2024-03-29T02:15:45.964+0000] {processor.py:830} INFO - Processing file /opt/airflow/dags/config.py for tasks to queue
[2024-03-29T02:15:45.969+0000] {logging_mixin.py:188} INFO - [2024-03-29T02:15:45.968+0000] {dagbag.py:540} INFO - Filling up the DagBag from /opt/airflow/dags/config.py
[2024-03-29T02:15:45.990+0000] {processor.py:842} WARNING - No viable dags retrieved from /opt/airflow/dags/config.py
[2024-03-29T02:15:46.036+0000] {processor.py:183} INFO - Processing /opt/airflow/dags/config.py took 0.089 seconds
[2024-03-29T02:16:16.511+0000] {processor.py:161} INFO - Started process (PID=225) to work on /opt/airflow/dags/config.py
[2024-03-29T02:16:16.517+0000] {processor.py:830} INFO - Processing file /opt/airflow/dags/config.py for tasks to queue
[2024-03-29T02:16:16.527+0000] {logging_mixin.py:188} INFO - [2024-03-29T02:16:16.522+0000] {dagbag.py:540} INFO - Filling up the DagBag from /opt/airflow/dags/config.py
[2024-03-29T02:16:16.548+0000] {processor.py:842} WARNING - No viable dags retrieved from /opt/airflow/dags/config.py
[2024-03-29T02:16:16.620+0000] {processor.py:183} INFO - Processing /opt/airflow/dags/config.py took 0.121 seconds
[2024-03-29T02:16:47.039+0000] {processor.py:161} INFO - Started process (PID=240) to work on /opt/airflow/dags/config.py
[2024-03-29T02:16:47.047+0000] {processor.py:830} INFO - Processing file /opt/airflow/dags/config.py for tasks to queue
[2024-03-29T02:16:47.053+0000] {logging_mixin.py:188} INFO - [2024-03-29T02:16:47.052+0000] {dagbag.py:540} INFO - Filling up the DagBag from /opt/airflow/dags/config.py
[2024-03-29T02:16:47.073+0000] {processor.py:842} WARNING - No viable dags retrieved from /opt/airflow/dags/config.py
[2024-03-29T02:16:47.127+0000] {processor.py:183} INFO - Processing /opt/airflow/dags/config.py took 0.104 seconds
[2024-03-29T02:17:17.625+0000] {processor.py:161} INFO - Started process (PID=255) to work on /opt/airflow/dags/config.py
[2024-03-29T02:17:17.634+0000] {processor.py:830} INFO - Processing file /opt/airflow/dags/config.py for tasks to queue
[2024-03-29T02:17:17.647+0000] {logging_mixin.py:188} INFO - [2024-03-29T02:17:17.646+0000] {dagbag.py:540} INFO - Filling up the DagBag from /opt/airflow/dags/config.py
[2024-03-29T02:17:17.678+0000] {processor.py:842} WARNING - No viable dags retrieved from /opt/airflow/dags/config.py
[2024-03-29T02:17:17.748+0000] {processor.py:183} INFO - Processing /opt/airflow/dags/config.py took 0.140 seconds
[2024-03-29T02:17:47.979+0000] {processor.py:161} INFO - Started process (PID=270) to work on /opt/airflow/dags/config.py
[2024-03-29T02:17:47.983+0000] {processor.py:830} INFO - Processing file /opt/airflow/dags/config.py for tasks to queue
[2024-03-29T02:17:47.988+0000] {logging_mixin.py:188} INFO - [2024-03-29T02:17:47.987+0000] {dagbag.py:540} INFO - Filling up the DagBag from /opt/airflow/dags/config.py
[2024-03-29T02:17:48.014+0000] {processor.py:842} WARNING - No viable dags retrieved from /opt/airflow/dags/config.py
[2024-03-29T02:17:48.066+0000] {processor.py:183} INFO - Processing /opt/airflow/dags/config.py took 0.097 seconds
[2024-03-29T02:18:18.470+0000] {processor.py:161} INFO - Started process (PID=348) to work on /opt/airflow/dags/config.py
[2024-03-29T02:18:18.478+0000] {processor.py:830} INFO - Processing file /opt/airflow/dags/config.py for tasks to queue
[2024-03-29T02:18:18.483+0000] {logging_mixin.py:188} INFO - [2024-03-29T02:18:18.482+0000] {dagbag.py:540} INFO - Filling up the DagBag from /opt/airflow/dags/config.py
[2024-03-29T02:18:18.531+0000] {processor.py:842} WARNING - No viable dags retrieved from /opt/airflow/dags/config.py
[2024-03-29T02:18:18.658+0000] {processor.py:183} INFO - Processing /opt/airflow/dags/config.py took 0.201 seconds
[2024-03-29T02:18:49.579+0000] {processor.py:161} INFO - Started process (PID=376) to work on /opt/airflow/dags/config.py
[2024-03-29T02:18:49.589+0000] {processor.py:830} INFO - Processing file /opt/airflow/dags/config.py for tasks to queue
[2024-03-29T02:18:49.593+0000] {logging_mixin.py:188} INFO - [2024-03-29T02:18:49.593+0000] {dagbag.py:540} INFO - Filling up the DagBag from /opt/airflow/dags/config.py
[2024-03-29T02:18:49.610+0000] {processor.py:842} WARNING - No viable dags retrieved from /opt/airflow/dags/config.py
[2024-03-29T02:18:49.640+0000] {processor.py:183} INFO - Processing /opt/airflow/dags/config.py took 0.067 seconds
[2024-03-29T02:19:20.358+0000] {processor.py:161} INFO - Started process (PID=391) to work on /opt/airflow/dags/config.py
[2024-03-29T02:19:20.363+0000] {processor.py:830} INFO - Processing file /opt/airflow/dags/config.py for tasks to queue
[2024-03-29T02:19:20.368+0000] {logging_mixin.py:188} INFO - [2024-03-29T02:19:20.367+0000] {dagbag.py:540} INFO - Filling up the DagBag from /opt/airflow/dags/config.py
[2024-03-29T02:19:20.385+0000] {processor.py:842} WARNING - No viable dags retrieved from /opt/airflow/dags/config.py
[2024-03-29T02:19:20.420+0000] {processor.py:183} INFO - Processing /opt/airflow/dags/config.py took 0.067 seconds
[2024-03-29T02:19:50.947+0000] {processor.py:161} INFO - Started process (PID=406) to work on /opt/airflow/dags/config.py
[2024-03-29T02:19:50.953+0000] {processor.py:830} INFO - Processing file /opt/airflow/dags/config.py for tasks to queue
[2024-03-29T02:19:50.958+0000] {logging_mixin.py:188} INFO - [2024-03-29T02:19:50.957+0000] {dagbag.py:540} INFO - Filling up the DagBag from /opt/airflow/dags/config.py
[2024-03-29T02:19:50.975+0000] {processor.py:842} WARNING - No viable dags retrieved from /opt/airflow/dags/config.py
[2024-03-29T02:19:51.013+0000] {processor.py:183} INFO - Processing /opt/airflow/dags/config.py took 0.071 seconds
[2024-03-29T02:20:21.547+0000] {processor.py:161} INFO - Started process (PID=421) to work on /opt/airflow/dags/config.py
[2024-03-29T02:20:21.553+0000] {processor.py:830} INFO - Processing file /opt/airflow/dags/config.py for tasks to queue
[2024-03-29T02:20:21.558+0000] {logging_mixin.py:188} INFO - [2024-03-29T02:20:21.557+0000] {dagbag.py:540} INFO - Filling up the DagBag from /opt/airflow/dags/config.py
[2024-03-29T02:20:21.575+0000] {processor.py:842} WARNING - No viable dags retrieved from /opt/airflow/dags/config.py
[2024-03-29T02:20:21.606+0000] {processor.py:183} INFO - Processing /opt/airflow/dags/config.py took 0.064 seconds
[2024-03-29T02:20:52.158+0000] {processor.py:161} INFO - Started process (PID=436) to work on /opt/airflow/dags/config.py
[2024-03-29T02:20:52.163+0000] {processor.py:830} INFO - Processing file /opt/airflow/dags/config.py for tasks to queue
[2024-03-29T02:20:52.168+0000] {logging_mixin.py:188} INFO - [2024-03-29T02:20:52.168+0000] {dagbag.py:540} INFO - Filling up the DagBag from /opt/airflow/dags/config.py
[2024-03-29T02:20:52.186+0000] {processor.py:842} WARNING - No viable dags retrieved from /opt/airflow/dags/config.py
[2024-03-29T02:20:52.218+0000] {processor.py:183} INFO - Processing /opt/airflow/dags/config.py took 0.067 seconds
[2024-03-29T02:21:22.803+0000] {processor.py:161} INFO - Started process (PID=451) to work on /opt/airflow/dags/config.py
[2024-03-29T02:21:22.816+0000] {processor.py:830} INFO - Processing file /opt/airflow/dags/config.py for tasks to queue
[2024-03-29T02:21:22.832+0000] {logging_mixin.py:188} INFO - [2024-03-29T02:21:22.832+0000] {dagbag.py:540} INFO - Filling up the DagBag from /opt/airflow/dags/config.py
[2024-03-29T02:21:22.920+0000] {processor.py:842} WARNING - No viable dags retrieved from /opt/airflow/dags/config.py
[2024-03-29T02:21:23.036+0000] {processor.py:183} INFO - Processing /opt/airflow/dags/config.py took 0.240 seconds
[2024-03-29T02:21:53.667+0000] {processor.py:161} INFO - Started process (PID=466) to work on /opt/airflow/dags/config.py
[2024-03-29T02:21:53.671+0000] {processor.py:830} INFO - Processing file /opt/airflow/dags/config.py for tasks to queue
[2024-03-29T02:21:53.676+0000] {logging_mixin.py:188} INFO - [2024-03-29T02:21:53.675+0000] {dagbag.py:540} INFO - Filling up the DagBag from /opt/airflow/dags/config.py
[2024-03-29T02:21:53.696+0000] {processor.py:842} WARNING - No viable dags retrieved from /opt/airflow/dags/config.py
[2024-03-29T02:21:53.725+0000] {processor.py:183} INFO - Processing /opt/airflow/dags/config.py took 0.064 seconds
[2024-03-29T02:22:24.331+0000] {processor.py:161} INFO - Started process (PID=481) to work on /opt/airflow/dags/config.py
[2024-03-29T02:22:24.339+0000] {processor.py:830} INFO - Processing file /opt/airflow/dags/config.py for tasks to queue
[2024-03-29T02:22:24.345+0000] {logging_mixin.py:188} INFO - [2024-03-29T02:22:24.344+0000] {dagbag.py:540} INFO - Filling up the DagBag from /opt/airflow/dags/config.py
[2024-03-29T02:22:24.368+0000] {processor.py:842} WARNING - No viable dags retrieved from /opt/airflow/dags/config.py
[2024-03-29T02:22:24.463+0000] {processor.py:183} INFO - Processing /opt/airflow/dags/config.py took 0.154 seconds
[2024-03-29T02:22:54.554+0000] {processor.py:161} INFO - Started process (PID=496) to work on /opt/airflow/dags/config.py
[2024-03-29T02:22:54.561+0000] {processor.py:830} INFO - Processing file /opt/airflow/dags/config.py for tasks to queue
[2024-03-29T02:22:54.567+0000] {logging_mixin.py:188} INFO - [2024-03-29T02:22:54.566+0000] {dagbag.py:540} INFO - Filling up the DagBag from /opt/airflow/dags/config.py
[2024-03-29T02:22:54.600+0000] {processor.py:842} WARNING - No viable dags retrieved from /opt/airflow/dags/config.py
[2024-03-29T02:22:54.656+0000] {processor.py:183} INFO - Processing /opt/airflow/dags/config.py took 0.113 seconds
[2024-03-29T02:23:25.384+0000] {processor.py:161} INFO - Started process (PID=511) to work on /opt/airflow/dags/config.py
[2024-03-29T02:23:25.392+0000] {processor.py:830} INFO - Processing file /opt/airflow/dags/config.py for tasks to queue
[2024-03-29T02:23:25.397+0000] {logging_mixin.py:188} INFO - [2024-03-29T02:23:25.396+0000] {dagbag.py:540} INFO - Filling up the DagBag from /opt/airflow/dags/config.py
[2024-03-29T02:23:25.416+0000] {processor.py:842} WARNING - No viable dags retrieved from /opt/airflow/dags/config.py
[2024-03-29T02:23:25.446+0000] {processor.py:183} INFO - Processing /opt/airflow/dags/config.py took 0.067 seconds
[2024-03-29T02:23:56.330+0000] {processor.py:161} INFO - Started process (PID=526) to work on /opt/airflow/dags/config.py
[2024-03-29T02:23:56.350+0000] {processor.py:830} INFO - Processing file /opt/airflow/dags/config.py for tasks to queue
[2024-03-29T02:23:56.374+0000] {logging_mixin.py:188} INFO - [2024-03-29T02:23:56.374+0000] {dagbag.py:540} INFO - Filling up the DagBag from /opt/airflow/dags/config.py
[2024-03-29T02:23:56.428+0000] {processor.py:842} WARNING - No viable dags retrieved from /opt/airflow/dags/config.py
[2024-03-29T02:23:56.504+0000] {processor.py:183} INFO - Processing /opt/airflow/dags/config.py took 0.184 seconds
[2024-03-29T02:24:26.777+0000] {processor.py:161} INFO - Started process (PID=541) to work on /opt/airflow/dags/config.py
[2024-03-29T02:24:26.783+0000] {processor.py:830} INFO - Processing file /opt/airflow/dags/config.py for tasks to queue
[2024-03-29T02:24:26.788+0000] {logging_mixin.py:188} INFO - [2024-03-29T02:24:26.787+0000] {dagbag.py:540} INFO - Filling up the DagBag from /opt/airflow/dags/config.py
[2024-03-29T02:24:26.804+0000] {processor.py:842} WARNING - No viable dags retrieved from /opt/airflow/dags/config.py
[2024-03-29T02:24:26.843+0000] {processor.py:183} INFO - Processing /opt/airflow/dags/config.py took 0.072 seconds
[2024-03-29T02:24:57.499+0000] {processor.py:161} INFO - Started process (PID=556) to work on /opt/airflow/dags/config.py
[2024-03-29T02:24:57.505+0000] {processor.py:830} INFO - Processing file /opt/airflow/dags/config.py for tasks to queue
[2024-03-29T02:24:57.510+0000] {logging_mixin.py:188} INFO - [2024-03-29T02:24:57.509+0000] {dagbag.py:540} INFO - Filling up the DagBag from /opt/airflow/dags/config.py
[2024-03-29T02:24:57.531+0000] {processor.py:842} WARNING - No viable dags retrieved from /opt/airflow/dags/config.py
[2024-03-29T02:24:57.566+0000] {processor.py:183} INFO - Processing /opt/airflow/dags/config.py took 0.074 seconds
[2024-03-29T02:25:28.206+0000] {processor.py:161} INFO - Started process (PID=571) to work on /opt/airflow/dags/config.py
[2024-03-29T02:25:28.210+0000] {processor.py:830} INFO - Processing file /opt/airflow/dags/config.py for tasks to queue
[2024-03-29T02:25:28.217+0000] {logging_mixin.py:188} INFO - [2024-03-29T02:25:28.216+0000] {dagbag.py:540} INFO - Filling up the DagBag from /opt/airflow/dags/config.py
[2024-03-29T02:25:28.238+0000] {processor.py:842} WARNING - No viable dags retrieved from /opt/airflow/dags/config.py
[2024-03-29T02:25:28.272+0000] {processor.py:183} INFO - Processing /opt/airflow/dags/config.py took 0.072 seconds
[2024-03-29T02:25:58.829+0000] {processor.py:161} INFO - Started process (PID=586) to work on /opt/airflow/dags/config.py
[2024-03-29T02:25:58.833+0000] {processor.py:830} INFO - Processing file /opt/airflow/dags/config.py for tasks to queue
[2024-03-29T02:25:58.838+0000] {logging_mixin.py:188} INFO - [2024-03-29T02:25:58.838+0000] {dagbag.py:540} INFO - Filling up the DagBag from /opt/airflow/dags/config.py
[2024-03-29T02:25:58.857+0000] {processor.py:842} WARNING - No viable dags retrieved from /opt/airflow/dags/config.py
[2024-03-29T02:25:58.898+0000] {processor.py:183} INFO - Processing /opt/airflow/dags/config.py took 0.074 seconds
[2024-03-29T02:26:29.526+0000] {processor.py:161} INFO - Started process (PID=601) to work on /opt/airflow/dags/config.py
[2024-03-29T02:26:29.532+0000] {processor.py:830} INFO - Processing file /opt/airflow/dags/config.py for tasks to queue
[2024-03-29T02:26:29.536+0000] {logging_mixin.py:188} INFO - [2024-03-29T02:26:29.536+0000] {dagbag.py:540} INFO - Filling up the DagBag from /opt/airflow/dags/config.py
[2024-03-29T02:26:29.553+0000] {processor.py:842} WARNING - No viable dags retrieved from /opt/airflow/dags/config.py
[2024-03-29T02:26:29.584+0000] {processor.py:183} INFO - Processing /opt/airflow/dags/config.py took 0.065 seconds
[2024-03-29T02:26:59.964+0000] {processor.py:161} INFO - Started process (PID=616) to work on /opt/airflow/dags/config.py
[2024-03-29T02:26:59.977+0000] {processor.py:830} INFO - Processing file /opt/airflow/dags/config.py for tasks to queue
[2024-03-29T02:26:59.987+0000] {logging_mixin.py:188} INFO - [2024-03-29T02:26:59.986+0000] {dagbag.py:540} INFO - Filling up the DagBag from /opt/airflow/dags/config.py
[2024-03-29T02:27:00.051+0000] {processor.py:842} WARNING - No viable dags retrieved from /opt/airflow/dags/config.py
[2024-03-29T02:27:00.092+0000] {processor.py:183} INFO - Processing /opt/airflow/dags/config.py took 0.144 seconds
[2024-03-29T02:27:30.972+0000] {processor.py:161} INFO - Started process (PID=631) to work on /opt/airflow/dags/config.py
[2024-03-29T02:27:30.976+0000] {processor.py:830} INFO - Processing file /opt/airflow/dags/config.py for tasks to queue
[2024-03-29T02:27:30.981+0000] {logging_mixin.py:188} INFO - [2024-03-29T02:27:30.981+0000] {dagbag.py:540} INFO - Filling up the DagBag from /opt/airflow/dags/config.py
[2024-03-29T02:27:31.000+0000] {processor.py:842} WARNING - No viable dags retrieved from /opt/airflow/dags/config.py
[2024-03-29T02:27:31.031+0000] {processor.py:183} INFO - Processing /opt/airflow/dags/config.py took 0.065 seconds
[2024-03-29T02:28:01.724+0000] {processor.py:161} INFO - Started process (PID=646) to work on /opt/airflow/dags/config.py
[2024-03-29T02:28:01.734+0000] {processor.py:830} INFO - Processing file /opt/airflow/dags/config.py for tasks to queue
[2024-03-29T02:28:01.743+0000] {logging_mixin.py:188} INFO - [2024-03-29T02:28:01.741+0000] {dagbag.py:540} INFO - Filling up the DagBag from /opt/airflow/dags/config.py
[2024-03-29T02:28:01.791+0000] {processor.py:842} WARNING - No viable dags retrieved from /opt/airflow/dags/config.py
[2024-03-29T02:28:01.842+0000] {processor.py:183} INFO - Processing /opt/airflow/dags/config.py took 0.128 seconds
[2024-03-29T02:28:32.294+0000] {processor.py:161} INFO - Started process (PID=661) to work on /opt/airflow/dags/config.py
[2024-03-29T02:28:32.299+0000] {processor.py:830} INFO - Processing file /opt/airflow/dags/config.py for tasks to queue
[2024-03-29T02:28:32.306+0000] {logging_mixin.py:188} INFO - [2024-03-29T02:28:32.306+0000] {dagbag.py:540} INFO - Filling up the DagBag from /opt/airflow/dags/config.py
[2024-03-29T02:28:32.324+0000] {processor.py:842} WARNING - No viable dags retrieved from /opt/airflow/dags/config.py
[2024-03-29T02:28:32.355+0000] {processor.py:183} INFO - Processing /opt/airflow/dags/config.py took 0.065 seconds
[2024-03-29T02:29:02.899+0000] {processor.py:161} INFO - Started process (PID=676) to work on /opt/airflow/dags/config.py
[2024-03-29T02:29:02.905+0000] {processor.py:830} INFO - Processing file /opt/airflow/dags/config.py for tasks to queue
[2024-03-29T02:29:02.910+0000] {logging_mixin.py:188} INFO - [2024-03-29T02:29:02.909+0000] {dagbag.py:540} INFO - Filling up the DagBag from /opt/airflow/dags/config.py
[2024-03-29T02:29:02.927+0000] {processor.py:842} WARNING - No viable dags retrieved from /opt/airflow/dags/config.py
[2024-03-29T02:29:02.960+0000] {processor.py:183} INFO - Processing /opt/airflow/dags/config.py took 0.067 seconds
[2024-03-29T02:29:33.846+0000] {processor.py:161} INFO - Started process (PID=691) to work on /opt/airflow/dags/config.py
[2024-03-29T02:29:33.851+0000] {processor.py:830} INFO - Processing file /opt/airflow/dags/config.py for tasks to queue
[2024-03-29T02:29:33.855+0000] {logging_mixin.py:188} INFO - [2024-03-29T02:29:33.854+0000] {dagbag.py:540} INFO - Filling up the DagBag from /opt/airflow/dags/config.py
[2024-03-29T02:29:33.873+0000] {processor.py:842} WARNING - No viable dags retrieved from /opt/airflow/dags/config.py
[2024-03-29T02:29:33.913+0000] {processor.py:183} INFO - Processing /opt/airflow/dags/config.py took 0.072 seconds
[2024-03-29T02:30:04.592+0000] {processor.py:161} INFO - Started process (PID=706) to work on /opt/airflow/dags/config.py
[2024-03-29T02:30:04.598+0000] {processor.py:830} INFO - Processing file /opt/airflow/dags/config.py for tasks to queue
[2024-03-29T02:30:04.602+0000] {logging_mixin.py:188} INFO - [2024-03-29T02:30:04.602+0000] {dagbag.py:540} INFO - Filling up the DagBag from /opt/airflow/dags/config.py
[2024-03-29T02:30:04.620+0000] {processor.py:842} WARNING - No viable dags retrieved from /opt/airflow/dags/config.py
[2024-03-29T02:30:04.652+0000] {processor.py:183} INFO - Processing /opt/airflow/dags/config.py took 0.065 seconds
[2024-03-29T02:30:35.171+0000] {processor.py:161} INFO - Started process (PID=721) to work on /opt/airflow/dags/config.py
[2024-03-29T02:30:35.175+0000] {processor.py:830} INFO - Processing file /opt/airflow/dags/config.py for tasks to queue
[2024-03-29T02:30:35.181+0000] {logging_mixin.py:188} INFO - [2024-03-29T02:30:35.180+0000] {dagbag.py:540} INFO - Filling up the DagBag from /opt/airflow/dags/config.py
[2024-03-29T02:30:35.198+0000] {processor.py:842} WARNING - No viable dags retrieved from /opt/airflow/dags/config.py
[2024-03-29T02:30:35.229+0000] {processor.py:183} INFO - Processing /opt/airflow/dags/config.py took 0.063 seconds
[2024-03-29T02:31:06.065+0000] {processor.py:161} INFO - Started process (PID=736) to work on /opt/airflow/dags/config.py
[2024-03-29T02:31:06.070+0000] {processor.py:830} INFO - Processing file /opt/airflow/dags/config.py for tasks to queue
[2024-03-29T02:31:06.077+0000] {logging_mixin.py:188} INFO - [2024-03-29T02:31:06.076+0000] {dagbag.py:540} INFO - Filling up the DagBag from /opt/airflow/dags/config.py
[2024-03-29T02:31:06.094+0000] {processor.py:842} WARNING - No viable dags retrieved from /opt/airflow/dags/config.py
[2024-03-29T02:31:06.134+0000] {processor.py:183} INFO - Processing /opt/airflow/dags/config.py took 0.077 seconds
[2024-03-29T02:31:36.771+0000] {processor.py:161} INFO - Started process (PID=751) to work on /opt/airflow/dags/config.py
[2024-03-29T02:31:36.775+0000] {processor.py:830} INFO - Processing file /opt/airflow/dags/config.py for tasks to queue
[2024-03-29T02:31:36.780+0000] {logging_mixin.py:188} INFO - [2024-03-29T02:31:36.779+0000] {dagbag.py:540} INFO - Filling up the DagBag from /opt/airflow/dags/config.py
[2024-03-29T02:31:36.799+0000] {processor.py:842} WARNING - No viable dags retrieved from /opt/airflow/dags/config.py
[2024-03-29T02:31:36.830+0000] {processor.py:183} INFO - Processing /opt/airflow/dags/config.py took 0.065 seconds
[2024-03-29T02:32:07.459+0000] {processor.py:161} INFO - Started process (PID=766) to work on /opt/airflow/dags/config.py
[2024-03-29T02:32:07.464+0000] {processor.py:830} INFO - Processing file /opt/airflow/dags/config.py for tasks to queue
[2024-03-29T02:32:07.469+0000] {logging_mixin.py:188} INFO - [2024-03-29T02:32:07.468+0000] {dagbag.py:540} INFO - Filling up the DagBag from /opt/airflow/dags/config.py
[2024-03-29T02:32:07.486+0000] {processor.py:842} WARNING - No viable dags retrieved from /opt/airflow/dags/config.py
[2024-03-29T02:32:07.516+0000] {processor.py:183} INFO - Processing /opt/airflow/dags/config.py took 0.062 seconds
[2024-03-29T02:32:37.811+0000] {processor.py:161} INFO - Started process (PID=781) to work on /opt/airflow/dags/config.py
[2024-03-29T02:32:37.815+0000] {processor.py:830} INFO - Processing file /opt/airflow/dags/config.py for tasks to queue
[2024-03-29T02:32:37.820+0000] {logging_mixin.py:188} INFO - [2024-03-29T02:32:37.819+0000] {dagbag.py:540} INFO - Filling up the DagBag from /opt/airflow/dags/config.py
[2024-03-29T02:32:37.836+0000] {processor.py:842} WARNING - No viable dags retrieved from /opt/airflow/dags/config.py
[2024-03-29T02:32:37.868+0000] {processor.py:183} INFO - Processing /opt/airflow/dags/config.py took 0.063 seconds
[2024-03-29T02:33:08.492+0000] {processor.py:161} INFO - Started process (PID=796) to work on /opt/airflow/dags/config.py
[2024-03-29T02:33:08.496+0000] {processor.py:830} INFO - Processing file /opt/airflow/dags/config.py for tasks to queue
[2024-03-29T02:33:08.500+0000] {logging_mixin.py:188} INFO - [2024-03-29T02:33:08.499+0000] {dagbag.py:540} INFO - Filling up the DagBag from /opt/airflow/dags/config.py
[2024-03-29T02:33:08.517+0000] {processor.py:842} WARNING - No viable dags retrieved from /opt/airflow/dags/config.py
[2024-03-29T02:33:08.546+0000] {processor.py:183} INFO - Processing /opt/airflow/dags/config.py took 0.059 seconds
[2024-03-29T02:33:39.059+0000] {processor.py:161} INFO - Started process (PID=811) to work on /opt/airflow/dags/config.py
[2024-03-29T02:33:39.063+0000] {processor.py:830} INFO - Processing file /opt/airflow/dags/config.py for tasks to queue
[2024-03-29T02:33:39.067+0000] {logging_mixin.py:188} INFO - [2024-03-29T02:33:39.067+0000] {dagbag.py:540} INFO - Filling up the DagBag from /opt/airflow/dags/config.py
[2024-03-29T02:33:39.084+0000] {processor.py:842} WARNING - No viable dags retrieved from /opt/airflow/dags/config.py
[2024-03-29T02:33:39.117+0000] {processor.py:183} INFO - Processing /opt/airflow/dags/config.py took 0.063 seconds
[2024-03-29T02:34:09.647+0000] {processor.py:161} INFO - Started process (PID=826) to work on /opt/airflow/dags/config.py
[2024-03-29T02:34:09.654+0000] {processor.py:830} INFO - Processing file /opt/airflow/dags/config.py for tasks to queue
[2024-03-29T02:34:09.661+0000] {logging_mixin.py:188} INFO - [2024-03-29T02:34:09.660+0000] {dagbag.py:540} INFO - Filling up the DagBag from /opt/airflow/dags/config.py
[2024-03-29T02:34:09.688+0000] {processor.py:842} WARNING - No viable dags retrieved from /opt/airflow/dags/config.py
[2024-03-29T02:34:09.817+0000] {processor.py:183} INFO - Processing /opt/airflow/dags/config.py took 0.177 seconds
[2024-03-29T02:34:40.532+0000] {processor.py:161} INFO - Started process (PID=841) to work on /opt/airflow/dags/config.py
[2024-03-29T02:34:40.537+0000] {processor.py:830} INFO - Processing file /opt/airflow/dags/config.py for tasks to queue
[2024-03-29T02:34:40.542+0000] {logging_mixin.py:188} INFO - [2024-03-29T02:34:40.541+0000] {dagbag.py:540} INFO - Filling up the DagBag from /opt/airflow/dags/config.py
[2024-03-29T02:34:40.575+0000] {processor.py:842} WARNING - No viable dags retrieved from /opt/airflow/dags/config.py
[2024-03-29T02:34:40.633+0000] {processor.py:183} INFO - Processing /opt/airflow/dags/config.py took 0.110 seconds
[2024-03-29T02:35:11.454+0000] {processor.py:161} INFO - Started process (PID=856) to work on /opt/airflow/dags/config.py
[2024-03-29T02:35:11.458+0000] {processor.py:830} INFO - Processing file /opt/airflow/dags/config.py for tasks to queue
[2024-03-29T02:35:11.462+0000] {logging_mixin.py:188} INFO - [2024-03-29T02:35:11.462+0000] {dagbag.py:540} INFO - Filling up the DagBag from /opt/airflow/dags/config.py
[2024-03-29T02:35:11.484+0000] {processor.py:842} WARNING - No viable dags retrieved from /opt/airflow/dags/config.py
[2024-03-29T02:35:11.524+0000] {processor.py:183} INFO - Processing /opt/airflow/dags/config.py took 0.075 seconds
[2024-03-29T02:35:42.049+0000] {processor.py:161} INFO - Started process (PID=871) to work on /opt/airflow/dags/config.py
[2024-03-29T02:35:42.054+0000] {processor.py:830} INFO - Processing file /opt/airflow/dags/config.py for tasks to queue
[2024-03-29T02:35:42.061+0000] {logging_mixin.py:188} INFO - [2024-03-29T02:35:42.060+0000] {dagbag.py:540} INFO - Filling up the DagBag from /opt/airflow/dags/config.py
[2024-03-29T02:35:42.086+0000] {processor.py:842} WARNING - No viable dags retrieved from /opt/airflow/dags/config.py
[2024-03-29T02:35:42.127+0000] {processor.py:183} INFO - Processing /opt/airflow/dags/config.py took 0.088 seconds
[2024-03-29T02:36:12.619+0000] {processor.py:161} INFO - Started process (PID=886) to work on /opt/airflow/dags/config.py
[2024-03-29T02:36:12.624+0000] {processor.py:830} INFO - Processing file /opt/airflow/dags/config.py for tasks to queue
[2024-03-29T02:36:12.628+0000] {logging_mixin.py:188} INFO - [2024-03-29T02:36:12.628+0000] {dagbag.py:540} INFO - Filling up the DagBag from /opt/airflow/dags/config.py
[2024-03-29T02:36:12.647+0000] {processor.py:842} WARNING - No viable dags retrieved from /opt/airflow/dags/config.py
[2024-03-29T02:36:12.678+0000] {processor.py:183} INFO - Processing /opt/airflow/dags/config.py took 0.064 seconds
[2024-03-29T02:36:43.299+0000] {processor.py:161} INFO - Started process (PID=901) to work on /opt/airflow/dags/config.py
[2024-03-29T02:36:43.304+0000] {processor.py:830} INFO - Processing file /opt/airflow/dags/config.py for tasks to queue
[2024-03-29T02:36:43.310+0000] {logging_mixin.py:188} INFO - [2024-03-29T02:36:43.309+0000] {dagbag.py:540} INFO - Filling up the DagBag from /opt/airflow/dags/config.py
[2024-03-29T02:36:43.328+0000] {processor.py:842} WARNING - No viable dags retrieved from /opt/airflow/dags/config.py
[2024-03-29T02:36:43.357+0000] {processor.py:183} INFO - Processing /opt/airflow/dags/config.py took 0.064 seconds
[2024-03-29T02:37:14.075+0000] {processor.py:161} INFO - Started process (PID=916) to work on /opt/airflow/dags/config.py
[2024-03-29T02:37:14.092+0000] {processor.py:830} INFO - Processing file /opt/airflow/dags/config.py for tasks to queue
[2024-03-29T02:37:14.099+0000] {logging_mixin.py:188} INFO - [2024-03-29T02:37:14.098+0000] {dagbag.py:540} INFO - Filling up the DagBag from /opt/airflow/dags/config.py
[2024-03-29T02:37:14.128+0000] {processor.py:842} WARNING - No viable dags retrieved from /opt/airflow/dags/config.py
[2024-03-29T02:37:14.163+0000] {processor.py:183} INFO - Processing /opt/airflow/dags/config.py took 0.097 seconds
[2024-03-29T02:37:44.629+0000] {processor.py:161} INFO - Started process (PID=931) to work on /opt/airflow/dags/config.py
[2024-03-29T02:37:44.634+0000] {processor.py:830} INFO - Processing file /opt/airflow/dags/config.py for tasks to queue
[2024-03-29T02:37:44.637+0000] {logging_mixin.py:188} INFO - [2024-03-29T02:37:44.637+0000] {dagbag.py:540} INFO - Filling up the DagBag from /opt/airflow/dags/config.py
[2024-03-29T02:37:44.655+0000] {processor.py:842} WARNING - No viable dags retrieved from /opt/airflow/dags/config.py
[2024-03-29T02:37:44.685+0000] {processor.py:183} INFO - Processing /opt/airflow/dags/config.py took 0.061 seconds
[2024-03-29T02:38:15.389+0000] {processor.py:161} INFO - Started process (PID=946) to work on /opt/airflow/dags/config.py
[2024-03-29T02:38:15.395+0000] {processor.py:830} INFO - Processing file /opt/airflow/dags/config.py for tasks to queue
[2024-03-29T02:38:15.404+0000] {logging_mixin.py:188} INFO - [2024-03-29T02:38:15.404+0000] {dagbag.py:540} INFO - Filling up the DagBag from /opt/airflow/dags/config.py
[2024-03-29T02:38:15.426+0000] {processor.py:842} WARNING - No viable dags retrieved from /opt/airflow/dags/config.py
[2024-03-29T02:38:15.462+0000] {processor.py:183} INFO - Processing /opt/airflow/dags/config.py took 0.082 seconds
[2024-03-29T02:38:45.971+0000] {processor.py:161} INFO - Started process (PID=961) to work on /opt/airflow/dags/config.py
[2024-03-29T02:38:45.975+0000] {processor.py:830} INFO - Processing file /opt/airflow/dags/config.py for tasks to queue
[2024-03-29T02:38:45.980+0000] {logging_mixin.py:188} INFO - [2024-03-29T02:38:45.980+0000] {dagbag.py:540} INFO - Filling up the DagBag from /opt/airflow/dags/config.py
[2024-03-29T02:38:46.000+0000] {processor.py:842} WARNING - No viable dags retrieved from /opt/airflow/dags/config.py
[2024-03-29T02:38:46.032+0000] {processor.py:183} INFO - Processing /opt/airflow/dags/config.py took 0.066 seconds
[2024-03-29T02:39:16.707+0000] {processor.py:161} INFO - Started process (PID=976) to work on /opt/airflow/dags/config.py
[2024-03-29T02:39:16.711+0000] {processor.py:830} INFO - Processing file /opt/airflow/dags/config.py for tasks to queue
[2024-03-29T02:39:16.716+0000] {logging_mixin.py:188} INFO - [2024-03-29T02:39:16.715+0000] {dagbag.py:540} INFO - Filling up the DagBag from /opt/airflow/dags/config.py
[2024-03-29T02:39:16.734+0000] {processor.py:842} WARNING - No viable dags retrieved from /opt/airflow/dags/config.py
[2024-03-29T02:39:16.765+0000] {processor.py:183} INFO - Processing /opt/airflow/dags/config.py took 0.063 seconds
[2024-03-29T02:39:47.274+0000] {processor.py:161} INFO - Started process (PID=991) to work on /opt/airflow/dags/config.py
[2024-03-29T02:39:47.279+0000] {processor.py:830} INFO - Processing file /opt/airflow/dags/config.py for tasks to queue
[2024-03-29T02:39:47.284+0000] {logging_mixin.py:188} INFO - [2024-03-29T02:39:47.283+0000] {dagbag.py:540} INFO - Filling up the DagBag from /opt/airflow/dags/config.py
[2024-03-29T02:39:47.301+0000] {processor.py:842} WARNING - No viable dags retrieved from /opt/airflow/dags/config.py
[2024-03-29T02:39:47.331+0000] {processor.py:183} INFO - Processing /opt/airflow/dags/config.py took 0.064 seconds
[2024-03-29T02:40:17.935+0000] {processor.py:161} INFO - Started process (PID=1006) to work on /opt/airflow/dags/config.py
[2024-03-29T02:40:17.941+0000] {processor.py:830} INFO - Processing file /opt/airflow/dags/config.py for tasks to queue
[2024-03-29T02:40:17.946+0000] {logging_mixin.py:188} INFO - [2024-03-29T02:40:17.946+0000] {dagbag.py:540} INFO - Filling up the DagBag from /opt/airflow/dags/config.py
[2024-03-29T02:40:17.977+0000] {processor.py:842} WARNING - No viable dags retrieved from /opt/airflow/dags/config.py
[2024-03-29T02:40:18.014+0000] {processor.py:183} INFO - Processing /opt/airflow/dags/config.py took 0.085 seconds
[2024-03-29T02:40:48.688+0000] {processor.py:161} INFO - Started process (PID=1021) to work on /opt/airflow/dags/config.py
[2024-03-29T02:40:48.693+0000] {processor.py:830} INFO - Processing file /opt/airflow/dags/config.py for tasks to queue
[2024-03-29T02:40:48.699+0000] {logging_mixin.py:188} INFO - [2024-03-29T02:40:48.698+0000] {dagbag.py:540} INFO - Filling up the DagBag from /opt/airflow/dags/config.py
[2024-03-29T02:40:48.717+0000] {processor.py:842} WARNING - No viable dags retrieved from /opt/airflow/dags/config.py
[2024-03-29T02:40:48.749+0000] {processor.py:183} INFO - Processing /opt/airflow/dags/config.py took 0.066 seconds
[2024-03-29T02:41:19.447+0000] {processor.py:161} INFO - Started process (PID=1036) to work on /opt/airflow/dags/config.py
[2024-03-29T02:41:19.453+0000] {processor.py:830} INFO - Processing file /opt/airflow/dags/config.py for tasks to queue
[2024-03-29T02:41:19.458+0000] {logging_mixin.py:188} INFO - [2024-03-29T02:41:19.457+0000] {dagbag.py:540} INFO - Filling up the DagBag from /opt/airflow/dags/config.py
[2024-03-29T02:41:19.477+0000] {processor.py:842} WARNING - No viable dags retrieved from /opt/airflow/dags/config.py
[2024-03-29T02:41:19.514+0000] {processor.py:183} INFO - Processing /opt/airflow/dags/config.py took 0.071 seconds
[2024-03-29T02:41:50.063+0000] {processor.py:161} INFO - Started process (PID=1051) to work on /opt/airflow/dags/config.py
[2024-03-29T02:41:50.067+0000] {processor.py:830} INFO - Processing file /opt/airflow/dags/config.py for tasks to queue
[2024-03-29T02:41:50.072+0000] {logging_mixin.py:188} INFO - [2024-03-29T02:41:50.071+0000] {dagbag.py:540} INFO - Filling up the DagBag from /opt/airflow/dags/config.py
[2024-03-29T02:41:50.089+0000] {processor.py:842} WARNING - No viable dags retrieved from /opt/airflow/dags/config.py
[2024-03-29T02:41:50.120+0000] {processor.py:183} INFO - Processing /opt/airflow/dags/config.py took 0.061 seconds
[2024-03-29T02:42:20.772+0000] {processor.py:161} INFO - Started process (PID=1066) to work on /opt/airflow/dags/config.py
[2024-03-29T02:42:20.777+0000] {processor.py:830} INFO - Processing file /opt/airflow/dags/config.py for tasks to queue
[2024-03-29T02:42:20.783+0000] {logging_mixin.py:188} INFO - [2024-03-29T02:42:20.783+0000] {dagbag.py:540} INFO - Filling up the DagBag from /opt/airflow/dags/config.py
[2024-03-29T02:42:20.807+0000] {processor.py:842} WARNING - No viable dags retrieved from /opt/airflow/dags/config.py
[2024-03-29T02:42:20.880+0000] {processor.py:183} INFO - Processing /opt/airflow/dags/config.py took 0.113 seconds
[2024-03-29T02:42:51.380+0000] {processor.py:161} INFO - Started process (PID=1081) to work on /opt/airflow/dags/config.py
[2024-03-29T02:42:51.384+0000] {processor.py:830} INFO - Processing file /opt/airflow/dags/config.py for tasks to queue
[2024-03-29T02:42:51.389+0000] {logging_mixin.py:188} INFO - [2024-03-29T02:42:51.388+0000] {dagbag.py:540} INFO - Filling up the DagBag from /opt/airflow/dags/config.py
[2024-03-29T02:42:51.407+0000] {processor.py:842} WARNING - No viable dags retrieved from /opt/airflow/dags/config.py
[2024-03-29T02:42:51.451+0000] {processor.py:183} INFO - Processing /opt/airflow/dags/config.py took 0.077 seconds
[2024-03-29T02:43:22.243+0000] {processor.py:161} INFO - Started process (PID=1096) to work on /opt/airflow/dags/config.py
[2024-03-29T02:43:22.249+0000] {processor.py:830} INFO - Processing file /opt/airflow/dags/config.py for tasks to queue
[2024-03-29T02:43:22.254+0000] {logging_mixin.py:188} INFO - [2024-03-29T02:43:22.253+0000] {dagbag.py:540} INFO - Filling up the DagBag from /opt/airflow/dags/config.py
[2024-03-29T02:43:22.273+0000] {processor.py:842} WARNING - No viable dags retrieved from /opt/airflow/dags/config.py
[2024-03-29T02:43:22.304+0000] {processor.py:183} INFO - Processing /opt/airflow/dags/config.py took 0.066 seconds
[2024-03-29T02:43:52.828+0000] {processor.py:161} INFO - Started process (PID=1111) to work on /opt/airflow/dags/config.py
[2024-03-29T02:43:52.833+0000] {processor.py:830} INFO - Processing file /opt/airflow/dags/config.py for tasks to queue
[2024-03-29T02:43:52.838+0000] {logging_mixin.py:188} INFO - [2024-03-29T02:43:52.838+0000] {dagbag.py:540} INFO - Filling up the DagBag from /opt/airflow/dags/config.py
[2024-03-29T02:43:52.856+0000] {processor.py:842} WARNING - No viable dags retrieved from /opt/airflow/dags/config.py
[2024-03-29T02:43:52.892+0000] {processor.py:183} INFO - Processing /opt/airflow/dags/config.py took 0.068 seconds
[2024-03-29T02:44:23.755+0000] {processor.py:161} INFO - Started process (PID=1126) to work on /opt/airflow/dags/config.py
[2024-03-29T02:44:23.759+0000] {processor.py:830} INFO - Processing file /opt/airflow/dags/config.py for tasks to queue
[2024-03-29T02:44:23.765+0000] {logging_mixin.py:188} INFO - [2024-03-29T02:44:23.764+0000] {dagbag.py:540} INFO - Filling up the DagBag from /opt/airflow/dags/config.py
[2024-03-29T02:44:23.787+0000] {processor.py:842} WARNING - No viable dags retrieved from /opt/airflow/dags/config.py
[2024-03-29T02:44:23.818+0000] {processor.py:183} INFO - Processing /opt/airflow/dags/config.py took 0.067 seconds
[2024-03-29T02:44:54.541+0000] {processor.py:161} INFO - Started process (PID=1141) to work on /opt/airflow/dags/config.py
[2024-03-29T02:44:54.545+0000] {processor.py:830} INFO - Processing file /opt/airflow/dags/config.py for tasks to queue
[2024-03-29T02:44:54.550+0000] {logging_mixin.py:188} INFO - [2024-03-29T02:44:54.549+0000] {dagbag.py:540} INFO - Filling up the DagBag from /opt/airflow/dags/config.py
[2024-03-29T02:44:54.567+0000] {processor.py:842} WARNING - No viable dags retrieved from /opt/airflow/dags/config.py
[2024-03-29T02:44:54.599+0000] {processor.py:183} INFO - Processing /opt/airflow/dags/config.py took 0.063 seconds
[2024-03-29T02:45:25.200+0000] {processor.py:161} INFO - Started process (PID=1156) to work on /opt/airflow/dags/config.py
[2024-03-29T02:45:25.205+0000] {processor.py:830} INFO - Processing file /opt/airflow/dags/config.py for tasks to queue
[2024-03-29T02:45:25.210+0000] {logging_mixin.py:188} INFO - [2024-03-29T02:45:25.210+0000] {dagbag.py:540} INFO - Filling up the DagBag from /opt/airflow/dags/config.py
[2024-03-29T02:45:25.229+0000] {processor.py:842} WARNING - No viable dags retrieved from /opt/airflow/dags/config.py
[2024-03-29T02:45:25.260+0000] {processor.py:183} INFO - Processing /opt/airflow/dags/config.py took 0.066 seconds
[2024-03-29T02:46:16.752+0000] {processor.py:161} INFO - Started process (PID=164) to work on /opt/airflow/dags/config.py
[2024-03-29T02:46:16.759+0000] {processor.py:830} INFO - Processing file /opt/airflow/dags/config.py for tasks to queue
[2024-03-29T02:46:16.765+0000] {logging_mixin.py:188} INFO - [2024-03-29T02:46:16.763+0000] {dagbag.py:540} INFO - Filling up the DagBag from /opt/airflow/dags/config.py
[2024-03-29T02:46:16.805+0000] {processor.py:842} WARNING - No viable dags retrieved from /opt/airflow/dags/config.py
[2024-03-29T02:46:16.877+0000] {processor.py:183} INFO - Processing /opt/airflow/dags/config.py took 0.133 seconds
[2024-03-29T02:46:47.321+0000] {processor.py:161} INFO - Started process (PID=179) to work on /opt/airflow/dags/config.py
[2024-03-29T02:46:47.330+0000] {processor.py:830} INFO - Processing file /opt/airflow/dags/config.py for tasks to queue
[2024-03-29T02:46:47.344+0000] {logging_mixin.py:188} INFO - [2024-03-29T02:46:47.337+0000] {dagbag.py:540} INFO - Filling up the DagBag from /opt/airflow/dags/config.py
[2024-03-29T02:46:47.374+0000] {processor.py:842} WARNING - No viable dags retrieved from /opt/airflow/dags/config.py
[2024-03-29T02:46:47.443+0000] {processor.py:183} INFO - Processing /opt/airflow/dags/config.py took 0.132 seconds
[2024-03-29T02:47:17.898+0000] {processor.py:161} INFO - Started process (PID=194) to work on /opt/airflow/dags/config.py
[2024-03-29T02:47:17.903+0000] {processor.py:830} INFO - Processing file /opt/airflow/dags/config.py for tasks to queue
[2024-03-29T02:47:17.912+0000] {logging_mixin.py:188} INFO - [2024-03-29T02:47:17.911+0000] {dagbag.py:540} INFO - Filling up the DagBag from /opt/airflow/dags/config.py
[2024-03-29T02:47:17.942+0000] {processor.py:842} WARNING - No viable dags retrieved from /opt/airflow/dags/config.py
[2024-03-29T02:47:17.991+0000] {processor.py:183} INFO - Processing /opt/airflow/dags/config.py took 0.105 seconds
[2024-03-29T02:47:48.393+0000] {processor.py:161} INFO - Started process (PID=209) to work on /opt/airflow/dags/config.py
[2024-03-29T02:47:48.399+0000] {processor.py:830} INFO - Processing file /opt/airflow/dags/config.py for tasks to queue
[2024-03-29T02:47:48.409+0000] {logging_mixin.py:188} INFO - [2024-03-29T02:47:48.408+0000] {dagbag.py:540} INFO - Filling up the DagBag from /opt/airflow/dags/config.py
[2024-03-29T02:47:48.438+0000] {processor.py:842} WARNING - No viable dags retrieved from /opt/airflow/dags/config.py
[2024-03-29T02:47:48.488+0000] {processor.py:183} INFO - Processing /opt/airflow/dags/config.py took 0.106 seconds
[2024-03-29T02:48:18.876+0000] {processor.py:161} INFO - Started process (PID=224) to work on /opt/airflow/dags/config.py
[2024-03-29T02:48:18.884+0000] {processor.py:830} INFO - Processing file /opt/airflow/dags/config.py for tasks to queue
[2024-03-29T02:48:18.895+0000] {logging_mixin.py:188} INFO - [2024-03-29T02:48:18.894+0000] {dagbag.py:540} INFO - Filling up the DagBag from /opt/airflow/dags/config.py
[2024-03-29T02:48:18.925+0000] {processor.py:842} WARNING - No viable dags retrieved from /opt/airflow/dags/config.py
[2024-03-29T02:48:18.978+0000] {processor.py:183} INFO - Processing /opt/airflow/dags/config.py took 0.117 seconds
[2024-03-29T02:48:49.407+0000] {processor.py:161} INFO - Started process (PID=239) to work on /opt/airflow/dags/config.py
[2024-03-29T02:48:49.412+0000] {processor.py:830} INFO - Processing file /opt/airflow/dags/config.py for tasks to queue
[2024-03-29T02:48:49.419+0000] {logging_mixin.py:188} INFO - [2024-03-29T02:48:49.418+0000] {dagbag.py:540} INFO - Filling up the DagBag from /opt/airflow/dags/config.py
[2024-03-29T02:48:49.442+0000] {processor.py:842} WARNING - No viable dags retrieved from /opt/airflow/dags/config.py
[2024-03-29T02:48:49.504+0000] {processor.py:183} INFO - Processing /opt/airflow/dags/config.py took 0.114 seconds
[2024-03-29T02:49:20.120+0000] {processor.py:161} INFO - Started process (PID=254) to work on /opt/airflow/dags/config.py
[2024-03-29T02:49:20.126+0000] {processor.py:830} INFO - Processing file /opt/airflow/dags/config.py for tasks to queue
[2024-03-29T02:49:20.137+0000] {logging_mixin.py:188} INFO - [2024-03-29T02:49:20.136+0000] {dagbag.py:540} INFO - Filling up the DagBag from /opt/airflow/dags/config.py
[2024-03-29T02:49:20.167+0000] {processor.py:842} WARNING - No viable dags retrieved from /opt/airflow/dags/config.py
[2024-03-29T02:49:20.232+0000] {processor.py:183} INFO - Processing /opt/airflow/dags/config.py took 0.128 seconds
