[2024-03-29T01:37:19.156+0000] {taskinstance.py:1979} INFO - Dependencies all met for dep_context=non-requeueable deps ti=<TaskInstance: tomtom.import_tomtom_data_to_csv scheduled__2024-03-27T00:00:00+00:00 [queued]>
[2024-03-29T01:37:19.796+0000] {taskinstance.py:1979} INFO - Dependencies all met for dep_context=requeueable deps ti=<TaskInstance: tomtom.import_tomtom_data_to_csv scheduled__2024-03-27T00:00:00+00:00 [queued]>
[2024-03-29T01:37:19.810+0000] {taskinstance.py:2193} INFO - Starting attempt 1 of 2
[2024-03-29T01:37:20.342+0000] {taskinstance.py:2217} INFO - Executing <Task(BashOperator): import_tomtom_data_to_csv> on 2024-03-27 00:00:00+00:00
[2024-03-29T01:37:20.356+0000] {standard_task_runner.py:60} INFO - Started process 318 to run task
[2024-03-29T01:37:20.398+0000] {standard_task_runner.py:87} INFO - Running: ['***', 'tasks', 'run', 'tomtom', 'import_tomtom_data_to_csv', 'scheduled__2024-03-27T00:00:00+00:00', '--job-id', '7', '--raw', '--subdir', 'DAGS_FOLDER/tomtom_dag.py', '--cfg-path', '/tmp/tmpy6np5nf9']
[2024-03-29T01:37:20.419+0000] {standard_task_runner.py:88} INFO - Job 7: Subtask import_tomtom_data_to_csv
[2024-03-29T01:37:20.549+0000] {logging_mixin.py:188} WARNING - /home/***/.local/lib/python3.8/site-packages/***/settings.py:194 DeprecationWarning: The sql_alchemy_conn option in [core] has been moved to the sql_alchemy_conn option in [database] - the old setting has been used, but please update your config.
[2024-03-29T01:37:20.958+0000] {task_command.py:423} INFO - Running <TaskInstance: tomtom.import_tomtom_data_to_csv scheduled__2024-03-27T00:00:00+00:00 [running]> on host 48a08da0e38c
[2024-03-29T01:37:21.557+0000] {taskinstance.py:2513} INFO - Exporting env vars: AIRFLOW_CTX_DAG_OWNER='***' AIRFLOW_CTX_DAG_ID='tomtom' AIRFLOW_CTX_TASK_ID='import_tomtom_data_to_csv' AIRFLOW_CTX_EXECUTION_DATE='2024-03-27T00:00:00+00:00' AIRFLOW_CTX_TRY_NUMBER='1' AIRFLOW_CTX_DAG_RUN_ID='scheduled__2024-03-27T00:00:00+00:00'
[2024-03-29T01:37:21.568+0000] {subprocess.py:63} INFO - Tmp dir root location: /tmp
[2024-03-29T01:37:21.579+0000] {subprocess.py:75} INFO - Running command: ['/usr/bin/bash', '-c', 'python /opt/***/dags/tomtom_ingestion.py --date 2024-03-27']
[2024-03-29T01:37:21.641+0000] {subprocess.py:86} INFO - Output:
[2024-03-29T01:37:29.872+0000] {subprocess.py:97} INFO - Command exited with return code 0
[2024-03-29T01:37:30.038+0000] {taskinstance.py:1149} INFO - Marking task as SUCCESS. dag_id=tomtom, task_id=import_tomtom_data_to_csv, execution_date=20240327T000000, start_date=20240329T013719, end_date=20240329T013730
[2024-03-29T01:37:30.169+0000] {local_task_job_runner.py:234} INFO - Task exited with return code 0
[2024-03-29T01:37:30.263+0000] {taskinstance.py:3312} INFO - 1 downstream tasks scheduled from follow-on schedule check
[2024-03-29T02:18:09.327+0000] {taskinstance.py:1979} INFO - Dependencies all met for dep_context=non-requeueable deps ti=<TaskInstance: tomtom.import_tomtom_data_to_csv scheduled__2024-03-27T00:00:00+00:00 [queued]>
[2024-03-29T02:18:09.393+0000] {taskinstance.py:1979} INFO - Dependencies all met for dep_context=requeueable deps ti=<TaskInstance: tomtom.import_tomtom_data_to_csv scheduled__2024-03-27T00:00:00+00:00 [queued]>
[2024-03-29T02:18:09.409+0000] {taskinstance.py:2193} INFO - Starting attempt 1 of 2
[2024-03-29T02:18:09.490+0000] {taskinstance.py:2217} INFO - Executing <Task(BashOperator): import_tomtom_data_to_csv> on 2024-03-27 00:00:00+00:00
[2024-03-29T02:18:09.502+0000] {standard_task_runner.py:60} INFO - Started process 301 to run task
[2024-03-29T02:18:09.571+0000] {standard_task_runner.py:87} INFO - Running: ['***', 'tasks', 'run', 'tomtom', 'import_tomtom_data_to_csv', 'scheduled__2024-03-27T00:00:00+00:00', '--job-id', '7', '--raw', '--subdir', 'DAGS_FOLDER/tomtom_dag.py', '--cfg-path', '/tmp/tmpi9phkpr3']
[2024-03-29T02:18:09.583+0000] {standard_task_runner.py:88} INFO - Job 7: Subtask import_tomtom_data_to_csv
[2024-03-29T02:18:09.687+0000] {logging_mixin.py:188} WARNING - /home/***/.local/lib/python3.8/site-packages/***/settings.py:194 DeprecationWarning: The sql_alchemy_conn option in [core] has been moved to the sql_alchemy_conn option in [database] - the old setting has been used, but please update your config.
[2024-03-29T02:18:09.978+0000] {task_command.py:423} INFO - Running <TaskInstance: tomtom.import_tomtom_data_to_csv scheduled__2024-03-27T00:00:00+00:00 [running]> on host ca95eed9b9dd
[2024-03-29T02:18:10.378+0000] {taskinstance.py:2513} INFO - Exporting env vars: AIRFLOW_CTX_DAG_OWNER='***' AIRFLOW_CTX_DAG_ID='tomtom' AIRFLOW_CTX_TASK_ID='import_tomtom_data_to_csv' AIRFLOW_CTX_EXECUTION_DATE='2024-03-27T00:00:00+00:00' AIRFLOW_CTX_TRY_NUMBER='1' AIRFLOW_CTX_DAG_RUN_ID='scheduled__2024-03-27T00:00:00+00:00'
[2024-03-29T02:18:10.400+0000] {subprocess.py:63} INFO - Tmp dir root location: /tmp
[2024-03-29T02:18:10.421+0000] {subprocess.py:75} INFO - Running command: ['/usr/bin/bash', '-c', 'python /opt/***/dags/tomtom_ingestion.py --date 2024-03-27']
[2024-03-29T02:18:10.485+0000] {subprocess.py:86} INFO - Output:
[2024-03-29T02:18:15.370+0000] {subprocess.py:97} INFO - Command exited with return code 0
[2024-03-29T02:18:15.547+0000] {taskinstance.py:1149} INFO - Marking task as SUCCESS. dag_id=tomtom, task_id=import_tomtom_data_to_csv, execution_date=20240327T000000, start_date=20240329T021809, end_date=20240329T021815
[2024-03-29T02:18:15.702+0000] {local_task_job_runner.py:234} INFO - Task exited with return code 0
[2024-03-29T02:18:15.778+0000] {taskinstance.py:3312} INFO - 1 downstream tasks scheduled from follow-on schedule check
[2024-03-30T01:02:24.495+0000] {taskinstance.py:1979} INFO - Dependencies all met for dep_context=non-requeueable deps ti=<TaskInstance: tomtom.import_tomtom_data_to_csv scheduled__2024-03-27T00:00:00+00:00 [queued]>
[2024-03-30T01:02:24.559+0000] {taskinstance.py:1979} INFO - Dependencies all met for dep_context=requeueable deps ti=<TaskInstance: tomtom.import_tomtom_data_to_csv scheduled__2024-03-27T00:00:00+00:00 [queued]>
[2024-03-30T01:02:24.565+0000] {taskinstance.py:2193} INFO - Starting attempt 1 of 2
[2024-03-30T01:02:24.721+0000] {taskinstance.py:2217} INFO - Executing <Task(BashOperator): import_tomtom_data_to_csv> on 2024-03-27 00:00:00+00:00
[2024-03-30T01:02:24.777+0000] {standard_task_runner.py:60} INFO - Started process 308 to run task
[2024-03-30T01:02:25.162+0000] {standard_task_runner.py:87} INFO - Running: ['***', 'tasks', 'run', 'tomtom', 'import_tomtom_data_to_csv', 'scheduled__2024-03-27T00:00:00+00:00', '--job-id', '6', '--raw', '--subdir', 'DAGS_FOLDER/tomtom_dag.py', '--cfg-path', '/tmp/tmp681x0xg8']
[2024-03-30T01:02:25.192+0000] {standard_task_runner.py:88} INFO - Job 6: Subtask import_tomtom_data_to_csv
[2024-03-30T01:02:25.871+0000] {logging_mixin.py:188} WARNING - /home/***/.local/lib/python3.8/site-packages/***/settings.py:194 DeprecationWarning: The sql_alchemy_conn option in [core] has been moved to the sql_alchemy_conn option in [database] - the old setting has been used, but please update your config.
[2024-03-30T01:02:26.815+0000] {task_command.py:423} INFO - Running <TaskInstance: tomtom.import_tomtom_data_to_csv scheduled__2024-03-27T00:00:00+00:00 [running]> on host 63c0a92b7fba
[2024-03-30T01:02:27.371+0000] {taskinstance.py:2513} INFO - Exporting env vars: AIRFLOW_CTX_DAG_OWNER='***' AIRFLOW_CTX_DAG_ID='tomtom' AIRFLOW_CTX_TASK_ID='import_tomtom_data_to_csv' AIRFLOW_CTX_EXECUTION_DATE='2024-03-27T00:00:00+00:00' AIRFLOW_CTX_TRY_NUMBER='1' AIRFLOW_CTX_DAG_RUN_ID='scheduled__2024-03-27T00:00:00+00:00'
[2024-03-30T01:02:27.377+0000] {subprocess.py:63} INFO - Tmp dir root location: /tmp
[2024-03-30T01:02:27.382+0000] {subprocess.py:75} INFO - Running command: ['/usr/bin/bash', '-c', 'python /opt/***/dags/tomtom_ingestion.py --date 2024-03-27']
[2024-03-30T01:02:27.438+0000] {subprocess.py:86} INFO - Output:
[2024-03-30T01:02:36.127+0000] {subprocess.py:97} INFO - Command exited with return code 0
[2024-03-30T01:02:36.368+0000] {taskinstance.py:1149} INFO - Marking task as SUCCESS. dag_id=tomtom, task_id=import_tomtom_data_to_csv, execution_date=20240327T000000, start_date=20240330T010224, end_date=20240330T010236
[2024-03-30T01:02:36.543+0000] {local_task_job_runner.py:234} INFO - Task exited with return code 0
[2024-03-30T01:02:36.742+0000] {taskinstance.py:3312} INFO - 0 downstream tasks scheduled from follow-on schedule check
[2024-03-30T19:17:55.710+0000] {taskinstance.py:1979} INFO - Dependencies all met for dep_context=non-requeueable deps ti=<TaskInstance: tomtom.import_tomtom_data_to_csv scheduled__2024-03-27T00:00:00+00:00 [queued]>
[2024-03-30T19:17:55.753+0000] {taskinstance.py:1979} INFO - Dependencies all met for dep_context=requeueable deps ti=<TaskInstance: tomtom.import_tomtom_data_to_csv scheduled__2024-03-27T00:00:00+00:00 [queued]>
[2024-03-30T19:17:55.760+0000] {taskinstance.py:2193} INFO - Starting attempt 1 of 2
[2024-03-30T19:17:55.846+0000] {taskinstance.py:2217} INFO - Executing <Task(BashOperator): import_tomtom_data_to_csv> on 2024-03-27 00:00:00+00:00
[2024-03-30T19:17:55.873+0000] {standard_task_runner.py:60} INFO - Started process 356 to run task
[2024-03-30T19:17:55.878+0000] {standard_task_runner.py:87} INFO - Running: ['***', 'tasks', 'run', 'tomtom', 'import_tomtom_data_to_csv', 'scheduled__2024-03-27T00:00:00+00:00', '--job-id', '6', '--raw', '--subdir', 'DAGS_FOLDER/tomtom_dag.py', '--cfg-path', '/tmp/tmplzntzq16']
[2024-03-30T19:17:55.914+0000] {standard_task_runner.py:88} INFO - Job 6: Subtask import_tomtom_data_to_csv
[2024-03-30T19:17:56.118+0000] {logging_mixin.py:188} WARNING - /home/***/.local/lib/python3.8/site-packages/***/settings.py:194 DeprecationWarning: The sql_alchemy_conn option in [core] has been moved to the sql_alchemy_conn option in [database] - the old setting has been used, but please update your config.
[2024-03-30T19:17:56.447+0000] {task_command.py:423} INFO - Running <TaskInstance: tomtom.import_tomtom_data_to_csv scheduled__2024-03-27T00:00:00+00:00 [running]> on host 19ac4b08c681
[2024-03-30T19:17:57.149+0000] {taskinstance.py:2513} INFO - Exporting env vars: AIRFLOW_CTX_DAG_OWNER='***' AIRFLOW_CTX_DAG_ID='tomtom' AIRFLOW_CTX_TASK_ID='import_tomtom_data_to_csv' AIRFLOW_CTX_EXECUTION_DATE='2024-03-27T00:00:00+00:00' AIRFLOW_CTX_TRY_NUMBER='1' AIRFLOW_CTX_DAG_RUN_ID='scheduled__2024-03-27T00:00:00+00:00'
[2024-03-30T19:17:57.161+0000] {subprocess.py:63} INFO - Tmp dir root location: /tmp
[2024-03-30T19:17:57.182+0000] {subprocess.py:75} INFO - Running command: ['/usr/bin/bash', '-c', 'python /opt/***/dags/tomtom_ingestion.py --date 2024-03-27']
[2024-03-30T19:17:57.213+0000] {subprocess.py:86} INFO - Output:
[2024-03-30T19:18:04.349+0000] {subprocess.py:97} INFO - Command exited with return code 0
[2024-03-30T19:18:04.636+0000] {taskinstance.py:1149} INFO - Marking task as SUCCESS. dag_id=tomtom, task_id=import_tomtom_data_to_csv, execution_date=20240327T000000, start_date=20240330T191755, end_date=20240330T191804
[2024-03-30T19:18:04.809+0000] {local_task_job_runner.py:234} INFO - Task exited with return code 0
[2024-03-30T19:18:04.896+0000] {taskinstance.py:3312} INFO - 1 downstream tasks scheduled from follow-on schedule check
[2024-03-31T23:53:00.527+0000] {taskinstance.py:1979} INFO - Dependencies all met for dep_context=non-requeueable deps ti=<TaskInstance: tomtom.import_tomtom_data_to_csv scheduled__2024-03-27T00:00:00+00:00 [queued]>
[2024-03-31T23:53:00.588+0000] {taskinstance.py:1979} INFO - Dependencies all met for dep_context=requeueable deps ti=<TaskInstance: tomtom.import_tomtom_data_to_csv scheduled__2024-03-27T00:00:00+00:00 [queued]>
[2024-03-31T23:53:00.601+0000] {taskinstance.py:2193} INFO - Starting attempt 1 of 2
[2024-03-31T23:53:00.746+0000] {taskinstance.py:2217} INFO - Executing <Task(BashOperator): import_tomtom_data_to_csv> on 2024-03-27 00:00:00+00:00
[2024-03-31T23:53:00.773+0000] {standard_task_runner.py:60} INFO - Started process 251 to run task
[2024-03-31T23:53:00.808+0000] {standard_task_runner.py:87} INFO - Running: ['***', 'tasks', 'run', 'tomtom', 'import_tomtom_data_to_csv', 'scheduled__2024-03-27T00:00:00+00:00', '--job-id', '5', '--raw', '--subdir', 'DAGS_FOLDER/tomtom_dag.py', '--cfg-path', '/tmp/tmpz44dgto9']
[2024-03-31T23:53:00.826+0000] {standard_task_runner.py:88} INFO - Job 5: Subtask import_tomtom_data_to_csv
[2024-03-31T23:53:01.011+0000] {logging_mixin.py:188} WARNING - /home/***/.local/lib/python3.8/site-packages/***/settings.py:194 DeprecationWarning: The sql_alchemy_conn option in [core] has been moved to the sql_alchemy_conn option in [database] - the old setting has been used, but please update your config.
[2024-03-31T23:53:01.265+0000] {task_command.py:423} INFO - Running <TaskInstance: tomtom.import_tomtom_data_to_csv scheduled__2024-03-27T00:00:00+00:00 [running]> on host eb2a2a17d989
[2024-03-31T23:53:01.900+0000] {taskinstance.py:2513} INFO - Exporting env vars: AIRFLOW_CTX_DAG_OWNER='***' AIRFLOW_CTX_DAG_ID='tomtom' AIRFLOW_CTX_TASK_ID='import_tomtom_data_to_csv' AIRFLOW_CTX_EXECUTION_DATE='2024-03-27T00:00:00+00:00' AIRFLOW_CTX_TRY_NUMBER='1' AIRFLOW_CTX_DAG_RUN_ID='scheduled__2024-03-27T00:00:00+00:00'
[2024-03-31T23:53:01.910+0000] {subprocess.py:63} INFO - Tmp dir root location: /tmp
[2024-03-31T23:53:01.916+0000] {subprocess.py:75} INFO - Running command: ['/usr/bin/bash', '-c', 'python /opt/***/dags/tomtom_ingestion.py --date 2024-03-27']
[2024-03-31T23:53:01.994+0000] {subprocess.py:86} INFO - Output:
[2024-03-31T23:53:10.317+0000] {subprocess.py:97} INFO - Command exited with return code 0
[2024-03-31T23:53:10.481+0000] {taskinstance.py:1149} INFO - Marking task as SUCCESS. dag_id=tomtom, task_id=import_tomtom_data_to_csv, execution_date=20240327T000000, start_date=20240331T235300, end_date=20240331T235310
[2024-03-31T23:53:10.704+0000] {local_task_job_runner.py:234} INFO - Task exited with return code 0
[2024-03-31T23:53:10.830+0000] {taskinstance.py:3312} INFO - 1 downstream tasks scheduled from follow-on schedule check
[2024-04-01T22:56:52.686+0000] {taskinstance.py:1979} INFO - Dependencies all met for dep_context=non-requeueable deps ti=<TaskInstance: tomtom.import_tomtom_data_to_csv scheduled__2024-03-27T00:00:00+00:00 [queued]>
[2024-04-01T22:56:52.765+0000] {taskinstance.py:1979} INFO - Dependencies all met for dep_context=requeueable deps ti=<TaskInstance: tomtom.import_tomtom_data_to_csv scheduled__2024-03-27T00:00:00+00:00 [queued]>
[2024-04-01T22:56:52.771+0000] {taskinstance.py:2193} INFO - Starting attempt 1 of 2
[2024-04-01T22:56:52.900+0000] {taskinstance.py:2217} INFO - Executing <Task(BashOperator): import_tomtom_data_to_csv> on 2024-03-27 00:00:00+00:00
[2024-04-01T22:56:52.920+0000] {standard_task_runner.py:60} INFO - Started process 335 to run task
[2024-04-01T22:56:52.971+0000] {standard_task_runner.py:87} INFO - Running: ['***', 'tasks', 'run', 'tomtom', 'import_tomtom_data_to_csv', 'scheduled__2024-03-27T00:00:00+00:00', '--job-id', '4', '--raw', '--subdir', 'DAGS_FOLDER/tomtom_dag.py', '--cfg-path', '/tmp/tmpi03g84w7']
[2024-04-01T22:56:53.014+0000] {standard_task_runner.py:88} INFO - Job 4: Subtask import_tomtom_data_to_csv
[2024-04-01T22:56:53.237+0000] {logging_mixin.py:188} WARNING - /home/***/.local/lib/python3.8/site-packages/***/settings.py:194 DeprecationWarning: The sql_alchemy_conn option in [core] has been moved to the sql_alchemy_conn option in [database] - the old setting has been used, but please update your config.
[2024-04-01T22:56:53.459+0000] {task_command.py:423} INFO - Running <TaskInstance: tomtom.import_tomtom_data_to_csv scheduled__2024-03-27T00:00:00+00:00 [running]> on host eb2a2a17d989
[2024-04-01T22:56:54.169+0000] {taskinstance.py:2513} INFO - Exporting env vars: AIRFLOW_CTX_DAG_OWNER='***' AIRFLOW_CTX_DAG_ID='tomtom' AIRFLOW_CTX_TASK_ID='import_tomtom_data_to_csv' AIRFLOW_CTX_EXECUTION_DATE='2024-03-27T00:00:00+00:00' AIRFLOW_CTX_TRY_NUMBER='1' AIRFLOW_CTX_DAG_RUN_ID='scheduled__2024-03-27T00:00:00+00:00'
[2024-04-01T22:56:54.181+0000] {subprocess.py:63} INFO - Tmp dir root location: /tmp
[2024-04-01T22:56:54.188+0000] {subprocess.py:75} INFO - Running command: ['/usr/bin/bash', '-c', 'python /opt/***/dags/tomtom_ingestion.py --date 2024-03-27']
[2024-04-01T22:56:54.228+0000] {subprocess.py:86} INFO - Output:
[2024-04-01T22:56:59.721+0000] {subprocess.py:97} INFO - Command exited with return code 0
[2024-04-01T22:57:00.040+0000] {taskinstance.py:1149} INFO - Marking task as SUCCESS. dag_id=tomtom, task_id=import_tomtom_data_to_csv, execution_date=20240327T000000, start_date=20240401T225652, end_date=20240401T225700
[2024-04-01T22:57:00.194+0000] {local_task_job_runner.py:234} INFO - Task exited with return code 0
[2024-04-01T22:57:00.368+0000] {taskinstance.py:3312} INFO - 1 downstream tasks scheduled from follow-on schedule check
[2024-04-01T23:29:21.252+0000] {taskinstance.py:1979} INFO - Dependencies all met for dep_context=non-requeueable deps ti=<TaskInstance: tomtom.import_tomtom_data_to_csv scheduled__2024-03-27T00:00:00+00:00 [queued]>
[2024-04-01T23:29:21.329+0000] {taskinstance.py:1979} INFO - Dependencies all met for dep_context=requeueable deps ti=<TaskInstance: tomtom.import_tomtom_data_to_csv scheduled__2024-03-27T00:00:00+00:00 [queued]>
[2024-04-01T23:29:21.336+0000] {taskinstance.py:2193} INFO - Starting attempt 1 of 2
[2024-04-01T23:29:21.484+0000] {taskinstance.py:2217} INFO - Executing <Task(BashOperator): import_tomtom_data_to_csv> on 2024-03-27 00:00:00+00:00
[2024-04-01T23:29:21.508+0000] {standard_task_runner.py:60} INFO - Started process 293 to run task
[2024-04-01T23:29:21.566+0000] {standard_task_runner.py:87} INFO - Running: ['***', 'tasks', 'run', 'tomtom', 'import_tomtom_data_to_csv', 'scheduled__2024-03-27T00:00:00+00:00', '--job-id', '4', '--raw', '--subdir', 'DAGS_FOLDER/tomtom_dag.py', '--cfg-path', '/tmp/tmpc4fkh_iy']
[2024-04-01T23:29:21.580+0000] {standard_task_runner.py:88} INFO - Job 4: Subtask import_tomtom_data_to_csv
[2024-04-01T23:29:21.791+0000] {logging_mixin.py:188} WARNING - /home/***/.local/lib/python3.8/site-packages/***/settings.py:194 DeprecationWarning: The sql_alchemy_conn option in [core] has been moved to the sql_alchemy_conn option in [database] - the old setting has been used, but please update your config.
[2024-04-01T23:29:22.314+0000] {task_command.py:423} INFO - Running <TaskInstance: tomtom.import_tomtom_data_to_csv scheduled__2024-03-27T00:00:00+00:00 [running]> on host d1eaa10b3e27
[2024-04-01T23:29:22.851+0000] {taskinstance.py:2513} INFO - Exporting env vars: AIRFLOW_CTX_DAG_OWNER='***' AIRFLOW_CTX_DAG_ID='tomtom' AIRFLOW_CTX_TASK_ID='import_tomtom_data_to_csv' AIRFLOW_CTX_EXECUTION_DATE='2024-03-27T00:00:00+00:00' AIRFLOW_CTX_TRY_NUMBER='1' AIRFLOW_CTX_DAG_RUN_ID='scheduled__2024-03-27T00:00:00+00:00'
[2024-04-01T23:29:22.862+0000] {subprocess.py:63} INFO - Tmp dir root location: /tmp
[2024-04-01T23:29:22.881+0000] {subprocess.py:75} INFO - Running command: ['/usr/bin/bash', '-c', 'python /opt/***/dags/tomtom_ingestion.py --date 2024-03-27']
[2024-04-01T23:29:22.945+0000] {subprocess.py:86} INFO - Output:
[2024-04-01T23:29:29.311+0000] {subprocess.py:97} INFO - Command exited with return code 0
[2024-04-01T23:29:29.604+0000] {taskinstance.py:1149} INFO - Marking task as SUCCESS. dag_id=tomtom, task_id=import_tomtom_data_to_csv, execution_date=20240327T000000, start_date=20240401T232921, end_date=20240401T232929
[2024-04-01T23:29:29.743+0000] {local_task_job_runner.py:234} INFO - Task exited with return code 0
[2024-04-01T23:29:29.834+0000] {taskinstance.py:3312} INFO - 1 downstream tasks scheduled from follow-on schedule check
[2024-04-01T23:39:29.199+0000] {taskinstance.py:1979} INFO - Dependencies all met for dep_context=non-requeueable deps ti=<TaskInstance: tomtom.import_tomtom_data_to_csv scheduled__2024-03-27T00:00:00+00:00 [queued]>
[2024-04-01T23:39:29.320+0000] {taskinstance.py:1979} INFO - Dependencies all met for dep_context=requeueable deps ti=<TaskInstance: tomtom.import_tomtom_data_to_csv scheduled__2024-03-27T00:00:00+00:00 [queued]>
[2024-04-01T23:39:29.327+0000] {taskinstance.py:2193} INFO - Starting attempt 1 of 2
[2024-04-01T23:39:29.446+0000] {taskinstance.py:2217} INFO - Executing <Task(BashOperator): import_tomtom_data_to_csv> on 2024-03-27 00:00:00+00:00
[2024-04-01T23:39:29.480+0000] {standard_task_runner.py:60} INFO - Started process 233 to run task
[2024-04-01T23:39:29.529+0000] {standard_task_runner.py:87} INFO - Running: ['***', 'tasks', 'run', 'tomtom', 'import_tomtom_data_to_csv', 'scheduled__2024-03-27T00:00:00+00:00', '--job-id', '4', '--raw', '--subdir', 'DAGS_FOLDER/tomtom_dag.py', '--cfg-path', '/tmp/tmpd6upsqci']
[2024-04-01T23:39:29.546+0000] {standard_task_runner.py:88} INFO - Job 4: Subtask import_tomtom_data_to_csv
[2024-04-01T23:39:29.690+0000] {logging_mixin.py:188} WARNING - /home/***/.local/lib/python3.8/site-packages/***/settings.py:194 DeprecationWarning: The sql_alchemy_conn option in [core] has been moved to the sql_alchemy_conn option in [database] - the old setting has been used, but please update your config.
[2024-04-01T23:39:29.916+0000] {task_command.py:423} INFO - Running <TaskInstance: tomtom.import_tomtom_data_to_csv scheduled__2024-03-27T00:00:00+00:00 [running]> on host d0452b3aa12f
[2024-04-01T23:39:30.507+0000] {taskinstance.py:2513} INFO - Exporting env vars: AIRFLOW_CTX_DAG_OWNER='***' AIRFLOW_CTX_DAG_ID='tomtom' AIRFLOW_CTX_TASK_ID='import_tomtom_data_to_csv' AIRFLOW_CTX_EXECUTION_DATE='2024-03-27T00:00:00+00:00' AIRFLOW_CTX_TRY_NUMBER='1' AIRFLOW_CTX_DAG_RUN_ID='scheduled__2024-03-27T00:00:00+00:00'
[2024-04-01T23:39:30.524+0000] {subprocess.py:63} INFO - Tmp dir root location: /tmp
[2024-04-01T23:39:30.531+0000] {subprocess.py:75} INFO - Running command: ['/usr/bin/bash', '-c', 'python /opt/***/dags/tomtom_ingestion.py --date 2024-03-27']
[2024-04-01T23:39:30.573+0000] {subprocess.py:86} INFO - Output:
[2024-04-01T23:39:38.135+0000] {subprocess.py:97} INFO - Command exited with return code 0
[2024-04-01T23:39:38.411+0000] {taskinstance.py:1149} INFO - Marking task as SUCCESS. dag_id=tomtom, task_id=import_tomtom_data_to_csv, execution_date=20240327T000000, start_date=20240401T233929, end_date=20240401T233938
[2024-04-01T23:39:38.581+0000] {local_task_job_runner.py:234} INFO - Task exited with return code 0
[2024-04-01T23:39:38.686+0000] {taskinstance.py:3312} INFO - 1 downstream tasks scheduled from follow-on schedule check
[2024-04-01T23:52:54.516+0000] {taskinstance.py:1979} INFO - Dependencies all met for dep_context=non-requeueable deps ti=<TaskInstance: tomtom.import_tomtom_data_to_csv scheduled__2024-03-27T00:00:00+00:00 [queued]>
[2024-04-01T23:52:54.580+0000] {taskinstance.py:1979} INFO - Dependencies all met for dep_context=requeueable deps ti=<TaskInstance: tomtom.import_tomtom_data_to_csv scheduled__2024-03-27T00:00:00+00:00 [queued]>
[2024-04-01T23:52:54.586+0000] {taskinstance.py:2193} INFO - Starting attempt 1 of 2
[2024-04-01T23:52:54.837+0000] {taskinstance.py:2217} INFO - Executing <Task(BashOperator): import_tomtom_data_to_csv> on 2024-03-27 00:00:00+00:00
[2024-04-01T23:52:54.864+0000] {standard_task_runner.py:60} INFO - Started process 233 to run task
[2024-04-01T23:52:54.916+0000] {standard_task_runner.py:87} INFO - Running: ['***', 'tasks', 'run', 'tomtom', 'import_tomtom_data_to_csv', 'scheduled__2024-03-27T00:00:00+00:00', '--job-id', '4', '--raw', '--subdir', 'DAGS_FOLDER/tomtom_dag.py', '--cfg-path', '/tmp/tmp3cu3e4jm']
[2024-04-01T23:52:54.925+0000] {standard_task_runner.py:88} INFO - Job 4: Subtask import_tomtom_data_to_csv
[2024-04-01T23:52:55.237+0000] {logging_mixin.py:188} WARNING - /home/***/.local/lib/python3.8/site-packages/***/settings.py:194 DeprecationWarning: The sql_alchemy_conn option in [core] has been moved to the sql_alchemy_conn option in [database] - the old setting has been used, but please update your config.
[2024-04-01T23:52:55.466+0000] {task_command.py:423} INFO - Running <TaskInstance: tomtom.import_tomtom_data_to_csv scheduled__2024-03-27T00:00:00+00:00 [running]> on host 20ab91caeb49
[2024-04-01T23:52:56.138+0000] {taskinstance.py:2513} INFO - Exporting env vars: AIRFLOW_CTX_DAG_OWNER='***' AIRFLOW_CTX_DAG_ID='tomtom' AIRFLOW_CTX_TASK_ID='import_tomtom_data_to_csv' AIRFLOW_CTX_EXECUTION_DATE='2024-03-27T00:00:00+00:00' AIRFLOW_CTX_TRY_NUMBER='1' AIRFLOW_CTX_DAG_RUN_ID='scheduled__2024-03-27T00:00:00+00:00'
[2024-04-01T23:52:56.145+0000] {subprocess.py:63} INFO - Tmp dir root location: /tmp
[2024-04-01T23:52:56.156+0000] {subprocess.py:75} INFO - Running command: ['/usr/bin/bash', '-c', 'python /opt/***/dags/tomtom_ingestion.py --date 2024-03-27']
[2024-04-01T23:52:56.209+0000] {subprocess.py:86} INFO - Output:
[2024-04-01T23:53:02.933+0000] {subprocess.py:97} INFO - Command exited with return code 0
[2024-04-01T23:53:03.156+0000] {taskinstance.py:1149} INFO - Marking task as SUCCESS. dag_id=tomtom, task_id=import_tomtom_data_to_csv, execution_date=20240327T000000, start_date=20240401T235254, end_date=20240401T235303
[2024-04-01T23:53:03.349+0000] {local_task_job_runner.py:234} INFO - Task exited with return code 0
[2024-04-01T23:53:03.423+0000] {taskinstance.py:3312} INFO - 1 downstream tasks scheduled from follow-on schedule check
[2024-04-02T21:26:20.958+0000] {taskinstance.py:1979} INFO - Dependencies all met for dep_context=non-requeueable deps ti=<TaskInstance: tomtom.import_tomtom_data_to_csv scheduled__2024-03-27T00:00:00+00:00 [queued]>
[2024-04-02T21:26:20.999+0000] {taskinstance.py:1979} INFO - Dependencies all met for dep_context=requeueable deps ti=<TaskInstance: tomtom.import_tomtom_data_to_csv scheduled__2024-03-27T00:00:00+00:00 [queued]>
[2024-04-02T21:26:21.005+0000] {taskinstance.py:2193} INFO - Starting attempt 1 of 2
[2024-04-02T21:26:21.385+0000] {taskinstance.py:2217} INFO - Executing <Task(BashOperator): import_tomtom_data_to_csv> on 2024-03-27 00:00:00+00:00
[2024-04-02T21:26:21.582+0000] {standard_task_runner.py:60} INFO - Started process 260 to run task
[2024-04-02T21:26:21.718+0000] {standard_task_runner.py:87} INFO - Running: ['***', 'tasks', 'run', 'tomtom', 'import_tomtom_data_to_csv', 'scheduled__2024-03-27T00:00:00+00:00', '--job-id', '3', '--raw', '--subdir', 'DAGS_FOLDER/tomtom_dag.py', '--cfg-path', '/tmp/tmpsj4qp10l']
[2024-04-02T21:26:21.781+0000] {standard_task_runner.py:88} INFO - Job 3: Subtask import_tomtom_data_to_csv
[2024-04-02T21:26:22.188+0000] {logging_mixin.py:188} WARNING - /home/***/.local/lib/python3.8/site-packages/***/settings.py:194 DeprecationWarning: The sql_alchemy_conn option in [core] has been moved to the sql_alchemy_conn option in [database] - the old setting has been used, but please update your config.
[2024-04-02T21:26:22.552+0000] {task_command.py:423} INFO - Running <TaskInstance: tomtom.import_tomtom_data_to_csv scheduled__2024-03-27T00:00:00+00:00 [running]> on host e8080c3449d7
[2024-04-02T21:26:23.186+0000] {taskinstance.py:2513} INFO - Exporting env vars: AIRFLOW_CTX_DAG_OWNER='***' AIRFLOW_CTX_DAG_ID='tomtom' AIRFLOW_CTX_TASK_ID='import_tomtom_data_to_csv' AIRFLOW_CTX_EXECUTION_DATE='2024-03-27T00:00:00+00:00' AIRFLOW_CTX_TRY_NUMBER='1' AIRFLOW_CTX_DAG_RUN_ID='scheduled__2024-03-27T00:00:00+00:00'
[2024-04-02T21:26:23.200+0000] {subprocess.py:63} INFO - Tmp dir root location: /tmp
[2024-04-02T21:26:23.204+0000] {subprocess.py:75} INFO - Running command: ['/usr/bin/bash', '-c', 'python /opt/***/dags/tomtom_ingestion.py --date 2024-03-27']
[2024-04-02T21:26:23.272+0000] {subprocess.py:86} INFO - Output:
[2024-04-02T21:26:39.804+0000] {subprocess.py:97} INFO - Command exited with return code 0
[2024-04-02T21:26:40.087+0000] {taskinstance.py:1149} INFO - Marking task as SUCCESS. dag_id=tomtom, task_id=import_tomtom_data_to_csv, execution_date=20240327T000000, start_date=20240402T212620, end_date=20240402T212640
[2024-04-02T21:26:40.421+0000] {local_task_job_runner.py:234} INFO - Task exited with return code 0
[2024-04-02T21:26:40.658+0000] {taskinstance.py:3312} INFO - 1 downstream tasks scheduled from follow-on schedule check
