[2024-03-24T16:30:10.095+0000] {taskinstance.py:1979} INFO - Dependencies all met for dep_context=non-requeueable deps ti=<TaskInstance: tomtom.import_tomtom_data_to_csv scheduled__2024-03-20T00:00:00+00:00 [queued]>
[2024-03-24T16:30:10.205+0000] {taskinstance.py:1979} INFO - Dependencies all met for dep_context=requeueable deps ti=<TaskInstance: tomtom.import_tomtom_data_to_csv scheduled__2024-03-20T00:00:00+00:00 [queued]>
[2024-03-24T16:30:10.208+0000] {taskinstance.py:2193} INFO - Starting attempt 1 of 2
[2024-03-24T16:30:10.331+0000] {taskinstance.py:2217} INFO - Executing <Task(BashOperator): import_tomtom_data_to_csv> on 2024-03-20 00:00:00+00:00
[2024-03-24T16:30:10.365+0000] {standard_task_runner.py:60} INFO - Started process 368 to run task
[2024-03-24T16:30:10.419+0000] {standard_task_runner.py:87} INFO - Running: ['***', 'tasks', 'run', 'tomtom', 'import_tomtom_data_to_csv', 'scheduled__2024-03-20T00:00:00+00:00', '--job-id', '5', '--raw', '--subdir', 'DAGS_FOLDER/tomtom_dag.py', '--cfg-path', '/tmp/tmpbe78x4oi']
[2024-03-24T16:30:10.436+0000] {standard_task_runner.py:88} INFO - Job 5: Subtask import_tomtom_data_to_csv
[2024-03-24T16:30:10.521+0000] {logging_mixin.py:188} WARNING - /home/***/.local/lib/python3.8/site-packages/***/settings.py:194 DeprecationWarning: The sql_alchemy_conn option in [core] has been moved to the sql_alchemy_conn option in [database] - the old setting has been used, but please update your config.
[2024-03-24T16:30:10.920+0000] {task_command.py:423} INFO - Running <TaskInstance: tomtom.import_tomtom_data_to_csv scheduled__2024-03-20T00:00:00+00:00 [running]> on host cc0f04bb20f0
[2024-03-24T16:30:11.627+0000] {taskinstance.py:2513} INFO - Exporting env vars: AIRFLOW_CTX_DAG_OWNER='***' AIRFLOW_CTX_DAG_ID='tomtom' AIRFLOW_CTX_TASK_ID='import_tomtom_data_to_csv' AIRFLOW_CTX_EXECUTION_DATE='2024-03-20T00:00:00+00:00' AIRFLOW_CTX_TRY_NUMBER='1' AIRFLOW_CTX_DAG_RUN_ID='scheduled__2024-03-20T00:00:00+00:00'
[2024-03-24T16:30:11.647+0000] {subprocess.py:63} INFO - Tmp dir root location: /tmp
[2024-03-24T16:30:11.653+0000] {subprocess.py:75} INFO - Running command: ['/usr/bin/bash', '-c', 'python /opt/***/dags/tomtom_ingestion.py --date 2024-03-20']
[2024-03-24T16:30:11.721+0000] {subprocess.py:86} INFO - Output:
[2024-03-24T16:30:23.838+0000] {subprocess.py:97} INFO - Command exited with return code 0
[2024-03-24T16:30:24.018+0000] {taskinstance.py:1149} INFO - Marking task as SUCCESS. dag_id=tomtom, task_id=import_tomtom_data_to_csv, execution_date=20240320T000000, start_date=20240324T163010, end_date=20240324T163024
[2024-03-24T16:30:24.230+0000] {local_task_job_runner.py:234} INFO - Task exited with return code 0
[2024-03-24T16:30:24.365+0000] {taskinstance.py:3312} INFO - 1 downstream tasks scheduled from follow-on schedule check
[2024-03-24T16:50:25.254+0000] {taskinstance.py:1979} INFO - Dependencies all met for dep_context=non-requeueable deps ti=<TaskInstance: tomtom.import_tomtom_data_to_csv scheduled__2024-03-20T00:00:00+00:00 [queued]>
[2024-03-24T16:50:25.342+0000] {taskinstance.py:1979} INFO - Dependencies all met for dep_context=requeueable deps ti=<TaskInstance: tomtom.import_tomtom_data_to_csv scheduled__2024-03-20T00:00:00+00:00 [queued]>
[2024-03-24T16:50:25.346+0000] {taskinstance.py:2193} INFO - Starting attempt 1 of 2
[2024-03-24T16:50:25.634+0000] {taskinstance.py:2217} INFO - Executing <Task(BashOperator): import_tomtom_data_to_csv> on 2024-03-20 00:00:00+00:00
[2024-03-24T16:50:25.654+0000] {standard_task_runner.py:60} INFO - Started process 263 to run task
[2024-03-24T16:50:25.738+0000] {standard_task_runner.py:87} INFO - Running: ['***', 'tasks', 'run', 'tomtom', 'import_tomtom_data_to_csv', 'scheduled__2024-03-20T00:00:00+00:00', '--job-id', '5', '--raw', '--subdir', 'DAGS_FOLDER/tomtom_dag.py', '--cfg-path', '/tmp/tmpvuytluer']
[2024-03-24T16:50:25.746+0000] {standard_task_runner.py:88} INFO - Job 5: Subtask import_tomtom_data_to_csv
[2024-03-24T16:50:25.909+0000] {logging_mixin.py:188} WARNING - /home/***/.local/lib/python3.8/site-packages/***/settings.py:194 DeprecationWarning: The sql_alchemy_conn option in [core] has been moved to the sql_alchemy_conn option in [database] - the old setting has been used, but please update your config.
[2024-03-24T16:50:26.356+0000] {task_command.py:423} INFO - Running <TaskInstance: tomtom.import_tomtom_data_to_csv scheduled__2024-03-20T00:00:00+00:00 [running]> on host 1ef4dfe662c6
[2024-03-24T16:50:27.191+0000] {taskinstance.py:2513} INFO - Exporting env vars: AIRFLOW_CTX_DAG_OWNER='***' AIRFLOW_CTX_DAG_ID='tomtom' AIRFLOW_CTX_TASK_ID='import_tomtom_data_to_csv' AIRFLOW_CTX_EXECUTION_DATE='2024-03-20T00:00:00+00:00' AIRFLOW_CTX_TRY_NUMBER='1' AIRFLOW_CTX_DAG_RUN_ID='scheduled__2024-03-20T00:00:00+00:00'
[2024-03-24T16:50:27.198+0000] {subprocess.py:63} INFO - Tmp dir root location: /tmp
[2024-03-24T16:50:27.205+0000] {subprocess.py:75} INFO - Running command: ['/usr/bin/bash', '-c', 'python /opt/***/dags/tomtom_ingestion.py --date 2024-03-20']
[2024-03-24T16:50:27.320+0000] {subprocess.py:86} INFO - Output:
[2024-03-24T16:50:38.839+0000] {subprocess.py:97} INFO - Command exited with return code 0
[2024-03-24T16:50:39.091+0000] {taskinstance.py:1149} INFO - Marking task as SUCCESS. dag_id=tomtom, task_id=import_tomtom_data_to_csv, execution_date=20240320T000000, start_date=20240324T165025, end_date=20240324T165039
[2024-03-24T16:50:39.303+0000] {local_task_job_runner.py:234} INFO - Task exited with return code 0
[2024-03-24T16:50:39.442+0000] {taskinstance.py:3312} INFO - 1 downstream tasks scheduled from follow-on schedule check
[2024-03-24T17:28:52.743+0000] {taskinstance.py:1979} INFO - Dependencies all met for dep_context=non-requeueable deps ti=<TaskInstance: tomtom.import_tomtom_data_to_csv scheduled__2024-03-20T00:00:00+00:00 [queued]>
[2024-03-24T17:28:52.888+0000] {taskinstance.py:1979} INFO - Dependencies all met for dep_context=requeueable deps ti=<TaskInstance: tomtom.import_tomtom_data_to_csv scheduled__2024-03-20T00:00:00+00:00 [queued]>
[2024-03-24T17:28:52.890+0000] {taskinstance.py:2193} INFO - Starting attempt 1 of 2
[2024-03-24T17:28:52.982+0000] {taskinstance.py:2217} INFO - Executing <Task(BashOperator): import_tomtom_data_to_csv> on 2024-03-20 00:00:00+00:00
[2024-03-24T17:28:53.022+0000] {standard_task_runner.py:60} INFO - Started process 293 to run task
[2024-03-24T17:28:53.065+0000] {standard_task_runner.py:87} INFO - Running: ['***', 'tasks', 'run', 'tomtom', 'import_tomtom_data_to_csv', 'scheduled__2024-03-20T00:00:00+00:00', '--job-id', '5', '--raw', '--subdir', 'DAGS_FOLDER/tomtom_dag.py', '--cfg-path', '/tmp/tmpa7fe6n9a']
[2024-03-24T17:28:53.084+0000] {standard_task_runner.py:88} INFO - Job 5: Subtask import_tomtom_data_to_csv
[2024-03-24T17:28:53.199+0000] {logging_mixin.py:188} WARNING - /home/***/.local/lib/python3.8/site-packages/***/settings.py:194 DeprecationWarning: The sql_alchemy_conn option in [core] has been moved to the sql_alchemy_conn option in [database] - the old setting has been used, but please update your config.
[2024-03-24T17:28:53.449+0000] {task_command.py:423} INFO - Running <TaskInstance: tomtom.import_tomtom_data_to_csv scheduled__2024-03-20T00:00:00+00:00 [running]> on host 77fbfb9df273
[2024-03-24T17:28:54.806+0000] {taskinstance.py:2513} INFO - Exporting env vars: AIRFLOW_CTX_DAG_OWNER='***' AIRFLOW_CTX_DAG_ID='tomtom' AIRFLOW_CTX_TASK_ID='import_tomtom_data_to_csv' AIRFLOW_CTX_EXECUTION_DATE='2024-03-20T00:00:00+00:00' AIRFLOW_CTX_TRY_NUMBER='1' AIRFLOW_CTX_DAG_RUN_ID='scheduled__2024-03-20T00:00:00+00:00'
[2024-03-24T17:28:54.863+0000] {subprocess.py:63} INFO - Tmp dir root location: /tmp
[2024-03-24T17:28:54.875+0000] {subprocess.py:75} INFO - Running command: ['/usr/bin/bash', '-c', 'python /opt/***/dags/tomtom_ingestion.py --date 2024-03-20']
[2024-03-24T17:28:55.123+0000] {subprocess.py:86} INFO - Output:
[2024-03-24T17:29:04.643+0000] {subprocess.py:97} INFO - Command exited with return code 0
[2024-03-24T17:29:04.787+0000] {taskinstance.py:1149} INFO - Marking task as SUCCESS. dag_id=tomtom, task_id=import_tomtom_data_to_csv, execution_date=20240320T000000, start_date=20240324T172852, end_date=20240324T172904
[2024-03-24T17:29:05.068+0000] {local_task_job_runner.py:234} INFO - Task exited with return code 0
[2024-03-24T17:29:05.201+0000] {taskinstance.py:3312} INFO - 1 downstream tasks scheduled from follow-on schedule check
[2024-03-26T04:36:41.367+0000] {taskinstance.py:1979} INFO - Dependencies all met for dep_context=non-requeueable deps ti=<TaskInstance: tomtom.import_tomtom_data_to_csv scheduled__2024-03-20T00:00:00+00:00 [queued]>
[2024-03-26T04:36:41.443+0000] {taskinstance.py:1979} INFO - Dependencies all met for dep_context=requeueable deps ti=<TaskInstance: tomtom.import_tomtom_data_to_csv scheduled__2024-03-20T00:00:00+00:00 [queued]>
[2024-03-26T04:36:41.472+0000] {taskinstance.py:2193} INFO - Starting attempt 1 of 2
[2024-03-26T04:36:41.637+0000] {taskinstance.py:2217} INFO - Executing <Task(BashOperator): import_tomtom_data_to_csv> on 2024-03-20 00:00:00+00:00
[2024-03-26T04:36:41.673+0000] {standard_task_runner.py:60} INFO - Started process 276 to run task
[2024-03-26T04:36:41.762+0000] {standard_task_runner.py:87} INFO - Running: ['***', 'tasks', 'run', 'tomtom', 'import_tomtom_data_to_csv', 'scheduled__2024-03-20T00:00:00+00:00', '--job-id', '3', '--raw', '--subdir', 'DAGS_FOLDER/tomtom_dag.py', '--cfg-path', '/tmp/tmpbqs9k042']
[2024-03-26T04:36:41.785+0000] {standard_task_runner.py:88} INFO - Job 3: Subtask import_tomtom_data_to_csv
[2024-03-26T04:36:42.043+0000] {logging_mixin.py:188} WARNING - /home/***/.local/lib/python3.8/site-packages/***/settings.py:194 DeprecationWarning: The sql_alchemy_conn option in [core] has been moved to the sql_alchemy_conn option in [database] - the old setting has been used, but please update your config.
[2024-03-26T04:36:42.434+0000] {task_command.py:423} INFO - Running <TaskInstance: tomtom.import_tomtom_data_to_csv scheduled__2024-03-20T00:00:00+00:00 [running]> on host f4350bf987d3
[2024-03-26T04:36:43.559+0000] {taskinstance.py:2513} INFO - Exporting env vars: AIRFLOW_CTX_DAG_OWNER='***' AIRFLOW_CTX_DAG_ID='tomtom' AIRFLOW_CTX_TASK_ID='import_tomtom_data_to_csv' AIRFLOW_CTX_EXECUTION_DATE='2024-03-20T00:00:00+00:00' AIRFLOW_CTX_TRY_NUMBER='1' AIRFLOW_CTX_DAG_RUN_ID='scheduled__2024-03-20T00:00:00+00:00'
[2024-03-26T04:36:43.574+0000] {subprocess.py:63} INFO - Tmp dir root location: /tmp
[2024-03-26T04:36:43.579+0000] {subprocess.py:75} INFO - Running command: ['/usr/bin/bash', '-c', 'python /opt/***/dags/tomtom_ingestion.py --date 2024-03-20']
[2024-03-26T04:36:43.676+0000] {subprocess.py:86} INFO - Output:
[2024-03-26T04:36:53.446+0000] {subprocess.py:97} INFO - Command exited with return code 0
[2024-03-26T04:36:53.610+0000] {taskinstance.py:1149} INFO - Marking task as SUCCESS. dag_id=tomtom, task_id=import_tomtom_data_to_csv, execution_date=20240320T000000, start_date=20240326T043641, end_date=20240326T043653
[2024-03-26T04:36:53.783+0000] {local_task_job_runner.py:234} INFO - Task exited with return code 0
[2024-03-26T04:36:53.910+0000] {taskinstance.py:3312} INFO - 0 downstream tasks scheduled from follow-on schedule check
[2024-03-26T05:02:54.984+0000] {taskinstance.py:1979} INFO - Dependencies all met for dep_context=non-requeueable deps ti=<TaskInstance: tomtom.import_tomtom_data_to_csv scheduled__2024-03-20T00:00:00+00:00 [queued]>
[2024-03-26T05:02:55.037+0000] {taskinstance.py:1979} INFO - Dependencies all met for dep_context=requeueable deps ti=<TaskInstance: tomtom.import_tomtom_data_to_csv scheduled__2024-03-20T00:00:00+00:00 [queued]>
[2024-03-26T05:02:55.040+0000] {taskinstance.py:2193} INFO - Starting attempt 1 of 2
[2024-03-26T05:02:55.168+0000] {taskinstance.py:2217} INFO - Executing <Task(BashOperator): import_tomtom_data_to_csv> on 2024-03-20 00:00:00+00:00
[2024-03-26T05:02:55.185+0000] {standard_task_runner.py:60} INFO - Started process 257 to run task
[2024-03-26T05:02:55.234+0000] {standard_task_runner.py:87} INFO - Running: ['***', 'tasks', 'run', 'tomtom', 'import_tomtom_data_to_csv', 'scheduled__2024-03-20T00:00:00+00:00', '--job-id', '3', '--raw', '--subdir', 'DAGS_FOLDER/tomtom_dag.py', '--cfg-path', '/tmp/tmp8q3dc0z6']
[2024-03-26T05:02:55.260+0000] {standard_task_runner.py:88} INFO - Job 3: Subtask import_tomtom_data_to_csv
[2024-03-26T05:02:55.383+0000] {logging_mixin.py:188} WARNING - /home/***/.local/lib/python3.8/site-packages/***/settings.py:194 DeprecationWarning: The sql_alchemy_conn option in [core] has been moved to the sql_alchemy_conn option in [database] - the old setting has been used, but please update your config.
[2024-03-26T05:02:55.753+0000] {task_command.py:423} INFO - Running <TaskInstance: tomtom.import_tomtom_data_to_csv scheduled__2024-03-20T00:00:00+00:00 [running]> on host 2d9dc956d0da
[2024-03-26T05:02:57.287+0000] {taskinstance.py:2513} INFO - Exporting env vars: AIRFLOW_CTX_DAG_OWNER='***' AIRFLOW_CTX_DAG_ID='tomtom' AIRFLOW_CTX_TASK_ID='import_tomtom_data_to_csv' AIRFLOW_CTX_EXECUTION_DATE='2024-03-20T00:00:00+00:00' AIRFLOW_CTX_TRY_NUMBER='1' AIRFLOW_CTX_DAG_RUN_ID='scheduled__2024-03-20T00:00:00+00:00'
[2024-03-26T05:02:57.328+0000] {subprocess.py:63} INFO - Tmp dir root location: /tmp
[2024-03-26T05:02:57.335+0000] {subprocess.py:75} INFO - Running command: ['/usr/bin/bash', '-c', 'python /opt/***/dags/tomtom_ingestion.py --date 2024-03-20']
[2024-03-26T05:02:57.425+0000] {subprocess.py:86} INFO - Output:
[2024-03-26T05:03:07.378+0000] {subprocess.py:97} INFO - Command exited with return code 0
[2024-03-26T05:03:07.726+0000] {taskinstance.py:1149} INFO - Marking task as SUCCESS. dag_id=tomtom, task_id=import_tomtom_data_to_csv, execution_date=20240320T000000, start_date=20240326T050254, end_date=20240326T050307
[2024-03-26T05:03:07.887+0000] {local_task_job_runner.py:234} INFO - Task exited with return code 0
[2024-03-26T05:03:08.111+0000] {taskinstance.py:3312} INFO - 1 downstream tasks scheduled from follow-on schedule check
