[2024-03-26T04:36:44.269+0000] {taskinstance.py:1979} INFO - Dependencies all met for dep_context=non-requeueable deps ti=<TaskInstance: tomtom.import_tomtom_data_to_csv scheduled__2024-03-25T00:00:00+00:00 [queued]>
[2024-03-26T04:36:44.337+0000] {taskinstance.py:1979} INFO - Dependencies all met for dep_context=requeueable deps ti=<TaskInstance: tomtom.import_tomtom_data_to_csv scheduled__2024-03-25T00:00:00+00:00 [queued]>
[2024-03-26T04:36:44.340+0000] {taskinstance.py:2193} INFO - Starting attempt 1 of 2
[2024-03-26T04:36:44.432+0000] {taskinstance.py:2217} INFO - Executing <Task(BashOperator): import_tomtom_data_to_csv> on 2024-03-25 00:00:00+00:00
[2024-03-26T04:36:44.458+0000] {standard_task_runner.py:60} INFO - Started process 286 to run task
[2024-03-26T04:36:44.524+0000] {standard_task_runner.py:87} INFO - Running: ['***', 'tasks', 'run', 'tomtom', 'import_tomtom_data_to_csv', 'scheduled__2024-03-25T00:00:00+00:00', '--job-id', '8', '--raw', '--subdir', 'DAGS_FOLDER/tomtom_dag.py', '--cfg-path', '/tmp/tmpjthidl4t']
[2024-03-26T04:36:44.539+0000] {standard_task_runner.py:88} INFO - Job 8: Subtask import_tomtom_data_to_csv
[2024-03-26T04:36:44.656+0000] {logging_mixin.py:188} WARNING - /home/***/.local/lib/python3.8/site-packages/***/settings.py:194 DeprecationWarning: The sql_alchemy_conn option in [core] has been moved to the sql_alchemy_conn option in [database] - the old setting has been used, but please update your config.
[2024-03-26T04:36:45.123+0000] {task_command.py:423} INFO - Running <TaskInstance: tomtom.import_tomtom_data_to_csv scheduled__2024-03-25T00:00:00+00:00 [running]> on host f4350bf987d3
[2024-03-26T04:36:45.835+0000] {taskinstance.py:2513} INFO - Exporting env vars: AIRFLOW_CTX_DAG_OWNER='***' AIRFLOW_CTX_DAG_ID='tomtom' AIRFLOW_CTX_TASK_ID='import_tomtom_data_to_csv' AIRFLOW_CTX_EXECUTION_DATE='2024-03-25T00:00:00+00:00' AIRFLOW_CTX_TRY_NUMBER='1' AIRFLOW_CTX_DAG_RUN_ID='scheduled__2024-03-25T00:00:00+00:00'
[2024-03-26T04:36:45.839+0000] {subprocess.py:63} INFO - Tmp dir root location: /tmp
[2024-03-26T04:36:45.843+0000] {subprocess.py:75} INFO - Running command: ['/usr/bin/bash', '-c', 'python /opt/***/dags/tomtom_ingestion.py --date 2024-03-25']
[2024-03-26T04:36:45.888+0000] {subprocess.py:86} INFO - Output:
[2024-03-26T04:36:53.238+0000] {subprocess.py:97} INFO - Command exited with return code 0
[2024-03-26T04:36:53.389+0000] {taskinstance.py:1149} INFO - Marking task as SUCCESS. dag_id=tomtom, task_id=import_tomtom_data_to_csv, execution_date=20240325T000000, start_date=20240326T043644, end_date=20240326T043653
[2024-03-26T04:36:53.610+0000] {local_task_job_runner.py:234} INFO - Task exited with return code 0
[2024-03-26T04:36:53.736+0000] {taskinstance.py:3312} INFO - 1 downstream tasks scheduled from follow-on schedule check
[2024-03-26T05:02:58.965+0000] {taskinstance.py:1979} INFO - Dependencies all met for dep_context=non-requeueable deps ti=<TaskInstance: tomtom.import_tomtom_data_to_csv scheduled__2024-03-25T00:00:00+00:00 [queued]>
[2024-03-26T05:02:59.045+0000] {taskinstance.py:1979} INFO - Dependencies all met for dep_context=requeueable deps ti=<TaskInstance: tomtom.import_tomtom_data_to_csv scheduled__2024-03-25T00:00:00+00:00 [queued]>
[2024-03-26T05:02:59.047+0000] {taskinstance.py:2193} INFO - Starting attempt 1 of 2
[2024-03-26T05:02:59.132+0000] {taskinstance.py:2217} INFO - Executing <Task(BashOperator): import_tomtom_data_to_csv> on 2024-03-25 00:00:00+00:00
[2024-03-26T05:02:59.159+0000] {standard_task_runner.py:60} INFO - Started process 284 to run task
[2024-03-26T05:02:59.200+0000] {standard_task_runner.py:87} INFO - Running: ['***', 'tasks', 'run', 'tomtom', 'import_tomtom_data_to_csv', 'scheduled__2024-03-25T00:00:00+00:00', '--job-id', '8', '--raw', '--subdir', 'DAGS_FOLDER/tomtom_dag.py', '--cfg-path', '/tmp/tmpq117hnk3']
[2024-03-26T05:02:59.227+0000] {standard_task_runner.py:88} INFO - Job 8: Subtask import_tomtom_data_to_csv
[2024-03-26T05:02:59.348+0000] {logging_mixin.py:188} WARNING - /home/***/.local/lib/python3.8/site-packages/***/settings.py:194 DeprecationWarning: The sql_alchemy_conn option in [core] has been moved to the sql_alchemy_conn option in [database] - the old setting has been used, but please update your config.
[2024-03-26T05:02:59.616+0000] {task_command.py:423} INFO - Running <TaskInstance: tomtom.import_tomtom_data_to_csv scheduled__2024-03-25T00:00:00+00:00 [running]> on host 2d9dc956d0da
[2024-03-26T05:03:00.179+0000] {taskinstance.py:2513} INFO - Exporting env vars: AIRFLOW_CTX_DAG_OWNER='***' AIRFLOW_CTX_DAG_ID='tomtom' AIRFLOW_CTX_TASK_ID='import_tomtom_data_to_csv' AIRFLOW_CTX_EXECUTION_DATE='2024-03-25T00:00:00+00:00' AIRFLOW_CTX_TRY_NUMBER='1' AIRFLOW_CTX_DAG_RUN_ID='scheduled__2024-03-25T00:00:00+00:00'
[2024-03-26T05:03:00.200+0000] {subprocess.py:63} INFO - Tmp dir root location: /tmp
[2024-03-26T05:03:00.209+0000] {subprocess.py:75} INFO - Running command: ['/usr/bin/bash', '-c', 'python /opt/***/dags/tomtom_ingestion.py --date 2024-03-25']
[2024-03-26T05:03:00.312+0000] {subprocess.py:86} INFO - Output:
[2024-03-26T05:03:07.701+0000] {subprocess.py:97} INFO - Command exited with return code 0
[2024-03-26T05:03:08.014+0000] {taskinstance.py:1149} INFO - Marking task as SUCCESS. dag_id=tomtom, task_id=import_tomtom_data_to_csv, execution_date=20240325T000000, start_date=20240326T050258, end_date=20240326T050308
[2024-03-26T05:03:08.247+0000] {local_task_job_runner.py:234} INFO - Task exited with return code 0
[2024-03-26T05:03:08.319+0000] {taskinstance.py:3312} INFO - 1 downstream tasks scheduled from follow-on schedule check
[2024-03-27T02:05:34.233+0000] {taskinstance.py:1979} INFO - Dependencies all met for dep_context=non-requeueable deps ti=<TaskInstance: tomtom.import_tomtom_data_to_csv scheduled__2024-03-25T00:00:00+00:00 [queued]>
[2024-03-27T02:05:34.304+0000] {taskinstance.py:1979} INFO - Dependencies all met for dep_context=requeueable deps ti=<TaskInstance: tomtom.import_tomtom_data_to_csv scheduled__2024-03-25T00:00:00+00:00 [queued]>
[2024-03-27T02:05:34.320+0000] {taskinstance.py:2193} INFO - Starting attempt 1 of 2
[2024-03-27T02:05:34.735+0000] {taskinstance.py:2217} INFO - Executing <Task(BashOperator): import_tomtom_data_to_csv> on 2024-03-25 00:00:00+00:00
[2024-03-27T02:05:34.776+0000] {standard_task_runner.py:60} INFO - Started process 266 to run task
[2024-03-27T02:05:34.808+0000] {standard_task_runner.py:87} INFO - Running: ['***', 'tasks', 'run', 'tomtom', 'import_tomtom_data_to_csv', 'scheduled__2024-03-25T00:00:00+00:00', '--job-id', '7', '--raw', '--subdir', 'DAGS_FOLDER/tomtom_dag.py', '--cfg-path', '/tmp/tmp73hclepk']
[2024-03-27T02:05:34.831+0000] {standard_task_runner.py:88} INFO - Job 7: Subtask import_tomtom_data_to_csv
[2024-03-27T02:05:34.980+0000] {logging_mixin.py:188} WARNING - /home/***/.local/lib/python3.8/site-packages/***/settings.py:194 DeprecationWarning: The sql_alchemy_conn option in [core] has been moved to the sql_alchemy_conn option in [database] - the old setting has been used, but please update your config.
[2024-03-27T02:05:36.260+0000] {task_command.py:423} INFO - Running <TaskInstance: tomtom.import_tomtom_data_to_csv scheduled__2024-03-25T00:00:00+00:00 [running]> on host 81b1c16c3e11
[2024-03-27T02:05:38.062+0000] {taskinstance.py:2513} INFO - Exporting env vars: AIRFLOW_CTX_DAG_OWNER='***' AIRFLOW_CTX_DAG_ID='tomtom' AIRFLOW_CTX_TASK_ID='import_tomtom_data_to_csv' AIRFLOW_CTX_EXECUTION_DATE='2024-03-25T00:00:00+00:00' AIRFLOW_CTX_TRY_NUMBER='1' AIRFLOW_CTX_DAG_RUN_ID='scheduled__2024-03-25T00:00:00+00:00'
[2024-03-27T02:05:38.067+0000] {subprocess.py:63} INFO - Tmp dir root location: /tmp
[2024-03-27T02:05:38.071+0000] {subprocess.py:75} INFO - Running command: ['/usr/bin/bash', '-c', 'python /opt/***/dags/tomtom_ingestion.py --date 2024-03-25']
[2024-03-27T02:05:38.137+0000] {subprocess.py:86} INFO - Output:
[2024-03-27T02:05:52.057+0000] {subprocess.py:97} INFO - Command exited with return code 0
[2024-03-27T02:05:54.774+0000] {taskinstance.py:1149} INFO - Marking task as SUCCESS. dag_id=tomtom, task_id=import_tomtom_data_to_csv, execution_date=20240325T000000, start_date=20240327T020534, end_date=20240327T020554
[2024-03-27T02:05:55.184+0000] {local_task_job_runner.py:234} INFO - Task exited with return code 0
[2024-03-27T02:05:55.824+0000] {taskinstance.py:3312} INFO - 1 downstream tasks scheduled from follow-on schedule check
[2024-03-27T02:42:09.402+0000] {taskinstance.py:1979} INFO - Dependencies all met for dep_context=non-requeueable deps ti=<TaskInstance: tomtom.import_tomtom_data_to_csv scheduled__2024-03-25T00:00:00+00:00 [queued]>
[2024-03-27T02:42:09.453+0000] {taskinstance.py:1979} INFO - Dependencies all met for dep_context=requeueable deps ti=<TaskInstance: tomtom.import_tomtom_data_to_csv scheduled__2024-03-25T00:00:00+00:00 [queued]>
[2024-03-27T02:42:09.467+0000] {taskinstance.py:2193} INFO - Starting attempt 1 of 2
[2024-03-27T02:42:09.565+0000] {taskinstance.py:2217} INFO - Executing <Task(BashOperator): import_tomtom_data_to_csv> on 2024-03-25 00:00:00+00:00
[2024-03-27T02:42:09.588+0000] {standard_task_runner.py:60} INFO - Started process 269 to run task
[2024-03-27T02:42:09.627+0000] {standard_task_runner.py:87} INFO - Running: ['***', 'tasks', 'run', 'tomtom', 'import_tomtom_data_to_csv', 'scheduled__2024-03-25T00:00:00+00:00', '--job-id', '7', '--raw', '--subdir', 'DAGS_FOLDER/tomtom_dag.py', '--cfg-path', '/tmp/tmp5sv052p3']
[2024-03-27T02:42:09.661+0000] {standard_task_runner.py:88} INFO - Job 7: Subtask import_tomtom_data_to_csv
[2024-03-27T02:42:09.835+0000] {logging_mixin.py:188} WARNING - /home/***/.local/lib/python3.8/site-packages/***/settings.py:194 DeprecationWarning: The sql_alchemy_conn option in [core] has been moved to the sql_alchemy_conn option in [database] - the old setting has been used, but please update your config.
[2024-03-27T02:42:10.203+0000] {task_command.py:423} INFO - Running <TaskInstance: tomtom.import_tomtom_data_to_csv scheduled__2024-03-25T00:00:00+00:00 [running]> on host c1d14084e0e9
[2024-03-27T02:42:10.732+0000] {taskinstance.py:2513} INFO - Exporting env vars: AIRFLOW_CTX_DAG_OWNER='***' AIRFLOW_CTX_DAG_ID='tomtom' AIRFLOW_CTX_TASK_ID='import_tomtom_data_to_csv' AIRFLOW_CTX_EXECUTION_DATE='2024-03-25T00:00:00+00:00' AIRFLOW_CTX_TRY_NUMBER='1' AIRFLOW_CTX_DAG_RUN_ID='scheduled__2024-03-25T00:00:00+00:00'
[2024-03-27T02:42:10.750+0000] {subprocess.py:63} INFO - Tmp dir root location: /tmp
[2024-03-27T02:42:10.754+0000] {subprocess.py:75} INFO - Running command: ['/usr/bin/bash', '-c', 'python /opt/***/dags/tomtom_ingestion.py --date 2024-03-25']
[2024-03-27T02:42:10.829+0000] {subprocess.py:86} INFO - Output:
[2024-03-27T02:42:19.823+0000] {subprocess.py:97} INFO - Command exited with return code 0
[2024-03-27T02:42:20.106+0000] {taskinstance.py:1149} INFO - Marking task as SUCCESS. dag_id=tomtom, task_id=import_tomtom_data_to_csv, execution_date=20240325T000000, start_date=20240327T024209, end_date=20240327T024220
[2024-03-27T02:42:20.261+0000] {local_task_job_runner.py:234} INFO - Task exited with return code 0
[2024-03-27T02:42:20.692+0000] {taskinstance.py:3312} INFO - 1 downstream tasks scheduled from follow-on schedule check
[2024-03-27T19:26:09.617+0000] {taskinstance.py:1979} INFO - Dependencies all met for dep_context=non-requeueable deps ti=<TaskInstance: tomtom.import_tomtom_data_to_csv scheduled__2024-03-25T00:00:00+00:00 [queued]>
[2024-03-27T19:26:09.742+0000] {taskinstance.py:1979} INFO - Dependencies all met for dep_context=requeueable deps ti=<TaskInstance: tomtom.import_tomtom_data_to_csv scheduled__2024-03-25T00:00:00+00:00 [queued]>
[2024-03-27T19:26:09.758+0000] {taskinstance.py:2193} INFO - Starting attempt 1 of 2
[2024-03-27T19:26:09.898+0000] {taskinstance.py:2217} INFO - Executing <Task(BashOperator): import_tomtom_data_to_csv> on 2024-03-25 00:00:00+00:00
[2024-03-27T19:26:09.922+0000] {standard_task_runner.py:60} INFO - Started process 301 to run task
[2024-03-27T19:26:09.960+0000] {standard_task_runner.py:87} INFO - Running: ['***', 'tasks', 'run', 'tomtom', 'import_tomtom_data_to_csv', 'scheduled__2024-03-25T00:00:00+00:00', '--job-id', '7', '--raw', '--subdir', 'DAGS_FOLDER/tomtom_dag.py', '--cfg-path', '/tmp/tmp3xkcgv1o']
[2024-03-27T19:26:09.983+0000] {standard_task_runner.py:88} INFO - Job 7: Subtask import_tomtom_data_to_csv
[2024-03-27T19:26:10.140+0000] {logging_mixin.py:188} WARNING - /home/***/.local/lib/python3.8/site-packages/***/settings.py:194 DeprecationWarning: The sql_alchemy_conn option in [core] has been moved to the sql_alchemy_conn option in [database] - the old setting has been used, but please update your config.
[2024-03-27T19:26:10.530+0000] {task_command.py:423} INFO - Running <TaskInstance: tomtom.import_tomtom_data_to_csv scheduled__2024-03-25T00:00:00+00:00 [running]> on host a178f5bbaa10
[2024-03-27T19:26:11.445+0000] {taskinstance.py:2513} INFO - Exporting env vars: AIRFLOW_CTX_DAG_OWNER='***' AIRFLOW_CTX_DAG_ID='tomtom' AIRFLOW_CTX_TASK_ID='import_tomtom_data_to_csv' AIRFLOW_CTX_EXECUTION_DATE='2024-03-25T00:00:00+00:00' AIRFLOW_CTX_TRY_NUMBER='1' AIRFLOW_CTX_DAG_RUN_ID='scheduled__2024-03-25T00:00:00+00:00'
[2024-03-27T19:26:11.452+0000] {subprocess.py:63} INFO - Tmp dir root location: /tmp
[2024-03-27T19:26:11.456+0000] {subprocess.py:75} INFO - Running command: ['/usr/bin/bash', '-c', 'python /opt/***/dags/tomtom_ingestion.py --date 2024-03-25']
[2024-03-27T19:26:11.486+0000] {subprocess.py:86} INFO - Output:
[2024-03-27T19:26:19.296+0000] {subprocess.py:97} INFO - Command exited with return code 0
[2024-03-27T19:26:19.412+0000] {taskinstance.py:1149} INFO - Marking task as SUCCESS. dag_id=tomtom, task_id=import_tomtom_data_to_csv, execution_date=20240325T000000, start_date=20240327T192609, end_date=20240327T192619
[2024-03-27T19:26:19.526+0000] {local_task_job_runner.py:234} INFO - Task exited with return code 0
[2024-03-27T19:26:19.589+0000] {taskinstance.py:3312} INFO - 1 downstream tasks scheduled from follow-on schedule check
[2024-03-29T01:37:16.514+0000] {taskinstance.py:1979} INFO - Dependencies all met for dep_context=non-requeueable deps ti=<TaskInstance: tomtom.import_tomtom_data_to_csv scheduled__2024-03-25T00:00:00+00:00 [queued]>
[2024-03-29T01:37:16.884+0000] {taskinstance.py:1979} INFO - Dependencies all met for dep_context=requeueable deps ti=<TaskInstance: tomtom.import_tomtom_data_to_csv scheduled__2024-03-25T00:00:00+00:00 [queued]>
[2024-03-29T01:37:16.889+0000] {taskinstance.py:2193} INFO - Starting attempt 1 of 2
[2024-03-29T01:37:17.448+0000] {taskinstance.py:2217} INFO - Executing <Task(BashOperator): import_tomtom_data_to_csv> on 2024-03-25 00:00:00+00:00
[2024-03-29T01:37:17.478+0000] {standard_task_runner.py:60} INFO - Started process 302 to run task
[2024-03-29T01:37:17.508+0000] {standard_task_runner.py:87} INFO - Running: ['***', 'tasks', 'run', 'tomtom', 'import_tomtom_data_to_csv', 'scheduled__2024-03-25T00:00:00+00:00', '--job-id', '5', '--raw', '--subdir', 'DAGS_FOLDER/tomtom_dag.py', '--cfg-path', '/tmp/tmp5navz77z']
[2024-03-29T01:37:17.629+0000] {standard_task_runner.py:88} INFO - Job 5: Subtask import_tomtom_data_to_csv
[2024-03-29T01:37:17.810+0000] {logging_mixin.py:188} WARNING - /home/***/.local/lib/python3.8/site-packages/***/settings.py:194 DeprecationWarning: The sql_alchemy_conn option in [core] has been moved to the sql_alchemy_conn option in [database] - the old setting has been used, but please update your config.
[2024-03-29T01:37:18.191+0000] {task_command.py:423} INFO - Running <TaskInstance: tomtom.import_tomtom_data_to_csv scheduled__2024-03-25T00:00:00+00:00 [running]> on host 48a08da0e38c
[2024-03-29T01:37:19.885+0000] {taskinstance.py:2513} INFO - Exporting env vars: AIRFLOW_CTX_DAG_OWNER='***' AIRFLOW_CTX_DAG_ID='tomtom' AIRFLOW_CTX_TASK_ID='import_tomtom_data_to_csv' AIRFLOW_CTX_EXECUTION_DATE='2024-03-25T00:00:00+00:00' AIRFLOW_CTX_TRY_NUMBER='1' AIRFLOW_CTX_DAG_RUN_ID='scheduled__2024-03-25T00:00:00+00:00'
[2024-03-29T01:37:19.895+0000] {subprocess.py:63} INFO - Tmp dir root location: /tmp
[2024-03-29T01:37:19.901+0000] {subprocess.py:75} INFO - Running command: ['/usr/bin/bash', '-c', 'python /opt/***/dags/tomtom_ingestion.py --date 2024-03-25']
[2024-03-29T01:37:20.124+0000] {subprocess.py:86} INFO - Output:
[2024-03-29T01:37:29.784+0000] {subprocess.py:97} INFO - Command exited with return code 0
[2024-03-29T01:37:29.950+0000] {taskinstance.py:1149} INFO - Marking task as SUCCESS. dag_id=tomtom, task_id=import_tomtom_data_to_csv, execution_date=20240325T000000, start_date=20240329T013716, end_date=20240329T013729
[2024-03-29T01:37:30.140+0000] {local_task_job_runner.py:234} INFO - Task exited with return code 0
[2024-03-29T01:37:30.222+0000] {taskinstance.py:3312} INFO - 1 downstream tasks scheduled from follow-on schedule check
[2024-03-29T02:18:08.394+0000] {taskinstance.py:1979} INFO - Dependencies all met for dep_context=non-requeueable deps ti=<TaskInstance: tomtom.import_tomtom_data_to_csv scheduled__2024-03-25T00:00:00+00:00 [queued]>
[2024-03-29T02:18:08.479+0000] {taskinstance.py:1979} INFO - Dependencies all met for dep_context=requeueable deps ti=<TaskInstance: tomtom.import_tomtom_data_to_csv scheduled__2024-03-25T00:00:00+00:00 [queued]>
[2024-03-29T02:18:08.485+0000] {taskinstance.py:2193} INFO - Starting attempt 1 of 2
[2024-03-29T02:18:08.643+0000] {taskinstance.py:2217} INFO - Executing <Task(BashOperator): import_tomtom_data_to_csv> on 2024-03-25 00:00:00+00:00
[2024-03-29T02:18:08.675+0000] {standard_task_runner.py:60} INFO - Started process 297 to run task
[2024-03-29T02:18:08.691+0000] {standard_task_runner.py:87} INFO - Running: ['***', 'tasks', 'run', 'tomtom', 'import_tomtom_data_to_csv', 'scheduled__2024-03-25T00:00:00+00:00', '--job-id', '5', '--raw', '--subdir', 'DAGS_FOLDER/tomtom_dag.py', '--cfg-path', '/tmp/tmpbuz2df89']
[2024-03-29T02:18:08.718+0000] {standard_task_runner.py:88} INFO - Job 5: Subtask import_tomtom_data_to_csv
[2024-03-29T02:18:08.863+0000] {logging_mixin.py:188} WARNING - /home/***/.local/lib/python3.8/site-packages/***/settings.py:194 DeprecationWarning: The sql_alchemy_conn option in [core] has been moved to the sql_alchemy_conn option in [database] - the old setting has been used, but please update your config.
[2024-03-29T02:18:09.192+0000] {task_command.py:423} INFO - Running <TaskInstance: tomtom.import_tomtom_data_to_csv scheduled__2024-03-25T00:00:00+00:00 [running]> on host ca95eed9b9dd
[2024-03-29T02:18:09.725+0000] {taskinstance.py:2513} INFO - Exporting env vars: AIRFLOW_CTX_DAG_OWNER='***' AIRFLOW_CTX_DAG_ID='tomtom' AIRFLOW_CTX_TASK_ID='import_tomtom_data_to_csv' AIRFLOW_CTX_EXECUTION_DATE='2024-03-25T00:00:00+00:00' AIRFLOW_CTX_TRY_NUMBER='1' AIRFLOW_CTX_DAG_RUN_ID='scheduled__2024-03-25T00:00:00+00:00'
[2024-03-29T02:18:09.732+0000] {subprocess.py:63} INFO - Tmp dir root location: /tmp
[2024-03-29T02:18:09.740+0000] {subprocess.py:75} INFO - Running command: ['/usr/bin/bash', '-c', 'python /opt/***/dags/tomtom_ingestion.py --date 2024-03-25']
[2024-03-29T02:18:09.803+0000] {subprocess.py:86} INFO - Output:
[2024-03-29T02:18:15.804+0000] {subprocess.py:97} INFO - Command exited with return code 0
[2024-03-29T02:18:15.971+0000] {taskinstance.py:1149} INFO - Marking task as SUCCESS. dag_id=tomtom, task_id=import_tomtom_data_to_csv, execution_date=20240325T000000, start_date=20240329T021808, end_date=20240329T021815
[2024-03-29T02:18:16.138+0000] {local_task_job_runner.py:234} INFO - Task exited with return code 0
[2024-03-29T02:18:16.548+0000] {taskinstance.py:3312} INFO - 1 downstream tasks scheduled from follow-on schedule check
[2024-03-30T01:02:22.991+0000] {taskinstance.py:1979} INFO - Dependencies all met for dep_context=non-requeueable deps ti=<TaskInstance: tomtom.import_tomtom_data_to_csv scheduled__2024-03-25T00:00:00+00:00 [queued]>
[2024-03-30T01:02:23.033+0000] {taskinstance.py:1979} INFO - Dependencies all met for dep_context=requeueable deps ti=<TaskInstance: tomtom.import_tomtom_data_to_csv scheduled__2024-03-25T00:00:00+00:00 [queued]>
[2024-03-30T01:02:23.047+0000] {taskinstance.py:2193} INFO - Starting attempt 1 of 2
[2024-03-30T01:02:23.261+0000] {taskinstance.py:2217} INFO - Executing <Task(BashOperator): import_tomtom_data_to_csv> on 2024-03-25 00:00:00+00:00
[2024-03-30T01:02:23.319+0000] {standard_task_runner.py:60} INFO - Started process 293 to run task
[2024-03-30T01:02:23.347+0000] {standard_task_runner.py:87} INFO - Running: ['***', 'tasks', 'run', 'tomtom', 'import_tomtom_data_to_csv', 'scheduled__2024-03-25T00:00:00+00:00', '--job-id', '4', '--raw', '--subdir', 'DAGS_FOLDER/tomtom_dag.py', '--cfg-path', '/tmp/tmpc_ele6mu']
[2024-03-30T01:02:23.357+0000] {standard_task_runner.py:88} INFO - Job 4: Subtask import_tomtom_data_to_csv
[2024-03-30T01:02:23.595+0000] {logging_mixin.py:188} WARNING - /home/***/.local/lib/python3.8/site-packages/***/settings.py:194 DeprecationWarning: The sql_alchemy_conn option in [core] has been moved to the sql_alchemy_conn option in [database] - the old setting has been used, but please update your config.
[2024-03-30T01:02:23.969+0000] {task_command.py:423} INFO - Running <TaskInstance: tomtom.import_tomtom_data_to_csv scheduled__2024-03-25T00:00:00+00:00 [running]> on host 63c0a92b7fba
[2024-03-30T01:02:25.222+0000] {taskinstance.py:2513} INFO - Exporting env vars: AIRFLOW_CTX_DAG_OWNER='***' AIRFLOW_CTX_DAG_ID='tomtom' AIRFLOW_CTX_TASK_ID='import_tomtom_data_to_csv' AIRFLOW_CTX_EXECUTION_DATE='2024-03-25T00:00:00+00:00' AIRFLOW_CTX_TRY_NUMBER='1' AIRFLOW_CTX_DAG_RUN_ID='scheduled__2024-03-25T00:00:00+00:00'
[2024-03-30T01:02:25.235+0000] {subprocess.py:63} INFO - Tmp dir root location: /tmp
[2024-03-30T01:02:25.242+0000] {subprocess.py:75} INFO - Running command: ['/usr/bin/bash', '-c', 'python /opt/***/dags/tomtom_ingestion.py --date 2024-03-25']
[2024-03-30T01:02:25.718+0000] {subprocess.py:86} INFO - Output:
[2024-03-30T01:02:35.054+0000] {subprocess.py:97} INFO - Command exited with return code 0
[2024-03-30T01:02:35.184+0000] {taskinstance.py:1149} INFO - Marking task as SUCCESS. dag_id=tomtom, task_id=import_tomtom_data_to_csv, execution_date=20240325T000000, start_date=20240330T010222, end_date=20240330T010235
[2024-03-30T01:02:35.403+0000] {local_task_job_runner.py:234} INFO - Task exited with return code 0
[2024-03-30T01:02:35.523+0000] {taskinstance.py:3312} INFO - 1 downstream tasks scheduled from follow-on schedule check
[2024-03-30T19:17:55.046+0000] {taskinstance.py:1979} INFO - Dependencies all met for dep_context=non-requeueable deps ti=<TaskInstance: tomtom.import_tomtom_data_to_csv scheduled__2024-03-25T00:00:00+00:00 [queued]>
[2024-03-30T19:17:55.117+0000] {taskinstance.py:1979} INFO - Dependencies all met for dep_context=requeueable deps ti=<TaskInstance: tomtom.import_tomtom_data_to_csv scheduled__2024-03-25T00:00:00+00:00 [queued]>
[2024-03-30T19:17:55.120+0000] {taskinstance.py:2193} INFO - Starting attempt 1 of 2
[2024-03-30T19:17:55.206+0000] {taskinstance.py:2217} INFO - Executing <Task(BashOperator): import_tomtom_data_to_csv> on 2024-03-25 00:00:00+00:00
[2024-03-30T19:17:55.264+0000] {standard_task_runner.py:60} INFO - Started process 353 to run task
[2024-03-30T19:17:55.325+0000] {standard_task_runner.py:87} INFO - Running: ['***', 'tasks', 'run', 'tomtom', 'import_tomtom_data_to_csv', 'scheduled__2024-03-25T00:00:00+00:00', '--job-id', '4', '--raw', '--subdir', 'DAGS_FOLDER/tomtom_dag.py', '--cfg-path', '/tmp/tmpymfnaxny']
[2024-03-30T19:17:55.347+0000] {standard_task_runner.py:88} INFO - Job 4: Subtask import_tomtom_data_to_csv
[2024-03-30T19:17:55.623+0000] {logging_mixin.py:188} WARNING - /home/***/.local/lib/python3.8/site-packages/***/settings.py:194 DeprecationWarning: The sql_alchemy_conn option in [core] has been moved to the sql_alchemy_conn option in [database] - the old setting has been used, but please update your config.
[2024-03-30T19:17:56.080+0000] {task_command.py:423} INFO - Running <TaskInstance: tomtom.import_tomtom_data_to_csv scheduled__2024-03-25T00:00:00+00:00 [running]> on host 19ac4b08c681
[2024-03-30T19:17:56.727+0000] {taskinstance.py:2513} INFO - Exporting env vars: AIRFLOW_CTX_DAG_OWNER='***' AIRFLOW_CTX_DAG_ID='tomtom' AIRFLOW_CTX_TASK_ID='import_tomtom_data_to_csv' AIRFLOW_CTX_EXECUTION_DATE='2024-03-25T00:00:00+00:00' AIRFLOW_CTX_TRY_NUMBER='1' AIRFLOW_CTX_DAG_RUN_ID='scheduled__2024-03-25T00:00:00+00:00'
[2024-03-30T19:17:56.733+0000] {subprocess.py:63} INFO - Tmp dir root location: /tmp
[2024-03-30T19:17:56.745+0000] {subprocess.py:75} INFO - Running command: ['/usr/bin/bash', '-c', 'python /opt/***/dags/tomtom_ingestion.py --date 2024-03-25']
[2024-03-30T19:17:56.844+0000] {subprocess.py:86} INFO - Output:
[2024-03-30T19:18:04.195+0000] {subprocess.py:97} INFO - Command exited with return code 0
[2024-03-30T19:18:04.338+0000] {taskinstance.py:1149} INFO - Marking task as SUCCESS. dag_id=tomtom, task_id=import_tomtom_data_to_csv, execution_date=20240325T000000, start_date=20240330T191755, end_date=20240330T191804
[2024-03-30T19:18:04.469+0000] {local_task_job_runner.py:234} INFO - Task exited with return code 0
[2024-03-30T19:18:04.766+0000] {taskinstance.py:3312} INFO - 1 downstream tasks scheduled from follow-on schedule check
[2024-03-31T23:52:59.396+0000] {taskinstance.py:1979} INFO - Dependencies all met for dep_context=non-requeueable deps ti=<TaskInstance: tomtom.import_tomtom_data_to_csv scheduled__2024-03-25T00:00:00+00:00 [queued]>
[2024-03-31T23:52:59.436+0000] {taskinstance.py:1979} INFO - Dependencies all met for dep_context=requeueable deps ti=<TaskInstance: tomtom.import_tomtom_data_to_csv scheduled__2024-03-25T00:00:00+00:00 [queued]>
[2024-03-31T23:52:59.440+0000] {taskinstance.py:2193} INFO - Starting attempt 1 of 2
[2024-03-31T23:52:59.582+0000] {taskinstance.py:2217} INFO - Executing <Task(BashOperator): import_tomtom_data_to_csv> on 2024-03-25 00:00:00+00:00
[2024-03-31T23:52:59.610+0000] {standard_task_runner.py:60} INFO - Started process 247 to run task
[2024-03-31T23:52:59.642+0000] {standard_task_runner.py:87} INFO - Running: ['***', 'tasks', 'run', 'tomtom', 'import_tomtom_data_to_csv', 'scheduled__2024-03-25T00:00:00+00:00', '--job-id', '3', '--raw', '--subdir', 'DAGS_FOLDER/tomtom_dag.py', '--cfg-path', '/tmp/tmplrnoz0oz']
[2024-03-31T23:52:59.685+0000] {standard_task_runner.py:88} INFO - Job 3: Subtask import_tomtom_data_to_csv
[2024-03-31T23:52:59.796+0000] {logging_mixin.py:188} WARNING - /home/***/.local/lib/python3.8/site-packages/***/settings.py:194 DeprecationWarning: The sql_alchemy_conn option in [core] has been moved to the sql_alchemy_conn option in [database] - the old setting has been used, but please update your config.
[2024-03-31T23:53:00.109+0000] {task_command.py:423} INFO - Running <TaskInstance: tomtom.import_tomtom_data_to_csv scheduled__2024-03-25T00:00:00+00:00 [running]> on host eb2a2a17d989
[2024-03-31T23:53:01.056+0000] {taskinstance.py:2513} INFO - Exporting env vars: AIRFLOW_CTX_DAG_OWNER='***' AIRFLOW_CTX_DAG_ID='tomtom' AIRFLOW_CTX_TASK_ID='import_tomtom_data_to_csv' AIRFLOW_CTX_EXECUTION_DATE='2024-03-25T00:00:00+00:00' AIRFLOW_CTX_TRY_NUMBER='1' AIRFLOW_CTX_DAG_RUN_ID='scheduled__2024-03-25T00:00:00+00:00'
[2024-03-31T23:53:01.067+0000] {subprocess.py:63} INFO - Tmp dir root location: /tmp
[2024-03-31T23:53:01.074+0000] {subprocess.py:75} INFO - Running command: ['/usr/bin/bash', '-c', 'python /opt/***/dags/tomtom_ingestion.py --date 2024-03-25']
[2024-03-31T23:53:01.145+0000] {subprocess.py:86} INFO - Output:
[2024-03-31T23:53:10.246+0000] {subprocess.py:97} INFO - Command exited with return code 0
[2024-03-31T23:53:10.439+0000] {taskinstance.py:1149} INFO - Marking task as SUCCESS. dag_id=tomtom, task_id=import_tomtom_data_to_csv, execution_date=20240325T000000, start_date=20240331T235259, end_date=20240331T235310
[2024-03-31T23:53:10.571+0000] {local_task_job_runner.py:234} INFO - Task exited with return code 0
[2024-03-31T23:53:10.738+0000] {taskinstance.py:3312} INFO - 1 downstream tasks scheduled from follow-on schedule check
