[2024-03-24T16:30:10.635+0000] {taskinstance.py:1979} INFO - Dependencies all met for dep_context=non-requeueable deps ti=<TaskInstance: tomtom.import_tomtom_data_to_csv scheduled__2024-03-21T00:00:00+00:00 [queued]>
[2024-03-24T16:30:10.729+0000] {taskinstance.py:1979} INFO - Dependencies all met for dep_context=requeueable deps ti=<TaskInstance: tomtom.import_tomtom_data_to_csv scheduled__2024-03-21T00:00:00+00:00 [queued]>
[2024-03-24T16:30:10.738+0000] {taskinstance.py:2193} INFO - Starting attempt 1 of 2
[2024-03-24T16:30:10.849+0000] {taskinstance.py:2217} INFO - Executing <Task(BashOperator): import_tomtom_data_to_csv> on 2024-03-21 00:00:00+00:00
[2024-03-24T16:30:10.891+0000] {standard_task_runner.py:60} INFO - Started process 370 to run task
[2024-03-24T16:30:10.957+0000] {standard_task_runner.py:87} INFO - Running: ['***', 'tasks', 'run', 'tomtom', 'import_tomtom_data_to_csv', 'scheduled__2024-03-21T00:00:00+00:00', '--job-id', '6', '--raw', '--subdir', 'DAGS_FOLDER/tomtom_dag.py', '--cfg-path', '/tmp/tmpu8zany6e']
[2024-03-24T16:30:11.004+0000] {standard_task_runner.py:88} INFO - Job 6: Subtask import_tomtom_data_to_csv
[2024-03-24T16:30:11.185+0000] {logging_mixin.py:188} WARNING - /home/***/.local/lib/python3.8/site-packages/***/settings.py:194 DeprecationWarning: The sql_alchemy_conn option in [core] has been moved to the sql_alchemy_conn option in [database] - the old setting has been used, but please update your config.
[2024-03-24T16:30:11.593+0000] {task_command.py:423} INFO - Running <TaskInstance: tomtom.import_tomtom_data_to_csv scheduled__2024-03-21T00:00:00+00:00 [running]> on host cc0f04bb20f0
[2024-03-24T16:30:12.235+0000] {taskinstance.py:2513} INFO - Exporting env vars: AIRFLOW_CTX_DAG_OWNER='***' AIRFLOW_CTX_DAG_ID='tomtom' AIRFLOW_CTX_TASK_ID='import_tomtom_data_to_csv' AIRFLOW_CTX_EXECUTION_DATE='2024-03-21T00:00:00+00:00' AIRFLOW_CTX_TRY_NUMBER='1' AIRFLOW_CTX_DAG_RUN_ID='scheduled__2024-03-21T00:00:00+00:00'
[2024-03-24T16:30:12.238+0000] {subprocess.py:63} INFO - Tmp dir root location: /tmp
[2024-03-24T16:30:12.243+0000] {subprocess.py:75} INFO - Running command: ['/usr/bin/bash', '-c', 'python /opt/***/dags/tomtom_ingestion.py --date 2024-03-21']
[2024-03-24T16:30:12.274+0000] {subprocess.py:86} INFO - Output:
[2024-03-24T16:30:23.569+0000] {subprocess.py:97} INFO - Command exited with return code 0
[2024-03-24T16:30:23.818+0000] {taskinstance.py:1149} INFO - Marking task as SUCCESS. dag_id=tomtom, task_id=import_tomtom_data_to_csv, execution_date=20240321T000000, start_date=20240324T163010, end_date=20240324T163023
[2024-03-24T16:30:23.994+0000] {local_task_job_runner.py:234} INFO - Task exited with return code 0
[2024-03-24T16:30:24.177+0000] {taskinstance.py:3312} INFO - 1 downstream tasks scheduled from follow-on schedule check
[2024-03-24T16:50:25.682+0000] {taskinstance.py:1979} INFO - Dependencies all met for dep_context=non-requeueable deps ti=<TaskInstance: tomtom.import_tomtom_data_to_csv scheduled__2024-03-21T00:00:00+00:00 [queued]>
[2024-03-24T16:50:25.751+0000] {taskinstance.py:1979} INFO - Dependencies all met for dep_context=requeueable deps ti=<TaskInstance: tomtom.import_tomtom_data_to_csv scheduled__2024-03-21T00:00:00+00:00 [queued]>
[2024-03-24T16:50:25.754+0000] {taskinstance.py:2193} INFO - Starting attempt 1 of 2
[2024-03-24T16:50:25.843+0000] {taskinstance.py:2217} INFO - Executing <Task(BashOperator): import_tomtom_data_to_csv> on 2024-03-21 00:00:00+00:00
[2024-03-24T16:50:25.861+0000] {standard_task_runner.py:60} INFO - Started process 264 to run task
[2024-03-24T16:50:25.913+0000] {standard_task_runner.py:87} INFO - Running: ['***', 'tasks', 'run', 'tomtom', 'import_tomtom_data_to_csv', 'scheduled__2024-03-21T00:00:00+00:00', '--job-id', '6', '--raw', '--subdir', 'DAGS_FOLDER/tomtom_dag.py', '--cfg-path', '/tmp/tmpwf8nfaj7']
[2024-03-24T16:50:25.925+0000] {standard_task_runner.py:88} INFO - Job 6: Subtask import_tomtom_data_to_csv
[2024-03-24T16:50:26.217+0000] {logging_mixin.py:188} WARNING - /home/***/.local/lib/python3.8/site-packages/***/settings.py:194 DeprecationWarning: The sql_alchemy_conn option in [core] has been moved to the sql_alchemy_conn option in [database] - the old setting has been used, but please update your config.
[2024-03-24T16:50:26.592+0000] {task_command.py:423} INFO - Running <TaskInstance: tomtom.import_tomtom_data_to_csv scheduled__2024-03-21T00:00:00+00:00 [running]> on host 1ef4dfe662c6
[2024-03-24T16:50:27.354+0000] {taskinstance.py:2513} INFO - Exporting env vars: AIRFLOW_CTX_DAG_OWNER='***' AIRFLOW_CTX_DAG_ID='tomtom' AIRFLOW_CTX_TASK_ID='import_tomtom_data_to_csv' AIRFLOW_CTX_EXECUTION_DATE='2024-03-21T00:00:00+00:00' AIRFLOW_CTX_TRY_NUMBER='1' AIRFLOW_CTX_DAG_RUN_ID='scheduled__2024-03-21T00:00:00+00:00'
[2024-03-24T16:50:27.364+0000] {subprocess.py:63} INFO - Tmp dir root location: /tmp
[2024-03-24T16:50:27.370+0000] {subprocess.py:75} INFO - Running command: ['/usr/bin/bash', '-c', 'python /opt/***/dags/tomtom_ingestion.py --date 2024-03-21']
[2024-03-24T16:50:27.543+0000] {subprocess.py:86} INFO - Output:
[2024-03-24T16:50:38.987+0000] {subprocess.py:97} INFO - Command exited with return code 0
[2024-03-24T16:50:39.210+0000] {taskinstance.py:1149} INFO - Marking task as SUCCESS. dag_id=tomtom, task_id=import_tomtom_data_to_csv, execution_date=20240321T000000, start_date=20240324T165025, end_date=20240324T165039
[2024-03-24T16:50:39.290+0000] {local_task_job_runner.py:234} INFO - Task exited with return code 0
[2024-03-24T16:50:39.391+0000] {taskinstance.py:3312} INFO - 1 downstream tasks scheduled from follow-on schedule check
[2024-03-24T17:28:53.891+0000] {taskinstance.py:1979} INFO - Dependencies all met for dep_context=non-requeueable deps ti=<TaskInstance: tomtom.import_tomtom_data_to_csv scheduled__2024-03-21T00:00:00+00:00 [queued]>
[2024-03-24T17:28:53.924+0000] {taskinstance.py:1979} INFO - Dependencies all met for dep_context=requeueable deps ti=<TaskInstance: tomtom.import_tomtom_data_to_csv scheduled__2024-03-21T00:00:00+00:00 [queued]>
[2024-03-24T17:28:53.926+0000] {taskinstance.py:2193} INFO - Starting attempt 1 of 2
[2024-03-24T17:28:54.288+0000] {taskinstance.py:2217} INFO - Executing <Task(BashOperator): import_tomtom_data_to_csv> on 2024-03-21 00:00:00+00:00
[2024-03-24T17:28:54.352+0000] {standard_task_runner.py:60} INFO - Started process 300 to run task
[2024-03-24T17:28:54.397+0000] {standard_task_runner.py:87} INFO - Running: ['***', 'tasks', 'run', 'tomtom', 'import_tomtom_data_to_csv', 'scheduled__2024-03-21T00:00:00+00:00', '--job-id', '6', '--raw', '--subdir', 'DAGS_FOLDER/tomtom_dag.py', '--cfg-path', '/tmp/tmp5glw04te']
[2024-03-24T17:28:54.431+0000] {standard_task_runner.py:88} INFO - Job 6: Subtask import_tomtom_data_to_csv
[2024-03-24T17:28:54.564+0000] {logging_mixin.py:188} WARNING - /home/***/.local/lib/python3.8/site-packages/***/settings.py:194 DeprecationWarning: The sql_alchemy_conn option in [core] has been moved to the sql_alchemy_conn option in [database] - the old setting has been used, but please update your config.
[2024-03-24T17:28:55.259+0000] {task_command.py:423} INFO - Running <TaskInstance: tomtom.import_tomtom_data_to_csv scheduled__2024-03-21T00:00:00+00:00 [running]> on host 77fbfb9df273
[2024-03-24T17:28:55.983+0000] {taskinstance.py:2513} INFO - Exporting env vars: AIRFLOW_CTX_DAG_OWNER='***' AIRFLOW_CTX_DAG_ID='tomtom' AIRFLOW_CTX_TASK_ID='import_tomtom_data_to_csv' AIRFLOW_CTX_EXECUTION_DATE='2024-03-21T00:00:00+00:00' AIRFLOW_CTX_TRY_NUMBER='1' AIRFLOW_CTX_DAG_RUN_ID='scheduled__2024-03-21T00:00:00+00:00'
[2024-03-24T17:28:55.995+0000] {subprocess.py:63} INFO - Tmp dir root location: /tmp
[2024-03-24T17:28:55.998+0000] {subprocess.py:75} INFO - Running command: ['/usr/bin/bash', '-c', 'python /opt/***/dags/tomtom_ingestion.py --date 2024-03-21']
[2024-03-24T17:28:56.130+0000] {subprocess.py:86} INFO - Output:
[2024-03-24T17:29:04.519+0000] {subprocess.py:97} INFO - Command exited with return code 0
[2024-03-24T17:29:04.710+0000] {taskinstance.py:1149} INFO - Marking task as SUCCESS. dag_id=tomtom, task_id=import_tomtom_data_to_csv, execution_date=20240321T000000, start_date=20240324T172853, end_date=20240324T172904
[2024-03-24T17:29:05.074+0000] {local_task_job_runner.py:234} INFO - Task exited with return code 0
[2024-03-24T17:29:05.208+0000] {taskinstance.py:3312} INFO - 1 downstream tasks scheduled from follow-on schedule check
[2024-03-26T04:36:41.382+0000] {taskinstance.py:1979} INFO - Dependencies all met for dep_context=non-requeueable deps ti=<TaskInstance: tomtom.import_tomtom_data_to_csv scheduled__2024-03-21T00:00:00+00:00 [queued]>
[2024-03-26T04:36:41.468+0000] {taskinstance.py:1979} INFO - Dependencies all met for dep_context=requeueable deps ti=<TaskInstance: tomtom.import_tomtom_data_to_csv scheduled__2024-03-21T00:00:00+00:00 [queued]>
[2024-03-26T04:36:41.485+0000] {taskinstance.py:2193} INFO - Starting attempt 1 of 2
[2024-03-26T04:36:41.669+0000] {taskinstance.py:2217} INFO - Executing <Task(BashOperator): import_tomtom_data_to_csv> on 2024-03-21 00:00:00+00:00
[2024-03-26T04:36:41.684+0000] {standard_task_runner.py:60} INFO - Started process 277 to run task
[2024-03-26T04:36:41.700+0000] {standard_task_runner.py:87} INFO - Running: ['***', 'tasks', 'run', 'tomtom', 'import_tomtom_data_to_csv', 'scheduled__2024-03-21T00:00:00+00:00', '--job-id', '4', '--raw', '--subdir', 'DAGS_FOLDER/tomtom_dag.py', '--cfg-path', '/tmp/tmp22t70voe']
[2024-03-26T04:36:41.711+0000] {standard_task_runner.py:88} INFO - Job 4: Subtask import_tomtom_data_to_csv
[2024-03-26T04:36:41.794+0000] {logging_mixin.py:188} WARNING - /home/***/.local/lib/python3.8/site-packages/***/settings.py:194 DeprecationWarning: The sql_alchemy_conn option in [core] has been moved to the sql_alchemy_conn option in [database] - the old setting has been used, but please update your config.
[2024-03-26T04:36:42.143+0000] {task_command.py:423} INFO - Running <TaskInstance: tomtom.import_tomtom_data_to_csv scheduled__2024-03-21T00:00:00+00:00 [running]> on host f4350bf987d3
[2024-03-26T04:36:43.217+0000] {taskinstance.py:2513} INFO - Exporting env vars: AIRFLOW_CTX_DAG_OWNER='***' AIRFLOW_CTX_DAG_ID='tomtom' AIRFLOW_CTX_TASK_ID='import_tomtom_data_to_csv' AIRFLOW_CTX_EXECUTION_DATE='2024-03-21T00:00:00+00:00' AIRFLOW_CTX_TRY_NUMBER='1' AIRFLOW_CTX_DAG_RUN_ID='scheduled__2024-03-21T00:00:00+00:00'
[2024-03-26T04:36:43.226+0000] {subprocess.py:63} INFO - Tmp dir root location: /tmp
[2024-03-26T04:36:43.238+0000] {subprocess.py:75} INFO - Running command: ['/usr/bin/bash', '-c', 'python /opt/***/dags/tomtom_ingestion.py --date 2024-03-21']
[2024-03-26T04:36:43.339+0000] {subprocess.py:86} INFO - Output:
[2024-03-26T04:36:53.350+0000] {subprocess.py:97} INFO - Command exited with return code 0
[2024-03-26T04:36:53.603+0000] {taskinstance.py:1149} INFO - Marking task as SUCCESS. dag_id=tomtom, task_id=import_tomtom_data_to_csv, execution_date=20240321T000000, start_date=20240326T043641, end_date=20240326T043653
[2024-03-26T04:36:53.797+0000] {local_task_job_runner.py:234} INFO - Task exited with return code 0
[2024-03-26T04:36:53.925+0000] {taskinstance.py:3312} INFO - 0 downstream tasks scheduled from follow-on schedule check
[2024-03-26T05:02:55.477+0000] {taskinstance.py:1979} INFO - Dependencies all met for dep_context=non-requeueable deps ti=<TaskInstance: tomtom.import_tomtom_data_to_csv scheduled__2024-03-21T00:00:00+00:00 [queued]>
[2024-03-26T05:02:55.542+0000] {taskinstance.py:1979} INFO - Dependencies all met for dep_context=requeueable deps ti=<TaskInstance: tomtom.import_tomtom_data_to_csv scheduled__2024-03-21T00:00:00+00:00 [queued]>
[2024-03-26T05:02:55.544+0000] {taskinstance.py:2193} INFO - Starting attempt 1 of 2
[2024-03-26T05:02:55.689+0000] {taskinstance.py:2217} INFO - Executing <Task(BashOperator): import_tomtom_data_to_csv> on 2024-03-21 00:00:00+00:00
[2024-03-26T05:02:55.718+0000] {standard_task_runner.py:60} INFO - Started process 260 to run task
[2024-03-26T05:02:55.808+0000] {standard_task_runner.py:87} INFO - Running: ['***', 'tasks', 'run', 'tomtom', 'import_tomtom_data_to_csv', 'scheduled__2024-03-21T00:00:00+00:00', '--job-id', '4', '--raw', '--subdir', 'DAGS_FOLDER/tomtom_dag.py', '--cfg-path', '/tmp/tmpnv1038s6']
[2024-03-26T05:02:55.856+0000] {standard_task_runner.py:88} INFO - Job 4: Subtask import_tomtom_data_to_csv
[2024-03-26T05:02:55.972+0000] {logging_mixin.py:188} WARNING - /home/***/.local/lib/python3.8/site-packages/***/settings.py:194 DeprecationWarning: The sql_alchemy_conn option in [core] has been moved to the sql_alchemy_conn option in [database] - the old setting has been used, but please update your config.
[2024-03-26T05:02:56.567+0000] {task_command.py:423} INFO - Running <TaskInstance: tomtom.import_tomtom_data_to_csv scheduled__2024-03-21T00:00:00+00:00 [running]> on host 2d9dc956d0da
[2024-03-26T05:02:57.968+0000] {taskinstance.py:2513} INFO - Exporting env vars: AIRFLOW_CTX_DAG_OWNER='***' AIRFLOW_CTX_DAG_ID='tomtom' AIRFLOW_CTX_TASK_ID='import_tomtom_data_to_csv' AIRFLOW_CTX_EXECUTION_DATE='2024-03-21T00:00:00+00:00' AIRFLOW_CTX_TRY_NUMBER='1' AIRFLOW_CTX_DAG_RUN_ID='scheduled__2024-03-21T00:00:00+00:00'
[2024-03-26T05:02:57.986+0000] {subprocess.py:63} INFO - Tmp dir root location: /tmp
[2024-03-26T05:02:57.990+0000] {subprocess.py:75} INFO - Running command: ['/usr/bin/bash', '-c', 'python /opt/***/dags/tomtom_ingestion.py --date 2024-03-21']
[2024-03-26T05:02:58.152+0000] {subprocess.py:86} INFO - Output:
[2024-03-26T05:03:07.386+0000] {subprocess.py:97} INFO - Command exited with return code 0
[2024-03-26T05:03:07.628+0000] {taskinstance.py:1149} INFO - Marking task as SUCCESS. dag_id=tomtom, task_id=import_tomtom_data_to_csv, execution_date=20240321T000000, start_date=20240326T050255, end_date=20240326T050307
[2024-03-26T05:03:07.791+0000] {local_task_job_runner.py:234} INFO - Task exited with return code 0
[2024-03-26T05:03:08.016+0000] {taskinstance.py:3312} INFO - 1 downstream tasks scheduled from follow-on schedule check
[2024-03-27T02:05:31.792+0000] {taskinstance.py:1979} INFO - Dependencies all met for dep_context=non-requeueable deps ti=<TaskInstance: tomtom.import_tomtom_data_to_csv scheduled__2024-03-21T00:00:00+00:00 [queued]>
[2024-03-27T02:05:31.842+0000] {taskinstance.py:1979} INFO - Dependencies all met for dep_context=requeueable deps ti=<TaskInstance: tomtom.import_tomtom_data_to_csv scheduled__2024-03-21T00:00:00+00:00 [queued]>
[2024-03-27T02:05:31.845+0000] {taskinstance.py:2193} INFO - Starting attempt 1 of 2
[2024-03-27T02:05:31.918+0000] {taskinstance.py:2217} INFO - Executing <Task(BashOperator): import_tomtom_data_to_csv> on 2024-03-21 00:00:00+00:00
[2024-03-27T02:05:31.988+0000] {standard_task_runner.py:60} INFO - Started process 259 to run task
[2024-03-27T02:05:32.020+0000] {standard_task_runner.py:87} INFO - Running: ['***', 'tasks', 'run', 'tomtom', 'import_tomtom_data_to_csv', 'scheduled__2024-03-21T00:00:00+00:00', '--job-id', '3', '--raw', '--subdir', 'DAGS_FOLDER/tomtom_dag.py', '--cfg-path', '/tmp/tmpbpnd9n_r']
[2024-03-27T02:05:32.032+0000] {standard_task_runner.py:88} INFO - Job 3: Subtask import_tomtom_data_to_csv
[2024-03-27T02:05:32.204+0000] {logging_mixin.py:188} WARNING - /home/***/.local/lib/python3.8/site-packages/***/settings.py:194 DeprecationWarning: The sql_alchemy_conn option in [core] has been moved to the sql_alchemy_conn option in [database] - the old setting has been used, but please update your config.
[2024-03-27T02:05:32.747+0000] {task_command.py:423} INFO - Running <TaskInstance: tomtom.import_tomtom_data_to_csv scheduled__2024-03-21T00:00:00+00:00 [running]> on host 81b1c16c3e11
[2024-03-27T02:05:33.637+0000] {taskinstance.py:2513} INFO - Exporting env vars: AIRFLOW_CTX_DAG_OWNER='***' AIRFLOW_CTX_DAG_ID='tomtom' AIRFLOW_CTX_TASK_ID='import_tomtom_data_to_csv' AIRFLOW_CTX_EXECUTION_DATE='2024-03-21T00:00:00+00:00' AIRFLOW_CTX_TRY_NUMBER='1' AIRFLOW_CTX_DAG_RUN_ID='scheduled__2024-03-21T00:00:00+00:00'
[2024-03-27T02:05:33.642+0000] {subprocess.py:63} INFO - Tmp dir root location: /tmp
[2024-03-27T02:05:33.657+0000] {subprocess.py:75} INFO - Running command: ['/usr/bin/bash', '-c', 'python /opt/***/dags/tomtom_ingestion.py --date 2024-03-21']
[2024-03-27T02:05:33.749+0000] {subprocess.py:86} INFO - Output:
[2024-03-27T02:05:54.786+0000] {subprocess.py:97} INFO - Command exited with return code 0
[2024-03-27T02:05:55.258+0000] {taskinstance.py:1149} INFO - Marking task as SUCCESS. dag_id=tomtom, task_id=import_tomtom_data_to_csv, execution_date=20240321T000000, start_date=20240327T020531, end_date=20240327T020555
[2024-03-27T02:05:55.662+0000] {local_task_job_runner.py:234} INFO - Task exited with return code 0
[2024-03-27T02:05:56.082+0000] {taskinstance.py:3312} INFO - 1 downstream tasks scheduled from follow-on schedule check
[2024-03-27T02:42:07.379+0000] {taskinstance.py:1979} INFO - Dependencies all met for dep_context=non-requeueable deps ti=<TaskInstance: tomtom.import_tomtom_data_to_csv scheduled__2024-03-21T00:00:00+00:00 [queued]>
[2024-03-27T02:42:07.432+0000] {taskinstance.py:1979} INFO - Dependencies all met for dep_context=requeueable deps ti=<TaskInstance: tomtom.import_tomtom_data_to_csv scheduled__2024-03-21T00:00:00+00:00 [queued]>
[2024-03-27T02:42:07.437+0000] {taskinstance.py:2193} INFO - Starting attempt 1 of 2
[2024-03-27T02:42:07.556+0000] {taskinstance.py:2217} INFO - Executing <Task(BashOperator): import_tomtom_data_to_csv> on 2024-03-21 00:00:00+00:00
[2024-03-27T02:42:07.595+0000] {standard_task_runner.py:60} INFO - Started process 261 to run task
[2024-03-27T02:42:07.721+0000] {standard_task_runner.py:87} INFO - Running: ['***', 'tasks', 'run', 'tomtom', 'import_tomtom_data_to_csv', 'scheduled__2024-03-21T00:00:00+00:00', '--job-id', '3', '--raw', '--subdir', 'DAGS_FOLDER/tomtom_dag.py', '--cfg-path', '/tmp/tmp6t32rtbw']
[2024-03-27T02:42:07.739+0000] {standard_task_runner.py:88} INFO - Job 3: Subtask import_tomtom_data_to_csv
[2024-03-27T02:42:07.940+0000] {logging_mixin.py:188} WARNING - /home/***/.local/lib/python3.8/site-packages/***/settings.py:194 DeprecationWarning: The sql_alchemy_conn option in [core] has been moved to the sql_alchemy_conn option in [database] - the old setting has been used, but please update your config.
[2024-03-27T02:42:08.242+0000] {task_command.py:423} INFO - Running <TaskInstance: tomtom.import_tomtom_data_to_csv scheduled__2024-03-21T00:00:00+00:00 [running]> on host c1d14084e0e9
[2024-03-27T02:42:08.836+0000] {taskinstance.py:2513} INFO - Exporting env vars: AIRFLOW_CTX_DAG_OWNER='***' AIRFLOW_CTX_DAG_ID='tomtom' AIRFLOW_CTX_TASK_ID='import_tomtom_data_to_csv' AIRFLOW_CTX_EXECUTION_DATE='2024-03-21T00:00:00+00:00' AIRFLOW_CTX_TRY_NUMBER='1' AIRFLOW_CTX_DAG_RUN_ID='scheduled__2024-03-21T00:00:00+00:00'
[2024-03-27T02:42:08.843+0000] {subprocess.py:63} INFO - Tmp dir root location: /tmp
[2024-03-27T02:42:08.847+0000] {subprocess.py:75} INFO - Running command: ['/usr/bin/bash', '-c', 'python /opt/***/dags/tomtom_ingestion.py --date 2024-03-21']
[2024-03-27T02:42:08.916+0000] {subprocess.py:86} INFO - Output:
[2024-03-27T02:42:17.339+0000] {subprocess.py:97} INFO - Command exited with return code 0
[2024-03-27T02:42:17.465+0000] {taskinstance.py:1149} INFO - Marking task as SUCCESS. dag_id=tomtom, task_id=import_tomtom_data_to_csv, execution_date=20240321T000000, start_date=20240327T024207, end_date=20240327T024217
[2024-03-27T02:42:17.552+0000] {local_task_job_runner.py:234} INFO - Task exited with return code 0
[2024-03-27T02:42:17.622+0000] {taskinstance.py:3312} INFO - 1 downstream tasks scheduled from follow-on schedule check
[2024-03-27T19:26:07.282+0000] {taskinstance.py:1979} INFO - Dependencies all met for dep_context=non-requeueable deps ti=<TaskInstance: tomtom.import_tomtom_data_to_csv scheduled__2024-03-21T00:00:00+00:00 [queued]>
[2024-03-27T19:26:07.314+0000] {taskinstance.py:1979} INFO - Dependencies all met for dep_context=requeueable deps ti=<TaskInstance: tomtom.import_tomtom_data_to_csv scheduled__2024-03-21T00:00:00+00:00 [queued]>
[2024-03-27T19:26:07.321+0000] {taskinstance.py:2193} INFO - Starting attempt 1 of 2
[2024-03-27T19:26:07.414+0000] {taskinstance.py:2217} INFO - Executing <Task(BashOperator): import_tomtom_data_to_csv> on 2024-03-21 00:00:00+00:00
[2024-03-27T19:26:07.511+0000] {standard_task_runner.py:60} INFO - Started process 293 to run task
[2024-03-27T19:26:07.580+0000] {standard_task_runner.py:87} INFO - Running: ['***', 'tasks', 'run', 'tomtom', 'import_tomtom_data_to_csv', 'scheduled__2024-03-21T00:00:00+00:00', '--job-id', '3', '--raw', '--subdir', 'DAGS_FOLDER/tomtom_dag.py', '--cfg-path', '/tmp/tmpnfjhtk7o']
[2024-03-27T19:26:07.597+0000] {standard_task_runner.py:88} INFO - Job 3: Subtask import_tomtom_data_to_csv
[2024-03-27T19:26:07.764+0000] {logging_mixin.py:188} WARNING - /home/***/.local/lib/python3.8/site-packages/***/settings.py:194 DeprecationWarning: The sql_alchemy_conn option in [core] has been moved to the sql_alchemy_conn option in [database] - the old setting has been used, but please update your config.
[2024-03-27T19:26:08.393+0000] {task_command.py:423} INFO - Running <TaskInstance: tomtom.import_tomtom_data_to_csv scheduled__2024-03-21T00:00:00+00:00 [running]> on host a178f5bbaa10
[2024-03-27T19:26:09.223+0000] {taskinstance.py:2513} INFO - Exporting env vars: AIRFLOW_CTX_DAG_OWNER='***' AIRFLOW_CTX_DAG_ID='tomtom' AIRFLOW_CTX_TASK_ID='import_tomtom_data_to_csv' AIRFLOW_CTX_EXECUTION_DATE='2024-03-21T00:00:00+00:00' AIRFLOW_CTX_TRY_NUMBER='1' AIRFLOW_CTX_DAG_RUN_ID='scheduled__2024-03-21T00:00:00+00:00'
[2024-03-27T19:26:09.235+0000] {subprocess.py:63} INFO - Tmp dir root location: /tmp
[2024-03-27T19:26:09.248+0000] {subprocess.py:75} INFO - Running command: ['/usr/bin/bash', '-c', 'python /opt/***/dags/tomtom_ingestion.py --date 2024-03-21']
[2024-03-27T19:26:09.356+0000] {subprocess.py:86} INFO - Output:
[2024-03-27T19:26:21.855+0000] {subprocess.py:97} INFO - Command exited with return code 0
[2024-03-27T19:26:21.990+0000] {taskinstance.py:1149} INFO - Marking task as SUCCESS. dag_id=tomtom, task_id=import_tomtom_data_to_csv, execution_date=20240321T000000, start_date=20240327T192607, end_date=20240327T192621
[2024-03-27T19:26:22.196+0000] {local_task_job_runner.py:234} INFO - Task exited with return code 0
[2024-03-27T19:26:22.290+0000] {taskinstance.py:3312} INFO - 1 downstream tasks scheduled from follow-on schedule check
