[2024-03-24T16:30:11.369+0000] {taskinstance.py:1979} INFO - Dependencies all met for dep_context=non-requeueable deps ti=<TaskInstance: tomtom.import_tomtom_data_to_csv scheduled__2024-03-22T00:00:00+00:00 [queued]>
[2024-03-24T16:30:11.432+0000] {taskinstance.py:1979} INFO - Dependencies all met for dep_context=requeueable deps ti=<TaskInstance: tomtom.import_tomtom_data_to_csv scheduled__2024-03-22T00:00:00+00:00 [queued]>
[2024-03-24T16:30:11.440+0000] {taskinstance.py:2193} INFO - Starting attempt 1 of 2
[2024-03-24T16:30:11.913+0000] {taskinstance.py:2217} INFO - Executing <Task(BashOperator): import_tomtom_data_to_csv> on 2024-03-22 00:00:00+00:00
[2024-03-24T16:30:11.944+0000] {standard_task_runner.py:60} INFO - Started process 374 to run task
[2024-03-24T16:30:11.975+0000] {standard_task_runner.py:87} INFO - Running: ['***', 'tasks', 'run', 'tomtom', 'import_tomtom_data_to_csv', 'scheduled__2024-03-22T00:00:00+00:00', '--job-id', '7', '--raw', '--subdir', 'DAGS_FOLDER/tomtom_dag.py', '--cfg-path', '/tmp/tmp4nenn7_0']
[2024-03-24T16:30:12.003+0000] {standard_task_runner.py:88} INFO - Job 7: Subtask import_tomtom_data_to_csv
[2024-03-24T16:30:12.103+0000] {logging_mixin.py:188} WARNING - /home/***/.local/lib/python3.8/site-packages/***/settings.py:194 DeprecationWarning: The sql_alchemy_conn option in [core] has been moved to the sql_alchemy_conn option in [database] - the old setting has been used, but please update your config.
[2024-03-24T16:30:12.640+0000] {task_command.py:423} INFO - Running <TaskInstance: tomtom.import_tomtom_data_to_csv scheduled__2024-03-22T00:00:00+00:00 [running]> on host cc0f04bb20f0
[2024-03-24T16:30:13.493+0000] {taskinstance.py:2513} INFO - Exporting env vars: AIRFLOW_CTX_DAG_OWNER='***' AIRFLOW_CTX_DAG_ID='tomtom' AIRFLOW_CTX_TASK_ID='import_tomtom_data_to_csv' AIRFLOW_CTX_EXECUTION_DATE='2024-03-22T00:00:00+00:00' AIRFLOW_CTX_TRY_NUMBER='1' AIRFLOW_CTX_DAG_RUN_ID='scheduled__2024-03-22T00:00:00+00:00'
[2024-03-24T16:30:13.506+0000] {subprocess.py:63} INFO - Tmp dir root location: /tmp
[2024-03-24T16:30:13.519+0000] {subprocess.py:75} INFO - Running command: ['/usr/bin/bash', '-c', 'python /opt/***/dags/tomtom_ingestion.py --date 2024-03-22']
[2024-03-24T16:30:13.627+0000] {subprocess.py:86} INFO - Output:
[2024-03-24T16:30:23.935+0000] {subprocess.py:97} INFO - Command exited with return code 0
[2024-03-24T16:30:24.142+0000] {taskinstance.py:1149} INFO - Marking task as SUCCESS. dag_id=tomtom, task_id=import_tomtom_data_to_csv, execution_date=20240322T000000, start_date=20240324T163011, end_date=20240324T163024
[2024-03-24T16:30:24.316+0000] {local_task_job_runner.py:234} INFO - Task exited with return code 0
[2024-03-24T16:30:24.401+0000] {taskinstance.py:3312} INFO - 1 downstream tasks scheduled from follow-on schedule check
[2024-03-24T16:50:26.060+0000] {taskinstance.py:1979} INFO - Dependencies all met for dep_context=non-requeueable deps ti=<TaskInstance: tomtom.import_tomtom_data_to_csv scheduled__2024-03-22T00:00:00+00:00 [queued]>
[2024-03-24T16:50:26.180+0000] {taskinstance.py:1979} INFO - Dependencies all met for dep_context=requeueable deps ti=<TaskInstance: tomtom.import_tomtom_data_to_csv scheduled__2024-03-22T00:00:00+00:00 [queued]>
[2024-03-24T16:50:26.190+0000] {taskinstance.py:2193} INFO - Starting attempt 1 of 2
[2024-03-24T16:50:26.321+0000] {taskinstance.py:2217} INFO - Executing <Task(BashOperator): import_tomtom_data_to_csv> on 2024-03-22 00:00:00+00:00
[2024-03-24T16:50:26.368+0000] {standard_task_runner.py:60} INFO - Started process 267 to run task
[2024-03-24T16:50:26.388+0000] {standard_task_runner.py:87} INFO - Running: ['***', 'tasks', 'run', 'tomtom', 'import_tomtom_data_to_csv', 'scheduled__2024-03-22T00:00:00+00:00', '--job-id', '7', '--raw', '--subdir', 'DAGS_FOLDER/tomtom_dag.py', '--cfg-path', '/tmp/tmpyb08yiep']
[2024-03-24T16:50:26.423+0000] {standard_task_runner.py:88} INFO - Job 7: Subtask import_tomtom_data_to_csv
[2024-03-24T16:50:26.596+0000] {logging_mixin.py:188} WARNING - /home/***/.local/lib/python3.8/site-packages/***/settings.py:194 DeprecationWarning: The sql_alchemy_conn option in [core] has been moved to the sql_alchemy_conn option in [database] - the old setting has been used, but please update your config.
[2024-03-24T16:50:27.063+0000] {task_command.py:423} INFO - Running <TaskInstance: tomtom.import_tomtom_data_to_csv scheduled__2024-03-22T00:00:00+00:00 [running]> on host 1ef4dfe662c6
[2024-03-24T16:50:27.980+0000] {taskinstance.py:2513} INFO - Exporting env vars: AIRFLOW_CTX_DAG_OWNER='***' AIRFLOW_CTX_DAG_ID='tomtom' AIRFLOW_CTX_TASK_ID='import_tomtom_data_to_csv' AIRFLOW_CTX_EXECUTION_DATE='2024-03-22T00:00:00+00:00' AIRFLOW_CTX_TRY_NUMBER='1' AIRFLOW_CTX_DAG_RUN_ID='scheduled__2024-03-22T00:00:00+00:00'
[2024-03-24T16:50:28.009+0000] {subprocess.py:63} INFO - Tmp dir root location: /tmp
[2024-03-24T16:50:28.021+0000] {subprocess.py:75} INFO - Running command: ['/usr/bin/bash', '-c', 'python /opt/***/dags/tomtom_ingestion.py --date 2024-03-22']
[2024-03-24T16:50:28.076+0000] {subprocess.py:86} INFO - Output:
[2024-03-24T16:50:38.936+0000] {subprocess.py:97} INFO - Command exited with return code 0
[2024-03-24T16:50:39.076+0000] {taskinstance.py:1149} INFO - Marking task as SUCCESS. dag_id=tomtom, task_id=import_tomtom_data_to_csv, execution_date=20240322T000000, start_date=20240324T165026, end_date=20240324T165039
[2024-03-24T16:50:39.249+0000] {local_task_job_runner.py:234} INFO - Task exited with return code 0
[2024-03-24T16:50:39.362+0000] {taskinstance.py:3312} INFO - 1 downstream tasks scheduled from follow-on schedule check
[2024-03-24T17:28:54.791+0000] {taskinstance.py:1979} INFO - Dependencies all met for dep_context=non-requeueable deps ti=<TaskInstance: tomtom.import_tomtom_data_to_csv scheduled__2024-03-22T00:00:00+00:00 [queued]>
[2024-03-24T17:28:54.992+0000] {taskinstance.py:1979} INFO - Dependencies all met for dep_context=requeueable deps ti=<TaskInstance: tomtom.import_tomtom_data_to_csv scheduled__2024-03-22T00:00:00+00:00 [queued]>
[2024-03-24T17:28:55.006+0000] {taskinstance.py:2193} INFO - Starting attempt 1 of 2
[2024-03-24T17:28:55.270+0000] {taskinstance.py:2217} INFO - Executing <Task(BashOperator): import_tomtom_data_to_csv> on 2024-03-22 00:00:00+00:00
[2024-03-24T17:28:55.284+0000] {standard_task_runner.py:60} INFO - Started process 308 to run task
[2024-03-24T17:28:55.355+0000] {standard_task_runner.py:87} INFO - Running: ['***', 'tasks', 'run', 'tomtom', 'import_tomtom_data_to_csv', 'scheduled__2024-03-22T00:00:00+00:00', '--job-id', '7', '--raw', '--subdir', 'DAGS_FOLDER/tomtom_dag.py', '--cfg-path', '/tmp/tmpj2qm9u8m']
[2024-03-24T17:28:55.408+0000] {standard_task_runner.py:88} INFO - Job 7: Subtask import_tomtom_data_to_csv
[2024-03-24T17:28:55.599+0000] {logging_mixin.py:188} WARNING - /home/***/.local/lib/python3.8/site-packages/***/settings.py:194 DeprecationWarning: The sql_alchemy_conn option in [core] has been moved to the sql_alchemy_conn option in [database] - the old setting has been used, but please update your config.
[2024-03-24T17:28:55.965+0000] {task_command.py:423} INFO - Running <TaskInstance: tomtom.import_tomtom_data_to_csv scheduled__2024-03-22T00:00:00+00:00 [running]> on host 77fbfb9df273
[2024-03-24T17:28:56.564+0000] {taskinstance.py:2513} INFO - Exporting env vars: AIRFLOW_CTX_DAG_OWNER='***' AIRFLOW_CTX_DAG_ID='tomtom' AIRFLOW_CTX_TASK_ID='import_tomtom_data_to_csv' AIRFLOW_CTX_EXECUTION_DATE='2024-03-22T00:00:00+00:00' AIRFLOW_CTX_TRY_NUMBER='1' AIRFLOW_CTX_DAG_RUN_ID='scheduled__2024-03-22T00:00:00+00:00'
[2024-03-24T17:28:56.567+0000] {subprocess.py:63} INFO - Tmp dir root location: /tmp
[2024-03-24T17:28:56.569+0000] {subprocess.py:75} INFO - Running command: ['/usr/bin/bash', '-c', 'python /opt/***/dags/tomtom_ingestion.py --date 2024-03-22']
[2024-03-24T17:28:56.632+0000] {subprocess.py:86} INFO - Output:
[2024-03-24T17:29:04.792+0000] {subprocess.py:97} INFO - Command exited with return code 0
[2024-03-24T17:29:04.859+0000] {taskinstance.py:1149} INFO - Marking task as SUCCESS. dag_id=tomtom, task_id=import_tomtom_data_to_csv, execution_date=20240322T000000, start_date=20240324T172854, end_date=20240324T172904
[2024-03-24T17:29:05.081+0000] {local_task_job_runner.py:234} INFO - Task exited with return code 0
[2024-03-24T17:29:05.175+0000] {taskinstance.py:3312} INFO - 1 downstream tasks scheduled from follow-on schedule check
[2024-03-26T04:36:42.360+0000] {taskinstance.py:1979} INFO - Dependencies all met for dep_context=non-requeueable deps ti=<TaskInstance: tomtom.import_tomtom_data_to_csv scheduled__2024-03-22T00:00:00+00:00 [queued]>
[2024-03-26T04:36:42.425+0000] {taskinstance.py:1979} INFO - Dependencies all met for dep_context=requeueable deps ti=<TaskInstance: tomtom.import_tomtom_data_to_csv scheduled__2024-03-22T00:00:00+00:00 [queued]>
[2024-03-26T04:36:42.453+0000] {taskinstance.py:2193} INFO - Starting attempt 1 of 2
[2024-03-26T04:36:42.531+0000] {taskinstance.py:2217} INFO - Executing <Task(BashOperator): import_tomtom_data_to_csv> on 2024-03-22 00:00:00+00:00
[2024-03-26T04:36:42.553+0000] {standard_task_runner.py:60} INFO - Started process 279 to run task
[2024-03-26T04:36:42.632+0000] {standard_task_runner.py:87} INFO - Running: ['***', 'tasks', 'run', 'tomtom', 'import_tomtom_data_to_csv', 'scheduled__2024-03-22T00:00:00+00:00', '--job-id', '5', '--raw', '--subdir', 'DAGS_FOLDER/tomtom_dag.py', '--cfg-path', '/tmp/tmp_rp_b1s0']
[2024-03-26T04:36:42.684+0000] {standard_task_runner.py:88} INFO - Job 5: Subtask import_tomtom_data_to_csv
[2024-03-26T04:36:42.903+0000] {logging_mixin.py:188} WARNING - /home/***/.local/lib/python3.8/site-packages/***/settings.py:194 DeprecationWarning: The sql_alchemy_conn option in [core] has been moved to the sql_alchemy_conn option in [database] - the old setting has been used, but please update your config.
[2024-03-26T04:36:43.467+0000] {task_command.py:423} INFO - Running <TaskInstance: tomtom.import_tomtom_data_to_csv scheduled__2024-03-22T00:00:00+00:00 [running]> on host f4350bf987d3
[2024-03-26T04:36:44.056+0000] {taskinstance.py:2513} INFO - Exporting env vars: AIRFLOW_CTX_DAG_OWNER='***' AIRFLOW_CTX_DAG_ID='tomtom' AIRFLOW_CTX_TASK_ID='import_tomtom_data_to_csv' AIRFLOW_CTX_EXECUTION_DATE='2024-03-22T00:00:00+00:00' AIRFLOW_CTX_TRY_NUMBER='1' AIRFLOW_CTX_DAG_RUN_ID='scheduled__2024-03-22T00:00:00+00:00'
[2024-03-26T04:36:44.071+0000] {subprocess.py:63} INFO - Tmp dir root location: /tmp
[2024-03-26T04:36:44.074+0000] {subprocess.py:75} INFO - Running command: ['/usr/bin/bash', '-c', 'python /opt/***/dags/tomtom_ingestion.py --date 2024-03-22']
[2024-03-26T04:36:44.156+0000] {subprocess.py:86} INFO - Output:
[2024-03-26T04:36:53.277+0000] {subprocess.py:97} INFO - Command exited with return code 0
[2024-03-26T04:36:53.413+0000] {taskinstance.py:1149} INFO - Marking task as SUCCESS. dag_id=tomtom, task_id=import_tomtom_data_to_csv, execution_date=20240322T000000, start_date=20240326T043642, end_date=20240326T043653
[2024-03-26T04:36:53.456+0000] {local_task_job_runner.py:234} INFO - Task exited with return code 0
[2024-03-26T04:36:53.549+0000] {taskinstance.py:3312} INFO - 1 downstream tasks scheduled from follow-on schedule check
[2024-03-26T05:02:55.826+0000] {taskinstance.py:1979} INFO - Dependencies all met for dep_context=non-requeueable deps ti=<TaskInstance: tomtom.import_tomtom_data_to_csv scheduled__2024-03-22T00:00:00+00:00 [queued]>
[2024-03-26T05:02:55.878+0000] {taskinstance.py:1979} INFO - Dependencies all met for dep_context=requeueable deps ti=<TaskInstance: tomtom.import_tomtom_data_to_csv scheduled__2024-03-22T00:00:00+00:00 [queued]>
[2024-03-26T05:02:55.886+0000] {taskinstance.py:2193} INFO - Starting attempt 1 of 2
[2024-03-26T05:02:56.174+0000] {taskinstance.py:2217} INFO - Executing <Task(BashOperator): import_tomtom_data_to_csv> on 2024-03-22 00:00:00+00:00
[2024-03-26T05:02:56.188+0000] {standard_task_runner.py:60} INFO - Started process 261 to run task
[2024-03-26T05:02:56.413+0000] {standard_task_runner.py:87} INFO - Running: ['***', 'tasks', 'run', 'tomtom', 'import_tomtom_data_to_csv', 'scheduled__2024-03-22T00:00:00+00:00', '--job-id', '5', '--raw', '--subdir', 'DAGS_FOLDER/tomtom_dag.py', '--cfg-path', '/tmp/tmpmhseivcr']
[2024-03-26T05:02:56.498+0000] {standard_task_runner.py:88} INFO - Job 5: Subtask import_tomtom_data_to_csv
[2024-03-26T05:02:56.947+0000] {logging_mixin.py:188} WARNING - /home/***/.local/lib/python3.8/site-packages/***/settings.py:194 DeprecationWarning: The sql_alchemy_conn option in [core] has been moved to the sql_alchemy_conn option in [database] - the old setting has been used, but please update your config.
[2024-03-26T05:02:57.709+0000] {task_command.py:423} INFO - Running <TaskInstance: tomtom.import_tomtom_data_to_csv scheduled__2024-03-22T00:00:00+00:00 [running]> on host 2d9dc956d0da
[2024-03-26T05:02:58.585+0000] {taskinstance.py:2513} INFO - Exporting env vars: AIRFLOW_CTX_DAG_OWNER='***' AIRFLOW_CTX_DAG_ID='tomtom' AIRFLOW_CTX_TASK_ID='import_tomtom_data_to_csv' AIRFLOW_CTX_EXECUTION_DATE='2024-03-22T00:00:00+00:00' AIRFLOW_CTX_TRY_NUMBER='1' AIRFLOW_CTX_DAG_RUN_ID='scheduled__2024-03-22T00:00:00+00:00'
[2024-03-26T05:02:58.596+0000] {subprocess.py:63} INFO - Tmp dir root location: /tmp
[2024-03-26T05:02:58.604+0000] {subprocess.py:75} INFO - Running command: ['/usr/bin/bash', '-c', 'python /opt/***/dags/tomtom_ingestion.py --date 2024-03-22']
[2024-03-26T05:02:58.724+0000] {subprocess.py:86} INFO - Output:
[2024-03-26T05:03:07.599+0000] {subprocess.py:97} INFO - Command exited with return code 0
[2024-03-26T05:03:07.869+0000] {taskinstance.py:1149} INFO - Marking task as SUCCESS. dag_id=tomtom, task_id=import_tomtom_data_to_csv, execution_date=20240322T000000, start_date=20240326T050255, end_date=20240326T050307
[2024-03-26T05:03:08.042+0000] {local_task_job_runner.py:234} INFO - Task exited with return code 0
[2024-03-26T05:03:08.228+0000] {taskinstance.py:3312} INFO - 1 downstream tasks scheduled from follow-on schedule check
[2024-03-27T02:05:32.166+0000] {taskinstance.py:1979} INFO - Dependencies all met for dep_context=non-requeueable deps ti=<TaskInstance: tomtom.import_tomtom_data_to_csv scheduled__2024-03-22T00:00:00+00:00 [queued]>
[2024-03-27T02:05:32.293+0000] {taskinstance.py:1979} INFO - Dependencies all met for dep_context=requeueable deps ti=<TaskInstance: tomtom.import_tomtom_data_to_csv scheduled__2024-03-22T00:00:00+00:00 [queued]>
[2024-03-27T02:05:32.305+0000] {taskinstance.py:2193} INFO - Starting attempt 1 of 2
[2024-03-27T02:05:32.478+0000] {taskinstance.py:2217} INFO - Executing <Task(BashOperator): import_tomtom_data_to_csv> on 2024-03-22 00:00:00+00:00
[2024-03-27T02:05:32.496+0000] {standard_task_runner.py:60} INFO - Started process 262 to run task
[2024-03-27T02:05:32.709+0000] {standard_task_runner.py:87} INFO - Running: ['***', 'tasks', 'run', 'tomtom', 'import_tomtom_data_to_csv', 'scheduled__2024-03-22T00:00:00+00:00', '--job-id', '5', '--raw', '--subdir', 'DAGS_FOLDER/tomtom_dag.py', '--cfg-path', '/tmp/tmpv8gabz9g']
[2024-03-27T02:05:32.773+0000] {standard_task_runner.py:88} INFO - Job 5: Subtask import_tomtom_data_to_csv
[2024-03-27T02:05:33.168+0000] {logging_mixin.py:188} WARNING - /home/***/.local/lib/python3.8/site-packages/***/settings.py:194 DeprecationWarning: The sql_alchemy_conn option in [core] has been moved to the sql_alchemy_conn option in [database] - the old setting has been used, but please update your config.
[2024-03-27T02:05:33.756+0000] {task_command.py:423} INFO - Running <TaskInstance: tomtom.import_tomtom_data_to_csv scheduled__2024-03-22T00:00:00+00:00 [running]> on host 81b1c16c3e11
[2024-03-27T02:05:34.873+0000] {taskinstance.py:2513} INFO - Exporting env vars: AIRFLOW_CTX_DAG_OWNER='***' AIRFLOW_CTX_DAG_ID='tomtom' AIRFLOW_CTX_TASK_ID='import_tomtom_data_to_csv' AIRFLOW_CTX_EXECUTION_DATE='2024-03-22T00:00:00+00:00' AIRFLOW_CTX_TRY_NUMBER='1' AIRFLOW_CTX_DAG_RUN_ID='scheduled__2024-03-22T00:00:00+00:00'
[2024-03-27T02:05:34.876+0000] {subprocess.py:63} INFO - Tmp dir root location: /tmp
[2024-03-27T02:05:34.883+0000] {subprocess.py:75} INFO - Running command: ['/usr/bin/bash', '-c', 'python /opt/***/dags/tomtom_ingestion.py --date 2024-03-22']
[2024-03-27T02:05:34.984+0000] {subprocess.py:86} INFO - Output:
[2024-03-27T02:05:55.122+0000] {subprocess.py:97} INFO - Command exited with return code 0
[2024-03-27T02:05:55.759+0000] {taskinstance.py:1149} INFO - Marking task as SUCCESS. dag_id=tomtom, task_id=import_tomtom_data_to_csv, execution_date=20240322T000000, start_date=20240327T020532, end_date=20240327T020555
[2024-03-27T02:05:56.518+0000] {local_task_job_runner.py:234} INFO - Task exited with return code 0
[2024-03-27T02:05:56.785+0000] {taskinstance.py:3312} INFO - 1 downstream tasks scheduled from follow-on schedule check
[2024-03-27T02:42:08.107+0000] {taskinstance.py:1979} INFO - Dependencies all met for dep_context=non-requeueable deps ti=<TaskInstance: tomtom.import_tomtom_data_to_csv scheduled__2024-03-22T00:00:00+00:00 [queued]>
[2024-03-27T02:42:08.206+0000] {taskinstance.py:1979} INFO - Dependencies all met for dep_context=requeueable deps ti=<TaskInstance: tomtom.import_tomtom_data_to_csv scheduled__2024-03-22T00:00:00+00:00 [queued]>
[2024-03-27T02:42:08.212+0000] {taskinstance.py:2193} INFO - Starting attempt 1 of 2
[2024-03-27T02:42:08.463+0000] {taskinstance.py:2217} INFO - Executing <Task(BashOperator): import_tomtom_data_to_csv> on 2024-03-22 00:00:00+00:00
[2024-03-27T02:42:08.505+0000] {standard_task_runner.py:60} INFO - Started process 263 to run task
[2024-03-27T02:42:08.550+0000] {standard_task_runner.py:87} INFO - Running: ['***', 'tasks', 'run', 'tomtom', 'import_tomtom_data_to_csv', 'scheduled__2024-03-22T00:00:00+00:00', '--job-id', '4', '--raw', '--subdir', 'DAGS_FOLDER/tomtom_dag.py', '--cfg-path', '/tmp/tmpe19yz8zl']
[2024-03-27T02:42:08.565+0000] {standard_task_runner.py:88} INFO - Job 4: Subtask import_tomtom_data_to_csv
[2024-03-27T02:42:08.672+0000] {logging_mixin.py:188} WARNING - /home/***/.local/lib/python3.8/site-packages/***/settings.py:194 DeprecationWarning: The sql_alchemy_conn option in [core] has been moved to the sql_alchemy_conn option in [database] - the old setting has been used, but please update your config.
[2024-03-27T02:42:08.900+0000] {task_command.py:423} INFO - Running <TaskInstance: tomtom.import_tomtom_data_to_csv scheduled__2024-03-22T00:00:00+00:00 [running]> on host c1d14084e0e9
[2024-03-27T02:42:09.457+0000] {taskinstance.py:2513} INFO - Exporting env vars: AIRFLOW_CTX_DAG_OWNER='***' AIRFLOW_CTX_DAG_ID='tomtom' AIRFLOW_CTX_TASK_ID='import_tomtom_data_to_csv' AIRFLOW_CTX_EXECUTION_DATE='2024-03-22T00:00:00+00:00' AIRFLOW_CTX_TRY_NUMBER='1' AIRFLOW_CTX_DAG_RUN_ID='scheduled__2024-03-22T00:00:00+00:00'
[2024-03-27T02:42:09.464+0000] {subprocess.py:63} INFO - Tmp dir root location: /tmp
[2024-03-27T02:42:09.472+0000] {subprocess.py:75} INFO - Running command: ['/usr/bin/bash', '-c', 'python /opt/***/dags/tomtom_ingestion.py --date 2024-03-22']
[2024-03-27T02:42:09.510+0000] {subprocess.py:86} INFO - Output:
[2024-03-27T02:42:20.490+0000] {subprocess.py:97} INFO - Command exited with return code 0
[2024-03-27T02:42:20.820+0000] {taskinstance.py:1149} INFO - Marking task as SUCCESS. dag_id=tomtom, task_id=import_tomtom_data_to_csv, execution_date=20240322T000000, start_date=20240327T024208, end_date=20240327T024220
[2024-03-27T02:42:21.087+0000] {local_task_job_runner.py:234} INFO - Task exited with return code 0
[2024-03-27T02:42:21.322+0000] {taskinstance.py:3312} INFO - 1 downstream tasks scheduled from follow-on schedule check
[2024-03-27T19:26:07.852+0000] {taskinstance.py:1979} INFO - Dependencies all met for dep_context=non-requeueable deps ti=<TaskInstance: tomtom.import_tomtom_data_to_csv scheduled__2024-03-22T00:00:00+00:00 [queued]>
[2024-03-27T19:26:07.931+0000] {taskinstance.py:1979} INFO - Dependencies all met for dep_context=requeueable deps ti=<TaskInstance: tomtom.import_tomtom_data_to_csv scheduled__2024-03-22T00:00:00+00:00 [queued]>
[2024-03-27T19:26:07.936+0000] {taskinstance.py:2193} INFO - Starting attempt 1 of 2
[2024-03-27T19:26:08.080+0000] {taskinstance.py:2217} INFO - Executing <Task(BashOperator): import_tomtom_data_to_csv> on 2024-03-22 00:00:00+00:00
[2024-03-27T19:26:08.113+0000] {standard_task_runner.py:60} INFO - Started process 295 to run task
[2024-03-27T19:26:08.160+0000] {standard_task_runner.py:87} INFO - Running: ['***', 'tasks', 'run', 'tomtom', 'import_tomtom_data_to_csv', 'scheduled__2024-03-22T00:00:00+00:00', '--job-id', '4', '--raw', '--subdir', 'DAGS_FOLDER/tomtom_dag.py', '--cfg-path', '/tmp/tmp1op0weyp']
[2024-03-27T19:26:08.168+0000] {standard_task_runner.py:88} INFO - Job 4: Subtask import_tomtom_data_to_csv
[2024-03-27T19:26:08.427+0000] {logging_mixin.py:188} WARNING - /home/***/.local/lib/python3.8/site-packages/***/settings.py:194 DeprecationWarning: The sql_alchemy_conn option in [core] has been moved to the sql_alchemy_conn option in [database] - the old setting has been used, but please update your config.
[2024-03-27T19:26:08.909+0000] {task_command.py:423} INFO - Running <TaskInstance: tomtom.import_tomtom_data_to_csv scheduled__2024-03-22T00:00:00+00:00 [running]> on host a178f5bbaa10
[2024-03-27T19:26:09.623+0000] {taskinstance.py:2513} INFO - Exporting env vars: AIRFLOW_CTX_DAG_OWNER='***' AIRFLOW_CTX_DAG_ID='tomtom' AIRFLOW_CTX_TASK_ID='import_tomtom_data_to_csv' AIRFLOW_CTX_EXECUTION_DATE='2024-03-22T00:00:00+00:00' AIRFLOW_CTX_TRY_NUMBER='1' AIRFLOW_CTX_DAG_RUN_ID='scheduled__2024-03-22T00:00:00+00:00'
[2024-03-27T19:26:09.639+0000] {subprocess.py:63} INFO - Tmp dir root location: /tmp
[2024-03-27T19:26:09.647+0000] {subprocess.py:75} INFO - Running command: ['/usr/bin/bash', '-c', 'python /opt/***/dags/tomtom_ingestion.py --date 2024-03-22']
[2024-03-27T19:26:09.718+0000] {subprocess.py:86} INFO - Output:
[2024-03-27T19:26:21.869+0000] {subprocess.py:97} INFO - Command exited with return code 0
[2024-03-27T19:26:22.009+0000] {taskinstance.py:1149} INFO - Marking task as SUCCESS. dag_id=tomtom, task_id=import_tomtom_data_to_csv, execution_date=20240322T000000, start_date=20240327T192607, end_date=20240327T192622
[2024-03-27T19:26:22.192+0000] {local_task_job_runner.py:234} INFO - Task exited with return code 0
[2024-03-27T19:26:22.299+0000] {taskinstance.py:3312} INFO - 1 downstream tasks scheduled from follow-on schedule check
