[2024-03-26T04:33:24.518+0000] {processor.py:161} INFO - Started process (PID=162) to work on /opt/airflow/dags/config.py
[2024-03-26T04:33:24.529+0000] {processor.py:830} INFO - Processing file /opt/airflow/dags/config.py for tasks to queue
[2024-03-26T04:33:24.532+0000] {logging_mixin.py:188} INFO - [2024-03-26T04:33:24.532+0000] {dagbag.py:540} INFO - Filling up the DagBag from /opt/airflow/dags/config.py
[2024-03-26T04:33:24.572+0000] {processor.py:842} WARNING - No viable dags retrieved from /opt/airflow/dags/config.py
[2024-03-26T04:33:24.684+0000] {processor.py:183} INFO - Processing /opt/airflow/dags/config.py took 0.194 seconds
[2024-03-26T04:33:55.287+0000] {processor.py:161} INFO - Started process (PID=177) to work on /opt/airflow/dags/config.py
[2024-03-26T04:33:55.296+0000] {processor.py:830} INFO - Processing file /opt/airflow/dags/config.py for tasks to queue
[2024-03-26T04:33:55.314+0000] {logging_mixin.py:188} INFO - [2024-03-26T04:33:55.311+0000] {dagbag.py:540} INFO - Filling up the DagBag from /opt/airflow/dags/config.py
[2024-03-26T04:33:55.484+0000] {processor.py:842} WARNING - No viable dags retrieved from /opt/airflow/dags/config.py
[2024-03-26T04:33:55.816+0000] {processor.py:183} INFO - Processing /opt/airflow/dags/config.py took 0.580 seconds
[2024-03-26T04:34:26.149+0000] {processor.py:161} INFO - Started process (PID=192) to work on /opt/airflow/dags/config.py
[2024-03-26T04:34:26.166+0000] {processor.py:830} INFO - Processing file /opt/airflow/dags/config.py for tasks to queue
[2024-03-26T04:34:26.190+0000] {logging_mixin.py:188} INFO - [2024-03-26T04:34:26.188+0000] {dagbag.py:540} INFO - Filling up the DagBag from /opt/airflow/dags/config.py
[2024-03-26T04:34:26.293+0000] {processor.py:842} WARNING - No viable dags retrieved from /opt/airflow/dags/config.py
[2024-03-26T04:34:26.457+0000] {processor.py:183} INFO - Processing /opt/airflow/dags/config.py took 0.354 seconds
[2024-03-26T04:34:57.112+0000] {processor.py:161} INFO - Started process (PID=207) to work on /opt/airflow/dags/config.py
[2024-03-26T04:34:57.119+0000] {processor.py:830} INFO - Processing file /opt/airflow/dags/config.py for tasks to queue
[2024-03-26T04:34:57.126+0000] {logging_mixin.py:188} INFO - [2024-03-26T04:34:57.124+0000] {dagbag.py:540} INFO - Filling up the DagBag from /opt/airflow/dags/config.py
[2024-03-26T04:34:57.178+0000] {processor.py:842} WARNING - No viable dags retrieved from /opt/airflow/dags/config.py
[2024-03-26T04:34:57.248+0000] {processor.py:183} INFO - Processing /opt/airflow/dags/config.py took 0.178 seconds
[2024-03-26T04:35:27.712+0000] {processor.py:161} INFO - Started process (PID=226) to work on /opt/airflow/dags/config.py
[2024-03-26T04:35:27.717+0000] {processor.py:830} INFO - Processing file /opt/airflow/dags/config.py for tasks to queue
[2024-03-26T04:35:27.723+0000] {logging_mixin.py:188} INFO - [2024-03-26T04:35:27.722+0000] {dagbag.py:540} INFO - Filling up the DagBag from /opt/airflow/dags/config.py
[2024-03-26T04:35:27.773+0000] {processor.py:842} WARNING - No viable dags retrieved from /opt/airflow/dags/config.py
[2024-03-26T04:35:27.851+0000] {processor.py:183} INFO - Processing /opt/airflow/dags/config.py took 0.149 seconds
[2024-03-26T04:35:58.440+0000] {processor.py:161} INFO - Started process (PID=241) to work on /opt/airflow/dags/config.py
[2024-03-26T04:35:58.442+0000] {processor.py:830} INFO - Processing file /opt/airflow/dags/config.py for tasks to queue
[2024-03-26T04:35:58.445+0000] {logging_mixin.py:188} INFO - [2024-03-26T04:35:58.444+0000] {dagbag.py:540} INFO - Filling up the DagBag from /opt/airflow/dags/config.py
[2024-03-26T04:35:58.461+0000] {processor.py:842} WARNING - No viable dags retrieved from /opt/airflow/dags/config.py
[2024-03-26T04:35:58.494+0000] {processor.py:183} INFO - Processing /opt/airflow/dags/config.py took 0.060 seconds
[2024-03-26T04:36:29.405+0000] {processor.py:161} INFO - Started process (PID=256) to work on /opt/airflow/dags/config.py
[2024-03-26T04:36:29.408+0000] {processor.py:830} INFO - Processing file /opt/airflow/dags/config.py for tasks to queue
[2024-03-26T04:36:29.413+0000] {logging_mixin.py:188} INFO - [2024-03-26T04:36:29.412+0000] {dagbag.py:540} INFO - Filling up the DagBag from /opt/airflow/dags/config.py
[2024-03-26T04:36:29.423+0000] {processor.py:842} WARNING - No viable dags retrieved from /opt/airflow/dags/config.py
[2024-03-26T04:36:29.457+0000] {processor.py:183} INFO - Processing /opt/airflow/dags/config.py took 0.061 seconds
[2024-03-26T04:36:59.690+0000] {processor.py:161} INFO - Started process (PID=317) to work on /opt/airflow/dags/config.py
[2024-03-26T04:36:59.738+0000] {processor.py:830} INFO - Processing file /opt/airflow/dags/config.py for tasks to queue
[2024-03-26T04:36:59.748+0000] {logging_mixin.py:188} INFO - [2024-03-26T04:36:59.747+0000] {dagbag.py:540} INFO - Filling up the DagBag from /opt/airflow/dags/config.py
[2024-03-26T04:36:59.802+0000] {processor.py:842} WARNING - No viable dags retrieved from /opt/airflow/dags/config.py
[2024-03-26T04:37:00.046+0000] {processor.py:183} INFO - Processing /opt/airflow/dags/config.py took 0.365 seconds
[2024-03-26T04:37:30.430+0000] {processor.py:161} INFO - Started process (PID=346) to work on /opt/airflow/dags/config.py
[2024-03-26T04:37:30.434+0000] {processor.py:830} INFO - Processing file /opt/airflow/dags/config.py for tasks to queue
[2024-03-26T04:37:30.437+0000] {logging_mixin.py:188} INFO - [2024-03-26T04:37:30.436+0000] {dagbag.py:540} INFO - Filling up the DagBag from /opt/airflow/dags/config.py
[2024-03-26T04:37:30.452+0000] {processor.py:842} WARNING - No viable dags retrieved from /opt/airflow/dags/config.py
[2024-03-26T04:37:30.488+0000] {processor.py:183} INFO - Processing /opt/airflow/dags/config.py took 0.062 seconds
[2024-03-26T04:38:01.060+0000] {processor.py:161} INFO - Started process (PID=361) to work on /opt/airflow/dags/config.py
[2024-03-26T04:38:01.063+0000] {processor.py:830} INFO - Processing file /opt/airflow/dags/config.py for tasks to queue
[2024-03-26T04:38:01.066+0000] {logging_mixin.py:188} INFO - [2024-03-26T04:38:01.065+0000] {dagbag.py:540} INFO - Filling up the DagBag from /opt/airflow/dags/config.py
[2024-03-26T04:38:01.078+0000] {processor.py:842} WARNING - No viable dags retrieved from /opt/airflow/dags/config.py
[2024-03-26T04:38:01.115+0000] {processor.py:183} INFO - Processing /opt/airflow/dags/config.py took 0.060 seconds
[2024-03-26T04:38:32.234+0000] {processor.py:161} INFO - Started process (PID=376) to work on /opt/airflow/dags/config.py
[2024-03-26T04:38:32.240+0000] {processor.py:830} INFO - Processing file /opt/airflow/dags/config.py for tasks to queue
[2024-03-26T04:38:32.244+0000] {logging_mixin.py:188} INFO - [2024-03-26T04:38:32.243+0000] {dagbag.py:540} INFO - Filling up the DagBag from /opt/airflow/dags/config.py
[2024-03-26T04:38:32.260+0000] {processor.py:842} WARNING - No viable dags retrieved from /opt/airflow/dags/config.py
[2024-03-26T04:38:32.365+0000] {processor.py:183} INFO - Processing /opt/airflow/dags/config.py took 0.139 seconds
[2024-03-26T04:39:02.595+0000] {processor.py:161} INFO - Started process (PID=391) to work on /opt/airflow/dags/config.py
[2024-03-26T04:39:02.599+0000] {processor.py:830} INFO - Processing file /opt/airflow/dags/config.py for tasks to queue
[2024-03-26T04:39:02.603+0000] {logging_mixin.py:188} INFO - [2024-03-26T04:39:02.603+0000] {dagbag.py:540} INFO - Filling up the DagBag from /opt/airflow/dags/config.py
[2024-03-26T04:39:02.621+0000] {processor.py:842} WARNING - No viable dags retrieved from /opt/airflow/dags/config.py
[2024-03-26T04:39:02.648+0000] {processor.py:183} INFO - Processing /opt/airflow/dags/config.py took 0.063 seconds
[2024-03-26T04:39:33.274+0000] {processor.py:161} INFO - Started process (PID=406) to work on /opt/airflow/dags/config.py
[2024-03-26T04:39:33.278+0000] {processor.py:830} INFO - Processing file /opt/airflow/dags/config.py for tasks to queue
[2024-03-26T04:39:33.281+0000] {logging_mixin.py:188} INFO - [2024-03-26T04:39:33.280+0000] {dagbag.py:540} INFO - Filling up the DagBag from /opt/airflow/dags/config.py
[2024-03-26T04:39:33.294+0000] {processor.py:842} WARNING - No viable dags retrieved from /opt/airflow/dags/config.py
[2024-03-26T04:39:33.329+0000] {processor.py:183} INFO - Processing /opt/airflow/dags/config.py took 0.066 seconds
[2024-03-26T04:40:03.979+0000] {processor.py:161} INFO - Started process (PID=421) to work on /opt/airflow/dags/config.py
[2024-03-26T04:40:03.984+0000] {processor.py:830} INFO - Processing file /opt/airflow/dags/config.py for tasks to queue
[2024-03-26T04:40:03.987+0000] {logging_mixin.py:188} INFO - [2024-03-26T04:40:03.986+0000] {dagbag.py:540} INFO - Filling up the DagBag from /opt/airflow/dags/config.py
[2024-03-26T04:40:04.006+0000] {processor.py:842} WARNING - No viable dags retrieved from /opt/airflow/dags/config.py
[2024-03-26T04:40:04.116+0000] {processor.py:183} INFO - Processing /opt/airflow/dags/config.py took 0.147 seconds
[2024-03-26T04:40:34.853+0000] {processor.py:161} INFO - Started process (PID=436) to work on /opt/airflow/dags/config.py
[2024-03-26T04:40:34.857+0000] {processor.py:830} INFO - Processing file /opt/airflow/dags/config.py for tasks to queue
[2024-03-26T04:40:34.860+0000] {logging_mixin.py:188} INFO - [2024-03-26T04:40:34.860+0000] {dagbag.py:540} INFO - Filling up the DagBag from /opt/airflow/dags/config.py
[2024-03-26T04:40:34.874+0000] {processor.py:842} WARNING - No viable dags retrieved from /opt/airflow/dags/config.py
[2024-03-26T04:40:34.920+0000] {processor.py:183} INFO - Processing /opt/airflow/dags/config.py took 0.076 seconds
[2024-03-26T04:41:05.549+0000] {processor.py:161} INFO - Started process (PID=451) to work on /opt/airflow/dags/config.py
[2024-03-26T04:41:05.555+0000] {processor.py:830} INFO - Processing file /opt/airflow/dags/config.py for tasks to queue
[2024-03-26T04:41:05.566+0000] {logging_mixin.py:188} INFO - [2024-03-26T04:41:05.564+0000] {dagbag.py:540} INFO - Filling up the DagBag from /opt/airflow/dags/config.py
[2024-03-26T04:41:05.589+0000] {processor.py:842} WARNING - No viable dags retrieved from /opt/airflow/dags/config.py
[2024-03-26T04:41:05.650+0000] {processor.py:183} INFO - Processing /opt/airflow/dags/config.py took 0.114 seconds
[2024-03-26T04:41:36.637+0000] {processor.py:161} INFO - Started process (PID=466) to work on /opt/airflow/dags/config.py
[2024-03-26T04:41:36.640+0000] {processor.py:830} INFO - Processing file /opt/airflow/dags/config.py for tasks to queue
[2024-03-26T04:41:36.645+0000] {logging_mixin.py:188} INFO - [2024-03-26T04:41:36.644+0000] {dagbag.py:540} INFO - Filling up the DagBag from /opt/airflow/dags/config.py
[2024-03-26T04:41:36.658+0000] {processor.py:842} WARNING - No viable dags retrieved from /opt/airflow/dags/config.py
[2024-03-26T04:41:36.710+0000] {processor.py:183} INFO - Processing /opt/airflow/dags/config.py took 0.083 seconds
[2024-03-26T04:42:07.321+0000] {processor.py:161} INFO - Started process (PID=481) to work on /opt/airflow/dags/config.py
[2024-03-26T04:42:07.336+0000] {processor.py:830} INFO - Processing file /opt/airflow/dags/config.py for tasks to queue
[2024-03-26T04:42:07.354+0000] {logging_mixin.py:188} INFO - [2024-03-26T04:42:07.352+0000] {dagbag.py:540} INFO - Filling up the DagBag from /opt/airflow/dags/config.py
[2024-03-26T04:42:07.418+0000] {processor.py:842} WARNING - No viable dags retrieved from /opt/airflow/dags/config.py
[2024-03-26T04:42:07.482+0000] {processor.py:183} INFO - Processing /opt/airflow/dags/config.py took 0.175 seconds
[2024-03-26T04:42:38.136+0000] {processor.py:161} INFO - Started process (PID=496) to work on /opt/airflow/dags/config.py
[2024-03-26T04:42:38.140+0000] {processor.py:830} INFO - Processing file /opt/airflow/dags/config.py for tasks to queue
[2024-03-26T04:42:38.146+0000] {logging_mixin.py:188} INFO - [2024-03-26T04:42:38.144+0000] {dagbag.py:540} INFO - Filling up the DagBag from /opt/airflow/dags/config.py
[2024-03-26T04:42:38.159+0000] {processor.py:842} WARNING - No viable dags retrieved from /opt/airflow/dags/config.py
[2024-03-26T04:42:38.191+0000] {processor.py:183} INFO - Processing /opt/airflow/dags/config.py took 0.065 seconds
[2024-03-26T04:43:08.482+0000] {processor.py:161} INFO - Started process (PID=511) to work on /opt/airflow/dags/config.py
[2024-03-26T04:43:08.487+0000] {processor.py:830} INFO - Processing file /opt/airflow/dags/config.py for tasks to queue
[2024-03-26T04:43:08.493+0000] {logging_mixin.py:188} INFO - [2024-03-26T04:43:08.491+0000] {dagbag.py:540} INFO - Filling up the DagBag from /opt/airflow/dags/config.py
[2024-03-26T04:43:08.509+0000] {processor.py:842} WARNING - No viable dags retrieved from /opt/airflow/dags/config.py
[2024-03-26T04:43:08.552+0000] {processor.py:183} INFO - Processing /opt/airflow/dags/config.py took 0.079 seconds
[2024-03-26T04:43:39.264+0000] {processor.py:161} INFO - Started process (PID=526) to work on /opt/airflow/dags/config.py
[2024-03-26T04:43:39.271+0000] {processor.py:830} INFO - Processing file /opt/airflow/dags/config.py for tasks to queue
[2024-03-26T04:43:39.274+0000] {logging_mixin.py:188} INFO - [2024-03-26T04:43:39.273+0000] {dagbag.py:540} INFO - Filling up the DagBag from /opt/airflow/dags/config.py
[2024-03-26T04:43:39.286+0000] {processor.py:842} WARNING - No viable dags retrieved from /opt/airflow/dags/config.py
[2024-03-26T04:43:39.327+0000] {processor.py:183} INFO - Processing /opt/airflow/dags/config.py took 0.068 seconds
[2024-03-26T04:44:10.047+0000] {processor.py:161} INFO - Started process (PID=541) to work on /opt/airflow/dags/config.py
[2024-03-26T04:44:10.051+0000] {processor.py:830} INFO - Processing file /opt/airflow/dags/config.py for tasks to queue
[2024-03-26T04:44:10.056+0000] {logging_mixin.py:188} INFO - [2024-03-26T04:44:10.054+0000] {dagbag.py:540} INFO - Filling up the DagBag from /opt/airflow/dags/config.py
[2024-03-26T04:44:10.076+0000] {processor.py:842} WARNING - No viable dags retrieved from /opt/airflow/dags/config.py
[2024-03-26T04:44:10.133+0000] {processor.py:183} INFO - Processing /opt/airflow/dags/config.py took 0.095 seconds
[2024-03-26T04:44:40.796+0000] {processor.py:161} INFO - Started process (PID=556) to work on /opt/airflow/dags/config.py
[2024-03-26T04:44:40.800+0000] {processor.py:830} INFO - Processing file /opt/airflow/dags/config.py for tasks to queue
[2024-03-26T04:44:40.815+0000] {logging_mixin.py:188} INFO - [2024-03-26T04:44:40.814+0000] {dagbag.py:540} INFO - Filling up the DagBag from /opt/airflow/dags/config.py
[2024-03-26T04:44:40.868+0000] {processor.py:842} WARNING - No viable dags retrieved from /opt/airflow/dags/config.py
[2024-03-26T04:44:40.996+0000] {processor.py:183} INFO - Processing /opt/airflow/dags/config.py took 0.211 seconds
[2024-03-26T04:45:11.423+0000] {processor.py:161} INFO - Started process (PID=571) to work on /opt/airflow/dags/config.py
[2024-03-26T04:45:11.428+0000] {processor.py:830} INFO - Processing file /opt/airflow/dags/config.py for tasks to queue
[2024-03-26T04:45:11.433+0000] {logging_mixin.py:188} INFO - [2024-03-26T04:45:11.432+0000] {dagbag.py:540} INFO - Filling up the DagBag from /opt/airflow/dags/config.py
[2024-03-26T04:45:11.460+0000] {processor.py:842} WARNING - No viable dags retrieved from /opt/airflow/dags/config.py
[2024-03-26T04:45:11.499+0000] {processor.py:183} INFO - Processing /opt/airflow/dags/config.py took 0.088 seconds
[2024-03-26T04:45:37.585+0000] {processor.py:161} INFO - Started process (PID=586) to work on /opt/airflow/dags/config.py
[2024-03-26T04:45:37.602+0000] {processor.py:830} INFO - Processing file /opt/airflow/dags/config.py for tasks to queue
[2024-03-26T04:45:37.618+0000] {logging_mixin.py:188} INFO - [2024-03-26T04:45:37.616+0000] {dagbag.py:540} INFO - Filling up the DagBag from /opt/airflow/dags/config.py
[2024-03-26T04:45:37.659+0000] {processor.py:842} WARNING - No viable dags retrieved from /opt/airflow/dags/config.py
[2024-03-26T04:45:38.770+0000] {processor.py:183} INFO - Processing /opt/airflow/dags/config.py took 1.191 seconds
[2024-03-26T04:46:09.404+0000] {processor.py:161} INFO - Started process (PID=601) to work on /opt/airflow/dags/config.py
[2024-03-26T04:46:09.409+0000] {processor.py:830} INFO - Processing file /opt/airflow/dags/config.py for tasks to queue
[2024-03-26T04:46:09.412+0000] {logging_mixin.py:188} INFO - [2024-03-26T04:46:09.411+0000] {dagbag.py:540} INFO - Filling up the DagBag from /opt/airflow/dags/config.py
[2024-03-26T04:46:09.427+0000] {processor.py:842} WARNING - No viable dags retrieved from /opt/airflow/dags/config.py
[2024-03-26T04:46:09.458+0000] {processor.py:183} INFO - Processing /opt/airflow/dags/config.py took 0.063 seconds
[2024-03-26T04:46:40.034+0000] {processor.py:161} INFO - Started process (PID=616) to work on /opt/airflow/dags/config.py
[2024-03-26T04:46:40.038+0000] {processor.py:830} INFO - Processing file /opt/airflow/dags/config.py for tasks to queue
[2024-03-26T04:46:40.049+0000] {logging_mixin.py:188} INFO - [2024-03-26T04:46:40.048+0000] {dagbag.py:540} INFO - Filling up the DagBag from /opt/airflow/dags/config.py
[2024-03-26T04:46:40.070+0000] {processor.py:842} WARNING - No viable dags retrieved from /opt/airflow/dags/config.py
[2024-03-26T04:46:40.135+0000] {processor.py:183} INFO - Processing /opt/airflow/dags/config.py took 0.113 seconds
[2024-03-26T04:47:10.619+0000] {processor.py:161} INFO - Started process (PID=631) to work on /opt/airflow/dags/config.py
[2024-03-26T04:47:10.621+0000] {processor.py:830} INFO - Processing file /opt/airflow/dags/config.py for tasks to queue
[2024-03-26T04:47:10.624+0000] {logging_mixin.py:188} INFO - [2024-03-26T04:47:10.623+0000] {dagbag.py:540} INFO - Filling up the DagBag from /opt/airflow/dags/config.py
[2024-03-26T04:47:10.643+0000] {processor.py:842} WARNING - No viable dags retrieved from /opt/airflow/dags/config.py
[2024-03-26T04:47:10.681+0000] {processor.py:183} INFO - Processing /opt/airflow/dags/config.py took 0.071 seconds
[2024-03-26T04:47:41.036+0000] {processor.py:161} INFO - Started process (PID=646) to work on /opt/airflow/dags/config.py
[2024-03-26T04:47:41.039+0000] {processor.py:830} INFO - Processing file /opt/airflow/dags/config.py for tasks to queue
[2024-03-26T04:47:41.042+0000] {logging_mixin.py:188} INFO - [2024-03-26T04:47:41.041+0000] {dagbag.py:540} INFO - Filling up the DagBag from /opt/airflow/dags/config.py
[2024-03-26T04:47:41.052+0000] {processor.py:842} WARNING - No viable dags retrieved from /opt/airflow/dags/config.py
[2024-03-26T04:47:41.092+0000] {processor.py:183} INFO - Processing /opt/airflow/dags/config.py took 0.062 seconds
[2024-03-26T04:48:11.896+0000] {processor.py:161} INFO - Started process (PID=661) to work on /opt/airflow/dags/config.py
[2024-03-26T04:48:11.899+0000] {processor.py:830} INFO - Processing file /opt/airflow/dags/config.py for tasks to queue
[2024-03-26T04:48:11.902+0000] {logging_mixin.py:188} INFO - [2024-03-26T04:48:11.901+0000] {dagbag.py:540} INFO - Filling up the DagBag from /opt/airflow/dags/config.py
[2024-03-26T04:48:11.913+0000] {processor.py:842} WARNING - No viable dags retrieved from /opt/airflow/dags/config.py
[2024-03-26T04:48:11.967+0000] {processor.py:183} INFO - Processing /opt/airflow/dags/config.py took 0.079 seconds
[2024-03-26T04:48:42.869+0000] {processor.py:161} INFO - Started process (PID=676) to work on /opt/airflow/dags/config.py
[2024-03-26T04:48:42.872+0000] {processor.py:830} INFO - Processing file /opt/airflow/dags/config.py for tasks to queue
[2024-03-26T04:48:42.878+0000] {logging_mixin.py:188} INFO - [2024-03-26T04:48:42.876+0000] {dagbag.py:540} INFO - Filling up the DagBag from /opt/airflow/dags/config.py
[2024-03-26T04:48:42.890+0000] {processor.py:842} WARNING - No viable dags retrieved from /opt/airflow/dags/config.py
[2024-03-26T04:48:42.919+0000] {processor.py:183} INFO - Processing /opt/airflow/dags/config.py took 0.060 seconds
[2024-03-26T04:49:13.556+0000] {processor.py:161} INFO - Started process (PID=691) to work on /opt/airflow/dags/config.py
[2024-03-26T04:49:13.560+0000] {processor.py:830} INFO - Processing file /opt/airflow/dags/config.py for tasks to queue
[2024-03-26T04:49:13.565+0000] {logging_mixin.py:188} INFO - [2024-03-26T04:49:13.563+0000] {dagbag.py:540} INFO - Filling up the DagBag from /opt/airflow/dags/config.py
[2024-03-26T04:49:13.585+0000] {processor.py:842} WARNING - No viable dags retrieved from /opt/airflow/dags/config.py
[2024-03-26T04:49:13.626+0000] {processor.py:183} INFO - Processing /opt/airflow/dags/config.py took 0.080 seconds
[2024-03-26T04:49:44.199+0000] {processor.py:161} INFO - Started process (PID=706) to work on /opt/airflow/dags/config.py
[2024-03-26T04:49:44.201+0000] {processor.py:830} INFO - Processing file /opt/airflow/dags/config.py for tasks to queue
[2024-03-26T04:49:44.208+0000] {logging_mixin.py:188} INFO - [2024-03-26T04:49:44.204+0000] {dagbag.py:540} INFO - Filling up the DagBag from /opt/airflow/dags/config.py
[2024-03-26T04:49:44.229+0000] {processor.py:842} WARNING - No viable dags retrieved from /opt/airflow/dags/config.py
[2024-03-26T04:49:44.280+0000] {processor.py:183} INFO - Processing /opt/airflow/dags/config.py took 0.095 seconds
[2024-03-26T04:50:14.856+0000] {processor.py:161} INFO - Started process (PID=721) to work on /opt/airflow/dags/config.py
[2024-03-26T04:50:14.861+0000] {processor.py:830} INFO - Processing file /opt/airflow/dags/config.py for tasks to queue
[2024-03-26T04:50:14.863+0000] {logging_mixin.py:188} INFO - [2024-03-26T04:50:14.863+0000] {dagbag.py:540} INFO - Filling up the DagBag from /opt/airflow/dags/config.py
[2024-03-26T04:50:14.874+0000] {processor.py:842} WARNING - No viable dags retrieved from /opt/airflow/dags/config.py
[2024-03-26T04:50:14.906+0000] {processor.py:183} INFO - Processing /opt/airflow/dags/config.py took 0.055 seconds
[2024-03-26T04:50:45.464+0000] {processor.py:161} INFO - Started process (PID=736) to work on /opt/airflow/dags/config.py
[2024-03-26T04:50:45.466+0000] {processor.py:830} INFO - Processing file /opt/airflow/dags/config.py for tasks to queue
[2024-03-26T04:50:45.469+0000] {logging_mixin.py:188} INFO - [2024-03-26T04:50:45.469+0000] {dagbag.py:540} INFO - Filling up the DagBag from /opt/airflow/dags/config.py
[2024-03-26T04:50:45.481+0000] {processor.py:842} WARNING - No viable dags retrieved from /opt/airflow/dags/config.py
[2024-03-26T04:50:45.510+0000] {processor.py:183} INFO - Processing /opt/airflow/dags/config.py took 0.051 seconds
[2024-03-26T04:51:16.409+0000] {processor.py:161} INFO - Started process (PID=751) to work on /opt/airflow/dags/config.py
[2024-03-26T04:51:16.414+0000] {processor.py:830} INFO - Processing file /opt/airflow/dags/config.py for tasks to queue
[2024-03-26T04:51:16.417+0000] {logging_mixin.py:188} INFO - [2024-03-26T04:51:16.416+0000] {dagbag.py:540} INFO - Filling up the DagBag from /opt/airflow/dags/config.py
[2024-03-26T04:51:16.427+0000] {processor.py:842} WARNING - No viable dags retrieved from /opt/airflow/dags/config.py
[2024-03-26T04:51:16.465+0000] {processor.py:183} INFO - Processing /opt/airflow/dags/config.py took 0.061 seconds
[2024-03-26T04:51:47.224+0000] {processor.py:161} INFO - Started process (PID=766) to work on /opt/airflow/dags/config.py
[2024-03-26T04:51:47.227+0000] {processor.py:830} INFO - Processing file /opt/airflow/dags/config.py for tasks to queue
[2024-03-26T04:51:47.229+0000] {logging_mixin.py:188} INFO - [2024-03-26T04:51:47.229+0000] {dagbag.py:540} INFO - Filling up the DagBag from /opt/airflow/dags/config.py
[2024-03-26T04:51:47.249+0000] {processor.py:842} WARNING - No viable dags retrieved from /opt/airflow/dags/config.py
[2024-03-26T04:51:47.294+0000] {processor.py:183} INFO - Processing /opt/airflow/dags/config.py took 0.075 seconds
[2024-03-26T04:52:17.845+0000] {processor.py:161} INFO - Started process (PID=781) to work on /opt/airflow/dags/config.py
[2024-03-26T04:52:17.849+0000] {processor.py:830} INFO - Processing file /opt/airflow/dags/config.py for tasks to queue
[2024-03-26T04:52:17.852+0000] {logging_mixin.py:188} INFO - [2024-03-26T04:52:17.851+0000] {dagbag.py:540} INFO - Filling up the DagBag from /opt/airflow/dags/config.py
[2024-03-26T04:52:17.867+0000] {processor.py:842} WARNING - No viable dags retrieved from /opt/airflow/dags/config.py
[2024-03-26T04:52:17.908+0000] {processor.py:183} INFO - Processing /opt/airflow/dags/config.py took 0.074 seconds
[2024-03-26T04:52:48.419+0000] {processor.py:161} INFO - Started process (PID=796) to work on /opt/airflow/dags/config.py
[2024-03-26T04:52:48.423+0000] {processor.py:830} INFO - Processing file /opt/airflow/dags/config.py for tasks to queue
[2024-03-26T04:52:48.429+0000] {logging_mixin.py:188} INFO - [2024-03-26T04:52:48.427+0000] {dagbag.py:540} INFO - Filling up the DagBag from /opt/airflow/dags/config.py
[2024-03-26T04:52:48.444+0000] {processor.py:842} WARNING - No viable dags retrieved from /opt/airflow/dags/config.py
[2024-03-26T04:52:48.477+0000] {processor.py:183} INFO - Processing /opt/airflow/dags/config.py took 0.067 seconds
[2024-03-26T04:53:19.056+0000] {processor.py:161} INFO - Started process (PID=811) to work on /opt/airflow/dags/config.py
[2024-03-26T04:53:19.060+0000] {processor.py:830} INFO - Processing file /opt/airflow/dags/config.py for tasks to queue
[2024-03-26T04:53:19.063+0000] {logging_mixin.py:188} INFO - [2024-03-26T04:53:19.062+0000] {dagbag.py:540} INFO - Filling up the DagBag from /opt/airflow/dags/config.py
[2024-03-26T04:53:19.073+0000] {processor.py:842} WARNING - No viable dags retrieved from /opt/airflow/dags/config.py
[2024-03-26T04:53:19.113+0000] {processor.py:183} INFO - Processing /opt/airflow/dags/config.py took 0.062 seconds
[2024-03-26T04:53:49.831+0000] {processor.py:161} INFO - Started process (PID=826) to work on /opt/airflow/dags/config.py
[2024-03-26T04:53:49.835+0000] {processor.py:830} INFO - Processing file /opt/airflow/dags/config.py for tasks to queue
[2024-03-26T04:53:49.845+0000] {logging_mixin.py:188} INFO - [2024-03-26T04:53:49.843+0000] {dagbag.py:540} INFO - Filling up the DagBag from /opt/airflow/dags/config.py
[2024-03-26T04:53:49.864+0000] {processor.py:842} WARNING - No viable dags retrieved from /opt/airflow/dags/config.py
[2024-03-26T04:53:49.900+0000] {processor.py:183} INFO - Processing /opt/airflow/dags/config.py took 0.077 seconds
[2024-03-26T04:54:20.419+0000] {processor.py:161} INFO - Started process (PID=841) to work on /opt/airflow/dags/config.py
[2024-03-26T04:54:20.421+0000] {processor.py:830} INFO - Processing file /opt/airflow/dags/config.py for tasks to queue
[2024-03-26T04:54:20.424+0000] {logging_mixin.py:188} INFO - [2024-03-26T04:54:20.423+0000] {dagbag.py:540} INFO - Filling up the DagBag from /opt/airflow/dags/config.py
[2024-03-26T04:54:20.435+0000] {processor.py:842} WARNING - No viable dags retrieved from /opt/airflow/dags/config.py
[2024-03-26T04:54:20.463+0000] {processor.py:183} INFO - Processing /opt/airflow/dags/config.py took 0.050 seconds
[2024-03-26T04:54:51.338+0000] {processor.py:161} INFO - Started process (PID=856) to work on /opt/airflow/dags/config.py
[2024-03-26T04:54:51.349+0000] {processor.py:830} INFO - Processing file /opt/airflow/dags/config.py for tasks to queue
[2024-03-26T04:54:51.356+0000] {logging_mixin.py:188} INFO - [2024-03-26T04:54:51.354+0000] {dagbag.py:540} INFO - Filling up the DagBag from /opt/airflow/dags/config.py
[2024-03-26T04:54:51.384+0000] {processor.py:842} WARNING - No viable dags retrieved from /opt/airflow/dags/config.py
[2024-03-26T04:54:51.438+0000] {processor.py:183} INFO - Processing /opt/airflow/dags/config.py took 0.107 seconds
[2024-03-26T04:55:22.017+0000] {processor.py:161} INFO - Started process (PID=871) to work on /opt/airflow/dags/config.py
[2024-03-26T04:55:22.023+0000] {processor.py:830} INFO - Processing file /opt/airflow/dags/config.py for tasks to queue
[2024-03-26T04:55:22.025+0000] {logging_mixin.py:188} INFO - [2024-03-26T04:55:22.025+0000] {dagbag.py:540} INFO - Filling up the DagBag from /opt/airflow/dags/config.py
[2024-03-26T04:55:22.038+0000] {processor.py:842} WARNING - No viable dags retrieved from /opt/airflow/dags/config.py
[2024-03-26T04:55:22.080+0000] {processor.py:183} INFO - Processing /opt/airflow/dags/config.py took 0.068 seconds
[2024-03-26T04:55:52.630+0000] {processor.py:161} INFO - Started process (PID=886) to work on /opt/airflow/dags/config.py
[2024-03-26T04:55:52.633+0000] {processor.py:830} INFO - Processing file /opt/airflow/dags/config.py for tasks to queue
[2024-03-26T04:55:52.639+0000] {logging_mixin.py:188} INFO - [2024-03-26T04:55:52.637+0000] {dagbag.py:540} INFO - Filling up the DagBag from /opt/airflow/dags/config.py
[2024-03-26T04:55:52.662+0000] {processor.py:842} WARNING - No viable dags retrieved from /opt/airflow/dags/config.py
[2024-03-26T04:55:52.705+0000] {processor.py:183} INFO - Processing /opt/airflow/dags/config.py took 0.086 seconds
[2024-03-26T04:56:23.307+0000] {processor.py:161} INFO - Started process (PID=901) to work on /opt/airflow/dags/config.py
[2024-03-26T04:56:23.312+0000] {processor.py:830} INFO - Processing file /opt/airflow/dags/config.py for tasks to queue
[2024-03-26T04:56:23.316+0000] {logging_mixin.py:188} INFO - [2024-03-26T04:56:23.316+0000] {dagbag.py:540} INFO - Filling up the DagBag from /opt/airflow/dags/config.py
[2024-03-26T04:56:23.339+0000] {processor.py:842} WARNING - No viable dags retrieved from /opt/airflow/dags/config.py
[2024-03-26T04:56:23.393+0000] {processor.py:183} INFO - Processing /opt/airflow/dags/config.py took 0.092 seconds
[2024-03-26T04:56:31.413+0000] {processor.py:161} INFO - Started process (PID=906) to work on /opt/airflow/dags/config.py
[2024-03-26T04:56:31.417+0000] {processor.py:830} INFO - Processing file /opt/airflow/dags/config.py for tasks to queue
[2024-03-26T04:56:31.422+0000] {logging_mixin.py:188} INFO - [2024-03-26T04:56:31.421+0000] {dagbag.py:540} INFO - Filling up the DagBag from /opt/airflow/dags/config.py
[2024-03-26T04:56:31.463+0000] {processor.py:842} WARNING - No viable dags retrieved from /opt/airflow/dags/config.py
[2024-03-26T04:56:31.514+0000] {processor.py:183} INFO - Processing /opt/airflow/dags/config.py took 0.111 seconds
[2024-03-26T04:57:02.074+0000] {processor.py:161} INFO - Started process (PID=921) to work on /opt/airflow/dags/config.py
[2024-03-26T04:57:02.077+0000] {processor.py:830} INFO - Processing file /opt/airflow/dags/config.py for tasks to queue
[2024-03-26T04:57:02.080+0000] {logging_mixin.py:188} INFO - [2024-03-26T04:57:02.080+0000] {dagbag.py:540} INFO - Filling up the DagBag from /opt/airflow/dags/config.py
[2024-03-26T04:57:02.095+0000] {processor.py:842} WARNING - No viable dags retrieved from /opt/airflow/dags/config.py
[2024-03-26T04:57:02.131+0000] {processor.py:183} INFO - Processing /opt/airflow/dags/config.py took 0.062 seconds
[2024-03-26T04:57:32.934+0000] {processor.py:161} INFO - Started process (PID=936) to work on /opt/airflow/dags/config.py
[2024-03-26T04:57:32.941+0000] {processor.py:830} INFO - Processing file /opt/airflow/dags/config.py for tasks to queue
[2024-03-26T04:57:32.954+0000] {logging_mixin.py:188} INFO - [2024-03-26T04:57:32.949+0000] {dagbag.py:540} INFO - Filling up the DagBag from /opt/airflow/dags/config.py
[2024-03-26T04:57:32.980+0000] {processor.py:842} WARNING - No viable dags retrieved from /opt/airflow/dags/config.py
[2024-03-26T04:57:33.071+0000] {processor.py:183} INFO - Processing /opt/airflow/dags/config.py took 0.184 seconds
[2024-03-26T04:59:50.362+0000] {processor.py:161} INFO - Started process (PID=160) to work on /opt/airflow/dags/config.py
[2024-03-26T04:59:50.371+0000] {processor.py:830} INFO - Processing file /opt/airflow/dags/config.py for tasks to queue
[2024-03-26T04:59:50.388+0000] {logging_mixin.py:188} INFO - [2024-03-26T04:59:50.385+0000] {dagbag.py:540} INFO - Filling up the DagBag from /opt/airflow/dags/config.py
[2024-03-26T04:59:50.435+0000] {processor.py:842} WARNING - No viable dags retrieved from /opt/airflow/dags/config.py
[2024-03-26T04:59:50.534+0000] {processor.py:183} INFO - Processing /opt/airflow/dags/config.py took 0.202 seconds
[2024-03-26T05:00:21.279+0000] {processor.py:161} INFO - Started process (PID=175) to work on /opt/airflow/dags/config.py
[2024-03-26T05:00:21.290+0000] {processor.py:830} INFO - Processing file /opt/airflow/dags/config.py for tasks to queue
[2024-03-26T05:00:21.294+0000] {logging_mixin.py:188} INFO - [2024-03-26T05:00:21.293+0000] {dagbag.py:540} INFO - Filling up the DagBag from /opt/airflow/dags/config.py
[2024-03-26T05:00:21.321+0000] {processor.py:842} WARNING - No viable dags retrieved from /opt/airflow/dags/config.py
[2024-03-26T05:00:21.387+0000] {processor.py:183} INFO - Processing /opt/airflow/dags/config.py took 0.123 seconds
[2024-03-26T05:00:52.114+0000] {processor.py:161} INFO - Started process (PID=190) to work on /opt/airflow/dags/config.py
[2024-03-26T05:00:52.142+0000] {processor.py:830} INFO - Processing file /opt/airflow/dags/config.py for tasks to queue
[2024-03-26T05:00:52.163+0000] {logging_mixin.py:188} INFO - [2024-03-26T05:00:52.162+0000] {dagbag.py:540} INFO - Filling up the DagBag from /opt/airflow/dags/config.py
[2024-03-26T05:00:52.317+0000] {processor.py:842} WARNING - No viable dags retrieved from /opt/airflow/dags/config.py
[2024-03-26T05:00:52.542+0000] {processor.py:183} INFO - Processing /opt/airflow/dags/config.py took 0.517 seconds
[2024-03-26T05:01:23.525+0000] {processor.py:161} INFO - Started process (PID=205) to work on /opt/airflow/dags/config.py
[2024-03-26T05:01:23.534+0000] {processor.py:830} INFO - Processing file /opt/airflow/dags/config.py for tasks to queue
[2024-03-26T05:01:23.546+0000] {logging_mixin.py:188} INFO - [2024-03-26T05:01:23.542+0000] {dagbag.py:540} INFO - Filling up the DagBag from /opt/airflow/dags/config.py
[2024-03-26T05:01:23.568+0000] {processor.py:842} WARNING - No viable dags retrieved from /opt/airflow/dags/config.py
[2024-03-26T05:01:23.622+0000] {processor.py:183} INFO - Processing /opt/airflow/dags/config.py took 0.116 seconds
[2024-03-26T05:01:54.505+0000] {processor.py:161} INFO - Started process (PID=220) to work on /opt/airflow/dags/config.py
[2024-03-26T05:01:54.511+0000] {processor.py:830} INFO - Processing file /opt/airflow/dags/config.py for tasks to queue
[2024-03-26T05:01:54.514+0000] {logging_mixin.py:188} INFO - [2024-03-26T05:01:54.513+0000] {dagbag.py:540} INFO - Filling up the DagBag from /opt/airflow/dags/config.py
[2024-03-26T05:01:54.526+0000] {processor.py:842} WARNING - No viable dags retrieved from /opt/airflow/dags/config.py
[2024-03-26T05:01:54.589+0000] {processor.py:183} INFO - Processing /opt/airflow/dags/config.py took 0.092 seconds
[2024-03-26T05:02:25.169+0000] {processor.py:161} INFO - Started process (PID=235) to work on /opt/airflow/dags/config.py
[2024-03-26T05:02:25.177+0000] {processor.py:830} INFO - Processing file /opt/airflow/dags/config.py for tasks to queue
[2024-03-26T05:02:25.184+0000] {logging_mixin.py:188} INFO - [2024-03-26T05:02:25.183+0000] {dagbag.py:540} INFO - Filling up the DagBag from /opt/airflow/dags/config.py
[2024-03-26T05:02:25.208+0000] {processor.py:842} WARNING - No viable dags retrieved from /opt/airflow/dags/config.py
[2024-03-26T05:02:25.263+0000] {processor.py:183} INFO - Processing /opt/airflow/dags/config.py took 0.118 seconds
[2024-03-26T05:02:56.724+0000] {processor.py:161} INFO - Started process (PID=262) to work on /opt/airflow/dags/config.py
[2024-03-26T05:02:56.748+0000] {processor.py:830} INFO - Processing file /opt/airflow/dags/config.py for tasks to queue
[2024-03-26T05:02:56.806+0000] {logging_mixin.py:188} INFO - [2024-03-26T05:02:56.805+0000] {dagbag.py:540} INFO - Filling up the DagBag from /opt/airflow/dags/config.py
[2024-03-26T05:02:56.849+0000] {processor.py:842} WARNING - No viable dags retrieved from /opt/airflow/dags/config.py
[2024-03-26T05:02:57.237+0000] {processor.py:183} INFO - Processing /opt/airflow/dags/config.py took 0.705 seconds
[2024-03-26T05:03:28.202+0000] {processor.py:161} INFO - Started process (PID=329) to work on /opt/airflow/dags/config.py
[2024-03-26T05:03:28.206+0000] {processor.py:830} INFO - Processing file /opt/airflow/dags/config.py for tasks to queue
[2024-03-26T05:03:28.217+0000] {logging_mixin.py:188} INFO - [2024-03-26T05:03:28.216+0000] {dagbag.py:540} INFO - Filling up the DagBag from /opt/airflow/dags/config.py
[2024-03-26T05:03:28.227+0000] {processor.py:842} WARNING - No viable dags retrieved from /opt/airflow/dags/config.py
[2024-03-26T05:03:28.254+0000] {processor.py:183} INFO - Processing /opt/airflow/dags/config.py took 0.057 seconds
[2024-03-26T05:03:58.796+0000] {processor.py:161} INFO - Started process (PID=344) to work on /opt/airflow/dags/config.py
[2024-03-26T05:03:58.801+0000] {processor.py:830} INFO - Processing file /opt/airflow/dags/config.py for tasks to queue
[2024-03-26T05:03:58.804+0000] {logging_mixin.py:188} INFO - [2024-03-26T05:03:58.804+0000] {dagbag.py:540} INFO - Filling up the DagBag from /opt/airflow/dags/config.py
[2024-03-26T05:03:58.814+0000] {processor.py:842} WARNING - No viable dags retrieved from /opt/airflow/dags/config.py
[2024-03-26T05:03:58.848+0000] {processor.py:183} INFO - Processing /opt/airflow/dags/config.py took 0.064 seconds
