[2024-03-26T04:33:24.609+0000] {processor.py:161} INFO - Started process (PID=165) to work on /opt/airflow/dags/tomtom_dag.py
[2024-03-26T04:33:24.628+0000] {processor.py:830} INFO - Processing file /opt/airflow/dags/tomtom_dag.py for tasks to queue
[2024-03-26T04:33:24.633+0000] {logging_mixin.py:188} INFO - [2024-03-26T04:33:24.631+0000] {dagbag.py:540} INFO - Filling up the DagBag from /opt/airflow/dags/tomtom_dag.py
[2024-03-26T04:33:24.777+0000] {logging_mixin.py:188} INFO - [2024-03-26T04:33:24.765+0000] {dagbag.py:350} ERROR - Failed to import: /opt/airflow/dags/tomtom_dag.py
Traceback (most recent call last):
  File "/home/airflow/.local/lib/python3.8/site-packages/airflow/models/dagbag.py", line 346, in parse
    loader.exec_module(new_module)
  File "<frozen importlib._bootstrap_external>", line 843, in exec_module
  File "<frozen importlib._bootstrap>", line 219, in _call_with_frames_removed
  File "/opt/airflow/dags/tomtom_dag.py", line 34, in <module>
    '--date {{ ds }} --connection %s' % Variable.get("data_dev_connection")
  File "/home/airflow/.local/lib/python3.8/site-packages/airflow/models/variable.py", line 143, in get
    raise KeyError(f"Variable {key} does not exist")
KeyError: 'Variable data_dev_connection does not exist'
[2024-03-26T04:33:24.784+0000] {processor.py:842} WARNING - No viable dags retrieved from /opt/airflow/dags/tomtom_dag.py
[2024-03-26T04:33:24.813+0000] {processor.py:183} INFO - Processing /opt/airflow/dags/tomtom_dag.py took 0.217 seconds
[2024-03-26T04:33:55.397+0000] {processor.py:161} INFO - Started process (PID=179) to work on /opt/airflow/dags/tomtom_dag.py
[2024-03-26T04:33:55.554+0000] {processor.py:830} INFO - Processing file /opt/airflow/dags/tomtom_dag.py for tasks to queue
[2024-03-26T04:33:55.569+0000] {logging_mixin.py:188} INFO - [2024-03-26T04:33:55.568+0000] {dagbag.py:540} INFO - Filling up the DagBag from /opt/airflow/dags/tomtom_dag.py
[2024-03-26T04:33:55.935+0000] {logging_mixin.py:188} INFO - [2024-03-26T04:33:55.922+0000] {dagbag.py:350} ERROR - Failed to import: /opt/airflow/dags/tomtom_dag.py
Traceback (most recent call last):
  File "/home/airflow/.local/lib/python3.8/site-packages/airflow/models/dagbag.py", line 346, in parse
    loader.exec_module(new_module)
  File "<frozen importlib._bootstrap_external>", line 843, in exec_module
  File "<frozen importlib._bootstrap>", line 219, in _call_with_frames_removed
  File "/opt/airflow/dags/tomtom_dag.py", line 34, in <module>
    '--date {{ ds }} --connection %s' % Variable.get("data_dev_connection")
  File "/home/airflow/.local/lib/python3.8/site-packages/airflow/models/variable.py", line 143, in get
    raise KeyError(f"Variable {key} does not exist")
KeyError: 'Variable data_dev_connection does not exist'
[2024-03-26T04:33:55.939+0000] {processor.py:842} WARNING - No viable dags retrieved from /opt/airflow/dags/tomtom_dag.py
[2024-03-26T04:33:55.973+0000] {processor.py:183} INFO - Processing /opt/airflow/dags/tomtom_dag.py took 0.598 seconds
[2024-03-26T04:34:26.682+0000] {processor.py:161} INFO - Started process (PID=197) to work on /opt/airflow/dags/tomtom_dag.py
[2024-03-26T04:34:26.696+0000] {processor.py:830} INFO - Processing file /opt/airflow/dags/tomtom_dag.py for tasks to queue
[2024-03-26T04:34:26.718+0000] {logging_mixin.py:188} INFO - [2024-03-26T04:34:26.707+0000] {dagbag.py:540} INFO - Filling up the DagBag from /opt/airflow/dags/tomtom_dag.py
[2024-03-26T04:34:26.853+0000] {logging_mixin.py:188} INFO - [2024-03-26T04:34:26.844+0000] {dagbag.py:350} ERROR - Failed to import: /opt/airflow/dags/tomtom_dag.py
Traceback (most recent call last):
  File "/home/airflow/.local/lib/python3.8/site-packages/airflow/models/dagbag.py", line 346, in parse
    loader.exec_module(new_module)
  File "<frozen importlib._bootstrap_external>", line 843, in exec_module
  File "<frozen importlib._bootstrap>", line 219, in _call_with_frames_removed
  File "/opt/airflow/dags/tomtom_dag.py", line 34, in <module>
    '--date {{ ds }} --connection %s' % Variable.get("data_dev_connection")
  File "/home/airflow/.local/lib/python3.8/site-packages/airflow/models/variable.py", line 143, in get
    raise KeyError(f"Variable {key} does not exist")
KeyError: 'Variable data_dev_connection does not exist'
[2024-03-26T04:34:26.864+0000] {processor.py:842} WARNING - No viable dags retrieved from /opt/airflow/dags/tomtom_dag.py
[2024-03-26T04:34:26.951+0000] {processor.py:183} INFO - Processing /opt/airflow/dags/tomtom_dag.py took 0.297 seconds
[2024-03-26T04:34:57.582+0000] {processor.py:161} INFO - Started process (PID=212) to work on /opt/airflow/dags/tomtom_dag.py
[2024-03-26T04:34:57.587+0000] {processor.py:830} INFO - Processing file /opt/airflow/dags/tomtom_dag.py for tasks to queue
[2024-03-26T04:34:57.598+0000] {logging_mixin.py:188} INFO - [2024-03-26T04:34:57.594+0000] {dagbag.py:540} INFO - Filling up the DagBag from /opt/airflow/dags/tomtom_dag.py
[2024-03-26T04:34:57.740+0000] {processor.py:840} INFO - DAG(s) 'tomtom' retrieved from /opt/airflow/dags/tomtom_dag.py
[2024-03-26T04:34:58.090+0000] {logging_mixin.py:188} INFO - [2024-03-26T04:34:58.089+0000] {override.py:1769} INFO - Created Permission View: can edit on DAG:tomtom
[2024-03-26T04:34:58.128+0000] {logging_mixin.py:188} INFO - [2024-03-26T04:34:58.127+0000] {override.py:1769} INFO - Created Permission View: can read on DAG:tomtom
[2024-03-26T04:34:58.155+0000] {logging_mixin.py:188} INFO - [2024-03-26T04:34:58.154+0000] {override.py:1769} INFO - Created Permission View: can delete on DAG:tomtom
[2024-03-26T04:34:58.158+0000] {logging_mixin.py:188} INFO - [2024-03-26T04:34:58.157+0000] {dag.py:3047} INFO - Sync 1 DAGs
[2024-03-26T04:34:58.200+0000] {logging_mixin.py:188} INFO - [2024-03-26T04:34:58.200+0000] {dag.py:3069} INFO - Creating ORM DAG for tomtom
[2024-03-26T04:34:58.240+0000] {logging_mixin.py:188} INFO - [2024-03-26T04:34:58.239+0000] {dag.py:3834} INFO - Setting next_dagrun for tomtom to 2024-03-20 00:00:00+00:00, run_after=2024-03-21 00:00:00+00:00
[2024-03-26T04:34:58.287+0000] {processor.py:183} INFO - Processing /opt/airflow/dags/tomtom_dag.py took 0.730 seconds
[2024-03-26T04:35:28.756+0000] {processor.py:161} INFO - Started process (PID=231) to work on /opt/airflow/dags/tomtom_dag.py
[2024-03-26T04:35:28.762+0000] {processor.py:830} INFO - Processing file /opt/airflow/dags/tomtom_dag.py for tasks to queue
[2024-03-26T04:35:28.771+0000] {logging_mixin.py:188} INFO - [2024-03-26T04:35:28.769+0000] {dagbag.py:540} INFO - Filling up the DagBag from /opt/airflow/dags/tomtom_dag.py
[2024-03-26T04:35:28.858+0000] {processor.py:840} INFO - DAG(s) 'tomtom' retrieved from /opt/airflow/dags/tomtom_dag.py
[2024-03-26T04:35:28.981+0000] {logging_mixin.py:188} INFO - [2024-03-26T04:35:28.980+0000] {dag.py:3047} INFO - Sync 1 DAGs
[2024-03-26T04:35:29.110+0000] {logging_mixin.py:188} INFO - [2024-03-26T04:35:29.110+0000] {dag.py:3834} INFO - Setting next_dagrun for tomtom to 2024-03-20 00:00:00+00:00, run_after=2024-03-21 00:00:00+00:00
[2024-03-26T04:35:29.159+0000] {processor.py:183} INFO - Processing /opt/airflow/dags/tomtom_dag.py took 0.431 seconds
[2024-03-26T04:35:59.678+0000] {processor.py:161} INFO - Started process (PID=246) to work on /opt/airflow/dags/tomtom_dag.py
[2024-03-26T04:35:59.683+0000] {processor.py:830} INFO - Processing file /opt/airflow/dags/tomtom_dag.py for tasks to queue
[2024-03-26T04:35:59.698+0000] {logging_mixin.py:188} INFO - [2024-03-26T04:35:59.694+0000] {dagbag.py:540} INFO - Filling up the DagBag from /opt/airflow/dags/tomtom_dag.py
[2024-03-26T04:35:59.828+0000] {processor.py:840} INFO - DAG(s) 'tomtom' retrieved from /opt/airflow/dags/tomtom_dag.py
[2024-03-26T04:35:59.876+0000] {logging_mixin.py:188} INFO - [2024-03-26T04:35:59.875+0000] {dag.py:3047} INFO - Sync 1 DAGs
[2024-03-26T04:35:59.972+0000] {logging_mixin.py:188} INFO - [2024-03-26T04:35:59.971+0000] {dag.py:3834} INFO - Setting next_dagrun for tomtom to 2024-03-20 00:00:00+00:00, run_after=2024-03-21 00:00:00+00:00
[2024-03-26T04:36:00.060+0000] {processor.py:183} INFO - Processing /opt/airflow/dags/tomtom_dag.py took 0.392 seconds
[2024-03-26T04:36:30.448+0000] {processor.py:161} INFO - Started process (PID=261) to work on /opt/airflow/dags/tomtom_dag.py
[2024-03-26T04:36:30.454+0000] {processor.py:830} INFO - Processing file /opt/airflow/dags/tomtom_dag.py for tasks to queue
[2024-03-26T04:36:30.457+0000] {logging_mixin.py:188} INFO - [2024-03-26T04:36:30.457+0000] {dagbag.py:540} INFO - Filling up the DagBag from /opt/airflow/dags/tomtom_dag.py
[2024-03-26T04:36:30.552+0000] {processor.py:840} INFO - DAG(s) 'tomtom' retrieved from /opt/airflow/dags/tomtom_dag.py
[2024-03-26T04:36:30.588+0000] {logging_mixin.py:188} INFO - [2024-03-26T04:36:30.588+0000] {dag.py:3047} INFO - Sync 1 DAGs
[2024-03-26T04:36:30.632+0000] {logging_mixin.py:188} INFO - [2024-03-26T04:36:30.632+0000] {dag.py:3834} INFO - Setting next_dagrun for tomtom to 2024-03-20 00:00:00+00:00, run_after=2024-03-21 00:00:00+00:00
[2024-03-26T04:36:30.671+0000] {processor.py:183} INFO - Processing /opt/airflow/dags/tomtom_dag.py took 0.230 seconds
[2024-03-26T04:37:01.283+0000] {processor.py:161} INFO - Started process (PID=330) to work on /opt/airflow/dags/tomtom_dag.py
[2024-03-26T04:37:01.287+0000] {processor.py:830} INFO - Processing file /opt/airflow/dags/tomtom_dag.py for tasks to queue
[2024-03-26T04:37:01.292+0000] {logging_mixin.py:188} INFO - [2024-03-26T04:37:01.290+0000] {dagbag.py:540} INFO - Filling up the DagBag from /opt/airflow/dags/tomtom_dag.py
[2024-03-26T04:37:01.589+0000] {processor.py:840} INFO - DAG(s) 'tomtom' retrieved from /opt/airflow/dags/tomtom_dag.py
[2024-03-26T04:37:01.806+0000] {logging_mixin.py:188} INFO - [2024-03-26T04:37:01.806+0000] {dag.py:3047} INFO - Sync 1 DAGs
[2024-03-26T04:37:02.011+0000] {logging_mixin.py:188} INFO - [2024-03-26T04:37:02.011+0000] {dag.py:3834} INFO - Setting next_dagrun for tomtom to 2024-03-26 00:00:00+00:00, run_after=2024-03-27 00:00:00+00:00
[2024-03-26T04:37:02.177+0000] {processor.py:183} INFO - Processing /opt/airflow/dags/tomtom_dag.py took 0.913 seconds
[2024-03-26T04:37:32.549+0000] {processor.py:161} INFO - Started process (PID=351) to work on /opt/airflow/dags/tomtom_dag.py
[2024-03-26T04:37:32.553+0000] {processor.py:830} INFO - Processing file /opt/airflow/dags/tomtom_dag.py for tasks to queue
[2024-03-26T04:37:32.556+0000] {logging_mixin.py:188} INFO - [2024-03-26T04:37:32.555+0000] {dagbag.py:540} INFO - Filling up the DagBag from /opt/airflow/dags/tomtom_dag.py
[2024-03-26T04:37:32.630+0000] {processor.py:840} INFO - DAG(s) 'tomtom' retrieved from /opt/airflow/dags/tomtom_dag.py
[2024-03-26T04:37:32.660+0000] {logging_mixin.py:188} INFO - [2024-03-26T04:37:32.659+0000] {dag.py:3047} INFO - Sync 1 DAGs
[2024-03-26T04:37:32.708+0000] {logging_mixin.py:188} INFO - [2024-03-26T04:37:32.707+0000] {dag.py:3834} INFO - Setting next_dagrun for tomtom to 2024-03-26 00:00:00+00:00, run_after=2024-03-27 00:00:00+00:00
[2024-03-26T04:37:32.740+0000] {processor.py:183} INFO - Processing /opt/airflow/dags/tomtom_dag.py took 0.230 seconds
[2024-03-26T04:38:03.148+0000] {processor.py:161} INFO - Started process (PID=366) to work on /opt/airflow/dags/tomtom_dag.py
[2024-03-26T04:38:03.156+0000] {processor.py:830} INFO - Processing file /opt/airflow/dags/tomtom_dag.py for tasks to queue
[2024-03-26T04:38:03.161+0000] {logging_mixin.py:188} INFO - [2024-03-26T04:38:03.158+0000] {dagbag.py:540} INFO - Filling up the DagBag from /opt/airflow/dags/tomtom_dag.py
[2024-03-26T04:38:03.276+0000] {processor.py:840} INFO - DAG(s) 'tomtom' retrieved from /opt/airflow/dags/tomtom_dag.py
[2024-03-26T04:38:03.327+0000] {logging_mixin.py:188} INFO - [2024-03-26T04:38:03.325+0000] {dag.py:3047} INFO - Sync 1 DAGs
[2024-03-26T04:38:03.400+0000] {logging_mixin.py:188} INFO - [2024-03-26T04:38:03.400+0000] {dag.py:3834} INFO - Setting next_dagrun for tomtom to 2024-03-26 00:00:00+00:00, run_after=2024-03-27 00:00:00+00:00
[2024-03-26T04:38:03.454+0000] {processor.py:183} INFO - Processing /opt/airflow/dags/tomtom_dag.py took 0.319 seconds
[2024-03-26T04:38:34.575+0000] {processor.py:161} INFO - Started process (PID=381) to work on /opt/airflow/dags/tomtom_dag.py
[2024-03-26T04:38:34.589+0000] {processor.py:830} INFO - Processing file /opt/airflow/dags/tomtom_dag.py for tasks to queue
[2024-03-26T04:38:34.675+0000] {logging_mixin.py:188} INFO - [2024-03-26T04:38:34.672+0000] {dagbag.py:540} INFO - Filling up the DagBag from /opt/airflow/dags/tomtom_dag.py
[2024-03-26T04:38:34.910+0000] {processor.py:840} INFO - DAG(s) 'tomtom' retrieved from /opt/airflow/dags/tomtom_dag.py
[2024-03-26T04:38:35.094+0000] {logging_mixin.py:188} INFO - [2024-03-26T04:38:35.094+0000] {dag.py:3047} INFO - Sync 1 DAGs
[2024-03-26T04:38:35.215+0000] {logging_mixin.py:188} INFO - [2024-03-26T04:38:35.215+0000] {dag.py:3834} INFO - Setting next_dagrun for tomtom to 2024-03-26 00:00:00+00:00, run_after=2024-03-27 00:00:00+00:00
[2024-03-26T04:38:35.280+0000] {processor.py:183} INFO - Processing /opt/airflow/dags/tomtom_dag.py took 0.822 seconds
[2024-03-26T04:39:05.653+0000] {processor.py:161} INFO - Started process (PID=396) to work on /opt/airflow/dags/tomtom_dag.py
[2024-03-26T04:39:05.665+0000] {processor.py:830} INFO - Processing file /opt/airflow/dags/tomtom_dag.py for tasks to queue
[2024-03-26T04:39:05.672+0000] {logging_mixin.py:188} INFO - [2024-03-26T04:39:05.671+0000] {dagbag.py:540} INFO - Filling up the DagBag from /opt/airflow/dags/tomtom_dag.py
[2024-03-26T04:39:05.773+0000] {processor.py:840} INFO - DAG(s) 'tomtom' retrieved from /opt/airflow/dags/tomtom_dag.py
[2024-03-26T04:39:05.809+0000] {logging_mixin.py:188} INFO - [2024-03-26T04:39:05.809+0000] {dag.py:3047} INFO - Sync 1 DAGs
[2024-03-26T04:39:05.850+0000] {logging_mixin.py:188} INFO - [2024-03-26T04:39:05.850+0000] {dag.py:3834} INFO - Setting next_dagrun for tomtom to 2024-03-26 00:00:00+00:00, run_after=2024-03-27 00:00:00+00:00
[2024-03-26T04:39:05.897+0000] {processor.py:183} INFO - Processing /opt/airflow/dags/tomtom_dag.py took 0.260 seconds
[2024-03-26T04:39:36.356+0000] {processor.py:161} INFO - Started process (PID=411) to work on /opt/airflow/dags/tomtom_dag.py
[2024-03-26T04:39:36.362+0000] {processor.py:830} INFO - Processing file /opt/airflow/dags/tomtom_dag.py for tasks to queue
[2024-03-26T04:39:36.368+0000] {logging_mixin.py:188} INFO - [2024-03-26T04:39:36.368+0000] {dagbag.py:540} INFO - Filling up the DagBag from /opt/airflow/dags/tomtom_dag.py
[2024-03-26T04:39:36.534+0000] {processor.py:840} INFO - DAG(s) 'tomtom' retrieved from /opt/airflow/dags/tomtom_dag.py
[2024-03-26T04:39:36.571+0000] {logging_mixin.py:188} INFO - [2024-03-26T04:39:36.571+0000] {dag.py:3047} INFO - Sync 1 DAGs
[2024-03-26T04:39:36.613+0000] {logging_mixin.py:188} INFO - [2024-03-26T04:39:36.613+0000] {dag.py:3834} INFO - Setting next_dagrun for tomtom to 2024-03-26 00:00:00+00:00, run_after=2024-03-27 00:00:00+00:00
[2024-03-26T04:39:36.648+0000] {processor.py:183} INFO - Processing /opt/airflow/dags/tomtom_dag.py took 0.297 seconds
[2024-03-26T04:40:07.061+0000] {processor.py:161} INFO - Started process (PID=426) to work on /opt/airflow/dags/tomtom_dag.py
[2024-03-26T04:40:07.065+0000] {processor.py:830} INFO - Processing file /opt/airflow/dags/tomtom_dag.py for tasks to queue
[2024-03-26T04:40:07.069+0000] {logging_mixin.py:188} INFO - [2024-03-26T04:40:07.068+0000] {dagbag.py:540} INFO - Filling up the DagBag from /opt/airflow/dags/tomtom_dag.py
[2024-03-26T04:40:07.167+0000] {processor.py:840} INFO - DAG(s) 'tomtom' retrieved from /opt/airflow/dags/tomtom_dag.py
[2024-03-26T04:40:07.227+0000] {logging_mixin.py:188} INFO - [2024-03-26T04:40:07.226+0000] {dag.py:3047} INFO - Sync 1 DAGs
[2024-03-26T04:40:07.321+0000] {logging_mixin.py:188} INFO - [2024-03-26T04:40:07.321+0000] {dag.py:3834} INFO - Setting next_dagrun for tomtom to 2024-03-26 00:00:00+00:00, run_after=2024-03-27 00:00:00+00:00
[2024-03-26T04:40:07.430+0000] {processor.py:183} INFO - Processing /opt/airflow/dags/tomtom_dag.py took 0.377 seconds
[2024-03-26T04:40:37.930+0000] {processor.py:161} INFO - Started process (PID=441) to work on /opt/airflow/dags/tomtom_dag.py
[2024-03-26T04:40:37.935+0000] {processor.py:830} INFO - Processing file /opt/airflow/dags/tomtom_dag.py for tasks to queue
[2024-03-26T04:40:37.949+0000] {logging_mixin.py:188} INFO - [2024-03-26T04:40:37.947+0000] {dagbag.py:540} INFO - Filling up the DagBag from /opt/airflow/dags/tomtom_dag.py
[2024-03-26T04:40:38.040+0000] {processor.py:840} INFO - DAG(s) 'tomtom' retrieved from /opt/airflow/dags/tomtom_dag.py
[2024-03-26T04:40:38.082+0000] {logging_mixin.py:188} INFO - [2024-03-26T04:40:38.082+0000] {dag.py:3047} INFO - Sync 1 DAGs
[2024-03-26T04:40:38.160+0000] {logging_mixin.py:188} INFO - [2024-03-26T04:40:38.160+0000] {dag.py:3834} INFO - Setting next_dagrun for tomtom to 2024-03-26 00:00:00+00:00, run_after=2024-03-27 00:00:00+00:00
[2024-03-26T04:40:38.228+0000] {processor.py:183} INFO - Processing /opt/airflow/dags/tomtom_dag.py took 0.316 seconds
[2024-03-26T04:41:08.659+0000] {processor.py:161} INFO - Started process (PID=456) to work on /opt/airflow/dags/tomtom_dag.py
[2024-03-26T04:41:08.669+0000] {processor.py:830} INFO - Processing file /opt/airflow/dags/tomtom_dag.py for tasks to queue
[2024-03-26T04:41:08.682+0000] {logging_mixin.py:188} INFO - [2024-03-26T04:41:08.681+0000] {dagbag.py:540} INFO - Filling up the DagBag from /opt/airflow/dags/tomtom_dag.py
[2024-03-26T04:41:08.897+0000] {processor.py:840} INFO - DAG(s) 'tomtom' retrieved from /opt/airflow/dags/tomtom_dag.py
[2024-03-26T04:41:08.974+0000] {logging_mixin.py:188} INFO - [2024-03-26T04:41:08.973+0000] {dag.py:3047} INFO - Sync 1 DAGs
[2024-03-26T04:41:09.055+0000] {logging_mixin.py:188} INFO - [2024-03-26T04:41:09.054+0000] {dag.py:3834} INFO - Setting next_dagrun for tomtom to 2024-03-26 00:00:00+00:00, run_after=2024-03-27 00:00:00+00:00
[2024-03-26T04:41:09.103+0000] {processor.py:183} INFO - Processing /opt/airflow/dags/tomtom_dag.py took 0.455 seconds
[2024-03-26T04:41:39.744+0000] {processor.py:161} INFO - Started process (PID=471) to work on /opt/airflow/dags/tomtom_dag.py
[2024-03-26T04:41:39.749+0000] {processor.py:830} INFO - Processing file /opt/airflow/dags/tomtom_dag.py for tasks to queue
[2024-03-26T04:41:39.769+0000] {logging_mixin.py:188} INFO - [2024-03-26T04:41:39.755+0000] {dagbag.py:540} INFO - Filling up the DagBag from /opt/airflow/dags/tomtom_dag.py
[2024-03-26T04:41:39.870+0000] {processor.py:840} INFO - DAG(s) 'tomtom' retrieved from /opt/airflow/dags/tomtom_dag.py
[2024-03-26T04:41:39.921+0000] {logging_mixin.py:188} INFO - [2024-03-26T04:41:39.920+0000] {dag.py:3047} INFO - Sync 1 DAGs
[2024-03-26T04:41:39.964+0000] {logging_mixin.py:188} INFO - [2024-03-26T04:41:39.963+0000] {dag.py:3834} INFO - Setting next_dagrun for tomtom to 2024-03-26 00:00:00+00:00, run_after=2024-03-27 00:00:00+00:00
[2024-03-26T04:41:40.042+0000] {processor.py:183} INFO - Processing /opt/airflow/dags/tomtom_dag.py took 0.318 seconds
[2024-03-26T04:42:10.469+0000] {processor.py:161} INFO - Started process (PID=486) to work on /opt/airflow/dags/tomtom_dag.py
[2024-03-26T04:42:10.483+0000] {processor.py:830} INFO - Processing file /opt/airflow/dags/tomtom_dag.py for tasks to queue
[2024-03-26T04:42:10.499+0000] {logging_mixin.py:188} INFO - [2024-03-26T04:42:10.492+0000] {dagbag.py:540} INFO - Filling up the DagBag from /opt/airflow/dags/tomtom_dag.py
[2024-03-26T04:42:10.606+0000] {processor.py:840} INFO - DAG(s) 'tomtom' retrieved from /opt/airflow/dags/tomtom_dag.py
[2024-03-26T04:42:10.666+0000] {logging_mixin.py:188} INFO - [2024-03-26T04:42:10.665+0000] {dag.py:3047} INFO - Sync 1 DAGs
[2024-03-26T04:42:10.734+0000] {logging_mixin.py:188} INFO - [2024-03-26T04:42:10.733+0000] {dag.py:3834} INFO - Setting next_dagrun for tomtom to 2024-03-26 00:00:00+00:00, run_after=2024-03-27 00:00:00+00:00
[2024-03-26T04:42:10.792+0000] {processor.py:183} INFO - Processing /opt/airflow/dags/tomtom_dag.py took 0.340 seconds
[2024-03-26T04:42:41.225+0000] {processor.py:161} INFO - Started process (PID=501) to work on /opt/airflow/dags/tomtom_dag.py
[2024-03-26T04:42:41.235+0000] {processor.py:830} INFO - Processing file /opt/airflow/dags/tomtom_dag.py for tasks to queue
[2024-03-26T04:42:41.245+0000] {logging_mixin.py:188} INFO - [2024-03-26T04:42:41.244+0000] {dagbag.py:540} INFO - Filling up the DagBag from /opt/airflow/dags/tomtom_dag.py
[2024-03-26T04:42:41.752+0000] {processor.py:840} INFO - DAG(s) 'tomtom' retrieved from /opt/airflow/dags/tomtom_dag.py
[2024-03-26T04:42:41.903+0000] {logging_mixin.py:188} INFO - [2024-03-26T04:42:41.902+0000] {dag.py:3047} INFO - Sync 1 DAGs
[2024-03-26T04:42:41.966+0000] {logging_mixin.py:188} INFO - [2024-03-26T04:42:41.966+0000] {dag.py:3834} INFO - Setting next_dagrun for tomtom to 2024-03-26 00:00:00+00:00, run_after=2024-03-27 00:00:00+00:00
[2024-03-26T04:42:42.081+0000] {processor.py:183} INFO - Processing /opt/airflow/dags/tomtom_dag.py took 0.870 seconds
[2024-03-26T04:43:12.561+0000] {processor.py:161} INFO - Started process (PID=516) to work on /opt/airflow/dags/tomtom_dag.py
[2024-03-26T04:43:12.566+0000] {processor.py:830} INFO - Processing file /opt/airflow/dags/tomtom_dag.py for tasks to queue
[2024-03-26T04:43:12.569+0000] {logging_mixin.py:188} INFO - [2024-03-26T04:43:12.568+0000] {dagbag.py:540} INFO - Filling up the DagBag from /opt/airflow/dags/tomtom_dag.py
[2024-03-26T04:43:12.648+0000] {processor.py:840} INFO - DAG(s) 'tomtom' retrieved from /opt/airflow/dags/tomtom_dag.py
[2024-03-26T04:43:12.708+0000] {logging_mixin.py:188} INFO - [2024-03-26T04:43:12.707+0000] {dag.py:3047} INFO - Sync 1 DAGs
[2024-03-26T04:43:12.775+0000] {logging_mixin.py:188} INFO - [2024-03-26T04:43:12.774+0000] {dag.py:3834} INFO - Setting next_dagrun for tomtom to 2024-03-26 00:00:00+00:00, run_after=2024-03-27 00:00:00+00:00
[2024-03-26T04:43:12.829+0000] {processor.py:183} INFO - Processing /opt/airflow/dags/tomtom_dag.py took 0.276 seconds
[2024-03-26T04:43:43.377+0000] {processor.py:161} INFO - Started process (PID=531) to work on /opt/airflow/dags/tomtom_dag.py
[2024-03-26T04:43:43.385+0000] {processor.py:830} INFO - Processing file /opt/airflow/dags/tomtom_dag.py for tasks to queue
[2024-03-26T04:43:43.430+0000] {logging_mixin.py:188} INFO - [2024-03-26T04:43:43.409+0000] {dagbag.py:540} INFO - Filling up the DagBag from /opt/airflow/dags/tomtom_dag.py
[2024-03-26T04:43:43.573+0000] {processor.py:840} INFO - DAG(s) 'tomtom' retrieved from /opt/airflow/dags/tomtom_dag.py
[2024-03-26T04:43:43.621+0000] {logging_mixin.py:188} INFO - [2024-03-26T04:43:43.620+0000] {dag.py:3047} INFO - Sync 1 DAGs
[2024-03-26T04:43:43.682+0000] {logging_mixin.py:188} INFO - [2024-03-26T04:43:43.681+0000] {dag.py:3834} INFO - Setting next_dagrun for tomtom to 2024-03-26 00:00:00+00:00, run_after=2024-03-27 00:00:00+00:00
[2024-03-26T04:43:43.720+0000] {processor.py:183} INFO - Processing /opt/airflow/dags/tomtom_dag.py took 0.358 seconds
[2024-03-26T04:44:14.136+0000] {processor.py:161} INFO - Started process (PID=546) to work on /opt/airflow/dags/tomtom_dag.py
[2024-03-26T04:44:14.140+0000] {processor.py:830} INFO - Processing file /opt/airflow/dags/tomtom_dag.py for tasks to queue
[2024-03-26T04:44:14.154+0000] {logging_mixin.py:188} INFO - [2024-03-26T04:44:14.147+0000] {dagbag.py:540} INFO - Filling up the DagBag from /opt/airflow/dags/tomtom_dag.py
[2024-03-26T04:44:14.254+0000] {processor.py:840} INFO - DAG(s) 'tomtom' retrieved from /opt/airflow/dags/tomtom_dag.py
[2024-03-26T04:44:14.299+0000] {logging_mixin.py:188} INFO - [2024-03-26T04:44:14.297+0000] {dag.py:3047} INFO - Sync 1 DAGs
[2024-03-26T04:44:14.353+0000] {logging_mixin.py:188} INFO - [2024-03-26T04:44:14.353+0000] {dag.py:3834} INFO - Setting next_dagrun for tomtom to 2024-03-26 00:00:00+00:00, run_after=2024-03-27 00:00:00+00:00
[2024-03-26T04:44:14.392+0000] {processor.py:183} INFO - Processing /opt/airflow/dags/tomtom_dag.py took 0.274 seconds
[2024-03-26T04:44:44.864+0000] {processor.py:161} INFO - Started process (PID=561) to work on /opt/airflow/dags/tomtom_dag.py
[2024-03-26T04:44:44.868+0000] {processor.py:830} INFO - Processing file /opt/airflow/dags/tomtom_dag.py for tasks to queue
[2024-03-26T04:44:44.871+0000] {logging_mixin.py:188} INFO - [2024-03-26T04:44:44.870+0000] {dagbag.py:540} INFO - Filling up the DagBag from /opt/airflow/dags/tomtom_dag.py
[2024-03-26T04:44:44.959+0000] {processor.py:840} INFO - DAG(s) 'tomtom' retrieved from /opt/airflow/dags/tomtom_dag.py
[2024-03-26T04:44:45.008+0000] {logging_mixin.py:188} INFO - [2024-03-26T04:44:45.007+0000] {dag.py:3047} INFO - Sync 1 DAGs
[2024-03-26T04:44:45.051+0000] {logging_mixin.py:188} INFO - [2024-03-26T04:44:45.051+0000] {dag.py:3834} INFO - Setting next_dagrun for tomtom to 2024-03-26 00:00:00+00:00, run_after=2024-03-27 00:00:00+00:00
[2024-03-26T04:44:45.111+0000] {processor.py:183} INFO - Processing /opt/airflow/dags/tomtom_dag.py took 0.251 seconds
[2024-03-26T04:45:15.613+0000] {processor.py:161} INFO - Started process (PID=576) to work on /opt/airflow/dags/tomtom_dag.py
[2024-03-26T04:45:15.660+0000] {processor.py:830} INFO - Processing file /opt/airflow/dags/tomtom_dag.py for tasks to queue
[2024-03-26T04:45:15.680+0000] {logging_mixin.py:188} INFO - [2024-03-26T04:45:15.679+0000] {dagbag.py:540} INFO - Filling up the DagBag from /opt/airflow/dags/tomtom_dag.py
[2024-03-26T04:45:15.862+0000] {processor.py:840} INFO - DAG(s) 'tomtom' retrieved from /opt/airflow/dags/tomtom_dag.py
[2024-03-26T04:45:16.048+0000] {logging_mixin.py:188} INFO - [2024-03-26T04:45:16.047+0000] {dag.py:3047} INFO - Sync 1 DAGs
[2024-03-26T04:45:16.162+0000] {logging_mixin.py:188} INFO - [2024-03-26T04:45:16.161+0000] {dag.py:3834} INFO - Setting next_dagrun for tomtom to 2024-03-26 00:00:00+00:00, run_after=2024-03-27 00:00:00+00:00
[2024-03-26T04:45:16.254+0000] {processor.py:183} INFO - Processing /opt/airflow/dags/tomtom_dag.py took 0.666 seconds
[2024-03-26T04:45:46.905+0000] {processor.py:161} INFO - Started process (PID=591) to work on /opt/airflow/dags/tomtom_dag.py
[2024-03-26T04:45:46.909+0000] {processor.py:830} INFO - Processing file /opt/airflow/dags/tomtom_dag.py for tasks to queue
[2024-03-26T04:45:46.913+0000] {logging_mixin.py:188} INFO - [2024-03-26T04:45:46.912+0000] {dagbag.py:540} INFO - Filling up the DagBag from /opt/airflow/dags/tomtom_dag.py
[2024-03-26T04:45:47.016+0000] {processor.py:840} INFO - DAG(s) 'tomtom' retrieved from /opt/airflow/dags/tomtom_dag.py
[2024-03-26T04:45:47.095+0000] {logging_mixin.py:188} INFO - [2024-03-26T04:45:47.094+0000] {dag.py:3047} INFO - Sync 1 DAGs
[2024-03-26T04:45:47.163+0000] {logging_mixin.py:188} INFO - [2024-03-26T04:45:47.162+0000] {dag.py:3834} INFO - Setting next_dagrun for tomtom to 2024-03-26 00:00:00+00:00, run_after=2024-03-27 00:00:00+00:00
[2024-03-26T04:45:47.208+0000] {processor.py:183} INFO - Processing /opt/airflow/dags/tomtom_dag.py took 0.310 seconds
[2024-03-26T04:46:17.507+0000] {processor.py:161} INFO - Started process (PID=606) to work on /opt/airflow/dags/tomtom_dag.py
[2024-03-26T04:46:17.510+0000] {processor.py:830} INFO - Processing file /opt/airflow/dags/tomtom_dag.py for tasks to queue
[2024-03-26T04:46:17.513+0000] {logging_mixin.py:188} INFO - [2024-03-26T04:46:17.513+0000] {dagbag.py:540} INFO - Filling up the DagBag from /opt/airflow/dags/tomtom_dag.py
[2024-03-26T04:46:17.595+0000] {processor.py:840} INFO - DAG(s) 'tomtom' retrieved from /opt/airflow/dags/tomtom_dag.py
[2024-03-26T04:46:17.637+0000] {logging_mixin.py:188} INFO - [2024-03-26T04:46:17.637+0000] {dag.py:3047} INFO - Sync 1 DAGs
[2024-03-26T04:46:17.681+0000] {logging_mixin.py:188} INFO - [2024-03-26T04:46:17.680+0000] {dag.py:3834} INFO - Setting next_dagrun for tomtom to 2024-03-26 00:00:00+00:00, run_after=2024-03-27 00:00:00+00:00
[2024-03-26T04:46:17.730+0000] {processor.py:183} INFO - Processing /opt/airflow/dags/tomtom_dag.py took 0.228 seconds
[2024-03-26T04:46:48.130+0000] {processor.py:161} INFO - Started process (PID=621) to work on /opt/airflow/dags/tomtom_dag.py
[2024-03-26T04:46:48.138+0000] {processor.py:830} INFO - Processing file /opt/airflow/dags/tomtom_dag.py for tasks to queue
[2024-03-26T04:46:48.142+0000] {logging_mixin.py:188} INFO - [2024-03-26T04:46:48.142+0000] {dagbag.py:540} INFO - Filling up the DagBag from /opt/airflow/dags/tomtom_dag.py
[2024-03-26T04:46:48.213+0000] {processor.py:840} INFO - DAG(s) 'tomtom' retrieved from /opt/airflow/dags/tomtom_dag.py
[2024-03-26T04:46:48.275+0000] {logging_mixin.py:188} INFO - [2024-03-26T04:46:48.274+0000] {dag.py:3047} INFO - Sync 1 DAGs
[2024-03-26T04:46:48.348+0000] {logging_mixin.py:188} INFO - [2024-03-26T04:46:48.346+0000] {dag.py:3834} INFO - Setting next_dagrun for tomtom to 2024-03-26 00:00:00+00:00, run_after=2024-03-27 00:00:00+00:00
[2024-03-26T04:46:48.391+0000] {processor.py:183} INFO - Processing /opt/airflow/dags/tomtom_dag.py took 0.277 seconds
[2024-03-26T04:47:18.762+0000] {processor.py:161} INFO - Started process (PID=636) to work on /opt/airflow/dags/tomtom_dag.py
[2024-03-26T04:47:18.768+0000] {processor.py:830} INFO - Processing file /opt/airflow/dags/tomtom_dag.py for tasks to queue
[2024-03-26T04:47:18.775+0000] {logging_mixin.py:188} INFO - [2024-03-26T04:47:18.771+0000] {dagbag.py:540} INFO - Filling up the DagBag from /opt/airflow/dags/tomtom_dag.py
[2024-03-26T04:47:18.874+0000] {processor.py:840} INFO - DAG(s) 'tomtom' retrieved from /opt/airflow/dags/tomtom_dag.py
[2024-03-26T04:47:18.947+0000] {logging_mixin.py:188} INFO - [2024-03-26T04:47:18.947+0000] {dag.py:3047} INFO - Sync 1 DAGs
[2024-03-26T04:47:19.076+0000] {logging_mixin.py:188} INFO - [2024-03-26T04:47:19.075+0000] {dag.py:3834} INFO - Setting next_dagrun for tomtom to 2024-03-26 00:00:00+00:00, run_after=2024-03-27 00:00:00+00:00
[2024-03-26T04:47:19.141+0000] {processor.py:183} INFO - Processing /opt/airflow/dags/tomtom_dag.py took 0.405 seconds
[2024-03-26T04:47:50.222+0000] {processor.py:161} INFO - Started process (PID=651) to work on /opt/airflow/dags/tomtom_dag.py
[2024-03-26T04:47:50.235+0000] {processor.py:830} INFO - Processing file /opt/airflow/dags/tomtom_dag.py for tasks to queue
[2024-03-26T04:47:50.245+0000] {logging_mixin.py:188} INFO - [2024-03-26T04:47:50.244+0000] {dagbag.py:540} INFO - Filling up the DagBag from /opt/airflow/dags/tomtom_dag.py
[2024-03-26T04:47:50.361+0000] {processor.py:840} INFO - DAG(s) 'tomtom' retrieved from /opt/airflow/dags/tomtom_dag.py
[2024-03-26T04:47:50.462+0000] {logging_mixin.py:188} INFO - [2024-03-26T04:47:50.462+0000] {dag.py:3047} INFO - Sync 1 DAGs
[2024-03-26T04:47:50.515+0000] {logging_mixin.py:188} INFO - [2024-03-26T04:47:50.514+0000] {dag.py:3834} INFO - Setting next_dagrun for tomtom to 2024-03-26 00:00:00+00:00, run_after=2024-03-27 00:00:00+00:00
[2024-03-26T04:47:50.590+0000] {processor.py:183} INFO - Processing /opt/airflow/dags/tomtom_dag.py took 0.380 seconds
[2024-03-26T04:48:21.076+0000] {processor.py:161} INFO - Started process (PID=666) to work on /opt/airflow/dags/tomtom_dag.py
[2024-03-26T04:48:21.080+0000] {processor.py:830} INFO - Processing file /opt/airflow/dags/tomtom_dag.py for tasks to queue
[2024-03-26T04:48:21.095+0000] {logging_mixin.py:188} INFO - [2024-03-26T04:48:21.085+0000] {dagbag.py:540} INFO - Filling up the DagBag from /opt/airflow/dags/tomtom_dag.py
[2024-03-26T04:48:21.289+0000] {processor.py:840} INFO - DAG(s) 'tomtom' retrieved from /opt/airflow/dags/tomtom_dag.py
[2024-03-26T04:48:21.357+0000] {logging_mixin.py:188} INFO - [2024-03-26T04:48:21.356+0000] {dag.py:3047} INFO - Sync 1 DAGs
[2024-03-26T04:48:21.440+0000] {logging_mixin.py:188} INFO - [2024-03-26T04:48:21.438+0000] {dag.py:3834} INFO - Setting next_dagrun for tomtom to 2024-03-26 00:00:00+00:00, run_after=2024-03-27 00:00:00+00:00
[2024-03-26T04:48:21.492+0000] {processor.py:183} INFO - Processing /opt/airflow/dags/tomtom_dag.py took 0.431 seconds
[2024-03-26T04:48:52.001+0000] {processor.py:161} INFO - Started process (PID=681) to work on /opt/airflow/dags/tomtom_dag.py
[2024-03-26T04:48:52.005+0000] {processor.py:830} INFO - Processing file /opt/airflow/dags/tomtom_dag.py for tasks to queue
[2024-03-26T04:48:52.010+0000] {logging_mixin.py:188} INFO - [2024-03-26T04:48:52.009+0000] {dagbag.py:540} INFO - Filling up the DagBag from /opt/airflow/dags/tomtom_dag.py
[2024-03-26T04:48:52.089+0000] {processor.py:840} INFO - DAG(s) 'tomtom' retrieved from /opt/airflow/dags/tomtom_dag.py
[2024-03-26T04:48:52.133+0000] {logging_mixin.py:188} INFO - [2024-03-26T04:48:52.132+0000] {dag.py:3047} INFO - Sync 1 DAGs
[2024-03-26T04:48:52.190+0000] {logging_mixin.py:188} INFO - [2024-03-26T04:48:52.189+0000] {dag.py:3834} INFO - Setting next_dagrun for tomtom to 2024-03-26 00:00:00+00:00, run_after=2024-03-27 00:00:00+00:00
[2024-03-26T04:48:52.241+0000] {processor.py:183} INFO - Processing /opt/airflow/dags/tomtom_dag.py took 0.252 seconds
[2024-03-26T04:49:22.661+0000] {processor.py:161} INFO - Started process (PID=696) to work on /opt/airflow/dags/tomtom_dag.py
[2024-03-26T04:49:22.665+0000] {processor.py:830} INFO - Processing file /opt/airflow/dags/tomtom_dag.py for tasks to queue
[2024-03-26T04:49:22.668+0000] {logging_mixin.py:188} INFO - [2024-03-26T04:49:22.668+0000] {dagbag.py:540} INFO - Filling up the DagBag from /opt/airflow/dags/tomtom_dag.py
[2024-03-26T04:49:22.763+0000] {processor.py:840} INFO - DAG(s) 'tomtom' retrieved from /opt/airflow/dags/tomtom_dag.py
[2024-03-26T04:49:22.799+0000] {logging_mixin.py:188} INFO - [2024-03-26T04:49:22.799+0000] {dag.py:3047} INFO - Sync 1 DAGs
[2024-03-26T04:49:22.846+0000] {logging_mixin.py:188} INFO - [2024-03-26T04:49:22.846+0000] {dag.py:3834} INFO - Setting next_dagrun for tomtom to 2024-03-26 00:00:00+00:00, run_after=2024-03-27 00:00:00+00:00
[2024-03-26T04:49:22.891+0000] {processor.py:183} INFO - Processing /opt/airflow/dags/tomtom_dag.py took 0.236 seconds
[2024-03-26T04:49:53.301+0000] {processor.py:161} INFO - Started process (PID=711) to work on /opt/airflow/dags/tomtom_dag.py
[2024-03-26T04:49:53.305+0000] {processor.py:830} INFO - Processing file /opt/airflow/dags/tomtom_dag.py for tasks to queue
[2024-03-26T04:49:53.308+0000] {logging_mixin.py:188} INFO - [2024-03-26T04:49:53.307+0000] {dagbag.py:540} INFO - Filling up the DagBag from /opt/airflow/dags/tomtom_dag.py
[2024-03-26T04:49:53.385+0000] {processor.py:840} INFO - DAG(s) 'tomtom' retrieved from /opt/airflow/dags/tomtom_dag.py
[2024-03-26T04:49:53.427+0000] {logging_mixin.py:188} INFO - [2024-03-26T04:49:53.426+0000] {dag.py:3047} INFO - Sync 1 DAGs
[2024-03-26T04:49:53.486+0000] {logging_mixin.py:188} INFO - [2024-03-26T04:49:53.486+0000] {dag.py:3834} INFO - Setting next_dagrun for tomtom to 2024-03-26 00:00:00+00:00, run_after=2024-03-27 00:00:00+00:00
[2024-03-26T04:49:53.537+0000] {processor.py:183} INFO - Processing /opt/airflow/dags/tomtom_dag.py took 0.245 seconds
[2024-03-26T04:50:23.969+0000] {processor.py:161} INFO - Started process (PID=726) to work on /opt/airflow/dags/tomtom_dag.py
[2024-03-26T04:50:23.973+0000] {processor.py:830} INFO - Processing file /opt/airflow/dags/tomtom_dag.py for tasks to queue
[2024-03-26T04:50:23.976+0000] {logging_mixin.py:188} INFO - [2024-03-26T04:50:23.975+0000] {dagbag.py:540} INFO - Filling up the DagBag from /opt/airflow/dags/tomtom_dag.py
[2024-03-26T04:50:24.042+0000] {processor.py:840} INFO - DAG(s) 'tomtom' retrieved from /opt/airflow/dags/tomtom_dag.py
[2024-03-26T04:50:24.078+0000] {logging_mixin.py:188} INFO - [2024-03-26T04:50:24.077+0000] {dag.py:3047} INFO - Sync 1 DAGs
[2024-03-26T04:50:24.152+0000] {logging_mixin.py:188} INFO - [2024-03-26T04:50:24.152+0000] {dag.py:3834} INFO - Setting next_dagrun for tomtom to 2024-03-26 00:00:00+00:00, run_after=2024-03-27 00:00:00+00:00
[2024-03-26T04:50:24.204+0000] {processor.py:183} INFO - Processing /opt/airflow/dags/tomtom_dag.py took 0.240 seconds
[2024-03-26T04:50:54.614+0000] {processor.py:161} INFO - Started process (PID=741) to work on /opt/airflow/dags/tomtom_dag.py
[2024-03-26T04:50:54.624+0000] {processor.py:830} INFO - Processing file /opt/airflow/dags/tomtom_dag.py for tasks to queue
[2024-03-26T04:50:54.641+0000] {logging_mixin.py:188} INFO - [2024-03-26T04:50:54.639+0000] {dagbag.py:540} INFO - Filling up the DagBag from /opt/airflow/dags/tomtom_dag.py
[2024-03-26T04:50:54.795+0000] {processor.py:840} INFO - DAG(s) 'tomtom' retrieved from /opt/airflow/dags/tomtom_dag.py
[2024-03-26T04:50:54.909+0000] {logging_mixin.py:188} INFO - [2024-03-26T04:50:54.904+0000] {dag.py:3047} INFO - Sync 1 DAGs
[2024-03-26T04:50:55.038+0000] {logging_mixin.py:188} INFO - [2024-03-26T04:50:55.037+0000] {dag.py:3834} INFO - Setting next_dagrun for tomtom to 2024-03-26 00:00:00+00:00, run_after=2024-03-27 00:00:00+00:00
[2024-03-26T04:50:55.124+0000] {processor.py:183} INFO - Processing /opt/airflow/dags/tomtom_dag.py took 0.525 seconds
[2024-03-26T04:51:25.557+0000] {processor.py:161} INFO - Started process (PID=756) to work on /opt/airflow/dags/tomtom_dag.py
[2024-03-26T04:51:25.561+0000] {processor.py:830} INFO - Processing file /opt/airflow/dags/tomtom_dag.py for tasks to queue
[2024-03-26T04:51:25.564+0000] {logging_mixin.py:188} INFO - [2024-03-26T04:51:25.563+0000] {dagbag.py:540} INFO - Filling up the DagBag from /opt/airflow/dags/tomtom_dag.py
[2024-03-26T04:51:25.629+0000] {processor.py:840} INFO - DAG(s) 'tomtom' retrieved from /opt/airflow/dags/tomtom_dag.py
[2024-03-26T04:51:25.660+0000] {logging_mixin.py:188} INFO - [2024-03-26T04:51:25.660+0000] {dag.py:3047} INFO - Sync 1 DAGs
[2024-03-26T04:51:25.716+0000] {logging_mixin.py:188} INFO - [2024-03-26T04:51:25.716+0000] {dag.py:3834} INFO - Setting next_dagrun for tomtom to 2024-03-26 00:00:00+00:00, run_after=2024-03-27 00:00:00+00:00
[2024-03-26T04:51:25.882+0000] {processor.py:183} INFO - Processing /opt/airflow/dags/tomtom_dag.py took 0.331 seconds
[2024-03-26T04:51:56.376+0000] {processor.py:161} INFO - Started process (PID=771) to work on /opt/airflow/dags/tomtom_dag.py
[2024-03-26T04:51:56.383+0000] {processor.py:830} INFO - Processing file /opt/airflow/dags/tomtom_dag.py for tasks to queue
[2024-03-26T04:51:56.388+0000] {logging_mixin.py:188} INFO - [2024-03-26T04:51:56.387+0000] {dagbag.py:540} INFO - Filling up the DagBag from /opt/airflow/dags/tomtom_dag.py
[2024-03-26T04:51:56.473+0000] {processor.py:840} INFO - DAG(s) 'tomtom' retrieved from /opt/airflow/dags/tomtom_dag.py
[2024-03-26T04:51:56.508+0000] {logging_mixin.py:188} INFO - [2024-03-26T04:51:56.508+0000] {dag.py:3047} INFO - Sync 1 DAGs
[2024-03-26T04:51:56.552+0000] {logging_mixin.py:188} INFO - [2024-03-26T04:51:56.551+0000] {dag.py:3834} INFO - Setting next_dagrun for tomtom to 2024-03-26 00:00:00+00:00, run_after=2024-03-27 00:00:00+00:00
[2024-03-26T04:51:56.591+0000] {processor.py:183} INFO - Processing /opt/airflow/dags/tomtom_dag.py took 0.235 seconds
[2024-03-26T04:52:26.961+0000] {processor.py:161} INFO - Started process (PID=786) to work on /opt/airflow/dags/tomtom_dag.py
[2024-03-26T04:52:26.968+0000] {processor.py:830} INFO - Processing file /opt/airflow/dags/tomtom_dag.py for tasks to queue
[2024-03-26T04:52:26.973+0000] {logging_mixin.py:188} INFO - [2024-03-26T04:52:26.972+0000] {dagbag.py:540} INFO - Filling up the DagBag from /opt/airflow/dags/tomtom_dag.py
[2024-03-26T04:52:27.068+0000] {processor.py:840} INFO - DAG(s) 'tomtom' retrieved from /opt/airflow/dags/tomtom_dag.py
[2024-03-26T04:52:27.100+0000] {logging_mixin.py:188} INFO - [2024-03-26T04:52:27.099+0000] {dag.py:3047} INFO - Sync 1 DAGs
[2024-03-26T04:52:27.137+0000] {logging_mixin.py:188} INFO - [2024-03-26T04:52:27.137+0000] {dag.py:3834} INFO - Setting next_dagrun for tomtom to 2024-03-26 00:00:00+00:00, run_after=2024-03-27 00:00:00+00:00
[2024-03-26T04:52:27.170+0000] {processor.py:183} INFO - Processing /opt/airflow/dags/tomtom_dag.py took 0.228 seconds
[2024-03-26T04:52:57.516+0000] {processor.py:161} INFO - Started process (PID=801) to work on /opt/airflow/dags/tomtom_dag.py
[2024-03-26T04:52:57.525+0000] {processor.py:830} INFO - Processing file /opt/airflow/dags/tomtom_dag.py for tasks to queue
[2024-03-26T04:52:57.534+0000] {logging_mixin.py:188} INFO - [2024-03-26T04:52:57.531+0000] {dagbag.py:540} INFO - Filling up the DagBag from /opt/airflow/dags/tomtom_dag.py
[2024-03-26T04:52:57.625+0000] {processor.py:840} INFO - DAG(s) 'tomtom' retrieved from /opt/airflow/dags/tomtom_dag.py
[2024-03-26T04:52:57.675+0000] {logging_mixin.py:188} INFO - [2024-03-26T04:52:57.675+0000] {dag.py:3047} INFO - Sync 1 DAGs
[2024-03-26T04:52:57.728+0000] {logging_mixin.py:188} INFO - [2024-03-26T04:52:57.726+0000] {dag.py:3834} INFO - Setting next_dagrun for tomtom to 2024-03-26 00:00:00+00:00, run_after=2024-03-27 00:00:00+00:00
[2024-03-26T04:52:57.763+0000] {processor.py:183} INFO - Processing /opt/airflow/dags/tomtom_dag.py took 0.258 seconds
[2024-03-26T04:53:28.275+0000] {processor.py:161} INFO - Started process (PID=816) to work on /opt/airflow/dags/tomtom_dag.py
[2024-03-26T04:53:28.278+0000] {processor.py:830} INFO - Processing file /opt/airflow/dags/tomtom_dag.py for tasks to queue
[2024-03-26T04:53:28.281+0000] {logging_mixin.py:188} INFO - [2024-03-26T04:53:28.281+0000] {dagbag.py:540} INFO - Filling up the DagBag from /opt/airflow/dags/tomtom_dag.py
[2024-03-26T04:53:28.364+0000] {processor.py:840} INFO - DAG(s) 'tomtom' retrieved from /opt/airflow/dags/tomtom_dag.py
[2024-03-26T04:53:28.404+0000] {logging_mixin.py:188} INFO - [2024-03-26T04:53:28.403+0000] {dag.py:3047} INFO - Sync 1 DAGs
[2024-03-26T04:53:28.470+0000] {logging_mixin.py:188} INFO - [2024-03-26T04:53:28.469+0000] {dag.py:3834} INFO - Setting next_dagrun for tomtom to 2024-03-26 00:00:00+00:00, run_after=2024-03-27 00:00:00+00:00
[2024-03-26T04:53:28.516+0000] {processor.py:183} INFO - Processing /opt/airflow/dags/tomtom_dag.py took 0.246 seconds
[2024-03-26T04:53:58.911+0000] {processor.py:161} INFO - Started process (PID=831) to work on /opt/airflow/dags/tomtom_dag.py
[2024-03-26T04:53:58.915+0000] {processor.py:830} INFO - Processing file /opt/airflow/dags/tomtom_dag.py for tasks to queue
[2024-03-26T04:53:58.918+0000] {logging_mixin.py:188} INFO - [2024-03-26T04:53:58.917+0000] {dagbag.py:540} INFO - Filling up the DagBag from /opt/airflow/dags/tomtom_dag.py
[2024-03-26T04:53:59.007+0000] {processor.py:840} INFO - DAG(s) 'tomtom' retrieved from /opt/airflow/dags/tomtom_dag.py
[2024-03-26T04:53:59.050+0000] {logging_mixin.py:188} INFO - [2024-03-26T04:53:59.050+0000] {dag.py:3047} INFO - Sync 1 DAGs
[2024-03-26T04:53:59.101+0000] {logging_mixin.py:188} INFO - [2024-03-26T04:53:59.100+0000] {dag.py:3834} INFO - Setting next_dagrun for tomtom to 2024-03-26 00:00:00+00:00, run_after=2024-03-27 00:00:00+00:00
[2024-03-26T04:53:59.142+0000] {processor.py:183} INFO - Processing /opt/airflow/dags/tomtom_dag.py took 0.235 seconds
[2024-03-26T04:54:29.584+0000] {processor.py:161} INFO - Started process (PID=846) to work on /opt/airflow/dags/tomtom_dag.py
[2024-03-26T04:54:29.598+0000] {processor.py:830} INFO - Processing file /opt/airflow/dags/tomtom_dag.py for tasks to queue
[2024-03-26T04:54:29.614+0000] {logging_mixin.py:188} INFO - [2024-03-26T04:54:29.608+0000] {dagbag.py:540} INFO - Filling up the DagBag from /opt/airflow/dags/tomtom_dag.py
[2024-03-26T04:54:29.797+0000] {processor.py:840} INFO - DAG(s) 'tomtom' retrieved from /opt/airflow/dags/tomtom_dag.py
[2024-03-26T04:54:29.880+0000] {logging_mixin.py:188} INFO - [2024-03-26T04:54:29.879+0000] {dag.py:3047} INFO - Sync 1 DAGs
[2024-03-26T04:54:29.967+0000] {logging_mixin.py:188} INFO - [2024-03-26T04:54:29.967+0000] {dag.py:3834} INFO - Setting next_dagrun for tomtom to 2024-03-26 00:00:00+00:00, run_after=2024-03-27 00:00:00+00:00
[2024-03-26T04:54:30.011+0000] {processor.py:183} INFO - Processing /opt/airflow/dags/tomtom_dag.py took 0.458 seconds
[2024-03-26T04:55:00.533+0000] {processor.py:161} INFO - Started process (PID=861) to work on /opt/airflow/dags/tomtom_dag.py
[2024-03-26T04:55:00.541+0000] {processor.py:830} INFO - Processing file /opt/airflow/dags/tomtom_dag.py for tasks to queue
[2024-03-26T04:55:00.551+0000] {logging_mixin.py:188} INFO - [2024-03-26T04:55:00.550+0000] {dagbag.py:540} INFO - Filling up the DagBag from /opt/airflow/dags/tomtom_dag.py
[2024-03-26T04:55:00.639+0000] {processor.py:840} INFO - DAG(s) 'tomtom' retrieved from /opt/airflow/dags/tomtom_dag.py
[2024-03-26T04:55:00.684+0000] {logging_mixin.py:188} INFO - [2024-03-26T04:55:00.684+0000] {dag.py:3047} INFO - Sync 1 DAGs
[2024-03-26T04:55:00.748+0000] {logging_mixin.py:188} INFO - [2024-03-26T04:55:00.747+0000] {dag.py:3834} INFO - Setting next_dagrun for tomtom to 2024-03-26 00:00:00+00:00, run_after=2024-03-27 00:00:00+00:00
[2024-03-26T04:55:00.790+0000] {processor.py:183} INFO - Processing /opt/airflow/dags/tomtom_dag.py took 0.266 seconds
[2024-03-26T04:55:31.148+0000] {processor.py:161} INFO - Started process (PID=876) to work on /opt/airflow/dags/tomtom_dag.py
[2024-03-26T04:55:31.153+0000] {processor.py:830} INFO - Processing file /opt/airflow/dags/tomtom_dag.py for tasks to queue
[2024-03-26T04:55:31.156+0000] {logging_mixin.py:188} INFO - [2024-03-26T04:55:31.156+0000] {dagbag.py:540} INFO - Filling up the DagBag from /opt/airflow/dags/tomtom_dag.py
[2024-03-26T04:55:31.225+0000] {processor.py:840} INFO - DAG(s) 'tomtom' retrieved from /opt/airflow/dags/tomtom_dag.py
[2024-03-26T04:55:31.271+0000] {logging_mixin.py:188} INFO - [2024-03-26T04:55:31.271+0000] {dag.py:3047} INFO - Sync 1 DAGs
[2024-03-26T04:55:31.316+0000] {logging_mixin.py:188} INFO - [2024-03-26T04:55:31.316+0000] {dag.py:3834} INFO - Setting next_dagrun for tomtom to 2024-03-26 00:00:00+00:00, run_after=2024-03-27 00:00:00+00:00
[2024-03-26T04:55:31.363+0000] {processor.py:183} INFO - Processing /opt/airflow/dags/tomtom_dag.py took 0.236 seconds
[2024-03-26T04:56:01.729+0000] {processor.py:161} INFO - Started process (PID=891) to work on /opt/airflow/dags/tomtom_dag.py
[2024-03-26T04:56:01.745+0000] {processor.py:830} INFO - Processing file /opt/airflow/dags/tomtom_dag.py for tasks to queue
[2024-03-26T04:56:01.760+0000] {logging_mixin.py:188} INFO - [2024-03-26T04:56:01.759+0000] {dagbag.py:540} INFO - Filling up the DagBag from /opt/airflow/dags/tomtom_dag.py
[2024-03-26T04:56:01.894+0000] {processor.py:840} INFO - DAG(s) 'tomtom' retrieved from /opt/airflow/dags/tomtom_dag.py
[2024-03-26T04:56:01.923+0000] {logging_mixin.py:188} INFO - [2024-03-26T04:56:01.923+0000] {dag.py:3047} INFO - Sync 1 DAGs
[2024-03-26T04:56:01.963+0000] {logging_mixin.py:188} INFO - [2024-03-26T04:56:01.963+0000] {dag.py:3834} INFO - Setting next_dagrun for tomtom to 2024-03-26 00:00:00+00:00, run_after=2024-03-27 00:00:00+00:00
[2024-03-26T04:56:01.996+0000] {processor.py:183} INFO - Processing /opt/airflow/dags/tomtom_dag.py took 0.285 seconds
[2024-03-26T04:56:32.572+0000] {processor.py:161} INFO - Started process (PID=911) to work on /opt/airflow/dags/tomtom_dag.py
[2024-03-26T04:56:32.576+0000] {processor.py:830} INFO - Processing file /opt/airflow/dags/tomtom_dag.py for tasks to queue
[2024-03-26T04:56:32.579+0000] {logging_mixin.py:188} INFO - [2024-03-26T04:56:32.578+0000] {dagbag.py:540} INFO - Filling up the DagBag from /opt/airflow/dags/tomtom_dag.py
[2024-03-26T04:56:32.644+0000] {processor.py:840} INFO - DAG(s) 'tomtom' retrieved from /opt/airflow/dags/tomtom_dag.py
[2024-03-26T04:56:32.680+0000] {logging_mixin.py:188} INFO - [2024-03-26T04:56:32.679+0000] {dag.py:3047} INFO - Sync 1 DAGs
[2024-03-26T04:56:32.728+0000] {logging_mixin.py:188} INFO - [2024-03-26T04:56:32.728+0000] {dag.py:3834} INFO - Setting next_dagrun for tomtom to 2024-03-26 00:00:00+00:00, run_after=2024-03-27 00:00:00+00:00
[2024-03-26T04:56:32.762+0000] {processor.py:183} INFO - Processing /opt/airflow/dags/tomtom_dag.py took 0.196 seconds
[2024-03-26T04:57:03.187+0000] {processor.py:161} INFO - Started process (PID=926) to work on /opt/airflow/dags/tomtom_dag.py
[2024-03-26T04:57:03.191+0000] {processor.py:830} INFO - Processing file /opt/airflow/dags/tomtom_dag.py for tasks to queue
[2024-03-26T04:57:03.194+0000] {logging_mixin.py:188} INFO - [2024-03-26T04:57:03.193+0000] {dagbag.py:540} INFO - Filling up the DagBag from /opt/airflow/dags/tomtom_dag.py
[2024-03-26T04:57:03.271+0000] {processor.py:840} INFO - DAG(s) 'tomtom' retrieved from /opt/airflow/dags/tomtom_dag.py
[2024-03-26T04:57:03.321+0000] {logging_mixin.py:188} INFO - [2024-03-26T04:57:03.320+0000] {dag.py:3047} INFO - Sync 1 DAGs
[2024-03-26T04:57:03.383+0000] {logging_mixin.py:188} INFO - [2024-03-26T04:57:03.381+0000] {dag.py:3834} INFO - Setting next_dagrun for tomtom to 2024-03-26 00:00:00+00:00, run_after=2024-03-27 00:00:00+00:00
[2024-03-26T04:57:03.448+0000] {processor.py:183} INFO - Processing /opt/airflow/dags/tomtom_dag.py took 0.271 seconds
[2024-03-26T04:57:34.010+0000] {processor.py:161} INFO - Started process (PID=941) to work on /opt/airflow/dags/tomtom_dag.py
[2024-03-26T04:57:34.015+0000] {processor.py:830} INFO - Processing file /opt/airflow/dags/tomtom_dag.py for tasks to queue
[2024-03-26T04:57:34.028+0000] {logging_mixin.py:188} INFO - [2024-03-26T04:57:34.020+0000] {dagbag.py:540} INFO - Filling up the DagBag from /opt/airflow/dags/tomtom_dag.py
[2024-03-26T04:57:34.288+0000] {processor.py:840} INFO - DAG(s) 'tomtom' retrieved from /opt/airflow/dags/tomtom_dag.py
[2024-03-26T04:57:34.386+0000] {logging_mixin.py:188} INFO - [2024-03-26T04:57:34.386+0000] {dag.py:3047} INFO - Sync 1 DAGs
[2024-03-26T04:57:34.476+0000] {logging_mixin.py:188} INFO - [2024-03-26T04:57:34.474+0000] {dag.py:3834} INFO - Setting next_dagrun for tomtom to 2024-03-26 00:00:00+00:00, run_after=2024-03-27 00:00:00+00:00
[2024-03-26T04:57:34.541+0000] {processor.py:183} INFO - Processing /opt/airflow/dags/tomtom_dag.py took 0.575 seconds
[2024-03-26T04:59:50.443+0000] {processor.py:161} INFO - Started process (PID=163) to work on /opt/airflow/dags/tomtom_dag.py
[2024-03-26T04:59:50.457+0000] {processor.py:830} INFO - Processing file /opt/airflow/dags/tomtom_dag.py for tasks to queue
[2024-03-26T04:59:50.460+0000] {logging_mixin.py:188} INFO - [2024-03-26T04:59:50.459+0000] {dagbag.py:540} INFO - Filling up the DagBag from /opt/airflow/dags/tomtom_dag.py
[2024-03-26T04:59:50.651+0000] {logging_mixin.py:188} INFO - [2024-03-26T04:59:50.644+0000] {dagbag.py:350} ERROR - Failed to import: /opt/airflow/dags/tomtom_dag.py
Traceback (most recent call last):
  File "/home/airflow/.local/lib/python3.8/site-packages/airflow/models/dagbag.py", line 346, in parse
    loader.exec_module(new_module)
  File "<frozen importlib._bootstrap_external>", line 843, in exec_module
  File "<frozen importlib._bootstrap>", line 219, in _call_with_frames_removed
  File "/opt/airflow/dags/tomtom_dag.py", line 34, in <module>
    '--date {{ ds }} --connection %s' % Variable.get("data_dev_connection")
  File "/home/airflow/.local/lib/python3.8/site-packages/airflow/models/variable.py", line 143, in get
    raise KeyError(f"Variable {key} does not exist")
KeyError: 'Variable data_dev_connection does not exist'
[2024-03-26T04:59:50.656+0000] {processor.py:842} WARNING - No viable dags retrieved from /opt/airflow/dags/tomtom_dag.py
[2024-03-26T04:59:50.684+0000] {processor.py:183} INFO - Processing /opt/airflow/dags/tomtom_dag.py took 0.272 seconds
[2024-03-26T05:00:21.288+0000] {processor.py:161} INFO - Started process (PID=177) to work on /opt/airflow/dags/tomtom_dag.py
[2024-03-26T05:00:21.291+0000] {processor.py:830} INFO - Processing file /opt/airflow/dags/tomtom_dag.py for tasks to queue
[2024-03-26T05:00:21.296+0000] {logging_mixin.py:188} INFO - [2024-03-26T05:00:21.295+0000] {dagbag.py:540} INFO - Filling up the DagBag from /opt/airflow/dags/tomtom_dag.py
[2024-03-26T05:00:21.435+0000] {logging_mixin.py:188} INFO - [2024-03-26T05:00:21.421+0000] {dagbag.py:350} ERROR - Failed to import: /opt/airflow/dags/tomtom_dag.py
Traceback (most recent call last):
  File "/home/airflow/.local/lib/python3.8/site-packages/airflow/models/dagbag.py", line 346, in parse
    loader.exec_module(new_module)
  File "<frozen importlib._bootstrap_external>", line 843, in exec_module
  File "<frozen importlib._bootstrap>", line 219, in _call_with_frames_removed
  File "/opt/airflow/dags/tomtom_dag.py", line 34, in <module>
    '--date {{ ds }} --connection %s' % Variable.get("data_dev_connection")
  File "/home/airflow/.local/lib/python3.8/site-packages/airflow/models/variable.py", line 143, in get
    raise KeyError(f"Variable {key} does not exist")
KeyError: 'Variable data_dev_connection does not exist'
[2024-03-26T05:00:21.438+0000] {processor.py:842} WARNING - No viable dags retrieved from /opt/airflow/dags/tomtom_dag.py
[2024-03-26T05:00:21.480+0000] {processor.py:183} INFO - Processing /opt/airflow/dags/tomtom_dag.py took 0.197 seconds
[2024-03-26T05:00:52.320+0000] {processor.py:161} INFO - Started process (PID=193) to work on /opt/airflow/dags/tomtom_dag.py
[2024-03-26T05:00:52.325+0000] {processor.py:830} INFO - Processing file /opt/airflow/dags/tomtom_dag.py for tasks to queue
[2024-03-26T05:00:52.360+0000] {logging_mixin.py:188} INFO - [2024-03-26T05:00:52.359+0000] {dagbag.py:540} INFO - Filling up the DagBag from /opt/airflow/dags/tomtom_dag.py
[2024-03-26T05:00:52.993+0000] {logging_mixin.py:188} INFO - [2024-03-26T05:00:52.924+0000] {dagbag.py:350} ERROR - Failed to import: /opt/airflow/dags/tomtom_dag.py
Traceback (most recent call last):
  File "/home/airflow/.local/lib/python3.8/site-packages/airflow/models/dagbag.py", line 346, in parse
    loader.exec_module(new_module)
  File "<frozen importlib._bootstrap_external>", line 843, in exec_module
  File "<frozen importlib._bootstrap>", line 219, in _call_with_frames_removed
  File "/opt/airflow/dags/tomtom_dag.py", line 34, in <module>
    '--date {{ ds }} --connection %s' % Variable.get("data_dev_connection")
  File "/home/airflow/.local/lib/python3.8/site-packages/airflow/models/variable.py", line 143, in get
    raise KeyError(f"Variable {key} does not exist")
KeyError: 'Variable data_dev_connection does not exist'
[2024-03-26T05:00:53.152+0000] {processor.py:842} WARNING - No viable dags retrieved from /opt/airflow/dags/tomtom_dag.py
[2024-03-26T05:00:53.361+0000] {processor.py:183} INFO - Processing /opt/airflow/dags/tomtom_dag.py took 1.201 seconds
[2024-03-26T05:01:23.709+0000] {processor.py:161} INFO - Started process (PID=210) to work on /opt/airflow/dags/tomtom_dag.py
[2024-03-26T05:01:23.713+0000] {processor.py:830} INFO - Processing file /opt/airflow/dags/tomtom_dag.py for tasks to queue
[2024-03-26T05:01:23.717+0000] {logging_mixin.py:188} INFO - [2024-03-26T05:01:23.716+0000] {dagbag.py:540} INFO - Filling up the DagBag from /opt/airflow/dags/tomtom_dag.py
[2024-03-26T05:01:23.800+0000] {logging_mixin.py:188} INFO - [2024-03-26T05:01:23.792+0000] {dagbag.py:350} ERROR - Failed to import: /opt/airflow/dags/tomtom_dag.py
Traceback (most recent call last):
  File "/home/airflow/.local/lib/python3.8/site-packages/airflow/models/dagbag.py", line 346, in parse
    loader.exec_module(new_module)
  File "<frozen importlib._bootstrap_external>", line 843, in exec_module
  File "<frozen importlib._bootstrap>", line 219, in _call_with_frames_removed
  File "/opt/airflow/dags/tomtom_dag.py", line 34, in <module>
    '--date {{ ds }} --connection %s' % Variable.get("data_dev_connection")
  File "/home/airflow/.local/lib/python3.8/site-packages/airflow/models/variable.py", line 143, in get
    raise KeyError(f"Variable {key} does not exist")
KeyError: 'Variable data_dev_connection does not exist'
[2024-03-26T05:01:23.806+0000] {processor.py:842} WARNING - No viable dags retrieved from /opt/airflow/dags/tomtom_dag.py
[2024-03-26T05:01:23.834+0000] {processor.py:183} INFO - Processing /opt/airflow/dags/tomtom_dag.py took 0.131 seconds
[2024-03-26T05:01:54.529+0000] {processor.py:161} INFO - Started process (PID=222) to work on /opt/airflow/dags/tomtom_dag.py
[2024-03-26T05:01:54.534+0000] {processor.py:830} INFO - Processing file /opt/airflow/dags/tomtom_dag.py for tasks to queue
[2024-03-26T05:01:54.545+0000] {logging_mixin.py:188} INFO - [2024-03-26T05:01:54.544+0000] {dagbag.py:540} INFO - Filling up the DagBag from /opt/airflow/dags/tomtom_dag.py
[2024-03-26T05:01:54.671+0000] {logging_mixin.py:188} INFO - [2024-03-26T05:01:54.664+0000] {dagbag.py:350} ERROR - Failed to import: /opt/airflow/dags/tomtom_dag.py
Traceback (most recent call last):
  File "/home/airflow/.local/lib/python3.8/site-packages/airflow/models/dagbag.py", line 346, in parse
    loader.exec_module(new_module)
  File "<frozen importlib._bootstrap_external>", line 843, in exec_module
  File "<frozen importlib._bootstrap>", line 219, in _call_with_frames_removed
  File "/opt/airflow/dags/tomtom_dag.py", line 34, in <module>
    '--date {{ ds }} --connection %s' % Variable.get("data_dev_connection")
  File "/home/airflow/.local/lib/python3.8/site-packages/airflow/models/variable.py", line 143, in get
    raise KeyError(f"Variable {key} does not exist")
KeyError: 'Variable data_dev_connection does not exist'
[2024-03-26T05:01:54.677+0000] {processor.py:842} WARNING - No viable dags retrieved from /opt/airflow/dags/tomtom_dag.py
[2024-03-26T05:01:54.701+0000] {processor.py:183} INFO - Processing /opt/airflow/dags/tomtom_dag.py took 0.196 seconds
[2024-03-26T05:02:25.170+0000] {processor.py:161} INFO - Started process (PID=237) to work on /opt/airflow/dags/tomtom_dag.py
[2024-03-26T05:02:25.175+0000] {processor.py:830} INFO - Processing file /opt/airflow/dags/tomtom_dag.py for tasks to queue
[2024-03-26T05:02:25.180+0000] {logging_mixin.py:188} INFO - [2024-03-26T05:02:25.179+0000] {dagbag.py:540} INFO - Filling up the DagBag from /opt/airflow/dags/tomtom_dag.py
[2024-03-26T05:02:25.317+0000] {processor.py:840} INFO - DAG(s) 'tomtom' retrieved from /opt/airflow/dags/tomtom_dag.py
[2024-03-26T05:02:25.697+0000] {logging_mixin.py:188} INFO - [2024-03-26T05:02:25.695+0000] {override.py:1769} INFO - Created Permission View: can delete on DAG:tomtom
[2024-03-26T05:02:25.735+0000] {logging_mixin.py:188} INFO - [2024-03-26T05:02:25.734+0000] {override.py:1769} INFO - Created Permission View: can read on DAG:tomtom
[2024-03-26T05:02:25.750+0000] {logging_mixin.py:188} INFO - [2024-03-26T05:02:25.749+0000] {override.py:1769} INFO - Created Permission View: can edit on DAG:tomtom
[2024-03-26T05:02:25.752+0000] {logging_mixin.py:188} INFO - [2024-03-26T05:02:25.752+0000] {dag.py:3047} INFO - Sync 1 DAGs
[2024-03-26T05:02:25.792+0000] {logging_mixin.py:188} INFO - [2024-03-26T05:02:25.791+0000] {dag.py:3069} INFO - Creating ORM DAG for tomtom
[2024-03-26T05:02:25.834+0000] {logging_mixin.py:188} INFO - [2024-03-26T05:02:25.833+0000] {dag.py:3834} INFO - Setting next_dagrun for tomtom to 2024-03-20 00:00:00+00:00, run_after=2024-03-21 00:00:00+00:00
[2024-03-26T05:02:25.880+0000] {processor.py:183} INFO - Processing /opt/airflow/dags/tomtom_dag.py took 0.717 seconds
[2024-03-26T05:02:56.941+0000] {processor.py:161} INFO - Started process (PID=266) to work on /opt/airflow/dags/tomtom_dag.py
[2024-03-26T05:02:56.971+0000] {processor.py:830} INFO - Processing file /opt/airflow/dags/tomtom_dag.py for tasks to queue
[2024-03-26T05:02:57.053+0000] {logging_mixin.py:188} INFO - [2024-03-26T05:02:57.016+0000] {dagbag.py:540} INFO - Filling up the DagBag from /opt/airflow/dags/tomtom_dag.py
[2024-03-26T05:02:57.486+0000] {processor.py:840} INFO - DAG(s) 'tomtom' retrieved from /opt/airflow/dags/tomtom_dag.py
[2024-03-26T05:02:57.730+0000] {logging_mixin.py:188} INFO - [2024-03-26T05:02:57.729+0000] {dag.py:3047} INFO - Sync 1 DAGs
[2024-03-26T05:02:57.995+0000] {logging_mixin.py:188} INFO - [2024-03-26T05:02:57.995+0000] {dag.py:3834} INFO - Setting next_dagrun for tomtom to 2024-03-26 00:00:00+00:00, run_after=2024-03-27 00:00:00+00:00
[2024-03-26T05:02:58.177+0000] {processor.py:183} INFO - Processing /opt/airflow/dags/tomtom_dag.py took 1.413 seconds
[2024-03-26T05:03:29.312+0000] {processor.py:161} INFO - Started process (PID=334) to work on /opt/airflow/dags/tomtom_dag.py
[2024-03-26T05:03:29.315+0000] {processor.py:830} INFO - Processing file /opt/airflow/dags/tomtom_dag.py for tasks to queue
[2024-03-26T05:03:29.322+0000] {logging_mixin.py:188} INFO - [2024-03-26T05:03:29.319+0000] {dagbag.py:540} INFO - Filling up the DagBag from /opt/airflow/dags/tomtom_dag.py
[2024-03-26T05:03:29.389+0000] {processor.py:840} INFO - DAG(s) 'tomtom' retrieved from /opt/airflow/dags/tomtom_dag.py
[2024-03-26T05:03:29.431+0000] {logging_mixin.py:188} INFO - [2024-03-26T05:03:29.431+0000] {dag.py:3047} INFO - Sync 1 DAGs
[2024-03-26T05:03:29.518+0000] {logging_mixin.py:188} INFO - [2024-03-26T05:03:29.517+0000] {dag.py:3834} INFO - Setting next_dagrun for tomtom to 2024-03-26 00:00:00+00:00, run_after=2024-03-27 00:00:00+00:00
[2024-03-26T05:03:29.557+0000] {processor.py:183} INFO - Processing /opt/airflow/dags/tomtom_dag.py took 0.282 seconds
[2024-03-26T05:03:59.850+0000] {processor.py:161} INFO - Started process (PID=349) to work on /opt/airflow/dags/tomtom_dag.py
[2024-03-26T05:03:59.854+0000] {processor.py:830} INFO - Processing file /opt/airflow/dags/tomtom_dag.py for tasks to queue
[2024-03-26T05:03:59.858+0000] {logging_mixin.py:188} INFO - [2024-03-26T05:03:59.857+0000] {dagbag.py:540} INFO - Filling up the DagBag from /opt/airflow/dags/tomtom_dag.py
[2024-03-26T05:03:59.943+0000] {processor.py:840} INFO - DAG(s) 'tomtom' retrieved from /opt/airflow/dags/tomtom_dag.py
[2024-03-26T05:03:59.997+0000] {logging_mixin.py:188} INFO - [2024-03-26T05:03:59.997+0000] {dag.py:3047} INFO - Sync 1 DAGs
[2024-03-26T05:04:00.039+0000] {logging_mixin.py:188} INFO - [2024-03-26T05:04:00.039+0000] {dag.py:3834} INFO - Setting next_dagrun for tomtom to 2024-03-26 00:00:00+00:00, run_after=2024-03-27 00:00:00+00:00
[2024-03-26T05:04:00.074+0000] {processor.py:183} INFO - Processing /opt/airflow/dags/tomtom_dag.py took 0.231 seconds
